
 NS = 15   NO. FOURIER MODES = 41   FTOLV = 1.000e-20   NITER = 25000

 ITER |    FSQR     FSQZ     FSQL    |    fsqr     fsqz      fsql   |   DELT   |  RAX(v=0) |    W_MHD   |   <BETA>   |  <M>
------+------------------------------+------------------------------+----------+-----------+------------+------------+-------
    1 | 2.33e-01  1.72e-02  5.22e-02 | 2.45e-03  1.97e-04  1.30e-02 | 7.00e-01 | 7.566e-01 | 5.3447e-02 | 1.8384e-03 | 1.027
  200 | 2.16e-08  4.06e-09  3.60e-09 | 1.46e-11  5.70e-12  2.65e-11 | 7.00e-01 | 7.564e-01 | 5.0572e-02 | 1.9280e-03 | 1.035
  400 | 1.62e-10  2.97e-11  6.47e-11 | 4.69e-14  3.93e-14  1.45e-13 | 7.00e-01 | 7.566e-01 | 5.0572e-02 | 1.9285e-03 | 1.040
  600 | 9.54e-13  2.04e-13  1.25e-13 | 5.86e-17  4.51e-17  3.34e-16 | 7.00e-01 | 7.566e-01 | 5.0572e-02 | 1.9285e-03 | 1.040
  800 | 7.01e-15  1.29e-15  1.88e-15 | 1.57e-18  1.05e-18  4.61e-18 | 7.00e-01 | 7.566e-01 | 5.0572e-02 | 1.9285e-03 | 1.040
 1000 | 2.47e-16  5.83e-17  1.27e-16 | 1.22e-19  8.15e-20  3.44e-19 | 7.00e-01 | 7.566e-01 | 5.0572e-02 | 1.9285e-03 | 1.040
 1200 | 1.85e-17  3.79e-18  8.32e-18 | 7.24e-21  5.22e-21  2.02e-20 | 7.00e-01 | 7.566e-01 | 5.0572e-02 | 1.9285e-03 | 1.040
 1400 | 7.27e-18  1.31e-18  3.25e-18 | 2.88e-21  1.95e-21  7.09e-21 | 7.00e-01 | 7.566e-01 | 5.0572e-02 | 1.9285e-03 | 1.040
 1600 | 2.44e-18  4.24e-19  6.69e-19 | 6.77e-22  4.41e-22  1.49e-21 | 7.00e-01 | 7.566e-01 | 5.0572e-02 | 1.9285e-03 | 1.040
 1800 | 1.20e-18  2.00e-19  4.06e-19 | 3.94e-22  2.55e-22  8.14e-22 | 7.00e-01 | 7.566e-01 | 5.0572e-02 | 1.9285e-03 | 1.040
 2000 | 5.70e-19  9.24e-20  1.30e-19 | 1.39e-22  8.54e-23  2.90e-22 | 7.00e-01 | 7.566e-01 | 5.0572e-02 | 1.9285e-03 | 1.040
 2200 | 3.38e-19  5.50e-20  8.57e-20 | 8.68e-23  5.65e-23  1.83e-22 | 7.00e-01 | 7.566e-01 | 5.0572e-02 | 1.9285e-03 | 1.040
 2400 | 1.89e-19  2.94e-20  3.78e-20 | 3.67e-23  2.35e-23  8.19e-23 | 7.00e-01 | 7.566e-01 | 5.0572e-02 | 1.9285e-03 | 1.040
 2600 | 1.05e-19  1.67e-20  1.93e-20 | 1.81e-23  1.19e-23  4.14e-23 | 7.00e-01 | 7.566e-01 | 5.0572e-02 | 1.9285e-03 | 1.040
 2800 | 5.89e-20  9.22e-21  9.51e-21 | 8.99e-24  5.71e-24  2.11e-23 | 7.00e-01 | 7.566e-01 | 5.0572e-02 | 1.9285e-03 | 1.040
 3000 | 3.22e-20  5.13e-21  5.01e-21 | 4.61e-24  2.97e-24  1.09e-23 | 7.00e-01 | 7.566e-01 | 5.0572e-02 | 1.9285e-03 | 1.040
 3026 | 9.72e-21  1.74e-21  5.79e-21 | 5.71e-24  4.02e-24  1.19e-23 | 7.00e-01 | 7.566e-01 | 5.0572e-02 | 1.9285e-03 | 1.040
MHD Energy = 5.057191e-02
