
 NS = 15   NO. FOURIER MODES = 41   FTOLV = 1.000e-20   NITER = 25000

 ITER |    FSQR     FSQZ     FSQL    |    fsqr     fsqz      fsql   |   DELT   |  RAX(v=0) |    W_MHD   |   <BETA>   |  <M>
------+------------------------------+------------------------------+----------+-----------+------------+------------+-------
    1 | 2.33e-01  1.72e-02  5.22e-02 | 1.36e-03  1.51e-04  1.30e-02 | 7.00e-01 | 7.566e-01 | 5.3447e-02 | 1.8384e-03 | 1.027
  200 | 2.59e-08  4.51e-09  5.57e-09 | 1.65e-11  6.37e-12  7.15e-11 | 7.00e-01 | 7.563e-01 | 5.0572e-02 | 1.9278e-03 | 1.034
  400 | 1.86e-10  3.71e-11  8.87e-11 | 6.15e-14  4.87e-14  2.04e-13 | 7.00e-01 | 7.566e-01 | 5.0572e-02 | 1.9285e-03 | 1.040
  600 | 9.81e-13  2.01e-13  1.69e-13 | 1.03e-16  6.76e-17  4.35e-16 | 7.00e-01 | 7.566e-01 | 5.0572e-02 | 1.9285e-03 | 1.040
  800 | 3.71e-15  8.73e-16  1.26e-15 | 1.47e-18  8.88e-19  4.11e-18 | 7.00e-01 | 7.566e-01 | 5.0572e-02 | 1.9285e-03 | 1.040
 1000 | 2.40e-16  5.47e-17  7.72e-17 | 8.22e-20  5.14e-20  2.22e-19 | 7.00e-01 | 7.566e-01 | 5.0572e-02 | 1.9285e-03 | 1.040
 1200 | 5.76e-17  1.11e-17  1.76e-17 | 1.61e-20  1.06e-20  4.73e-20 | 7.00e-01 | 7.566e-01 | 5.0572e-02 | 1.9285e-03 | 1.040
 1400 | 1.85e-17  2.92e-18  2.20e-18 | 1.71e-21  1.09e-21  4.99e-21 | 7.00e-01 | 7.566e-01 | 5.0572e-02 | 1.9285e-03 | 1.040
 1600 | 7.77e-18  1.26e-18  1.15e-18 | 1.01e-21  6.29e-22  2.59e-21 | 7.00e-01 | 7.566e-01 | 5.0572e-02 | 1.9285e-03 | 1.040
 1800 | 2.18e-18  3.41e-19  1.89e-19 | 1.13e-22  7.03e-23  4.16e-22 | 7.00e-01 | 7.566e-01 | 5.0572e-02 | 1.9285e-03 | 1.040
 2000 | 1.16e-18  1.86e-19  1.15e-19 | 8.55e-23  5.37e-23  2.62e-22 | 7.00e-01 | 7.566e-01 | 5.0572e-02 | 1.9285e-03 | 1.040
 2200 | 4.92e-19  7.77e-20  4.01e-20 | 2.29e-23  1.43e-23  8.50e-23 | 7.00e-01 | 7.566e-01 | 5.0572e-02 | 1.9285e-03 | 1.040
 2400 | 2.76e-19  4.37e-20  2.28e-20 | 1.38e-23  8.52e-24  4.94e-23 | 7.00e-01 | 7.566e-01 | 5.0572e-02 | 1.9285e-03 | 1.040
 2600 | 1.41e-19  2.21e-20  1.09e-20 | 5.75e-24  3.60e-24  2.35e-23 | 7.00e-01 | 7.566e-01 | 5.0572e-02 | 1.9285e-03 | 1.040
 2800 | 7.49e-20  1.17e-20  5.74e-21 | 2.89e-24  1.82e-24  1.22e-23 | 7.00e-01 | 7.566e-01 | 5.0572e-02 | 1.9285e-03 | 1.040
 2859 | 9.74e-21  1.63e-21  4.78e-21 | 4.81e-24  3.27e-24  1.02e-23 | 7.00e-01 | 7.566e-01 | 5.0572e-02 | 1.9285e-03 | 1.040
MHD Energy = 5.057190e-02
