
 NS = 15   NO. FOURIER MODES = 41   FTOLV = 1.000e-20   NITER = 25000

 ITER |    FSQR     FSQZ     FSQL    |    fsqr     fsqz      fsql   |   DELT   |  RAX(v=0) |    W_MHD   |   <BETA>   |  <M>
------+------------------------------+------------------------------+----------+-----------+------------+------------+-------
    1 | 2.33e-01  1.72e-02  5.22e-02 | 2.42e-03  1.60e-04  1.30e-02 | 7.00e-01 | 7.566e-01 | 5.3447e-02 | 1.8384e-03 | 1.027
  200 | 2.08e-08  3.82e-09  4.53e-09 | 9.20e-12  3.12e-12  3.27e-11 | 7.00e-01 | 7.564e-01 | 5.0572e-02 | 1.9280e-03 | 1.035
  400 | 1.44e-10  2.92e-11  6.71e-11 | 4.56e-14  3.08e-14  1.38e-13 | 7.00e-01 | 7.566e-01 | 5.0572e-02 | 1.9285e-03 | 1.040
  600 | 7.86e-13  1.75e-13  1.32e-13 | 7.35e-17  5.40e-17  3.54e-16 | 7.00e-01 | 7.566e-01 | 5.0572e-02 | 1.9285e-03 | 1.040
  800 | 2.12e-15  5.89e-16  1.20e-15 | 1.16e-18  8.97e-19  3.41e-18 | 7.00e-01 | 7.566e-01 | 5.0572e-02 | 1.9285e-03 | 1.040
 1000 | 1.75e-16  4.05e-17  5.33e-17 | 6.36e-20  4.52e-20  1.73e-19 | 7.00e-01 | 7.566e-01 | 5.0572e-02 | 1.9285e-03 | 1.040
 1200 | 3.23e-17  5.95e-18  4.68e-18 | 4.16e-21  2.36e-21  1.26e-20 | 7.00e-01 | 7.566e-01 | 5.0572e-02 | 1.9285e-03 | 1.040
 1400 | 1.60e-17  2.43e-18  2.70e-18 | 2.30e-21  1.57e-21  6.24e-21 | 7.00e-01 | 7.566e-01 | 5.0572e-02 | 1.9285e-03 | 1.040
 1600 | 5.98e-18  9.81e-19  5.53e-19 | 4.08e-22  2.49e-22  1.23e-21 | 7.00e-01 | 7.566e-01 | 5.0572e-02 | 1.9285e-03 | 1.040
 1800 | 3.37e-18  5.30e-19  4.17e-19 | 3.54e-22  2.21e-22  9.04e-22 | 7.00e-01 | 7.566e-01 | 5.0572e-02 | 1.9285e-03 | 1.040
 2000 | 1.23e-18  1.97e-19  1.04e-19 | 6.33e-23  4.01e-23  2.26e-22 | 7.00e-01 | 7.566e-01 | 5.0572e-02 | 1.9285e-03 | 1.040
 2200 | 6.78e-19  1.08e-19  6.09e-20 | 4.29e-23  2.58e-23  1.33e-22 | 7.00e-01 | 7.566e-01 | 5.0572e-02 | 1.9285e-03 | 1.040
 2400 | 3.08e-19  4.86e-20  2.39e-20 | 1.27e-23  7.98e-24  5.13e-23 | 7.00e-01 | 7.566e-01 | 5.0572e-02 | 1.9285e-03 | 1.040
 2600 | 1.73e-19  2.75e-20  1.38e-20 | 7.96e-24  5.00e-24  2.99e-23 | 7.00e-01 | 7.566e-01 | 5.0572e-02 | 1.9285e-03 | 1.040
 2800 | 8.06e-20  1.27e-20  6.03e-21 | 2.88e-24  1.83e-24  1.28e-23 | 7.00e-01 | 7.566e-01 | 5.0572e-02 | 1.9285e-03 | 1.040
 2859 | 9.78e-21  1.65e-21  4.23e-21 | 4.27e-24  2.89e-24  8.93e-24 | 7.00e-01 | 7.566e-01 | 5.0572e-02 | 1.9285e-03 | 1.040
MHD Energy = 5.057191e-02
