
 NS = 15   NO. FOURIER MODES = 41   FTOLV = 1.000e-20   NITER = 25000

 ITER |    FSQR     FSQZ     FSQL    |    fsqr     fsqz      fsql   |   DELT   |  RAX(v=0) |    W_MHD   |   <BETA>   |  <M>
------+------------------------------+------------------------------+----------+-----------+------------+------------+-------
    1 | 2.33e-01  1.72e-02  5.22e-02 | 2.45e-03  1.92e-04  1.30e-02 | 7.00e-01 | 7.566e-01 | 5.3447e-02 | 1.8384e-03 | 1.027
  200 | 2.34e-08  4.23e-09  4.57e-09 | 1.24e-11  3.68e-12  3.94e-11 | 7.00e-01 | 7.564e-01 | 5.0572e-02 | 1.9280e-03 | 1.034
  400 | 1.90e-10  3.74e-11  6.96e-11 | 4.72e-14  3.43e-14  1.56e-13 | 7.00e-01 | 7.566e-01 | 5.0572e-02 | 1.9285e-03 | 1.040
  600 | 1.96e-12  4.01e-13  2.28e-13 | 1.09e-16  7.00e-17  5.47e-16 | 7.00e-01 | 7.566e-01 | 5.0572e-02 | 1.9285e-03 | 1.040
  800 | 1.43e-14  2.91e-15  3.73e-15 | 2.48e-18  1.94e-18  7.21e-18 | 7.00e-01 | 7.566e-01 | 5.0572e-02 | 1.9285e-03 | 1.040
 1000 | 5.69e-16  1.35e-16  2.09e-16 | 1.86e-19  1.34e-19  5.01e-19 | 7.00e-01 | 7.566e-01 | 5.0572e-02 | 1.9285e-03 | 1.040
 1200 | 4.06e-17  8.20e-18  1.35e-17 | 1.39e-20  8.75e-21  3.06e-20 | 7.00e-01 | 7.566e-01 | 5.0572e-02 | 1.9285e-03 | 1.040
 1400 | 1.38e-17  2.41e-18  3.12e-18 | 2.83e-21  1.89e-21  6.53e-21 | 7.00e-01 | 7.566e-01 | 5.0572e-02 | 1.9285e-03 | 1.040
 1600 | 5.49e-18  9.39e-19  7.34e-19 | 6.57e-22  3.90e-22  1.77e-21 | 7.00e-01 | 7.566e-01 | 5.0572e-02 | 1.9285e-03 | 1.040
 1800 | 2.90e-18  4.67e-19  4.52e-19 | 3.79e-22  2.51e-22  9.39e-22 | 7.00e-01 | 7.566e-01 | 5.0572e-02 | 1.9285e-03 | 1.040
 2000 | 1.56e-18  2.55e-19  1.58e-19 | 1.09e-22  6.73e-23  3.38e-22 | 7.00e-01 | 7.566e-01 | 5.0572e-02 | 1.9285e-03 | 1.040
 2200 | 9.22e-19  1.49e-19  9.57e-20 | 7.14e-23  4.29e-23  2.07e-22 | 7.00e-01 | 7.566e-01 | 5.0572e-02 | 1.9285e-03 | 1.040
 2400 | 5.13e-19  8.28e-20  4.62e-20 | 2.50e-23  1.63e-23  9.34e-23 | 7.00e-01 | 7.566e-01 | 5.0572e-02 | 1.9285e-03 | 1.040
 2600 | 3.02e-19  4.84e-20  2.68e-20 | 1.46e-23  9.12e-24  5.46e-23 | 7.00e-01 | 7.566e-01 | 5.0572e-02 | 1.9285e-03 | 1.040
 2800 | 1.74e-19  2.83e-20  1.50e-20 | 6.76e-24  4.45e-24  2.96e-23 | 7.00e-01 | 7.566e-01 | 5.0572e-02 | 1.9285e-03 | 1.040
 3000 | 1.00e-19  1.62e-20  8.75e-21 | 3.71e-24  2.50e-24  1.75e-23 | 7.00e-01 | 7.566e-01 | 5.0572e-02 | 1.9285e-03 | 1.040
 3087 | 9.96e-21  2.02e-21  6.03e-21 | 5.53e-24  3.91e-24  1.24e-23 | 7.00e-01 | 7.566e-01 | 5.0572e-02 | 1.9285e-03 | 1.040
MHD Energy = 5.057191e-02
