  VMEC OUTPUT FILES ALREADY EXIST: OVERWRITING THEM ...
  SEQ =    1 TIME SLICE  0.0000E+00
  PROCESSING INPUT.w7x_demo2
  THIS IS PARVMEC (PARALLEL VMEC), VERSION 10.0
  Lambda: Full Radial Mesh. L-Force: hybrid full/half.

  COMPUTER: demo-host   OS: GNU/Linux   RELEASE: 7.0.0-27-generic  DATE = Jul 18,2026  TIME = 13:13:35
  Opening vacuum field file: mgrid_w7x.nc
  Time to read MGRID file:   4.41E-02 s

  NS =    4 NO. FOURIER MODES =  288 FTOLV =  1.000E-05 NITER =  40000
  PROCESSOR COUNT - RADIAL:    1  VACUUM:    1

  ITER    FSQR      FSQZ      FSQL    RAX(v=0)    DELT        WMHD      DEL-BSQ

    1  4.14E-01  1.57E-01  9.63E-02  5.986E+00  1.00E+00  7.3861E+01  1.000E+00

  In VACUUM, np =  5  mf = 13  nf = 12 nu = 30  nv =   36
  2*pi * a * -BPOL(vac) =   1.76E-06 TOROIDAL CURRENT =   2.24E-16
  R * BTOR(vac) =  -1.37E+01 R * BTOR(plasma) =  -1.37E+01

  VACUUM PRESSURE TURNED ON AT   62 ITERATIONS

  100  3.52E-04  5.46E-04  9.53E-05  5.992E+00  6.56E-01  7.0494E+01  8.086E-03
  200  1.03E-02  3.14E-02  8.34E-05  5.995E+00  6.56E-01  7.0737E+01  1.210E-02
  300  3.30E-03  4.51E-03  1.49E-03  5.986E+00  6.37E-01  7.0389E+01  3.543E-02
  344  6.62E-06  6.87E-06  4.82E-06  5.991E+00  6.37E-01  7.0478E+01  4.447E-03

  NS =    9 NO. FOURIER MODES =  288 FTOLV =  1.000E-07 NITER =  40000
  PROCESSOR COUNT - RADIAL:    1  VACUUM:    1

  ITER    FSQR      FSQZ      FSQL    RAX(v=0)    DELT        WMHD      DEL-BSQ

    1  3.76E-02  1.56E-02  7.23E-03  5.991E+00  1.00E+00  7.0502E+01  4.447E-03
  100  4.12E-03  1.06E-02  2.44E-05  5.993E+00  7.29E-01  7.0396E+01  3.696E-03
  200  1.21E-02  3.07E-02  7.98E-05  5.998E+00  7.29E-01  7.0330E+01  6.059E-03
  300  2.11E-03  5.12E-03  1.39E-05  6.001E+00  7.29E-01  7.0499E+01  3.305E-03
  400  5.02E-07  5.25E-07  1.39E-07  5.993E+00  7.08E-01  7.0455E+01  1.493E-03
  417  9.32E-08  4.99E-08  8.71E-08  5.994E+00  7.08E-01  7.0452E+01  1.403E-03

  NS =   28 NO. FOURIER MODES =  288 FTOLV =  1.000E-09 NITER =  40000
  PROCESSOR COUNT - RADIAL:    1  VACUUM:    1

  ITER    FSQR      FSQZ      FSQL    RAX(v=0)    DELT        WMHD      DEL-BSQ

    1  5.48E+00  2.61E+00  1.81E-04  5.994E+00  1.00E+00  7.0452E+01  1.403E-03
  100  2.33E-05  2.13E-05  4.59E-06  5.995E+00  7.08E-01  7.0453E+01  1.511E-03
  200  3.00E-08  1.47E-08  1.18E-08  5.999E+00  7.08E-01  7.0441E+01  8.570E-04
  300  5.55E-09  1.53E-09  1.63E-09  6.003E+00  7.08E-01  7.0437E+01  8.490E-04
  400  1.07E-09  2.80E-10  2.47E-10  6.006E+00  7.08E-01  7.0436E+01  7.985E-04
  406  9.91E-10  2.60E-10  2.28E-10  6.006E+00  7.08E-01  7.0436E+01  7.953E-04

  NS =   99 NO. FOURIER MODES =  288 FTOLV =  1.000E-12 NITER =  40000
  PROCESSOR COUNT - RADIAL:    1  VACUUM:    1

  ITER    FSQR      FSQZ      FSQL    RAX(v=0)    DELT        WMHD      DEL-BSQ

    1  2.11E+01  9.89E+00  7.79E-06  6.006E+00  1.00E+00  7.0436E+01  7.953E-04
  100  5.27E-06  1.42E-05  1.84E-07  6.006E+00  6.56E-01  7.0435E+01  8.146E-04
  200  2.83E-08  1.59E-08  2.13E-09  6.006E+00  6.56E-01  7.0436E+01  6.481E-04
  300  5.45E-09  2.88E-09  3.29E-10  6.007E+00  6.56E-01  7.0435E+01  5.882E-04
  400  1.29E-09  4.80E-10  9.20E-11  6.008E+00  6.56E-01  7.0435E+01  5.799E-04
  500  5.40E-10  1.75E-10  6.14E-11  6.008E+00  6.56E-01  7.0435E+01  5.859E-04
  600  2.19E-10  8.19E-11  2.79E-11  6.009E+00  6.56E-01  7.0435E+01  5.883E-04
  700  8.63E-11  3.12E-11  1.39E-11  6.009E+00  6.56E-01  7.0435E+01  5.885E-04
  800  3.83E-11  1.37E-11  7.89E-12  6.009E+00  6.56E-01  7.0435E+01  5.889E-04
  900  2.11E-11  6.66E-12  5.55E-12  6.009E+00  6.56E-01  7.0435E+01  5.916E-04
 1000  1.69E-11  4.41E-12  4.25E-12  6.009E+00  6.56E-01  7.0435E+01  5.939E-04
 1100  1.28E-11  3.66E-12  3.31E-12  6.009E+00  6.56E-01  7.0435E+01  5.974E-04
 1200  8.73E-12  2.46E-12  2.56E-12  6.009E+00  6.56E-01  7.0435E+01  6.026E-04
 1300  6.65E-12  2.44E-12  1.91E-12  6.009E+00  6.56E-01  7.0435E+01  6.082E-04
 1400  5.36E-12  2.30E-12  1.55E-12  6.009E+00  6.56E-01  7.0435E+01  6.140E-04
 1500  4.41E-12  1.96E-12  1.31E-12  6.009E+00  6.56E-01  7.0435E+01  6.195E-04
 1600  4.09E-12  1.93E-12  1.08E-12  6.009E+00  6.56E-01  7.0435E+01  6.238E-04
 1700  3.59E-12  2.21E-12  9.68E-13  6.009E+00  6.56E-01  7.0435E+01  6.259E-04
 1800  3.26E-12  1.85E-12  7.84E-13  6.009E+00  6.56E-01  7.0435E+01  6.266E-04
 1900  2.46E-12  1.18E-12  5.92E-13  6.009E+00  6.56E-01  7.0435E+01  6.260E-04
 2000  2.35E-12  1.17E-12  5.54E-13  6.009E+00  6.56E-01  7.0435E+01  6.245E-04
 2100  2.21E-12  9.99E-13  5.04E-13  6.009E+00  6.56E-01  7.0435E+01  6.221E-04
 2200  2.28E-12  1.02E-12  4.89E-13  6.009E+00  6.56E-01  7.0435E+01  6.195E-04
 2300  1.95E-12  9.14E-13  4.23E-13  6.009E+00  6.56E-01  7.0435E+01  6.166E-04
 2400  1.55E-12  7.87E-13  3.89E-13  6.009E+00  6.56E-01  7.0435E+01  6.138E-04
 2500  1.72E-12  7.87E-13  3.78E-13  6.009E+00  6.56E-01  7.0435E+01  6.112E-04
 2600  1.66E-12  7.90E-13  3.68E-13  6.009E+00  6.56E-01  7.0435E+01  6.087E-04
 2700  1.54E-12  1.03E-12  3.59E-13  6.009E+00  6.56E-01  7.0435E+01  6.065E-04
 2800  1.39E-12  9.16E-13  3.56E-13  6.009E+00  6.56E-01  7.0435E+01  6.047E-04
 2900  1.08E-12  6.10E-13  3.25E-13  6.009E+00  6.56E-01  7.0435E+01  6.034E-04
 2906  9.53E-13  5.65E-13  3.22E-13  6.009E+00  6.56E-01  7.0435E+01  6.033E-04

 EXECUTION TERMINATED NORMALLY

 FILE : w7x_demo2
 NUMBER OF JACOBIAN RESETS =    4

    TOTAL COMPUTATIONAL TIME (SEC)       138.02
    TIME TO INPUT/OUTPUT                   0.30
       READ IN DATA                        0.06
       WRITE OUT DATA TO WOUT              0.25
    TIME IN FUNCT3D                      137.26
       BCOVAR FIELDS                       8.63
       FOURIER TRANSFORM                  18.88
       INVERSE FOURIER TRANSFORM          22.69
       FORCES AND SYMMETRIZE              10.91
       RESIDUE                             4.66
       EQFORCE                             0.00
       FREE BOUNDARY (VACUUM)             63.95
          VACUUM SURFACE                   2.47
          VACUUM BEXTERN                   3.80
          VACUUM SCALPOT                  56.69
             ANALYT                       28.54
                ASUM                       0.18
                ASUM2                     11.09
                ALLREDUCE                  0.01
             GREENF                        5.42
             FOURP                         6.50
             ALLREDUCE                     0.00
             ALLGATHER                     0.00
             FOURI                        12.97
          VACUUM ALLGATHER                 0.01
          VACUUM SOLVER                    0.15

 NO. OF PROCS:     1
 PARVMEC     :     T
 LPRECOND    :     F
 LV3FITCALL  :     F
