
 NS = 4   NO. FOURIER MODES = 288   FTOLV = 1.000e-05   NITER = 40000

 ITER |    FSQR     FSQZ     FSQL    |    fsqr     fsqz      fsql   |   DELT   |  RAX(v=0) |    W_MHD   |   <BETA>   |  <M>  |  DELBSQ
------+------------------------------+------------------------------+----------+-----------+------------+------------+-------+----------
    1 | 5.01e-01  1.55e-01  9.63e-02 | 7.18e-04  7.51e-04  1.09e-02 | 1.00e+00 | 5.986e+00 | 7.3861e+01 | 3.8195e-02 | 1.354 | 0.000e+00

2*pi * a * -BPOL(vac) =   1.76e-06 MA       R * BTOR(vacuum) =  -1.37e+01
     TOROIDAL CURRENT =  -6.23e-16 MA       R * BTOR(plasma) =  -1.37e+01
VACUUM PRESSURE TURNED ON AT   66 ITERATIONS

  100 | 9.30e-04  1.80e-03  4.57e-04 | 3.40e-06  2.12e-05  8.89e-07 | 6.37e-01 | 5.989e+00 | 7.0483e+01 | 3.9831e-02 | 1.829 | 1.796e-02
  135 | 8.20e-06  6.49e-06  4.96e-06 | 1.09e-08  2.35e-08  8.55e-09 | 6.37e-01 | 5.993e+00 | 7.0480e+01 | 3.9858e-02 | 1.769 | 4.523e-03
MHD Energy = 7.048049e+01

 NS = 9   NO. FOURIER MODES = 288   FTOLV = 1.000e-07   NITER = 40000

 ITER |    FSQR     FSQZ     FSQL    |    fsqr     fsqz      fsql   |   DELT   |  RAX(v=0) |    W_MHD   |   <BETA>   |  <M>  |  DELBSQ
------+------------------------------+------------------------------+----------+-----------+------------+------------+-------+----------
    1 | 3.40e-02  1.38e-02  6.21e-03 | 1.04e-02  1.20e-02  2.14e-05 | 1.00e+00 | 5.993e+00 | 7.0497e+01 | 3.9890e-02 | 1.759 | -nan
  100 | 5.30e-05  2.32e-05  8.09e-06 | 2.41e-09  1.31e-08  1.28e-08 | 7.08e-01 | 5.995e+00 | 7.0453e+01 | 3.9911e-02 | 1.662 | 2.489e-03
  175 | 8.97e-08  3.38e-08  3.17e-08 | 2.62e-10  3.41e-11  6.48e-10 | 7.08e-01 | 5.998e+00 | 7.0444e+01 | 3.9925e-02 | 1.607 | 1.242e-03
MHD Energy = 7.044377e+01

 NS = 28   NO. FOURIER MODES = 288   FTOLV = 1.000e-09   NITER = 40000

 ITER |    FSQR     FSQZ     FSQL    |    fsqr     fsqz      fsql   |   DELT   |  RAX(v=0) |    W_MHD   |   <BETA>   |  <M>  |  DELBSQ
------+------------------------------+------------------------------+----------+-----------+------------+------------+-------+----------
    1 | 1.11e+01  5.26e+00  1.75e-04 | 2.09e-03  2.46e-03  6.87e-06 | 1.00e+00 | 5.998e+00 | 7.0444e+01 | 3.9932e-02 | 1.605 | -nan
  100 | 7.18e-07  2.88e-07  4.28e-08 | 7.91e-11  1.53e-11  3.93e-10 | 7.29e-01 | 6.001e+00 | 7.0438e+01 | 3.9943e-02 | 1.591 | 6.697e-04
  200 | 3.37e-08  1.44e-08  2.10e-09 | 1.72e-11  2.16e-12  4.07e-11 | 7.29e-01 | 6.005e+00 | 7.0434e+01 | 3.9961e-02 | 1.570 | 7.524e-04
  300 | 2.16e-09  8.42e-10  3.13e-10 | 2.98e-12  3.07e-13  1.16e-11 | 7.29e-01 | 6.008e+00 | 7.0433e+01 | 3.9970e-02 | 1.565 | 7.428e-04
  334 | 9.63e-10  3.46e-10  2.03e-10 | 1.81e-12  1.58e-13  7.92e-12 | 7.29e-01 | 6.009e+00 | 7.0433e+01 | 3.9972e-02 | 1.564 | 7.421e-04
MHD Energy = 7.043316e+01

 NS = 99   NO. FOURIER MODES = 288   FTOLV = 1.000e-12   NITER = 40000

 ITER |    FSQR     FSQZ     FSQL    |    fsqr     fsqz      fsql   |   DELT   |  RAX(v=0) |    W_MHD   |   <BETA>   |  <M>  |  DELBSQ
------+------------------------------+------------------------------+----------+-----------+------------+------------+-------+----------
    1 | 4.01e+01  1.88e+01  7.05e-06 | 2.24e-04  2.65e-04  2.19e-06 | 1.00e+00 | 6.009e+00 | 7.0433e+01 | 3.9973e-02 | 1.564 | -nan
  100 | 2.31e-07  1.15e-07  8.03e-10 | 8.93e-13  1.21e-13  1.45e-11 | 6.56e-01 | 6.009e+00 | 7.0433e+01 | 3.9973e-02 | 1.564 | 5.902e-04
  200 | 1.77e-08  7.44e-09  1.55e-10 | 4.78e-13  6.19e-14  2.38e-12 | 6.56e-01 | 6.009e+00 | 7.0432e+01 | 3.9975e-02 | 1.562 | 5.300e-04
  300 | 4.24e-09  1.73e-09  5.79e-11 | 1.30e-13  2.04e-14  5.31e-13 | 6.56e-01 | 6.010e+00 | 7.0432e+01 | 3.9976e-02 | 1.562 | 5.647e-04
  400 | 1.19e-09  4.87e-10  2.40e-11 | 2.54e-14  7.22e-15  1.67e-13 | 6.56e-01 | 6.011e+00 | 7.0432e+01 | 3.9978e-02 | 1.562 | 5.726e-04
  500 | 4.26e-10  1.63e-10  1.34e-11 | 7.78e-15  4.53e-15  5.61e-14 | 6.56e-01 | 6.011e+00 | 7.0432e+01 | 3.9978e-02 | 1.564 | 5.789e-04
  600 | 1.85e-10  7.32e-11  9.24e-12 | 4.22e-15  2.91e-15  2.16e-14 | 6.56e-01 | 6.011e+00 | 7.0432e+01 | 3.9979e-02 | 1.567 | 5.839e-04
  700 | 9.37e-11  3.65e-11  6.90e-12 | 2.80e-15  1.68e-15  9.00e-15 | 6.56e-01 | 6.012e+00 | 7.0432e+01 | 3.9979e-02 | 1.571 | 5.882e-04
  800 | 6.09e-11  2.39e-11  5.48e-12 | 1.97e-15  1.22e-15  6.54e-15 | 6.56e-01 | 6.012e+00 | 7.0432e+01 | 3.9979e-02 | 1.576 | 5.928e-04
  900 | 4.75e-11  1.81e-11  4.22e-12 | 1.57e-15  9.79e-16  6.02e-15 | 6.56e-01 | 6.012e+00 | 7.0432e+01 | 3.9979e-02 | 1.583 | 5.974e-04
 1000 | 3.16e-11  1.16e-11  3.23e-12 | 1.27e-15  7.43e-16  4.44e-15 | 6.56e-01 | 6.012e+00 | 7.0432e+01 | 3.9979e-02 | 1.592 | 6.035e-04
 1100 | 1.99e-11  7.97e-12  2.58e-12 | 1.03e-15  5.74e-16  2.94e-15 | 6.56e-01 | 6.012e+00 | 7.0432e+01 | 3.9979e-02 | 1.600 | 6.108e-04
 1200 | 1.34e-11  5.35e-12  2.00e-12 | 8.73e-16  4.84e-16  2.35e-15 | 6.56e-01 | 6.012e+00 | 7.0432e+01 | 3.9979e-02 | 1.607 | 6.172e-04
 1300 | 8.99e-12  3.80e-12  1.59e-12 | 7.35e-16  4.36e-16  1.93e-15 | 6.56e-01 | 6.012e+00 | 7.0432e+01 | 3.9979e-02 | 1.614 | 6.219e-04
 1400 | 6.34e-12  2.70e-12  1.25e-12 | 6.34e-16  3.82e-16  1.71e-15 | 6.56e-01 | 6.012e+00 | 7.0432e+01 | 3.9979e-02 | 1.620 | 6.252e-04
 1500 | 5.03e-12  2.07e-12  9.77e-13 | 5.70e-16  3.19e-16  1.46e-15 | 6.56e-01 | 6.012e+00 | 7.0432e+01 | 3.9979e-02 | 1.626 | 6.273e-04
 1600 | 4.04e-12  1.61e-12  8.37e-13 | 4.87e-16  2.63e-16  1.25e-15 | 6.56e-01 | 6.012e+00 | 7.0432e+01 | 3.9979e-02 | 1.631 | 6.281e-04
 1700 | 3.01e-12  1.32e-12  7.33e-13 | 4.14e-16  2.28e-16  9.89e-16 | 6.56e-01 | 6.012e+00 | 7.0432e+01 | 3.9979e-02 | 1.635 | 6.277e-04
 1800 | 2.55e-12  1.07e-12  6.25e-13 | 3.59e-16  2.00e-16  8.67e-16 | 6.56e-01 | 6.012e+00 | 7.0432e+01 | 3.9979e-02 | 1.640 | 6.268e-04
 1900 | 2.09e-12  8.53e-13  5.62e-13 | 3.05e-16  1.80e-16  7.85e-16 | 6.56e-01 | 6.012e+00 | 7.0432e+01 | 3.9979e-02 | 1.644 | 6.256e-04
 2000 | 1.85e-12  7.98e-13  5.21e-13 | 2.72e-16  1.64e-16  7.06e-16 | 6.56e-01 | 6.012e+00 | 7.0432e+01 | 3.9979e-02 | 1.648 | 6.241e-04
 2100 | 1.53e-12  8.69e-13  4.84e-13 | 2.55e-16  1.45e-16  6.28e-16 | 6.56e-01 | 6.012e+00 | 7.0432e+01 | 3.9979e-02 | 1.652 | 6.227e-04
 2200 | 1.35e-12  6.83e-13  4.38e-13 | 2.39e-16  1.38e-16  6.03e-16 | 6.56e-01 | 6.012e+00 | 7.0432e+01 | 3.9979e-02 | 1.655 | 6.208e-04
 2300 | 1.34e-12  6.22e-13  4.15e-13 | 2.29e-16  1.26e-16  5.56e-16 | 6.56e-01 | 6.012e+00 | 7.0432e+01 | 3.9979e-02 | 1.658 | 6.192e-04
 2400 | 1.28e-12  6.11e-13  3.87e-13 | 2.22e-16  1.15e-16  5.05e-16 | 6.56e-01 | 6.012e+00 | 7.0432e+01 | 3.9979e-02 | 1.661 | 6.177e-04
 2500 | 1.03e-12  5.85e-13  3.60e-13 | 2.03e-16  1.11e-16  5.05e-16 | 6.56e-01 | 6.012e+00 | 7.0432e+01 | 3.9979e-02 | 1.663 | 6.168e-04
 2564 | 9.93e-13  4.87e-13  3.56e-13 | 1.96e-16  1.10e-16  4.72e-16 | 6.56e-01 | 6.012e+00 | 7.0432e+01 | 3.9979e-02 | 1.666 | 6.163e-04
MHD Energy = 7.043199e+01
done, niter: 2565
