
 NS = 4   NO. FOURIER MODES = 288   FTOLV = 1.000e-05   NITER = 40000

 ITER |    FSQR     FSQZ     FSQL    |    fsqr     fsqz      fsql   |   DELT   |  RAX(v=0) |    W_MHD   |   <BETA>   |  <M>  |  DELBSQ
------+------------------------------+------------------------------+----------+-----------+------------+------------+-------+----------
    1 | 5.01e-01  1.55e-01  9.63e-02 | 7.18e-04  7.51e-04  1.09e-02 | 1.00e+00 | 5.986e+00 | 7.3861e+01 | 3.8195e-02 | 1.354 | 0.000e+00

2*pi * a * -BPOL(vac) =   1.76e-06 MA       R * BTOR(vacuum) =  -1.37e+01
     TOROIDAL CURRENT =  -6.23e-16 MA       R * BTOR(plasma) =  -1.37e+01
VACUUM PRESSURE TURNED ON AT   66 ITERATIONS

  100 | 9.30e-04  1.80e-03  4.57e-04 | 3.40e-06  2.12e-05  8.89e-07 | 6.37e-01 | 5.989e+00 | 7.0483e+01 | 3.9831e-02 | 1.829 | 1.796e-02
  135 | 8.20e-06  6.49e-06  4.96e-06 | 1.09e-08  2.35e-08  8.55e-09 | 6.37e-01 | 5.993e+00 | 7.0480e+01 | 3.9858e-02 | 1.769 | 4.523e-03
MHD Energy = 7.048049e+01

 NS = 9   NO. FOURIER MODES = 288   FTOLV = 1.000e-07   NITER = 40000

 ITER |    FSQR     FSQZ     FSQL    |    fsqr     fsqz      fsql   |   DELT   |  RAX(v=0) |    W_MHD   |   <BETA>   |  <M>  |  DELBSQ
------+------------------------------+------------------------------+----------+-----------+------------+------------+-------+----------
    1 | 3.40e-02  1.38e-02  6.21e-03 | 1.38e-06  3.29e-06  2.14e-05 | 1.00e+00 | 5.993e+00 | 7.0497e+01 | 3.9890e-02 | 1.759 | 6.211e-02
  100 | 5.30e-05  2.32e-05  8.09e-06 | 2.41e-09  1.31e-08  1.28e-08 | 7.08e-01 | 5.995e+00 | 7.0453e+01 | 3.9911e-02 | 1.662 | 2.489e-03
  175 | 8.97e-08  3.38e-08  3.17e-08 | 2.62e-10  3.41e-11  6.48e-10 | 7.08e-01 | 5.998e+00 | 7.0444e+01 | 3.9925e-02 | 1.607 | 1.242e-03
MHD Energy = 7.044377e+01

 NS = 28   NO. FOURIER MODES = 288   FTOLV = 1.000e-09   NITER = 40000

 ITER |    FSQR     FSQZ     FSQL    |    fsqr     fsqz      fsql   |   DELT   |  RAX(v=0) |    W_MHD   |   <BETA>   |  <M>  |  DELBSQ
------+------------------------------+------------------------------+----------+-----------+------------+------------+-------+----------
    1 | 9.50e-03  4.58e-03  1.75e-04 | 2.45e-08  5.48e-08  6.87e-06 | 1.00e+00 | 5.998e+00 | 7.0444e+01 | 3.9932e-02 | 1.605 | 1.155e-02
  100 | 7.27e-07  2.93e-07  4.28e-08 | 7.89e-11  2.03e-11  3.91e-10 | 7.29e-01 | 6.001e+00 | 7.0438e+01 | 3.9942e-02 | 1.591 | 6.733e-04
  200 | 3.62e-08  1.56e-08  2.16e-09 | 1.79e-11  2.04e-12  4.12e-11 | 7.29e-01 | 6.005e+00 | 7.0434e+01 | 3.9961e-02 | 1.570 | 7.520e-04
  300 | 2.14e-09  7.79e-10  3.23e-10 | 3.01e-12  2.84e-13  1.22e-11 | 7.29e-01 | 6.008e+00 | 7.0433e+01 | 3.9970e-02 | 1.565 | 7.430e-04
  335 | 9.63e-10  3.46e-10  2.03e-10 | 1.81e-12  1.58e-13  7.92e-12 | 7.29e-01 | 6.009e+00 | 7.0433e+01 | 3.9972e-02 | 1.564 | 7.421e-04
MHD Energy = 7.043316e+01

 NS = 99   NO. FOURIER MODES = 288   FTOLV = 1.000e-12   NITER = 40000

 ITER |    FSQR     FSQZ     FSQL    |    fsqr     fsqz      fsql   |   DELT   |  RAX(v=0) |    W_MHD   |   <BETA>   |  <M>  |  DELBSQ
------+------------------------------+------------------------------+----------+-----------+------------+------------+-------+----------
    1 | 1.48e-02  6.65e-03  7.05e-06 | 2.89e-10  8.21e-10  2.19e-06 | 1.00e+00 | 6.009e+00 | 7.0433e+01 | 3.9973e-02 | 1.564 | 3.928e-03
  100 | 2.93e-07  1.34e-07  8.74e-10 | 8.78e-13  1.76e-13  1.96e-11 | 6.56e-01 | 6.009e+00 | 7.0433e+01 | 3.9973e-02 | 1.564 | 5.908e-04
  200 | 1.92e-08  7.75e-09  1.57e-10 | 4.92e-13  5.36e-14  2.41e-12 | 6.56e-01 | 6.009e+00 | 7.0432e+01 | 3.9974e-02 | 1.562 | 5.298e-04
  300 | 4.11e-09  1.69e-09  5.83e-11 | 1.34e-13  1.69e-14  5.41e-13 | 6.56e-01 | 6.010e+00 | 7.0432e+01 | 3.9976e-02 | 1.562 | 5.644e-04
  400 | 1.17e-09  4.89e-10  2.43e-11 | 2.58e-14  7.12e-15  1.69e-13 | 6.56e-01 | 6.011e+00 | 7.0432e+01 | 3.9978e-02 | 1.562 | 5.726e-04
  500 | 4.24e-10  1.68e-10  1.33e-11 | 7.63e-15  5.16e-15  5.70e-14 | 6.56e-01 | 6.011e+00 | 7.0432e+01 | 3.9978e-02 | 1.564 | 5.788e-04
  600 | 1.80e-10  7.46e-11  9.22e-12 | 4.22e-15  2.89e-15  2.17e-14 | 6.56e-01 | 6.011e+00 | 7.0432e+01 | 3.9979e-02 | 1.567 | 5.839e-04
  700 | 9.23e-11  3.68e-11  6.93e-12 | 2.82e-15  1.65e-15  9.06e-15 | 6.56e-01 | 6.012e+00 | 7.0432e+01 | 3.9979e-02 | 1.571 | 5.882e-04
  800 | 6.14e-11  2.35e-11  5.50e-12 | 1.99e-15  1.24e-15  6.59e-15 | 6.56e-01 | 6.012e+00 | 7.0432e+01 | 3.9979e-02 | 1.576 | 5.927e-04
  900 | 4.92e-11  1.84e-11  4.22e-12 | 1.57e-15  9.53e-16  6.01e-15 | 6.56e-01 | 6.012e+00 | 7.0432e+01 | 3.9979e-02 | 1.583 | 5.973e-04
 1000 | 3.22e-11  1.18e-11  3.25e-12 | 1.27e-15  7.38e-16  4.48e-15 | 6.56e-01 | 6.012e+00 | 7.0432e+01 | 3.9979e-02 | 1.592 | 6.034e-04
 1100 | 2.00e-11  7.91e-12  2.60e-12 | 1.04e-15  5.85e-16  2.98e-15 | 6.56e-01 | 6.012e+00 | 7.0432e+01 | 3.9979e-02 | 1.600 | 6.108e-04
 1200 | 1.36e-11  5.47e-12  2.00e-12 | 8.68e-16  4.83e-16  2.33e-15 | 6.56e-01 | 6.012e+00 | 7.0432e+01 | 3.9979e-02 | 1.607 | 6.171e-04
 1300 | 8.75e-12  3.76e-12  1.60e-12 | 7.35e-16  4.34e-16  1.94e-15 | 6.56e-01 | 6.012e+00 | 7.0432e+01 | 3.9979e-02 | 1.614 | 6.219e-04
 1400 | 6.36e-12  2.65e-12  1.24e-12 | 6.39e-16  3.84e-16  1.70e-15 | 6.56e-01 | 6.012e+00 | 7.0432e+01 | 3.9979e-02 | 1.620 | 6.252e-04
 1500 | 4.99e-12  2.07e-12  9.82e-13 | 5.68e-16  3.16e-16  1.47e-15 | 6.56e-01 | 6.012e+00 | 7.0432e+01 | 3.9979e-02 | 1.626 | 6.273e-04
 1600 | 3.94e-12  1.64e-12  8.41e-13 | 4.87e-16  2.67e-16  1.23e-15 | 6.56e-01 | 6.012e+00 | 7.0432e+01 | 3.9979e-02 | 1.631 | 6.281e-04
 1700 | 3.01e-12  1.34e-12  7.29e-13 | 4.18e-16  2.28e-16  9.94e-16 | 6.56e-01 | 6.012e+00 | 7.0432e+01 | 3.9979e-02 | 1.635 | 6.277e-04
 1800 | 2.59e-12  1.03e-12  6.29e-13 | 3.57e-16  1.98e-16  8.82e-16 | 6.56e-01 | 6.012e+00 | 7.0432e+01 | 3.9979e-02 | 1.640 | 6.268e-04
 1900 | 2.08e-12  8.52e-13  5.62e-13 | 3.06e-16  1.82e-16  7.77e-16 | 6.56e-01 | 6.012e+00 | 7.0432e+01 | 3.9979e-02 | 1.644 | 6.256e-04
 2000 | 1.83e-12  7.98e-13  5.22e-13 | 2.74e-16  1.63e-16  6.99e-16 | 6.56e-01 | 6.012e+00 | 7.0432e+01 | 3.9979e-02 | 1.648 | 6.241e-04
 2100 | 1.52e-12  8.24e-13  4.82e-13 | 2.54e-16  1.45e-16  6.36e-16 | 6.56e-01 | 6.012e+00 | 7.0432e+01 | 3.9979e-02 | 1.651 | 6.227e-04
 2200 | 1.36e-12  7.06e-13  4.47e-13 | 2.40e-16  1.37e-16  6.04e-16 | 6.56e-01 | 6.012e+00 | 7.0432e+01 | 3.9979e-02 | 1.655 | 6.209e-04
 2300 | 1.33e-12  5.98e-13  4.17e-13 | 2.30e-16  1.27e-16  5.60e-16 | 6.56e-01 | 6.012e+00 | 7.0432e+01 | 3.9979e-02 | 1.658 | 6.192e-04
 2400 | 1.27e-12  6.03e-13  3.89e-13 | 2.21e-16  1.16e-16  5.10e-16 | 6.56e-01 | 6.012e+00 | 7.0432e+01 | 3.9979e-02 | 1.661 | 6.177e-04
 2500 | 1.04e-12  5.97e-13  3.68e-13 | 2.03e-16  1.12e-16  4.98e-16 | 6.56e-01 | 6.012e+00 | 7.0432e+01 | 3.9979e-02 | 1.663 | 6.168e-04
 2565 | 9.93e-13  4.87e-13  3.56e-13 | 1.96e-16  1.10e-16  4.72e-16 | 6.56e-01 | 6.012e+00 | 7.0432e+01 | 3.9979e-02 | 1.666 | 6.163e-04
MHD Energy = 7.043199e+01
done, niter: 2566
