need to flip theta definition of input boundary shape

 NS = 12   NO. FOURIER MODES = 72   FTOLV = 1.000e-09   NITER = 3000

 ITER |    FSQR     FSQZ     FSQL    |    fsqr     fsqz      fsql   |   DELT   |  RAX(v=0) |    W_MHD   |   <BETA>   |  <M>  |  DELBSQ
------+------------------------------+------------------------------+----------+-----------+------------+------------+-------+----------
    1 | 3.55e+00  2.48e+00  1.64e-01 | 9.58e-03  2.40e-03  4.30e-02 | 9.00e-01 | 1.042e+00 | 5.0770e-01 | 0.0000e+00 | 1.735 | 0.000e+00
    2 | 1.08e+01  2.20e+01  1.30e-01 | 3.64e-03  1.77e-02  7.76e-03 | 9.00e-01 | 1.021e+00 | 4.3809e-01 | 0.0000e+00 | 1.741 | 0.000e+00
    3 | 1.37e+01  3.80e+01  1.94e-01 | 3.78e-03  2.53e-02  5.08e-03 | 9.00e-01 | 9.945e-01 | 4.2616e-01 | 0.0000e+00 | 1.779 | 0.000e+00
    4 | 1.12e+03  2.60e+02  7.81e-01 | 3.40e-02  2.32e-01  1.78e-02 | 9.00e-01 | 9.883e-01 | 4.6075e-01 | 0.0000e+00 | 1.778 | 0.000e+00
    5 | 3.55e+00  2.48e+00  1.64e-01 | 9.58e-03  2.40e-03  4.30e-02 | 8.10e-01 | 1.042e+00 | 5.0770e-01 | 0.0000e+00 | 1.735 | 0.000e+00
    6 | 4.97e+00  1.05e+01  1.13e-01 | 3.16e-03  8.12e-03  1.15e-02 | 8.10e-01 | 1.025e+00 | 4.4526e-01 | 0.0000e+00 | 1.740 | 0.000e+00
    7 | 2.74e+00  1.03e+01  5.97e-02 | 9.37e-04  7.23e-03  1.27e-03 | 8.10e-01 | 1.002e+00 | 4.1064e-01 | 0.0000e+00 | 1.763 | 0.000e+00
    8 | 1.24e+01  4.88e+01  9.12e-02 | 3.61e-03  3.96e-02  6.71e-03 | 8.10e-01 | 9.859e-01 | 4.1863e-01 | 0.0000e+00 | 1.769 | 0.000e+00
    9 | 3.55e+00  2.48e+00  1.64e-01 | 9.58e-03  2.40e-03  4.30e-02 | 7.29e-01 | 1.042e+00 | 5.0770e-01 | 0.0000e+00 | 1.735 | 0.000e+00
   10 | 2.10e+00  4.76e+00  1.06e-01 | 3.29e-03  3.49e-03  1.53e-02 | 7.29e-01 | 1.028e+00 | 4.5297e-01 | 0.0000e+00 | 1.740 | 0.000e+00
   11 | 2.58e+00  2.26e+00  5.79e-02 | 9.25e-04  2.01e-03  1.73e-03 | 7.29e-01 | 1.009e+00 | 4.1368e-01 | 0.0000e+00 | 1.754 | 0.000e+00
   12 | 3.35e+00  9.17e+00  5.93e-02 | 1.31e-03  7.10e-03  3.23e-03 | 7.29e-01 | 9.913e-01 | 4.0968e-01 | 0.0000e+00 | 1.766 | 0.000e+00
   15 | 8.09e-01  1.94e+00  1.06e-01 | 3.73e-03  1.34e-03  1.90e-02 | 6.56e-01 | 1.031e+00 | 4.6053e-01 | 0.0000e+00 | 1.739 | 0.000e+00
   20 | 4.56e+00  2.13e+01  8.29e-02 | 3.02e-03  1.47e-02  1.11e-02 | 6.56e-01 | 9.812e-01 | 4.3016e-01 | 0.0000e+00 | 1.752 | 0.000e+00
   25 | 3.66e-01  6.69e-01  1.09e-01 | 4.31e-03  4.43e-04  2.25e-02 | 5.90e-01 | 1.033e+00 | 4.6756e-01 | 0.0000e+00 | 1.738 | 0.000e+00
   30 | 1.71e+00  1.67e+00  5.42e-02 | 2.15e-03  1.36e-03  9.37e-03 | 5.90e-01 | 9.814e-01 | 4.2318e-01 | 0.0000e+00 | 1.751 | 0.000e+00
   35 | 2.18e-01  2.98e-01  3.49e-02 | 1.95e-04  3.48e-04  9.19e-04 | 5.90e-01 | 1.013e+00 | 4.0168e-01 | 0.0000e+00 | 2.057 | 0.000e+00
   40 | 1.79e-01  4.60e-01  2.70e-02 | 1.53e-04  5.69e-04  1.03e-03 | 5.90e-01 | 1.007e+00 | 4.0124e-01 | 0.0000e+00 | 2.020 | 0.000e+00
   45 | 9.69e-02  2.06e-01  9.85e-03 | 9.88e-05  1.89e-04  5.01e-04 | 5.90e-01 | 1.002e+00 | 3.9676e-01 | 0.0000e+00 | 2.123 | 0.000e+00
   50 | 1.38e-01  9.76e-02  7.15e-03 | 2.06e-04  9.69e-05  3.37e-04 | 5.90e-01 | 1.009e+00 | 3.9527e-01 | 0.0000e+00 | 1.971 | 0.000e+00
   55 | 1.07e-01  2.25e-01  1.52e-03 | 5.80e-05  1.89e-04  1.30e-05 | 5.73e-01 | 1.006e+00 | 3.9415e-01 | 0.0000e+00 | 1.990 | 0.000e+00
   60 | 1.54e-02  1.00e-02  7.71e-04 | 1.45e-05  1.26e-05  3.86e-05 | 5.73e-01 | 1.005e+00 | 3.9415e-01 | 0.0000e+00 | 1.991 | 0.000e+00
   65 | 1.51e-01  1.26e-01  9.79e-03 | 7.79e-05  1.54e-04  1.87e-04 | 5.57e-01 | 1.005e+00 | 3.9483e-01 | 0.0000e+00 | 1.982 | 0.000e+00
   70 | 4.46e-02  5.57e-02  2.67e-03 | 3.01e-05  6.37e-05  3.70e-05 | 5.57e-01 | 1.006e+00 | 3.9427e-01 | 0.0000e+00 | 1.993 | 0.000e+00
   75 | 3.91e-02  1.65e-02  7.04e-04 | 1.64e-05  1.82e-05  9.53e-06 | 5.57e-01 | 1.006e+00 | 3.9410e-01 | 0.0000e+00 | 1.987 | 0.000e+00
   80 | 1.21e-01  1.23e-01  1.80e-03 | 5.82e-05  1.10e-04  5.39e-05 | 5.40e-01 | 1.006e+00 | 3.9424e-01 | 0.0000e+00 | 1.985 | 0.000e+00
   85 | 1.77e-02  2.32e-02  2.24e-03 | 2.05e-05  2.31e-05  4.90e-05 | 5.40e-01 | 1.005e+00 | 3.9425e-01 | 0.0000e+00 | 1.993 | 0.000e+00
   90 | 3.27e-02  2.65e-02  7.63e-04 | 1.79e-05  2.16e-05  8.82e-06 | 5.40e-01 | 1.006e+00 | 3.9411e-01 | 0.0000e+00 | 2.007 | 0.000e+00
   95 | 2.47e-02  1.75e-02  2.59e-04 | 1.25e-05  1.91e-05  3.58e-06 | 5.25e-01 | 1.006e+00 | 3.9406e-01 | 0.0000e+00 | 2.010 | 0.000e+00
  100 | 4.32e-03  1.29e-03  9.55e-05 | 2.20e-06  1.34e-06  8.18e-07 | 5.25e-01 | 1.006e+00 | 3.9405e-01 | 0.0000e+00 | 2.009 | 0.000e+00
  105 | 1.44e-03  2.36e-03  9.14e-05 | 1.34e-06  1.70e-06  9.83e-07 | 5.25e-01 | 1.007e+00 | 3.9405e-01 | 0.0000e+00 | 2.028 | 0.000e+00
  110 | 2.17e-03  1.70e-03  5.37e-05 | 1.14e-06  1.51e-06  5.18e-07 | 5.25e-01 | 1.007e+00 | 3.9404e-01 | 0.0000e+00 | 2.030 | 0.000e+00
  115 | 1.18e-03  4.29e-04  1.64e-05 | 5.00e-07  4.46e-07  1.85e-07 | 5.25e-01 | 1.007e+00 | 3.9404e-01 | 0.0000e+00 | 2.020 | 0.000e+00

2*pi * a * -BPOL(vac) =   2.71e-05 MA       R * BTOR(vacuum) =   1.00e+00
     TOROIDAL CURRENT =   3.26e-17 MA       R * BTOR(plasma) =   1.00e+00
VACUUM PRESSURE TURNED ON AT  119 ITERATIONS

  120 | 3.51e+00  3.38e+00  5.60e-02 | 6.99e-03  1.20e-02  6.48e-04 | 5.25e-01 | 1.008e+00 | 4.1017e-01 | 0.0000e+00 | 2.022 | 7.826e-02
  125 | 1.78e+00  4.38e+00  3.09e-02 | 6.25e-03  2.00e-02  2.23e-04 | 5.25e-01 | 1.026e+00 | 3.9869e-01 | 0.0000e+00 | 2.022 | 9.599e-02
  130 | 2.26e-01  6.11e-01  1.47e-02 | 9.28e-04  3.61e-03  1.86e-04 | 5.25e-01 | 1.032e+00 | 3.9438e-01 | 0.0000e+00 | 2.017 | 1.098e-01
  135 | 4.11e-02  9.41e-02  3.23e-03 | 2.71e-04  7.30e-04  1.00e-04 | 5.09e-01 | 1.036e+00 | 3.9916e-01 | 0.0000e+00 | 1.594 | 7.661e-02
  140 | 4.77e-02  1.01e-01  1.49e-03 | 2.82e-04  9.32e-04  2.88e-05 | 5.09e-01 | 1.040e+00 | 3.9581e-01 | 0.0000e+00 | 1.594 | 5.968e-02
  145 | 1.02e+00  2.02e+00  7.77e-03 | 7.90e-03  2.65e-02  1.31e-04 | 4.95e-01 | 1.033e+00 | 3.9878e-01 | 0.0000e+00 | 1.595 | 1.119e-01
  150 | 2.72e-01  4.27e-01  2.49e-02 | 2.65e-03  6.95e-03  1.06e-03 | 4.95e-01 | 1.046e+00 | 3.9640e-01 | 0.0000e+00 | 1.597 | 9.967e-02
  155 | 8.28e-02  1.36e-01  5.44e-03 | 5.61e-04  1.87e-03  7.49e-05 | 4.95e-01 | 1.041e+00 | 3.9534e-01 | 0.0000e+00 | 1.598 | 6.816e-02
  160 | 1.97e-02  1.88e-02  2.94e-03 | 9.05e-05  1.67e-04  1.16e-04 | 4.80e-01 | 1.043e+00 | 3.9806e-01 | 0.0000e+00 | 1.371 | 5.496e-02
  165 | 1.06e-02  1.38e-02  7.60e-04 | 3.19e-05  9.21e-05  2.45e-05 | 4.80e-01 | 1.043e+00 | 3.9409e-01 | 0.0000e+00 | 1.370 | 3.843e-02
  170 | 3.90e-03  4.44e-03  4.40e-04 | 2.22e-05  3.96e-05  6.46e-06 | 4.80e-01 | 1.042e+00 | 3.9565e-01 | 0.0000e+00 | 1.358 | 3.055e-02
  175 | 6.50e-03  1.10e-02  1.20e-04 | 6.56e-05  1.83e-04  6.63e-06 | 4.66e-01 | 1.043e+00 | 3.9461e-01 | 0.0000e+00 | 1.358 | 2.305e-02
  180 | 5.70e-03  1.00e-02  1.22e-04 | 6.25e-05  1.67e-04  1.21e-05 | 4.66e-01 | 1.043e+00 | 3.9414e-01 | 0.0000e+00 | 1.358 | 2.308e-02
  185 | 2.04e-02  3.52e-02  8.22e-04 | 1.91e-04  4.93e-04  5.40e-05 | 4.53e-01 | 1.042e+00 | 3.9635e-01 | 0.0000e+00 | 1.358 | 3.137e-02
  190 | 1.17e-02  2.17e-02  1.21e-04 | 9.73e-05  3.10e-04  7.55e-06 | 4.53e-01 | 1.043e+00 | 3.9476e-01 | 0.0000e+00 | 1.358 | 2.357e-02
  195 | 3.74e-03  6.62e-03  5.80e-05 | 2.95e-05  9.58e-05  4.68e-06 | 4.53e-01 | 1.043e+00 | 3.9486e-01 | 0.0000e+00 | 1.358 | 1.989e-02
  200 | 5.21e-04  9.71e-04  5.00e-05 | 2.73e-06  1.06e-05  1.79e-06 | 4.53e-01 | 1.043e+00 | 3.9489e-01 | 0.0000e+00 | 1.334 | 1.715e-02
  205 | 3.29e-04  3.66e-04  1.77e-05 | 2.34e-06  3.87e-06  7.30e-07 | 4.53e-01 | 1.043e+00 | 3.9428e-01 | 0.0000e+00 | 1.334 | 1.560e-02
  210 | 4.09e-04  5.45e-04  9.13e-06 | 3.39e-06  9.10e-06  3.39e-07 | 4.53e-01 | 1.042e+00 | 3.9457e-01 | 0.0000e+00 | 1.310 | 1.368e-02
  215 | 2.52e-04  5.69e-04  4.72e-06 | 2.37e-06  8.47e-06  2.41e-07 | 4.53e-01 | 1.042e+00 | 3.9446e-01 | 0.0000e+00 | 1.310 | 1.208e-02
  220 | 1.04e-04  2.84e-04  3.69e-06 | 9.85e-07  4.26e-06  2.33e-07 | 4.53e-01 | 1.042e+00 | 3.9440e-01 | 0.0000e+00 | 1.293 | 1.093e-02
  225 | 4.25e-05  1.02e-04  3.77e-06 | 2.63e-07  1.36e-06  3.34e-08 | 4.53e-01 | 1.042e+00 | 3.9455e-01 | 0.0000e+00 | 1.288 | 1.009e-02
  230 | 1.84e-05  1.84e-05  1.06e-06 | 7.67e-08  1.86e-07  2.24e-08 | 4.53e-01 | 1.042e+00 | 3.9448e-01 | 0.0000e+00 | 1.284 | 9.673e-03
  235 | 1.11e-05  7.96e-06  8.09e-07 | 3.42e-08  6.38e-08  1.25e-08 | 4.53e-01 | 1.042e+00 | 3.9450e-01 | 0.0000e+00 | 1.277 | 9.210e-03
  240 | 8.50e-06  1.00e-05  1.17e-06 | 3.04e-08  1.25e-07  1.32e-08 | 4.53e-01 | 1.042e+00 | 3.9453e-01 | 0.0000e+00 | 1.275 | 8.818e-03
  245 | 5.71e-06  1.02e-05  7.24e-07 | 2.40e-08  1.37e-07  7.67e-09 | 4.53e-01 | 1.042e+00 | 3.9450e-01 | 0.0000e+00 | 1.275 | 8.601e-03
  250 | 4.04e-06  4.62e-06  5.38e-07 | 1.48e-08  6.32e-08  8.63e-09 | 4.53e-01 | 1.042e+00 | 3.9451e-01 | 0.0000e+00 | 1.267 | 8.446e-03
  255 | 2.27e-06  1.38e-06  4.51e-07 | 4.89e-09  1.62e-08  3.59e-09 | 4.53e-01 | 1.042e+00 | 3.9451e-01 | 0.0000e+00 | 1.267 | 8.327e-03
  260 | 1.48e-06  4.16e-07  3.41e-07 | 1.97e-09  1.24e-09  3.23e-09 | 4.53e-01 | 1.042e+00 | 3.9450e-01 | 0.0000e+00 | 1.262 | 8.228e-03
  265 | 1.10e-06  4.83e-07  3.26e-07 | 2.35e-09  2.11e-09  2.85e-09 | 4.53e-01 | 1.042e+00 | 3.9451e-01 | 0.0000e+00 | 1.262 | 8.128e-03
  270 | 8.97e-07  4.64e-07  2.70e-07 | 2.91e-09  3.22e-09  2.52e-09 | 4.53e-01 | 1.042e+00 | 3.9450e-01 | 0.0000e+00 | 1.259 | 8.065e-03
  275 | 7.45e-07  3.75e-07  2.21e-07 | 2.40e-09  2.52e-09  2.21e-09 | 4.53e-01 | 1.042e+00 | 3.9450e-01 | 0.0000e+00 | 1.258 | 7.998e-03
  280 | 6.10e-07  2.39e-07  2.15e-07 | 2.22e-09  1.26e-09  2.07e-09 | 4.53e-01 | 1.042e+00 | 3.9451e-01 | 0.0000e+00 | 1.255 | 7.929e-03
  285 | 5.25e-07  1.69e-07  1.84e-07 | 2.09e-09  7.24e-10  1.91e-09 | 4.53e-01 | 1.042e+00 | 3.9450e-01 | 0.0000e+00 | 1.254 | 7.862e-03
  290 | 4.63e-07  1.24e-07  1.57e-07 | 1.95e-09  5.94e-10  1.74e-09 | 4.53e-01 | 1.041e+00 | 3.9451e-01 | 0.0000e+00 | 1.252 | 7.787e-03
  295 | 3.83e-07  1.08e-07  1.40e-07 | 1.98e-09  5.52e-10  1.61e-09 | 4.53e-01 | 1.041e+00 | 3.9451e-01 | 0.0000e+00 | 1.251 | 7.712e-03
  300 | 3.18e-07  9.93e-08  1.15e-07 | 1.98e-09  5.24e-10  1.45e-09 | 4.53e-01 | 1.041e+00 | 3.9451e-01 | 0.0000e+00 | 1.249 | 7.619e-03
  305 | 2.52e-07  8.19e-08  9.43e-08 | 2.02e-09  4.73e-10  1.30e-09 | 4.53e-01 | 1.041e+00 | 3.9451e-01 | 0.0000e+00 | 1.247 | 7.511e-03
  310 | 1.94e-07  6.39e-08  7.43e-08 | 2.05e-09  4.35e-10  1.15e-09 | 4.53e-01 | 1.041e+00 | 3.9451e-01 | 0.0000e+00 | 1.245 | 7.394e-03
  315 | 1.51e-07  5.03e-08  5.81e-08 | 2.06e-09  3.39e-10  1.01e-09 | 4.53e-01 | 1.041e+00 | 3.9451e-01 | 0.0000e+00 | 1.243 | 7.265e-03
  320 | 1.20e-07  4.39e-08  4.83e-08 | 2.15e-09  2.76e-10  9.03e-10 | 4.53e-01 | 1.041e+00 | 3.9451e-01 | 0.0000e+00 | 1.242 | 7.132e-03
  325 | 1.05e-07  4.31e-08  3.77e-08 | 2.19e-09  3.22e-10  8.04e-10 | 4.53e-01 | 1.041e+00 | 3.9450e-01 | 0.0000e+00 | 1.241 | 6.994e-03
  330 | 9.48e-08  4.38e-08  3.15e-08 | 2.21e-09  3.60e-10  7.22e-10 | 4.53e-01 | 1.041e+00 | 3.9450e-01 | 0.0000e+00 | 1.239 | 6.853e-03
  335 | 8.96e-08  4.01e-08  2.82e-08 | 2.26e-09  3.17e-10  6.88e-10 | 4.53e-01 | 1.041e+00 | 3.9450e-01 | 0.0000e+00 | 1.237 | 6.711e-03
  340 | 8.79e-08  3.38e-08  2.50e-08 | 2.20e-09  2.73e-10  6.44e-10 | 4.53e-01 | 1.041e+00 | 3.9450e-01 | 0.0000e+00 | 1.235 | 6.568e-03
  345 | 8.43e-08  2.74e-08  2.37e-08 | 2.16e-09  2.20e-10  6.23e-10 | 4.53e-01 | 1.040e+00 | 3.9450e-01 | 0.0000e+00 | 1.233 | 6.423e-03
  350 | 8.46e-08  2.34e-08  2.25e-08 | 2.15e-09  2.04e-10  5.81e-10 | 4.53e-01 | 1.040e+00 | 3.9450e-01 | 0.0000e+00 | 1.231 | 6.277e-03
  355 | 8.12e-08  2.27e-08  2.13e-08 | 2.11e-09  1.91e-10  5.56e-10 | 4.53e-01 | 1.040e+00 | 3.9450e-01 | 0.0000e+00 | 1.229 | 6.123e-03
  360 | 7.66e-08  2.38e-08  2.06e-08 | 2.12e-09  1.84e-10  5.28e-10 | 4.53e-01 | 1.040e+00 | 3.9450e-01 | 0.0000e+00 | 1.227 | 5.966e-03
  365 | 6.63e-08  2.71e-08  1.96e-08 | 2.11e-09  1.83e-10  4.90e-10 | 4.53e-01 | 1.040e+00 | 3.9450e-01 | 0.0000e+00 | 1.224 | 5.803e-03
  370 | 5.83e-08  2.88e-08  1.85e-08 | 2.08e-09  1.65e-10  4.52e-10 | 4.53e-01 | 1.040e+00 | 3.9450e-01 | 0.0000e+00 | 1.221 | 5.639e-03
  375 | 5.21e-08  2.85e-08  1.77e-08 | 2.10e-09  1.42e-10  4.24e-10 | 4.53e-01 | 1.039e+00 | 3.9450e-01 | 0.0000e+00 | 1.218 | 5.472e-03
  380 | 4.98e-08  2.59e-08  1.64e-08 | 2.10e-09  1.30e-10  3.96e-10 | 4.53e-01 | 1.039e+00 | 3.9450e-01 | 0.0000e+00 | 1.215 | 5.299e-03
  385 | 5.14e-08  2.28e-08  1.58e-08 | 2.11e-09  1.39e-10  3.84e-10 | 4.53e-01 | 1.039e+00 | 3.9450e-01 | 0.0000e+00 | 1.214 | 5.123e-03
  390 | 5.02e-08  2.23e-08  1.53e-08 | 2.11e-09  1.49e-10  3.52e-10 | 4.53e-01 | 1.039e+00 | 3.9451e-01 | 0.0000e+00 | 1.211 | 4.944e-03
  395 | 4.60e-08  2.03e-08  1.51e-08 | 2.08e-09  1.22e-10  3.40e-10 | 4.53e-01 | 1.038e+00 | 3.9451e-01 | 0.0000e+00 | 1.208 | 4.767e-03
  400 | 4.19e-08  1.85e-08  1.51e-08 | 2.04e-09  9.32e-11  3.21e-10 | 4.53e-01 | 1.038e+00 | 3.9451e-01 | 0.0000e+00 | 1.205 | 4.594e-03
  405 | 3.81e-08  1.72e-08  1.52e-08 | 1.99e-09  8.21e-11  3.12e-10 | 4.53e-01 | 1.038e+00 | 3.9451e-01 | 0.0000e+00 | 1.202 | 4.422e-03
  410 | 3.72e-08  1.56e-08  1.59e-08 | 1.98e-09  8.46e-11  2.99e-10 | 4.53e-01 | 1.038e+00 | 3.9451e-01 | 0.0000e+00 | 1.201 | 4.256e-03
  415 | 3.55e-08  1.39e-08  1.66e-08 | 1.96e-09  8.64e-11  2.94e-10 | 4.53e-01 | 1.037e+00 | 3.9451e-01 | 0.0000e+00 | 1.199 | 4.093e-03
  420 | 3.50e-08  1.31e-08  1.68e-08 | 1.97e-09  8.27e-11  2.88e-10 | 4.53e-01 | 1.037e+00 | 3.9451e-01 | 0.0000e+00 | 1.197 | 3.933e-03
  425 | 3.41e-08  1.13e-08  1.71e-08 | 1.96e-09  7.87e-11  2.86e-10 | 4.53e-01 | 1.037e+00 | 3.9451e-01 | 0.0000e+00 | 1.196 | 3.776e-03
  430 | 3.29e-08  1.04e-08  1.62e-08 | 1.92e-09  8.62e-11  2.76e-10 | 4.53e-01 | 1.036e+00 | 3.9451e-01 | 0.0000e+00 | 1.194 | 3.624e-03
  435 | 3.12e-08  1.07e-08  1.56e-08 | 1.96e-09  7.12e-11  2.65e-10 | 4.53e-01 | 1.036e+00 | 3.9451e-01 | 0.0000e+00 | 1.194 | 3.480e-03
  440 | 2.88e-08  1.07e-08  1.49e-08 | 1.96e-09  5.51e-11  2.58e-10 | 4.53e-01 | 1.036e+00 | 3.9451e-01 | 0.0000e+00 | 1.193 | 3.345e-03
  445 | 2.76e-08  1.24e-08  1.35e-08 | 1.96e-09  5.49e-11  2.52e-10 | 4.53e-01 | 1.035e+00 | 3.9451e-01 | 0.0000e+00 | 1.192 | 3.221e-03
  450 | 2.63e-08  1.34e-08  1.22e-08 | 1.97e-09  5.69e-11  2.41e-10 | 4.53e-01 | 1.035e+00 | 3.9451e-01 | 0.0000e+00 | 1.192 | 3.111e-03
  455 | 2.56e-08  1.17e-08  1.10e-08 | 1.93e-09  4.73e-11  2.39e-10 | 4.53e-01 | 1.034e+00 | 3.9451e-01 | 0.0000e+00 | 1.192 | 3.013e-03
  460 | 2.57e-08  9.85e-09  1.02e-08 | 1.86e-09  4.97e-11  2.29e-10 | 4.53e-01 | 1.034e+00 | 3.9451e-01 | 0.0000e+00 | 1.192 | 2.925e-03
  465 | 2.46e-08  8.58e-09  9.54e-09 | 1.83e-09  4.49e-11  2.23e-10 | 4.53e-01 | 1.034e+00 | 3.9451e-01 | 0.0000e+00 | 1.192 | 2.846e-03
  470 | 2.28e-08  8.00e-09  9.03e-09 | 1.78e-09  3.96e-11  2.19e-10 | 4.53e-01 | 1.033e+00 | 3.9451e-01 | 0.0000e+00 | 1.193 | 2.776e-03
  475 | 2.11e-08  8.53e-09  8.65e-09 | 1.75e-09  4.56e-11  2.17e-10 | 4.53e-01 | 1.033e+00 | 3.9451e-01 | 0.0000e+00 | 1.194 | 2.712e-03
  480 | 2.02e-08  8.26e-09  8.52e-09 | 1.71e-09  5.06e-11  2.05e-10 | 4.53e-01 | 1.032e+00 | 3.9451e-01 | 0.0000e+00 | 1.195 | 2.657e-03
  485 | 1.97e-08  6.94e-09  8.60e-09 | 1.69e-09  3.98e-11  1.95e-10 | 4.53e-01 | 1.032e+00 | 3.9451e-01 | 0.0000e+00 | 1.195 | 2.610e-03
  490 | 1.91e-08  5.88e-09  8.64e-09 | 1.65e-09  4.23e-11  1.77e-10 | 4.53e-01 | 1.032e+00 | 3.9451e-01 | 0.0000e+00 | 1.197 | 2.571e-03
  495 | 1.90e-08  5.89e-09  8.89e-09 | 1.64e-09  3.77e-11  1.62e-10 | 4.53e-01 | 1.031e+00 | 3.9451e-01 | 0.0000e+00 | 1.198 | 2.539e-03
  500 | 1.82e-08  6.30e-09  9.04e-09 | 1.62e-09  2.42e-11  1.57e-10 | 4.53e-01 | 1.031e+00 | 3.9451e-01 | 0.0000e+00 | 1.200 | 2.512e-03
  505 | 1.93e-08  5.86e-09  8.95e-09 | 1.64e-09  2.23e-11  1.41e-10 | 4.53e-01 | 1.030e+00 | 3.9451e-01 | 0.0000e+00 | 1.200 | 2.489e-03
  510 | 2.04e-08  6.00e-09  9.30e-09 | 1.63e-09  2.77e-11  1.45e-10 | 4.53e-01 | 1.030e+00 | 3.9451e-01 | 0.0000e+00 | 1.202 | 2.470e-03
  515 | 2.15e-08  5.89e-09  9.17e-09 | 1.64e-09  2.71e-11  1.43e-10 | 4.53e-01 | 1.029e+00 | 3.9451e-01 | 0.0000e+00 | 1.203 | 2.454e-03
  520 | 2.05e-08  6.59e-09  9.17e-09 | 1.57e-09  3.67e-11  1.42e-10 | 4.53e-01 | 1.029e+00 | 3.9450e-01 | 0.0000e+00 | 1.205 | 2.438e-03
  525 | 1.95e-08  7.44e-09  9.39e-09 | 1.52e-09  3.37e-11  1.58e-10 | 4.53e-01 | 1.028e+00 | 3.9451e-01 | 0.0000e+00 | 1.206 | 2.427e-03
  530 | 1.89e-08  6.57e-09  9.11e-09 | 1.49e-09  2.42e-11  1.59e-10 | 4.53e-01 | 1.028e+00 | 3.9451e-01 | 0.0000e+00 | 1.208 | 2.416e-03
  535 | 1.80e-08  5.77e-09  9.11e-09 | 1.41e-09  2.13e-11  1.81e-10 | 4.53e-01 | 1.027e+00 | 3.9451e-01 | 0.0000e+00 | 1.209 | 2.406e-03
  540 | 1.79e-08  5.26e-09  8.86e-09 | 1.35e-09  2.65e-11  1.90e-10 | 4.53e-01 | 1.027e+00 | 3.9451e-01 | 0.0000e+00 | 1.210 | 2.394e-03
  545 | 1.60e-08  5.25e-09  8.44e-09 | 1.28e-09  3.10e-11  2.04e-10 | 4.53e-01 | 1.026e+00 | 3.9451e-01 | 0.0000e+00 | 1.211 | 2.383e-03
  550 | 1.45e-08  5.35e-09  8.41e-09 | 1.18e-09  4.69e-11  2.19e-10 | 4.53e-01 | 1.026e+00 | 3.9451e-01 | 0.0000e+00 | 1.212 | 2.370e-03
  555 | 1.34e-08  5.25e-09  7.69e-09 | 1.16e-09  4.27e-11  2.15e-10 | 4.53e-01 | 1.025e+00 | 3.9451e-01 | 0.0000e+00 | 1.213 | 2.360e-03
  560 | 1.22e-08  4.81e-09  7.09e-09 | 1.11e-09  3.17e-11  2.25e-10 | 4.53e-01 | 1.025e+00 | 3.9451e-01 | 0.0000e+00 | 1.215 | 2.351e-03
  565 | 1.22e-08  4.21e-09  6.41e-09 | 1.10e-09  2.65e-11  2.15e-10 | 4.53e-01 | 1.024e+00 | 3.9451e-01 | 0.0000e+00 | 1.216 | 2.341e-03
  570 | 1.13e-08  4.34e-09  5.79e-09 | 1.10e-09  2.30e-11  2.16e-10 | 4.53e-01 | 1.024e+00 | 3.9451e-01 | 0.0000e+00 | 1.216 | 2.332e-03
  575 | 1.10e-08  3.80e-09  5.45e-09 | 1.10e-09  1.75e-11  2.06e-10 | 4.53e-01 | 1.023e+00 | 3.9451e-01 | 0.0000e+00 | 1.217 | 2.322e-03
  580 | 1.08e-08  3.59e-09  5.05e-09 | 1.07e-09  2.16e-11  1.98e-10 | 4.53e-01 | 1.023e+00 | 3.9451e-01 | 0.0000e+00 | 1.218 | 2.310e-03
  585 | 1.04e-08  3.90e-09  4.81e-09 | 1.05e-09  1.96e-11  1.95e-10 | 4.53e-01 | 1.022e+00 | 3.9451e-01 | 0.0000e+00 | 1.219 | 2.297e-03
  590 | 9.95e-09  3.54e-09  4.64e-09 | 1.03e-09  2.04e-11  1.89e-10 | 4.53e-01 | 1.022e+00 | 3.9451e-01 | 0.0000e+00 | 1.220 | 2.282e-03
  595 | 9.18e-09  3.86e-09  4.83e-09 | 1.00e-09  2.40e-11  1.95e-10 | 4.53e-01 | 1.021e+00 | 3.9451e-01 | 0.0000e+00 | 1.220 | 2.267e-03
  600 | 8.92e-09  4.00e-09  5.08e-09 | 9.65e-10  2.78e-11  1.97e-10 | 4.53e-01 | 1.021e+00 | 3.9451e-01 | 0.0000e+00 | 1.221 | 2.250e-03
  605 | 9.21e-09  3.42e-09  5.21e-09 | 9.37e-10  2.28e-11  2.01e-10 | 4.53e-01 | 1.020e+00 | 3.9451e-01 | 0.0000e+00 | 1.222 | 2.232e-03
  610 | 9.93e-09  3.10e-09  5.30e-09 | 8.83e-10  2.78e-11  1.97e-10 | 4.53e-01 | 1.020e+00 | 3.9451e-01 | 0.0000e+00 | 1.223 | 2.211e-03
  615 | 1.08e-08  3.47e-09  5.52e-09 | 8.62e-10  3.28e-11  1.97e-10 | 4.53e-01 | 1.019e+00 | 3.9451e-01 | 0.0000e+00 | 1.224 | 2.188e-03
  620 | 1.07e-08  3.58e-09  5.51e-09 | 8.26e-10  2.77e-11  2.07e-10 | 4.53e-01 | 1.019e+00 | 3.9451e-01 | 0.0000e+00 | 1.224 | 2.166e-03
  625 | 1.03e-08  3.37e-09  5.61e-09 | 8.00e-10  2.18e-11  2.05e-10 | 4.53e-01 | 1.018e+00 | 3.9451e-01 | 0.0000e+00 | 1.225 | 2.141e-03
  630 | 1.02e-08  3.19e-09  5.58e-09 | 7.54e-10  1.97e-11  2.13e-10 | 4.53e-01 | 1.018e+00 | 3.9451e-01 | 0.0000e+00 | 1.226 | 2.117e-03
  635 | 9.65e-09  2.84e-09  5.24e-09 | 7.17e-10  1.49e-11  2.09e-10 | 4.53e-01 | 1.018e+00 | 3.9451e-01 | 0.0000e+00 | 1.226 | 2.093e-03
  640 | 9.24e-09  2.72e-09  4.91e-09 | 6.56e-10  1.74e-11  2.05e-10 | 4.53e-01 | 1.017e+00 | 3.9451e-01 | 0.0000e+00 | 1.227 | 2.068e-03
  645 | 8.39e-09  2.69e-09  4.54e-09 | 6.20e-10  1.75e-11  2.05e-10 | 4.53e-01 | 1.017e+00 | 3.9451e-01 | 0.0000e+00 | 1.227 | 2.046e-03
  650 | 7.94e-09  2.25e-09  4.20e-09 | 5.95e-10  1.20e-11  2.01e-10 | 4.53e-01 | 1.016e+00 | 3.9451e-01 | 0.0000e+00 | 1.228 | 2.025e-03
  655 | 7.36e-09  2.12e-09  3.93e-09 | 5.71e-10  1.03e-11  2.02e-10 | 4.53e-01 | 1.016e+00 | 3.9451e-01 | 0.0000e+00 | 1.228 | 2.005e-03
  660 | 6.89e-09  2.05e-09  3.52e-09 | 5.58e-10  1.02e-11  1.95e-10 | 4.53e-01 | 1.015e+00 | 3.9451e-01 | 0.0000e+00 | 1.229 | 1.985e-03
  665 | 6.42e-09  1.75e-09  3.20e-09 | 5.40e-10  7.31e-12  1.95e-10 | 4.53e-01 | 1.015e+00 | 3.9451e-01 | 0.0000e+00 | 1.229 | 1.963e-03
  670 | 5.82e-09  1.72e-09  3.02e-09 | 4.90e-10  1.21e-11  2.00e-10 | 4.53e-01 | 1.014e+00 | 3.9451e-01 | 0.0000e+00 | 1.230 | 1.940e-03
  675 | 5.68e-09  1.67e-09  2.91e-09 | 4.64e-10  1.27e-11  2.05e-10 | 4.53e-01 | 1.014e+00 | 3.9451e-01 | 0.0000e+00 | 1.231 | 1.917e-03
  680 | 5.48e-09  1.43e-09  2.87e-09 | 4.35e-10  1.13e-11  2.12e-10 | 4.53e-01 | 1.014e+00 | 3.9451e-01 | 0.0000e+00 | 1.231 | 1.893e-03
  685 | 5.34e-09  1.31e-09  2.84e-09 | 4.10e-10  1.13e-11  2.18e-10 | 4.53e-01 | 1.013e+00 | 3.9451e-01 | 0.0000e+00 | 1.232 | 1.871e-03
  690 | 5.48e-09  1.39e-09  2.70e-09 | 4.03e-10  1.11e-11  2.17e-10 | 4.53e-01 | 1.013e+00 | 3.9451e-01 | 0.0000e+00 | 1.232 | 1.849e-03
  695 | 5.06e-09  1.36e-09  2.63e-09 | 3.87e-10  9.66e-12  2.21e-10 | 4.53e-01 | 1.012e+00 | 3.9451e-01 | 0.0000e+00 | 1.232 | 1.827e-03
  700 | 5.02e-09  1.47e-09  2.58e-09 | 3.67e-10  1.26e-11  2.15e-10 | 4.53e-01 | 1.012e+00 | 3.9451e-01 | 0.0000e+00 | 1.233 | 1.804e-03
  705 | 4.91e-09  1.53e-09  2.45e-09 | 3.62e-10  1.15e-11  2.12e-10 | 4.53e-01 | 1.012e+00 | 3.9451e-01 | 0.0000e+00 | 1.233 | 1.782e-03
  710 | 4.92e-09  1.19e-09  2.29e-09 | 3.45e-10  7.72e-12  2.11e-10 | 4.53e-01 | 1.011e+00 | 3.9451e-01 | 0.0000e+00 | 1.234 | 1.760e-03
  715 | 4.93e-09  9.95e-10  2.17e-09 | 3.33e-10  7.04e-12  2.07e-10 | 4.53e-01 | 1.011e+00 | 3.9451e-01 | 0.0000e+00 | 1.234 | 1.739e-03
  720 | 4.93e-09  9.98e-10  1.98e-09 | 3.15e-10  7.66e-12  2.08e-10 | 4.53e-01 | 1.010e+00 | 3.9451e-01 | 0.0000e+00 | 1.234 | 1.720e-03
  725 | 4.70e-09  9.02e-10  1.86e-09 | 2.97e-10  5.97e-12  2.05e-10 | 4.53e-01 | 1.010e+00 | 3.9451e-01 | 0.0000e+00 | 1.235 | 1.702e-03
  730 | 4.44e-09  8.63e-10  1.73e-09 | 2.72e-10  6.19e-12  2.00e-10 | 4.53e-01 | 1.010e+00 | 3.9451e-01 | 0.0000e+00 | 1.235 | 1.684e-03
  735 | 4.24e-09  9.18e-10  1.62e-09 | 2.51e-10  5.73e-12  2.02e-10 | 4.53e-01 | 1.009e+00 | 3.9451e-01 | 0.0000e+00 | 1.235 | 1.669e-03
  740 | 4.39e-09  7.97e-10  1.51e-09 | 2.40e-10  4.42e-12  1.94e-10 | 4.53e-01 | 1.009e+00 | 3.9451e-01 | 0.0000e+00 | 1.235 | 1.652e-03
  745 | 4.28e-09  8.04e-10  1.54e-09 | 2.23e-10  3.22e-12  2.02e-10 | 4.53e-01 | 1.009e+00 | 3.9451e-01 | 0.0000e+00 | 1.235 | 1.637e-03
  750 | 4.36e-09  8.79e-10  1.53e-09 | 2.12e-10  4.06e-12  2.02e-10 | 4.53e-01 | 1.008e+00 | 3.9451e-01 | 0.0000e+00 | 1.235 | 1.622e-03
  755 | 4.16e-09  8.19e-10  1.51e-09 | 1.98e-10  4.81e-12  2.06e-10 | 4.53e-01 | 1.008e+00 | 3.9451e-01 | 0.0000e+00 | 1.236 | 1.607e-03
  760 | 3.98e-09  8.60e-10  1.49e-09 | 1.81e-10  5.96e-12  2.07e-10 | 4.53e-01 | 1.008e+00 | 3.9451e-01 | 0.0000e+00 | 1.236 | 1.592e-03
  765 | 3.81e-09  9.26e-10  1.46e-09 | 1.77e-10  7.47e-12  2.03e-10 | 4.53e-01 | 1.007e+00 | 3.9451e-01 | 0.0000e+00 | 1.236 | 1.576e-03
  770 | 3.68e-09  8.28e-10  1.44e-09 | 1.70e-10  7.28e-12  2.03e-10 | 4.53e-01 | 1.007e+00 | 3.9451e-01 | 0.0000e+00 | 1.236 | 1.561e-03
  775 | 3.43e-09  8.07e-10  1.39e-09 | 1.66e-10  6.17e-12  2.00e-10 | 4.53e-01 | 1.007e+00 | 3.9451e-01 | 0.0000e+00 | 1.236 | 1.545e-03
  780 | 3.30e-09  7.19e-10  1.34e-09 | 1.62e-10  6.43e-12  1.96e-10 | 4.53e-01 | 1.006e+00 | 3.9451e-01 | 0.0000e+00 | 1.236 | 1.530e-03
  785 | 3.14e-09  7.54e-10  1.23e-09 | 1.57e-10  5.82e-12  1.92e-10 | 4.53e-01 | 1.006e+00 | 3.9451e-01 | 0.0000e+00 | 1.236 | 1.516e-03
  790 | 3.22e-09  7.12e-10  1.13e-09 | 1.53e-10  6.42e-12  1.84e-10 | 4.53e-01 | 1.006e+00 | 3.9451e-01 | 0.0000e+00 | 1.236 | 1.502e-03
  795 | 3.27e-09  7.52e-10  1.07e-09 | 1.49e-10  6.24e-12  1.82e-10 | 4.53e-01 | 1.005e+00 | 3.9451e-01 | 0.0000e+00 | 1.236 | 1.489e-03
  800 | 3.23e-09  7.92e-10  1.05e-09 | 1.47e-10  5.66e-12  1.80e-10 | 4.53e-01 | 1.005e+00 | 3.9451e-01 | 0.0000e+00 | 1.236 | 1.477e-03
  805 | 3.33e-09  8.17e-10  1.05e-09 | 1.44e-10  5.92e-12  1.80e-10 | 4.53e-01 | 1.005e+00 | 3.9451e-01 | 0.0000e+00 | 1.236 | 1.465e-03
  810 | 3.46e-09  8.71e-10  1.07e-09 | 1.39e-10  5.31e-12  1.79e-10 | 4.53e-01 | 1.004e+00 | 3.9451e-01 | 0.0000e+00 | 1.236 | 1.452e-03
  815 | 3.48e-09  8.67e-10  1.11e-09 | 1.40e-10  4.88e-12  1.72e-10 | 4.53e-01 | 1.004e+00 | 3.9451e-01 | 0.0000e+00 | 1.236 | 1.438e-03
  820 | 3.58e-09  8.40e-10  1.13e-09 | 1.34e-10  6.08e-12  1.70e-10 | 4.53e-01 | 1.004e+00 | 3.9451e-01 | 0.0000e+00 | 1.236 | 1.424e-03
  825 | 3.49e-09  7.35e-10  1.22e-09 | 1.30e-10  5.97e-12  1.71e-10 | 4.53e-01 | 1.003e+00 | 3.9451e-01 | 0.0000e+00 | 1.235 | 1.410e-03
  830 | 3.40e-09  6.67e-10  1.23e-09 | 1.29e-10  5.08e-12  1.70e-10 | 4.53e-01 | 1.003e+00 | 3.9451e-01 | 0.0000e+00 | 1.235 | 1.396e-03
  835 | 3.44e-09  6.49e-10  1.22e-09 | 1.25e-10  5.32e-12  1.72e-10 | 4.53e-01 | 1.003e+00 | 3.9451e-01 | 0.0000e+00 | 1.235 | 1.382e-03
  840 | 3.16e-09  6.91e-10  1.21e-09 | 1.24e-10  6.15e-12  1.69e-10 | 4.53e-01 | 1.002e+00 | 3.9451e-01 | 0.0000e+00 | 1.235 | 1.369e-03
  845 | 2.89e-09  5.91e-10  1.16e-09 | 1.26e-10  5.25e-12  1.63e-10 | 4.53e-01 | 1.002e+00 | 3.9451e-01 | 0.0000e+00 | 1.235 | 1.355e-03
  850 | 2.73e-09  5.29e-10  1.11e-09 | 1.22e-10  6.08e-12  1.58e-10 | 4.53e-01 | 1.002e+00 | 3.9451e-01 | 0.0000e+00 | 1.235 | 1.343e-03
  855 | 2.66e-09  5.22e-10  1.03e-09 | 1.22e-10  6.58e-12  1.53e-10 | 4.53e-01 | 1.001e+00 | 3.9451e-01 | 0.0000e+00 | 1.234 | 1.330e-03
  860 | 2.59e-09  5.12e-10  9.91e-10 | 1.20e-10  5.39e-12  1.48e-10 | 4.53e-01 | 1.001e+00 | 3.9451e-01 | 0.0000e+00 | 1.234 | 1.317e-03
  865 | 2.48e-09  4.64e-10  9.36e-10 | 1.19e-10  4.63e-12  1.43e-10 | 4.53e-01 | 1.001e+00 | 3.9451e-01 | 0.0000e+00 | 1.234 | 1.305e-03
  870 | 2.57e-09  5.42e-10  8.96e-10 | 1.16e-10  4.74e-12  1.41e-10 | 4.53e-01 | 1.000e+00 | 3.9451e-01 | 0.0000e+00 | 1.234 | 1.294e-03
  875 | 2.88e-09  4.87e-10  8.91e-10 | 1.13e-10  3.87e-12  1.39e-10 | 4.53e-01 | 9.999e-01 | 3.9451e-01 | 0.0000e+00 | 1.233 | 1.284e-03
  880 | 2.94e-09  4.92e-10  8.44e-10 | 1.08e-10  4.21e-12  1.35e-10 | 4.53e-01 | 9.996e-01 | 3.9451e-01 | 0.0000e+00 | 1.233 | 1.273e-03
  885 | 2.91e-09  5.53e-10  8.65e-10 | 1.04e-10  3.74e-12  1.31e-10 | 4.53e-01 | 9.993e-01 | 3.9451e-01 | 0.0000e+00 | 1.232 | 1.263e-03
  890 | 2.92e-09  5.08e-10  8.67e-10 | 1.01e-10  3.01e-12  1.27e-10 | 4.53e-01 | 9.990e-01 | 3.9451e-01 | 0.0000e+00 | 1.232 | 1.253e-03
  895 | 3.04e-09  5.34e-10  8.51e-10 | 9.85e-11  2.85e-12  1.23e-10 | 4.53e-01 | 9.986e-01 | 3.9451e-01 | 0.0000e+00 | 1.232 | 1.245e-03
  900 | 2.96e-09  5.10e-10  8.63e-10 | 9.32e-11  2.59e-12  1.24e-10 | 4.53e-01 | 9.983e-01 | 3.9451e-01 | 0.0000e+00 | 1.231 | 1.237e-03
  905 | 2.80e-09  4.81e-10  8.43e-10 | 9.03e-11  2.38e-12  1.21e-10 | 4.53e-01 | 9.980e-01 | 3.9451e-01 | 0.0000e+00 | 1.231 | 1.230e-03
  910 | 2.59e-09  5.15e-10  8.38e-10 | 8.27e-11  2.59e-12  1.20e-10 | 4.53e-01 | 9.977e-01 | 3.9451e-01 | 0.0000e+00 | 1.231 | 1.224e-03
  915 | 2.41e-09  5.06e-10  8.36e-10 | 8.04e-11  2.28e-12  1.17e-10 | 4.53e-01 | 9.974e-01 | 3.9451e-01 | 0.0000e+00 | 1.230 | 1.218e-03
  920 | 2.42e-09  5.00e-10  8.04e-10 | 7.88e-11  2.16e-12  1.14e-10 | 4.53e-01 | 9.971e-01 | 3.9451e-01 | 0.0000e+00 | 1.230 | 1.214e-03
  925 | 2.15e-09  4.80e-10  7.71e-10 | 7.70e-11  1.92e-12  1.12e-10 | 4.53e-01 | 9.968e-01 | 3.9451e-01 | 0.0000e+00 | 1.230 | 1.209e-03
  930 | 2.11e-09  3.92e-10  7.56e-10 | 7.68e-11  1.88e-12  1.08e-10 | 4.53e-01 | 9.965e-01 | 3.9450e-01 | 0.0000e+00 | 1.229 | 1.206e-03
  935 | 2.11e-09  4.27e-10  7.26e-10 | 7.53e-11  1.99e-12  1.04e-10 | 4.53e-01 | 9.962e-01 | 3.9450e-01 | 0.0000e+00 | 1.229 | 1.202e-03
  940 | 2.01e-09  4.41e-10  7.23e-10 | 7.26e-11  2.42e-12  1.00e-10 | 4.53e-01 | 9.959e-01 | 3.9450e-01 | 0.0000e+00 | 1.229 | 1.200e-03
  945 | 1.96e-09  4.78e-10  7.04e-10 | 7.17e-11  2.44e-12  9.71e-11 | 4.53e-01 | 9.956e-01 | 3.9450e-01 | 0.0000e+00 | 1.229 | 1.198e-03
  950 | 1.80e-09  4.61e-10  7.04e-10 | 6.86e-11  2.08e-12  9.66e-11 | 4.53e-01 | 9.953e-01 | 3.9450e-01 | 0.0000e+00 | 1.228 | 1.196e-03
  955 | 1.89e-09  4.81e-10  7.25e-10 | 6.66e-11  1.97e-12  9.45e-11 | 4.53e-01 | 9.950e-01 | 3.9450e-01 | 0.0000e+00 | 1.228 | 1.194e-03
  960 | 1.94e-09  5.05e-10  7.17e-10 | 6.48e-11  1.91e-12  9.17e-11 | 4.53e-01 | 9.947e-01 | 3.9450e-01 | 0.0000e+00 | 1.228 | 1.193e-03
  965 | 1.87e-09  4.10e-10  7.38e-10 | 6.43e-11  1.30e-12  8.75e-11 | 4.53e-01 | 9.944e-01 | 3.9450e-01 | 0.0000e+00 | 1.228 | 1.192e-03
  970 | 1.97e-09  3.75e-10  7.28e-10 | 6.22e-11  2.03e-12  8.34e-11 | 4.53e-01 | 9.941e-01 | 3.9450e-01 | 0.0000e+00 | 1.228 | 1.191e-03
  975 | 2.09e-09  3.66e-10  7.33e-10 | 6.10e-11  2.20e-12  8.08e-11 | 4.53e-01 | 9.938e-01 | 3.9450e-01 | 0.0000e+00 | 1.227 | 1.190e-03
  980 | 1.94e-09  3.36e-10  7.21e-10 | 5.92e-11  1.50e-12  7.87e-11 | 4.53e-01 | 9.935e-01 | 3.9450e-01 | 0.0000e+00 | 1.227 | 1.191e-03
  985 | 1.67e-09  4.02e-10  7.00e-10 | 5.60e-11  1.43e-12  7.78e-11 | 4.53e-01 | 9.933e-01 | 3.9450e-01 | 0.0000e+00 | 1.227 | 1.192e-03
  990 | 1.64e-09  4.12e-10  6.88e-10 | 5.37e-11  1.70e-12  7.61e-11 | 4.53e-01 | 9.930e-01 | 3.9450e-01 | 0.0000e+00 | 1.227 | 1.193e-03
  995 | 1.68e-09  3.46e-10  6.37e-10 | 5.17e-11  1.23e-12  7.30e-11 | 4.53e-01 | 9.927e-01 | 3.9450e-01 | 0.0000e+00 | 1.227 | 1.196e-03
 1000 | 1.67e-09  2.94e-10  6.19e-10 | 4.81e-11  1.32e-12  7.10e-11 | 4.53e-01 | 9.924e-01 | 3.9450e-01 | 0.0000e+00 | 1.227 | 1.199e-03
 1005 | 1.61e-09  2.43e-10  5.74e-10 | 4.64e-11  9.56e-13  6.78e-11 | 4.53e-01 | 9.922e-01 | 3.9450e-01 | 0.0000e+00 | 1.226 | 1.203e-03
 1010 | 1.49e-09  2.67e-10  5.45e-10 | 4.44e-11  7.99e-13  6.56e-11 | 4.53e-01 | 9.919e-01 | 3.9450e-01 | 0.0000e+00 | 1.226 | 1.208e-03
 1015 | 1.58e-09  2.50e-10  5.17e-10 | 4.23e-11  7.36e-13  6.43e-11 | 4.53e-01 | 9.917e-01 | 3.9450e-01 | 0.0000e+00 | 1.226 | 1.214e-03
 1020 | 1.62e-09  2.60e-10  4.77e-10 | 4.07e-11  6.05e-13  6.20e-11 | 4.53e-01 | 9.914e-01 | 3.9450e-01 | 0.0000e+00 | 1.226 | 1.221e-03
 1025 | 1.46e-09  2.81e-10  4.81e-10 | 3.85e-11  6.66e-13  6.14e-11 | 4.53e-01 | 9.912e-01 | 3.9450e-01 | 0.0000e+00 | 1.226 | 1.227e-03
 1030 | 1.43e-09  2.95e-10  4.64e-10 | 3.57e-11  8.67e-13  5.99e-11 | 4.53e-01 | 9.909e-01 | 3.9450e-01 | 0.0000e+00 | 1.226 | 1.234e-03
 1035 | 1.47e-09  3.24e-10  4.55e-10 | 3.35e-11  8.60e-13  5.83e-11 | 4.53e-01 | 9.907e-01 | 3.9450e-01 | 0.0000e+00 | 1.226 | 1.241e-03
 1040 | 1.57e-09  3.02e-10  4.60e-10 | 3.16e-11  8.45e-13  5.67e-11 | 4.53e-01 | 9.905e-01 | 3.9450e-01 | 0.0000e+00 | 1.226 | 1.248e-03
 1045 | 1.51e-09  2.76e-10  4.35e-10 | 3.12e-11  5.74e-13  5.31e-11 | 4.53e-01 | 9.902e-01 | 3.9450e-01 | 0.0000e+00 | 1.226 | 1.256e-03
 1050 | 1.37e-09  2.56e-10  4.44e-10 | 2.93e-11  6.24e-13  5.23e-11 | 4.53e-01 | 9.900e-01 | 3.9450e-01 | 0.0000e+00 | 1.226 | 1.263e-03
 1055 | 1.41e-09  2.58e-10  4.42e-10 | 2.85e-11  5.33e-13  4.97e-11 | 4.53e-01 | 9.898e-01 | 3.9450e-01 | 0.0000e+00 | 1.226 | 1.271e-03
 1060 | 1.42e-09  2.63e-10  4.30e-10 | 2.63e-11  6.76e-13  4.81e-11 | 4.53e-01 | 9.896e-01 | 3.9450e-01 | 0.0000e+00 | 1.226 | 1.280e-03
 1065 | 1.23e-09  2.70e-10  4.40e-10 | 2.46e-11  7.57e-13  4.75e-11 | 4.53e-01 | 9.893e-01 | 3.9450e-01 | 0.0000e+00 | 1.226 | 1.288e-03
 1070 | 1.06e-09  2.21e-10  4.27e-10 | 2.42e-11  5.24e-13  4.47e-11 | 4.53e-01 | 9.891e-01 | 3.9450e-01 | 0.0000e+00 | 1.226 | 1.298e-03
 1075 | 1.16e-09  2.09e-10  4.01e-10 | 2.29e-11  6.31e-13  4.40e-11 | 4.53e-01 | 9.889e-01 | 3.9450e-01 | 0.0000e+00 | 1.226 | 1.307e-03
 1080 | 1.23e-09  1.87e-10  4.08e-10 | 2.20e-11  5.74e-13  4.18e-11 | 4.53e-01 | 9.887e-01 | 3.9450e-01 | 0.0000e+00 | 1.226 | 1.317e-03
MHD Energy = 3.945012e-01

 NS = 50   NO. FOURIER MODES = 72   FTOLV = 1.000e-09   NITER = 3000

 ITER |    FSQR     FSQZ     FSQL    |    fsqr     fsqz      fsql   |   DELT   |  RAX(v=0) |    W_MHD   |   <BETA>   |  <M>  |  DELBSQ
------+------------------------------+------------------------------+----------+-----------+------------+------------+-------+----------
    1 | 1.58e+01  1.10e+01  2.95e-05 | 2.11e-03  3.14e-03  1.80e-06 | 9.00e-01 | 9.886e-01 | 3.9450e-01 | 0.0000e+00 | 1.225 | -nan
    2 | 1.48e-02  1.62e-02  7.42e-04 | 1.33e-04  1.93e-04  1.10e-04 | 9.00e-01 | 9.874e-01 | 3.5197e-01 | 0.0000e+00 | 1.225 | 2.867e-01
    3 | 3.64e-02  4.06e-02  9.12e-04 | 3.01e-04  5.61e-04  5.60e-05 | 9.00e-01 | 9.850e-01 | 3.2883e-01 | 0.0000e+00 | 1.225 | 4.514e-01
    4 | 8.21e-02  1.12e-01  6.93e-04 | 6.12e-04  1.15e-03  4.09e-05 | 9.00e-01 | 9.828e-01 | 3.2240e-01 | 0.0000e+00 | 1.225 | 4.214e-01
    5 | 2.88e-01  5.79e-01  3.38e-03 | 1.20e-03  4.01e-03  2.66e-04 | 9.00e-01 | 9.816e-01 | 3.3089e-01 | 0.0000e+00 | 1.225 | 4.072e-01
    6 | 1.46e+00  3.52e+00  4.93e-03 | 3.96e-03  2.03e-02  5.14e-04 | 9.00e-01 | 9.847e-01 | 3.5048e-01 | 0.0000e+00 | 1.227 | 2.254e-01
    7 | 3.03e-02  8.11e-03  2.95e-05 | 1.02e-08  1.49e-08  1.80e-06 | 8.10e-01 | 9.886e-01 | 3.9450e-01 | 0.0000e+00 | 1.225 | 1.369e-02
    8 | 7.51e-03  7.47e-04  5.20e-06 | 4.12e-09  1.31e-08  4.84e-07 | 8.10e-01 | 9.886e-01 | 3.9450e-01 | 0.0000e+00 | 1.225 | 5.911e-03
    9 | 1.60e-02  4.72e-03  1.68e-05 | 8.30e-09  3.14e-08  3.45e-07 | 8.10e-01 | 9.886e-01 | 3.9451e-01 | 0.0000e+00 | 1.225 | 8.876e-03
   10 | 1.48e-02  4.08e-03  2.07e-05 | 6.64e-09  2.36e-08  3.72e-07 | 8.10e-01 | 9.886e-01 | 3.9451e-01 | 0.0000e+00 | 1.225 | 8.948e-03
   11 | 1.22e-02  2.19e-03  1.16e-05 | 3.31e-09  9.89e-09  3.61e-07 | 8.10e-01 | 9.886e-01 | 3.9450e-01 | 0.0000e+00 | 1.225 | 6.765e-03
   12 | 9.35e-03  2.94e-03  1.63e-05 | 4.33e-09  8.95e-09  4.67e-07 | 8.10e-01 | 9.886e-01 | 3.9450e-01 | 0.0000e+00 | 1.225 | 7.531e-03
   15 | 6.06e-03  1.88e-03  1.34e-05 | 3.41e-09  1.39e-08  5.58e-08 | 8.10e-01 | 9.887e-01 | 3.9450e-01 | 0.0000e+00 | 1.225 | 5.269e-03
   20 | 3.37e-03  1.67e-03  5.25e-06 | 1.94e-09  4.09e-09  4.29e-08 | 8.10e-01 | 9.887e-01 | 3.9450e-01 | 0.0000e+00 | 1.226 | 4.191e-03
   25 | 1.61e-03  6.89e-04  2.55e-06 | 6.35e-10  1.03e-09  4.24e-08 | 8.10e-01 | 9.887e-01 | 3.9449e-01 | 0.0000e+00 | 1.226 | 2.987e-03
   30 | 8.84e-04  3.18e-04  1.37e-06 | 3.57e-10  6.05e-10  2.78e-08 | 8.10e-01 | 9.887e-01 | 3.9449e-01 | 0.0000e+00 | 1.226 | 2.149e-03
   35 | 4.86e-04  1.95e-04  8.69e-07 | 2.14e-10  6.79e-10  1.56e-08 | 8.10e-01 | 9.887e-01 | 3.9449e-01 | 0.0000e+00 | 1.226 | 1.680e-03
   40 | 2.11e-04  8.69e-05  3.48e-07 | 1.79e-10  3.96e-10  7.07e-09 | 8.10e-01 | 9.887e-01 | 3.9449e-01 | 0.0000e+00 | 1.225 | 1.284e-03
   45 | 1.14e-04  4.64e-05  1.78e-07 | 1.08e-10  1.88e-10  2.99e-09 | 8.10e-01 | 9.886e-01 | 3.9449e-01 | 0.0000e+00 | 1.225 | 1.048e-03
   50 | 5.04e-05  2.08e-05  8.53e-08 | 6.70e-11  7.02e-11  1.22e-09 | 8.10e-01 | 9.886e-01 | 3.9449e-01 | 0.0000e+00 | 1.225 | 9.220e-04
   55 | 2.79e-05  1.01e-05  4.98e-08 | 5.50e-11  3.02e-11  5.33e-10 | 8.10e-01 | 9.886e-01 | 3.9449e-01 | 0.0000e+00 | 1.225 | 8.028e-04
   60 | 1.27e-05  5.34e-06  2.21e-08 | 4.83e-11  1.59e-11  2.47e-10 | 8.10e-01 | 9.886e-01 | 3.9449e-01 | 0.0000e+00 | 1.225 | 8.117e-04
   65 | 9.26e-06  3.28e-06  1.60e-08 | 4.44e-11  1.68e-11  1.60e-10 | 8.10e-01 | 9.886e-01 | 3.9449e-01 | 0.0000e+00 | 1.225 | 7.250e-04
   70 | 5.12e-06  2.01e-06  9.82e-09 | 4.25e-11  2.10e-11  1.17e-10 | 8.10e-01 | 9.885e-01 | 3.9449e-01 | 0.0000e+00 | 1.225 | 7.375e-04
   75 | 4.58e-06  1.74e-06  8.12e-09 | 4.09e-11  1.97e-11  1.13e-10 | 8.10e-01 | 9.885e-01 | 3.9449e-01 | 0.0000e+00 | 1.225 | 7.165e-04
   80 | 3.73e-06  1.37e-06  6.54e-09 | 4.20e-11  1.46e-11  8.95e-11 | 8.10e-01 | 9.885e-01 | 3.9449e-01 | 0.0000e+00 | 1.225 | 7.172e-04
   85 | 2.96e-06  1.17e-06  5.44e-09 | 4.19e-11  9.20e-12  8.09e-11 | 8.10e-01 | 9.884e-01 | 3.9449e-01 | 0.0000e+00 | 1.225 | 6.973e-04
   90 | 2.73e-06  8.68e-07  4.14e-09 | 4.03e-11  1.03e-11  7.34e-11 | 8.10e-01 | 9.884e-01 | 3.9449e-01 | 0.0000e+00 | 1.225 | 6.852e-04
   95 | 1.72e-06  6.69e-07  3.43e-09 | 3.84e-11  1.04e-11  7.48e-11 | 8.10e-01 | 9.883e-01 | 3.9449e-01 | 0.0000e+00 | 1.225 | 6.767e-04
  100 | 1.78e-06  6.84e-07  3.13e-09 | 3.99e-11  1.05e-11  6.95e-11 | 8.10e-01 | 9.883e-01 | 3.9449e-01 | 0.0000e+00 | 1.225 | 6.695e-04
  105 | 1.52e-06  6.02e-07  2.43e-09 | 4.10e-11  8.89e-12  6.24e-11 | 8.10e-01 | 9.882e-01 | 3.9449e-01 | 0.0000e+00 | 1.224 | 6.577e-04
  110 | 1.43e-06  5.88e-07  2.34e-09 | 4.12e-11  8.28e-12  6.15e-11 | 8.10e-01 | 9.881e-01 | 3.9449e-01 | 0.0000e+00 | 1.224 | 6.544e-04
  115 | 1.27e-06  4.87e-07  2.19e-09 | 4.05e-11  8.90e-12  5.99e-11 | 8.10e-01 | 9.881e-01 | 3.9449e-01 | 0.0000e+00 | 1.224 | 6.431e-04
  120 | 1.32e-06  4.67e-07  2.17e-09 | 3.48e-11  9.00e-12  6.60e-11 | 8.10e-01 | 9.880e-01 | 3.9449e-01 | 0.0000e+00 | 1.224 | 6.382e-04
  125 | 1.01e-06  4.53e-07  2.05e-09 | 3.44e-11  8.26e-12  6.73e-11 | 8.10e-01 | 9.879e-01 | 3.9449e-01 | 0.0000e+00 | 1.224 | 6.439e-04
  130 | 9.72e-07  3.61e-07  1.69e-09 | 3.58e-11  8.56e-12  5.96e-11 | 8.10e-01 | 9.878e-01 | 3.9449e-01 | 0.0000e+00 | 1.223 | 6.350e-04
  135 | 7.38e-07  3.49e-07  1.53e-09 | 3.73e-11  8.49e-12  5.41e-11 | 8.10e-01 | 9.877e-01 | 3.9449e-01 | 0.0000e+00 | 1.223 | 6.316e-04
  140 | 8.16e-07  2.90e-07  1.47e-09 | 3.74e-11  7.56e-12  5.06e-11 | 8.10e-01 | 9.876e-01 | 3.9449e-01 | 0.0000e+00 | 1.223 | 6.339e-04
  145 | 7.20e-07  2.97e-07  1.45e-09 | 3.53e-11  5.98e-12  5.22e-11 | 8.10e-01 | 9.874e-01 | 3.9449e-01 | 0.0000e+00 | 1.223 | 6.361e-04
  150 | 7.73e-07  2.92e-07  1.28e-09 | 3.43e-11  5.78e-12  5.01e-11 | 8.10e-01 | 9.873e-01 | 3.9449e-01 | 0.0000e+00 | 1.223 | 6.333e-04
  155 | 6.72e-07  2.90e-07  1.30e-09 | 3.25e-11  6.12e-12  5.06e-11 | 8.10e-01 | 9.872e-01 | 3.9449e-01 | 0.0000e+00 | 1.222 | 6.365e-04
  160 | 6.24e-07  2.74e-07  1.22e-09 | 3.15e-11  7.11e-12  4.97e-11 | 8.10e-01 | 9.871e-01 | 3.9449e-01 | 0.0000e+00 | 1.222 | 6.369e-04
  165 | 7.01e-07  2.62e-07  1.20e-09 | 3.09e-11  6.14e-12  4.99e-11 | 8.10e-01 | 9.869e-01 | 3.9449e-01 | 0.0000e+00 | 1.222 | 6.426e-04
  170 | 5.35e-07  2.54e-07  1.08e-09 | 3.08e-11  4.47e-12  4.66e-11 | 8.10e-01 | 9.868e-01 | 3.9449e-01 | 0.0000e+00 | 1.222 | 6.463e-04
  175 | 4.91e-07  2.30e-07  1.09e-09 | 3.06e-11  4.69e-12  4.39e-11 | 8.10e-01 | 9.866e-01 | 3.9449e-01 | 0.0000e+00 | 1.222 | 6.482e-04
  180 | 5.24e-07  2.37e-07  1.04e-09 | 2.99e-11  5.12e-12  4.33e-11 | 8.10e-01 | 9.865e-01 | 3.9449e-01 | 0.0000e+00 | 1.222 | 6.497e-04
  185 | 4.62e-07  2.01e-07  9.33e-10 | 2.86e-11  4.89e-12  4.33e-11 | 8.10e-01 | 9.863e-01 | 3.9449e-01 | 0.0000e+00 | 1.222 | 6.530e-04
  190 | 5.00e-07  2.02e-07  8.88e-10 | 2.67e-11  3.81e-12  4.45e-11 | 8.10e-01 | 9.861e-01 | 3.9449e-01 | 0.0000e+00 | 1.222 | 6.549e-04
  195 | 4.70e-07  1.86e-07  8.28e-10 | 2.64e-11  3.70e-12  4.05e-11 | 8.10e-01 | 9.860e-01 | 3.9449e-01 | 0.0000e+00 | 1.222 | 6.541e-04
  200 | 4.45e-07  2.03e-07  8.61e-10 | 2.51e-11  3.63e-12  4.06e-11 | 8.10e-01 | 9.858e-01 | 3.9449e-01 | 0.0000e+00 | 1.222 | 6.564e-04
  205 | 3.80e-07  1.74e-07  7.86e-10 | 2.37e-11  3.58e-12  4.01e-11 | 8.10e-01 | 9.856e-01 | 3.9449e-01 | 0.0000e+00 | 1.222 | 6.594e-04
  210 | 3.58e-07  1.69e-07  7.69e-10 | 2.33e-11  3.79e-12  3.80e-11 | 8.10e-01 | 9.854e-01 | 3.9449e-01 | 0.0000e+00 | 1.222 | 6.619e-04
  215 | 3.08e-07  1.63e-07  6.81e-10 | 2.26e-11  2.94e-12  3.62e-11 | 8.10e-01 | 9.853e-01 | 3.9449e-01 | 0.0000e+00 | 1.222 | 6.672e-04
  220 | 2.92e-07  1.48e-07  6.08e-10 | 2.28e-11  2.55e-12  3.34e-11 | 8.10e-01 | 9.851e-01 | 3.9449e-01 | 0.0000e+00 | 1.222 | 6.687e-04
  225 | 2.95e-07  1.49e-07  6.38e-10 | 2.21e-11  2.48e-12  3.27e-11 | 8.10e-01 | 9.849e-01 | 3.9449e-01 | 0.0000e+00 | 1.222 | 6.722e-04
  230 | 2.39e-07  1.32e-07  6.04e-10 | 2.03e-11  2.50e-12  3.42e-11 | 8.10e-01 | 9.847e-01 | 3.9449e-01 | 0.0000e+00 | 1.222 | 6.763e-04
  235 | 2.44e-07  1.28e-07  5.73e-10 | 1.86e-11  2.22e-12  3.44e-11 | 8.10e-01 | 9.845e-01 | 3.9449e-01 | 0.0000e+00 | 1.222 | 6.775e-04
  240 | 2.41e-07  1.24e-07  5.32e-10 | 1.82e-11  2.15e-12  3.18e-11 | 8.10e-01 | 9.843e-01 | 3.9449e-01 | 0.0000e+00 | 1.222 | 6.802e-04
  245 | 2.16e-07  1.21e-07  5.09e-10 | 1.80e-11  2.28e-12  3.05e-11 | 8.10e-01 | 9.842e-01 | 3.9449e-01 | 0.0000e+00 | 1.222 | 6.823e-04
  250 | 2.04e-07  1.24e-07  5.34e-10 | 1.73e-11  1.93e-12  3.03e-11 | 8.10e-01 | 9.840e-01 | 3.9449e-01 | 0.0000e+00 | 1.222 | 6.859e-04
  255 | 2.06e-07  1.15e-07  4.67e-10 | 1.71e-11  1.65e-12  2.88e-11 | 8.10e-01 | 9.838e-01 | 3.9449e-01 | 0.0000e+00 | 1.222 | 6.916e-04
  260 | 1.88e-07  1.08e-07  4.59e-10 | 1.65e-11  1.70e-12  2.75e-11 | 8.10e-01 | 9.836e-01 | 3.9449e-01 | 0.0000e+00 | 1.222 | 6.959e-04
  265 | 1.61e-07  1.07e-07  4.50e-10 | 1.59e-11  1.50e-12  2.73e-11 | 8.10e-01 | 9.834e-01 | 3.9449e-01 | 0.0000e+00 | 1.222 | 6.977e-04
  270 | 1.99e-07  1.04e-07  4.42e-10 | 1.52e-11  1.42e-12  2.70e-11 | 8.10e-01 | 9.832e-01 | 3.9449e-01 | 0.0000e+00 | 1.222 | 7.016e-04
  275 | 1.65e-07  1.06e-07  4.18e-10 | 1.44e-11  1.29e-12  2.61e-11 | 8.10e-01 | 9.830e-01 | 3.9449e-01 | 0.0000e+00 | 1.223 | 7.109e-04
  280 | 1.72e-07  9.14e-08  3.86e-10 | 1.42e-11  1.32e-12  2.52e-11 | 8.10e-01 | 9.828e-01 | 3.9449e-01 | 0.0000e+00 | 1.223 | 7.157e-04
  285 | 1.71e-07  9.60e-08  3.78e-10 | 1.39e-11  1.59e-12  2.32e-11 | 8.10e-01 | 9.826e-01 | 3.9449e-01 | 0.0000e+00 | 1.223 | 7.202e-04
  290 | 1.58e-07  9.10e-08  3.80e-10 | 1.33e-11  1.02e-12  2.28e-11 | 8.10e-01 | 9.824e-01 | 3.9449e-01 | 0.0000e+00 | 1.223 | 7.276e-04
  295 | 1.23e-07  8.70e-08  3.78e-10 | 1.23e-11  1.00e-12  2.32e-11 | 8.10e-01 | 9.822e-01 | 3.9449e-01 | 0.0000e+00 | 1.223 | 7.350e-04
  300 | 1.34e-07  8.45e-08  3.55e-10 | 1.17e-11  1.22e-12  2.25e-11 | 8.10e-01 | 9.820e-01 | 3.9449e-01 | 0.0000e+00 | 1.223 | 7.404e-04
  305 | 1.26e-07  7.12e-08  3.34e-10 | 1.15e-11  8.94e-13  2.15e-11 | 8.10e-01 | 9.818e-01 | 3.9449e-01 | 0.0000e+00 | 1.224 | 7.471e-04
  310 | 1.32e-07  7.56e-08  3.26e-10 | 1.09e-11  1.27e-12  2.04e-11 | 8.10e-01 | 9.816e-01 | 3.9449e-01 | 0.0000e+00 | 1.224 | 7.518e-04
  315 | 1.02e-07  6.53e-08  2.90e-10 | 1.09e-11  1.08e-12  1.91e-11 | 8.10e-01 | 9.814e-01 | 3.9449e-01 | 0.0000e+00 | 1.224 | 7.571e-04
  320 | 1.04e-07  7.19e-08  3.00e-10 | 1.03e-11  6.61e-13  1.89e-11 | 8.10e-01 | 9.812e-01 | 3.9449e-01 | 0.0000e+00 | 1.224 | 7.635e-04
  325 | 9.98e-08  6.24e-08  2.83e-10 | 1.02e-11  6.48e-13  1.83e-11 | 8.10e-01 | 9.810e-01 | 3.9449e-01 | 0.0000e+00 | 1.224 | 7.726e-04
  330 | 9.91e-08  6.13e-08  2.67e-10 | 1.03e-11  6.22e-13  1.70e-11 | 8.10e-01 | 9.808e-01 | 3.9449e-01 | 0.0000e+00 | 1.224 | 7.791e-04
  335 | 8.57e-08  5.56e-08  2.64e-10 | 9.04e-12  6.80e-13  1.73e-11 | 8.10e-01 | 9.806e-01 | 3.9449e-01 | 0.0000e+00 | 1.225 | 7.847e-04
  340 | 7.83e-08  5.37e-08  2.57e-10 | 8.65e-12  9.77e-13  1.68e-11 | 8.10e-01 | 9.805e-01 | 3.9449e-01 | 0.0000e+00 | 1.225 | 7.894e-04
  345 | 8.07e-08  5.52e-08  2.52e-10 | 8.14e-12  6.89e-13  1.66e-11 | 8.10e-01 | 9.803e-01 | 3.9449e-01 | 0.0000e+00 | 1.225 | 7.971e-04
  350 | 7.28e-08  4.54e-08  2.32e-10 | 8.18e-12  5.59e-13  1.57e-11 | 8.10e-01 | 9.801e-01 | 3.9449e-01 | 0.0000e+00 | 1.225 | 8.018e-04
  355 | 6.97e-08  4.65e-08  2.41e-10 | 8.32e-12  4.72e-13  1.47e-11 | 8.10e-01 | 9.799e-01 | 3.9449e-01 | 0.0000e+00 | 1.225 | 8.074e-04
  360 | 6.09e-08  4.52e-08  2.29e-10 | 7.63e-12  4.63e-13  1.43e-11 | 8.10e-01 | 9.797e-01 | 3.9449e-01 | 0.0000e+00 | 1.225 | 8.115e-04
  365 | 6.05e-08  4.00e-08  2.12e-10 | 7.13e-12  7.35e-13  1.41e-11 | 8.10e-01 | 9.796e-01 | 3.9449e-01 | 0.0000e+00 | 1.225 | 8.157e-04
  370 | 6.39e-08  3.98e-08  2.18e-10 | 6.74e-12  3.70e-13  1.42e-11 | 8.10e-01 | 9.794e-01 | 3.9449e-01 | 0.0000e+00 | 1.226 | 8.199e-04
  375 | 6.58e-08  3.78e-08  2.04e-10 | 6.89e-12  3.28e-13  1.30e-11 | 8.10e-01 | 9.792e-01 | 3.9449e-01 | 0.0000e+00 | 1.226 | 8.258e-04
  380 | 5.51e-08  3.89e-08  2.02e-10 | 6.59e-12  2.92e-13  1.29e-11 | 8.10e-01 | 9.791e-01 | 3.9449e-01 | 0.0000e+00 | 1.226 | 8.306e-04
  385 | 5.02e-08  3.24e-08  2.06e-10 | 5.67e-12  4.34e-13  1.33e-11 | 8.10e-01 | 9.789e-01 | 3.9449e-01 | 0.0000e+00 | 1.226 | 8.337e-04
  390 | 4.77e-08  3.00e-08  1.79e-10 | 5.40e-12  6.01e-13  1.29e-11 | 8.10e-01 | 9.787e-01 | 3.9449e-01 | 0.0000e+00 | 1.226 | 8.380e-04
  395 | 4.59e-08  3.03e-08  1.86e-10 | 5.49e-12  2.99e-13  1.21e-11 | 8.10e-01 | 9.786e-01 | 3.9449e-01 | 0.0000e+00 | 1.226 | 8.432e-04
  400 | 3.83e-08  2.89e-08  1.78e-10 | 5.74e-12  3.25e-13  1.10e-11 | 8.10e-01 | 9.784e-01 | 3.9449e-01 | 0.0000e+00 | 1.226 | 8.477e-04
  405 | 3.75e-08  2.75e-08  1.60e-10 | 5.50e-12  2.23e-13  1.08e-11 | 8.10e-01 | 9.783e-01 | 3.9449e-01 | 0.0000e+00 | 1.226 | 8.518e-04
  410 | 3.76e-08  2.24e-08  1.68e-10 | 4.93e-12  4.63e-13  1.08e-11 | 8.10e-01 | 9.781e-01 | 3.9449e-01 | 0.0000e+00 | 1.226 | 8.550e-04
  415 | 3.47e-08  2.36e-08  1.61e-10 | 4.64e-12  3.90e-13  1.08e-11 | 8.10e-01 | 9.780e-01 | 3.9449e-01 | 0.0000e+00 | 1.226 | 8.590e-04
  420 | 3.34e-08  2.28e-08  1.49e-10 | 4.84e-12  1.81e-13  9.91e-12 | 8.10e-01 | 9.778e-01 | 3.9449e-01 | 0.0000e+00 | 1.226 | 8.624e-04
  425 | 3.27e-08  2.17e-08  1.51e-10 | 4.91e-12  2.14e-13  9.30e-12 | 8.10e-01 | 9.777e-01 | 3.9449e-01 | 0.0000e+00 | 1.226 | 8.661e-04
  430 | 3.22e-08  1.95e-08  1.44e-10 | 4.47e-12  1.82e-13  9.58e-12 | 8.10e-01 | 9.775e-01 | 3.9449e-01 | 0.0000e+00 | 1.226 | 8.695e-04
  435 | 2.43e-08  1.82e-08  1.42e-10 | 4.21e-12  4.55e-13  9.27e-12 | 8.10e-01 | 9.774e-01 | 3.9449e-01 | 0.0000e+00 | 1.226 | 8.714e-04
  440 | 2.86e-08  1.79e-08  1.34e-10 | 3.99e-12  2.26e-13  9.31e-12 | 8.10e-01 | 9.773e-01 | 3.9449e-01 | 0.0000e+00 | 1.226 | 8.741e-04
  445 | 2.48e-08  1.50e-08  1.28e-10 | 4.10e-12  1.80e-13  8.74e-12 | 8.10e-01 | 9.771e-01 | 3.9449e-01 | 0.0000e+00 | 1.226 | 8.772e-04
  450 | 2.51e-08  1.46e-08  1.25e-10 | 4.10e-12  1.94e-13  8.20e-12 | 8.10e-01 | 9.770e-01 | 3.9449e-01 | 0.0000e+00 | 1.225 | 8.805e-04
  455 | 2.17e-08  1.46e-08  1.21e-10 | 3.75e-12  2.63e-13  8.44e-12 | 8.10e-01 | 9.769e-01 | 3.9449e-01 | 0.0000e+00 | 1.225 | 8.833e-04
  460 | 2.00e-08  1.34e-08  1.21e-10 | 3.62e-12  3.83e-13  8.15e-12 | 8.10e-01 | 9.768e-01 | 3.9449e-01 | 0.0000e+00 | 1.225 | 8.857e-04
  465 | 1.76e-08  1.10e-08  1.10e-10 | 3.70e-12  1.38e-13  7.66e-12 | 8.10e-01 | 9.766e-01 | 3.9449e-01 | 0.0000e+00 | 1.225 | 8.884e-04
  470 | 1.51e-08  9.97e-09  1.02e-10 | 3.66e-12  1.74e-13  7.48e-12 | 8.10e-01 | 9.765e-01 | 3.9449e-01 | 0.0000e+00 | 1.225 | 8.914e-04
  475 | 1.58e-08  1.08e-08  1.07e-10 | 3.39e-12  1.47e-13  7.55e-12 | 8.10e-01 | 9.764e-01 | 3.9449e-01 | 0.0000e+00 | 1.225 | 8.946e-04
  480 | 1.60e-08  9.37e-09  9.92e-11 | 3.20e-12  3.40e-13  7.60e-12 | 8.10e-01 | 9.763e-01 | 3.9449e-01 | 0.0000e+00 | 1.225 | 8.975e-04
  485 | 1.40e-08  8.04e-09  9.47e-11 | 3.24e-12  1.83e-13  7.19e-12 | 8.10e-01 | 9.762e-01 | 3.9449e-01 | 0.0000e+00 | 1.225 | 8.994e-04
  490 | 1.13e-08  7.57e-09  8.90e-11 | 3.32e-12  1.36e-13  6.79e-12 | 8.10e-01 | 9.761e-01 | 3.9449e-01 | 0.0000e+00 | 1.224 | 9.018e-04
  495 | 1.14e-08  6.85e-09  8.32e-11 | 3.22e-12  9.22e-14  6.72e-12 | 8.10e-01 | 9.760e-01 | 3.9449e-01 | 0.0000e+00 | 1.224 | 9.046e-04
  500 | 1.11e-08  6.36e-09  8.59e-11 | 3.02e-12  1.98e-13  6.70e-12 | 8.10e-01 | 9.759e-01 | 3.9449e-01 | 0.0000e+00 | 1.224 | 9.075e-04
  505 | 9.21e-09  6.07e-09  8.03e-11 | 2.88e-12  2.34e-13  6.77e-12 | 8.10e-01 | 9.758e-01 | 3.9449e-01 | 0.0000e+00 | 1.224 | 9.097e-04
  510 | 8.74e-09  5.94e-09  7.99e-11 | 3.00e-12  9.76e-14  6.24e-12 | 8.10e-01 | 9.757e-01 | 3.9449e-01 | 0.0000e+00 | 1.224 | 9.117e-04
  515 | 8.93e-09  5.28e-09  7.40e-11 | 3.04e-12  1.18e-13  6.03e-12 | 8.10e-01 | 9.757e-01 | 3.9449e-01 | 0.0000e+00 | 1.224 | 9.139e-04
  520 | 8.26e-09  4.83e-09  7.07e-11 | 2.87e-12  9.89e-14  6.04e-12 | 8.10e-01 | 9.756e-01 | 3.9449e-01 | 0.0000e+00 | 1.223 | 9.163e-04
  525 | 7.64e-09  4.24e-09  7.24e-11 | 2.73e-12  2.18e-13  6.07e-12 | 8.10e-01 | 9.755e-01 | 3.9449e-01 | 0.0000e+00 | 1.223 | 9.186e-04
  530 | 6.70e-09  3.86e-09  6.50e-11 | 2.70e-12  1.14e-13  5.94e-12 | 8.10e-01 | 9.754e-01 | 3.9449e-01 | 0.0000e+00 | 1.223 | 9.210e-04
  535 | 6.46e-09  3.67e-09  6.41e-11 | 2.80e-12  9.74e-14  5.49e-12 | 8.10e-01 | 9.753e-01 | 3.9449e-01 | 0.0000e+00 | 1.223 | 9.226e-04
  540 | 6.35e-09  3.52e-09  6.02e-11 | 2.65e-12  8.33e-14  5.60e-12 | 8.10e-01 | 9.752e-01 | 3.9449e-01 | 0.0000e+00 | 1.223 | 9.248e-04
  545 | 5.82e-09  3.61e-09  5.84e-11 | 2.50e-12  1.49e-13  5.64e-12 | 8.10e-01 | 9.751e-01 | 3.9449e-01 | 0.0000e+00 | 1.223 | 9.273e-04
  550 | 5.41e-09  3.41e-09  5.81e-11 | 2.51e-12  1.31e-13  5.42e-12 | 8.10e-01 | 9.750e-01 | 3.9449e-01 | 0.0000e+00 | 1.222 | 9.297e-04
  555 | 5.52e-09  3.08e-09  5.29e-11 | 2.56e-12  6.86e-14  5.18e-12 | 8.10e-01 | 9.750e-01 | 3.9449e-01 | 0.0000e+00 | 1.222 | 9.319e-04
  560 | 6.06e-09  2.54e-09  5.31e-11 | 2.54e-12  7.48e-14  4.95e-12 | 8.10e-01 | 9.749e-01 | 3.9449e-01 | 0.0000e+00 | 1.222 | 9.338e-04
  565 | 5.15e-09  2.41e-09  4.96e-11 | 2.40e-12  9.55e-14  5.02e-12 | 8.10e-01 | 9.748e-01 | 3.9449e-01 | 0.0000e+00 | 1.222 | 9.361e-04
  570 | 4.99e-09  2.58e-09  4.91e-11 | 2.34e-12  1.11e-13  4.93e-12 | 8.10e-01 | 9.747e-01 | 3.9449e-01 | 0.0000e+00 | 1.222 | 9.385e-04
  575 | 4.38e-09  2.56e-09  4.78e-11 | 2.33e-12  6.86e-14  4.80e-12 | 8.10e-01 | 9.746e-01 | 3.9449e-01 | 0.0000e+00 | 1.222 | 9.408e-04
  580 | 4.49e-09  2.39e-09  4.37e-11 | 2.37e-12  6.18e-14  4.53e-12 | 8.10e-01 | 9.745e-01 | 3.9449e-01 | 0.0000e+00 | 1.221 | 9.435e-04
  585 | 4.35e-09  2.19e-09  4.35e-11 | 2.25e-12  8.26e-14  4.49e-12 | 8.10e-01 | 9.744e-01 | 3.9449e-01 | 0.0000e+00 | 1.221 | 9.455e-04
  590 | 4.56e-09  2.31e-09  4.14e-11 | 2.15e-12  9.62e-14  4.49e-12 | 8.10e-01 | 9.743e-01 | 3.9449e-01 | 0.0000e+00 | 1.221 | 9.485e-04
  595 | 4.67e-09  2.23e-09  3.94e-11 | 2.15e-12  6.66e-14  4.30e-12 | 8.10e-01 | 9.742e-01 | 3.9449e-01 | 0.0000e+00 | 1.221 | 9.513e-04
  600 | 4.17e-09  1.85e-09  3.87e-11 | 2.15e-12  6.16e-14  4.16e-12 | 8.10e-01 | 9.741e-01 | 3.9449e-01 | 0.0000e+00 | 1.221 | 9.545e-04
  605 | 3.80e-09  1.87e-09  3.55e-11 | 2.10e-12  6.83e-14  4.04e-12 | 8.10e-01 | 9.740e-01 | 3.9449e-01 | 0.0000e+00 | 1.220 | 9.574e-04
  610 | 3.28e-09  1.96e-09  3.63e-11 | 2.00e-12  1.05e-13  4.01e-12 | 8.10e-01 | 9.739e-01 | 3.9449e-01 | 0.0000e+00 | 1.220 | 9.600e-04
  615 | 3.90e-09  1.88e-09  3.36e-11 | 1.96e-12  5.73e-14  3.87e-12 | 8.10e-01 | 9.738e-01 | 3.9449e-01 | 0.0000e+00 | 1.220 | 9.631e-04
  620 | 3.45e-09  1.63e-09  3.26e-11 | 1.93e-12  6.16e-14  3.74e-12 | 8.10e-01 | 9.737e-01 | 3.9449e-01 | 0.0000e+00 | 1.220 | 9.661e-04
  625 | 3.61e-09  1.69e-09  3.15e-11 | 1.88e-12  5.42e-14  3.67e-12 | 8.10e-01 | 9.736e-01 | 3.9449e-01 | 0.0000e+00 | 1.220 | 9.695e-04
  630 | 3.21e-09  1.68e-09  2.97e-11 | 1.82e-12  9.20e-14  3.59e-12 | 8.10e-01 | 9.735e-01 | 3.9449e-01 | 0.0000e+00 | 1.220 | 9.724e-04
  635 | 3.36e-09  1.56e-09  2.92e-11 | 1.78e-12  6.20e-14  3.48e-12 | 8.10e-01 | 9.734e-01 | 3.9449e-01 | 0.0000e+00 | 1.219 | 9.749e-04
  640 | 2.93e-09  1.35e-09  2.72e-11 | 1.78e-12  5.60e-14  3.31e-12 | 8.10e-01 | 9.733e-01 | 3.9449e-01 | 0.0000e+00 | 1.219 | 9.781e-04
  645 | 2.60e-09  1.29e-09  2.60e-11 | 1.69e-12  4.80e-14  3.29e-12 | 8.10e-01 | 9.732e-01 | 3.9449e-01 | 0.0000e+00 | 1.219 | 9.812e-04
  650 | 2.92e-09  1.32e-09  2.60e-11 | 1.64e-12  7.11e-14  3.23e-12 | 8.10e-01 | 9.731e-01 | 3.9449e-01 | 0.0000e+00 | 1.219 | 9.843e-04
  655 | 2.86e-09  1.18e-09  2.34e-11 | 1.62e-12  5.85e-14  3.08e-12 | 8.10e-01 | 9.730e-01 | 3.9449e-01 | 0.0000e+00 | 1.219 | 9.872e-04
  660 | 2.86e-09  9.69e-10  2.42e-11 | 1.59e-12  4.44e-14  2.96e-12 | 8.10e-01 | 9.729e-01 | 3.9449e-01 | 0.0000e+00 | 1.219 | 9.899e-04
  665 | 2.53e-09  9.56e-10  2.27e-11 | 1.54e-12  4.38e-14  2.91e-12 | 8.10e-01 | 9.728e-01 | 3.9449e-01 | 0.0000e+00 | 1.218 | 9.926e-04
  670 | 2.24e-09  1.13e-09  2.18e-11 | 1.46e-12  5.37e-14  2.90e-12 | 8.10e-01 | 9.727e-01 | 3.9449e-01 | 0.0000e+00 | 1.218 | 9.957e-04
  675 | 2.14e-09  1.09e-09  2.16e-11 | 1.45e-12  5.45e-14  2.77e-12 | 8.10e-01 | 9.726e-01 | 3.9449e-01 | 0.0000e+00 | 1.218 | 9.986e-04
  680 | 2.39e-09  9.17e-10  1.99e-11 | 1.43e-12  3.73e-14  2.64e-12 | 8.10e-01 | 9.725e-01 | 3.9449e-01 | 0.0000e+00 | 1.218 | 1.002e-03
  685 | 2.44e-09  8.23e-10  2.01e-11 | 1.38e-12  3.85e-14  2.56e-12 | 8.10e-01 | 9.724e-01 | 3.9449e-01 | 0.0000e+00 | 1.218 | 1.004e-03
  690 | 2.32e-09  8.23e-10  1.92e-11 | 1.30e-12  4.21e-14  2.57e-12 | 8.10e-01 | 9.723e-01 | 3.9449e-01 | 0.0000e+00 | 1.218 | 1.007e-03
  695 | 2.07e-09  8.47e-10  1.84e-11 | 1.25e-12  4.16e-14  2.51e-12 | 8.10e-01 | 9.722e-01 | 3.9449e-01 | 0.0000e+00 | 1.218 | 1.010e-03
  700 | 2.07e-09  7.93e-10  1.80e-11 | 1.28e-12  3.38e-14  2.32e-12 | 8.10e-01 | 9.721e-01 | 3.9449e-01 | 0.0000e+00 | 1.218 | 1.013e-03
  705 | 1.84e-09  8.12e-10  1.68e-11 | 1.23e-12  3.13e-14  2.29e-12 | 8.10e-01 | 9.721e-01 | 3.9449e-01 | 0.0000e+00 | 1.218 | 1.016e-03
  710 | 2.02e-09  8.00e-10  1.75e-11 | 1.17e-12  4.14e-14  2.24e-12 | 8.10e-01 | 9.720e-01 | 3.9449e-01 | 0.0000e+00 | 1.217 | 1.019e-03
  715 | 1.99e-09  6.96e-10  1.67e-11 | 1.11e-12  3.42e-14  2.20e-12 | 8.10e-01 | 9.719e-01 | 3.9449e-01 | 0.0000e+00 | 1.217 | 1.022e-03
  720 | 2.20e-09  6.65e-10  1.55e-11 | 1.09e-12  3.07e-14  2.10e-12 | 8.10e-01 | 9.718e-01 | 3.9449e-01 | 0.0000e+00 | 1.217 | 1.024e-03
  725 | 2.09e-09  7.18e-10  1.56e-11 | 1.08e-12  2.66e-14  2.00e-12 | 8.10e-01 | 9.717e-01 | 3.9449e-01 | 0.0000e+00 | 1.217 | 1.027e-03
  730 | 1.68e-09  6.65e-10  1.43e-11 | 1.03e-12  3.20e-14  1.95e-12 | 8.10e-01 | 9.716e-01 | 3.9449e-01 | 0.0000e+00 | 1.217 | 1.030e-03
  735 | 1.41e-09  5.43e-10  1.50e-11 | 9.80e-13  3.46e-14  1.91e-12 | 8.10e-01 | 9.715e-01 | 3.9449e-01 | 0.0000e+00 | 1.217 | 1.032e-03
  740 | 1.43e-09  5.82e-10  1.41e-11 | 9.44e-13  2.60e-14  1.85e-12 | 8.10e-01 | 9.714e-01 | 3.9449e-01 | 0.0000e+00 | 1.217 | 1.035e-03
  745 | 1.92e-09  6.80e-10  1.36e-11 | 9.14e-13  2.62e-14  1.77e-12 | 8.10e-01 | 9.713e-01 | 3.9449e-01 | 0.0000e+00 | 1.217 | 1.038e-03
  750 | 1.91e-09  5.70e-10  1.39e-11 | 8.72e-13  2.99e-14  1.76e-12 | 8.10e-01 | 9.712e-01 | 3.9449e-01 | 0.0000e+00 | 1.217 | 1.040e-03
  755 | 1.76e-09  3.75e-10  1.25e-11 | 8.59e-13  2.89e-14  1.65e-12 | 8.10e-01 | 9.711e-01 | 3.9449e-01 | 0.0000e+00 | 1.217 | 1.043e-03
  760 | 1.30e-09  4.46e-10  1.27e-11 | 8.33e-13  2.43e-14  1.57e-12 | 8.10e-01 | 9.710e-01 | 3.9449e-01 | 0.0000e+00 | 1.217 | 1.045e-03
  765 | 1.17e-09  5.81e-10  1.21e-11 | 7.99e-13  2.17e-14  1.53e-12 | 8.10e-01 | 9.709e-01 | 3.9449e-01 | 0.0000e+00 | 1.216 | 1.047e-03
  770 | 1.12e-09  4.65e-10  1.22e-11 | 7.47e-13  2.34e-14  1.52e-12 | 8.10e-01 | 9.708e-01 | 3.9449e-01 | 0.0000e+00 | 1.216 | 1.049e-03
MHD Energy = 3.944904e-01

EXCEPTION: RuntimeError: Thread 0:
	FATAL ERROR in thread=0. The solver failed during the first iterations. This may happen if the initial boundary is poorly shaped or if it isn't spectrally condensed enough.Thread 0:
	FATAL ERROR in thread=0. The solver failed during the first iterations. This may happen if the initial boundary is poorly shaped or if it isn't spectrally condensed enough.
