 - - - - - - - - - - - - - - - - - - - - - - - - - - - - - - - - -
  SEQ =    1 TIME SLICE  0.0000E+00
  PROCESSING INPUT.quasr29346_8-16-31
  THIS IS PARVMEC (PARALLEL VMEC), VERSION 10.0
  Lambda: Full Radial Mesh. L-Force: hybrid full/half.

  COMPUTER: demo-host   OS: GNU/Linux   RELEASE: 7.0.0-27-generic  DATE = Jul 21,2026  TIME = 13:49:27
  Opening vacuum field file: mgrid_quasr0029346.nc
  Time to read MGRID file:   1.79E-02 s

  NS =    8 NO. FOURIER MODES =   72 FTOLV =  1.000E-09 NITER =   3000
  PROCESSOR COUNT - RADIAL:    1  VACUUM:    1
 INITIAL JACOBIAN CHANGED SIGN!
 TRYING TO IMPROVE INITIAL MAGNETIC AXIS GUESS
  ---- Improved AXIS Guess ----
      RAXIS_CC =    1.0000291094052756        8.3025012964397044E-002   1.8532792765202782E-003  -4.2965541927218014E-003  -1.8539441916459963E-003   1.6254733937530520E-003  -1.4239670965917055E-003
      ZAXIS_CS =   -0.0000000000000000        7.2731083400314547E-002  -5.2512511568717957E-005  -3.9199225031559542E-004   2.3949005018970037E-003   2.0425589581969558E-004  -1.2659507706966543E-003
  -----------------------------

  ITER    FSQR      FSQZ      FSQL    RAX(v=0)    DELT        WMHD      DEL-BSQ

    1  4.24E-02  3.42E-02  5.12E-02  1.079E+00  9.00E-01  8.4499E-02  1.000E+00
    2  2.87E-02  3.13E-02  1.94E-02  1.080E+00  9.00E-01  8.2833E-02  1.000E+00
    3  3.99E-02  1.33E-02  1.03E-02  1.082E+00  9.00E-01  8.2554E-02  1.000E+00
    4  5.52E-02  2.13E-02  3.12E-02  1.084E+00  9.00E-01  8.3232E-02  1.000E+00
    5  3.86E-02  1.18E-02  2.82E-02  1.085E+00  9.00E-01  8.3263E-02  1.000E+00
    6  2.75E-02  1.05E-02  1.31E-02  1.084E+00  9.00E-01  8.2801E-02  1.000E+00
    7  2.83E-02  8.61E-03  8.06E-03  1.082E+00  9.00E-01  8.2462E-02  1.000E+00
    8  2.69E-02  1.06E-02  1.48E-02  1.081E+00  9.00E-01  8.2592E-02  1.000E+00
    9  3.20E-02  1.19E-02  1.33E-02  1.083E+00  9.00E-01  8.2686E-02  1.000E+00
   10  1.91E-02  7.73E-03  9.25E-03  1.085E+00  9.00E-01  8.2561E-02  1.000E+00
   11  2.50E-02  8.22E-03  1.05E-02  1.087E+00  9.00E-01  8.2478E-02  1.000E+00
   12  1.28E-02  5.97E-03  7.59E-03  1.088E+00  9.00E-01  8.2371E-02  1.000E+00
   15  1.72E-02  5.33E-03  6.45E-03  1.086E+00  9.00E-01  8.2383E-02  1.000E+00
   20  1.03E-02  3.56E-03  2.98E-03  1.087E+00  9.00E-01  8.2259E-02  1.000E+00
   25  6.83E-03  2.15E-03  2.41E-03  1.088E+00  9.00E-01  8.2231E-02  1.000E+00
   30  3.82E-03  1.28E-03  1.11E-03  1.089E+00  9.00E-01  8.2199E-02  1.000E+00
   35  2.00E-03  7.56E-04  6.62E-04  1.088E+00  9.00E-01  8.2191E-02  1.000E+00
   40  1.25E-03  3.36E-04  3.23E-04  1.088E+00  9.00E-01  8.2183E-02  1.000E+00
   45  9.35E-04  1.91E-04  2.73E-04  1.088E+00  9.00E-01  8.2181E-02  1.000E+00

  In VACUUM, np =  2  mf =  7  nf =  6 nu = 18  nv =   24
  2*pi * a * -BPOL(vac) =   1.48E-07 TOROIDAL CURRENT =  -4.07E-19
  R * BTOR(vac) =   6.17E-01 R * BTOR(plasma) =   6.18E-01

  VACUUM PRESSURE TURNED ON AT   47 ITERATIONS

   50  1.02E-01  2.87E-01  1.87E-04  1.088E+00  8.10E-01  8.2180E-02  1.685E-02
   55  2.31E-01  9.01E-01  1.18E-01  1.090E+00  8.10E-01  8.3548E-02  1.839E-01
   60  1.61E-01  1.60E-01  1.15E-01  1.086E+00  8.10E-01  8.3545E-02  2.331E-01
   65  9.94E-02  6.47E-02  6.16E-02  1.094E+00  8.10E-01  8.3711E-02  1.782E-01
   70  1.02E-01  5.37E-02  2.84E-02  1.102E+00  8.10E-01  8.3091E-02  2.191E-01
   75  1.56E-01  2.11E-01  1.71E-02  1.102E+00  8.10E-01  8.1968E-02  1.664E-01
   80  5.02E-01  2.14E+00  1.87E-04  1.088E+00  7.86E-01  8.2180E-02  1.685E-02
   85  1.38E+00  1.56E+01  7.34E-01  1.095E+00  7.08E-01  8.9736E-02  9.064E-01
   90  4.99E-01  4.72E-01  3.36E-01  1.096E+00  6.37E-01  9.0242E-02  4.060E-01
   95  3.71E-01  2.70E-01  1.32E-01  1.085E+00  6.37E-01  8.0854E-02  2.381E-01
  100  1.81E-01  1.43E-01  7.71E-02  1.091E+00  6.37E-01  8.5471E-02  2.329E-01
  105  6.48E-02  7.18E-02  3.99E-02  1.099E+00  6.37E-01  8.2062E-02  1.646E-01
  110  3.96E-02  4.67E-02  2.78E-02  1.096E+00  6.37E-01  8.3307E-02  1.569E-01
  115  9.95E-02  1.05E-01  1.49E-02  1.101E+00  6.37E-01  8.2435E-02  1.390E-01
  120  6.66E-02  4.99E-02  1.03E-02  1.099E+00  6.37E-01  8.2501E-02  8.971E-02
  125  3.05E-02  3.77E-02  4.25E-03  1.099E+00  6.37E-01  8.2240E-02  8.124E-02
  130  2.04E-02  1.82E-02  2.65E-03  1.097E+00  6.37E-01  8.2351E-02  5.511E-02
  135  1.39E-02  1.07E-02  1.40E-03  1.099E+00  6.37E-01  8.2208E-02  4.623E-02
  140  5.60E-03  6.06E-03  7.25E-04  1.099E+00  6.37E-01  8.2269E-02  3.131E-02
  145  3.47E-03  3.61E-03  4.16E-04  1.099E+00  6.37E-01  8.2186E-02  2.894E-02
  150  1.84E-03  1.79E-03  2.38E-04  1.099E+00  6.37E-01  8.2244E-02  2.595E-02
  155  1.35E-03  1.18E-03  1.50E-04  1.099E+00  6.37E-01  8.2211E-02  2.230E-02
  160  7.22E-04  5.23E-04  7.75E-05  1.099E+00  6.37E-01  8.2196E-02  1.821E-02
  165  3.70E-04  3.95E-04  3.57E-05  1.099E+00  6.37E-01  8.2219E-02  1.613E-02
  170  1.87E-04  1.47E-04  1.74E-05  1.100E+00  6.37E-01  8.2178E-02  1.546E-02
  175  9.99E-05  8.31E-05  1.13E-05  1.099E+00  6.37E-01  8.2219E-02  1.421E-02
  180  5.81E-05  5.81E-05  8.74E-06  1.099E+00  6.37E-01  8.2184E-02  1.335E-02
  185  3.40E-05  2.58E-05  3.96E-06  1.099E+00  6.37E-01  8.2206E-02  1.262E-02
  190  2.02E-05  1.58E-05  2.41E-06  1.099E+00  6.37E-01  8.2188E-02  1.178E-02
  195  9.61E-06  6.99E-06  1.51E-06  1.099E+00  6.37E-01  8.2196E-02  1.134E-02
  200  4.61E-06  4.28E-06  6.86E-07  1.099E+00  6.37E-01  8.2193E-02  1.084E-02
  205  3.67E-06  2.96E-06  5.47E-07  1.099E+00  6.37E-01  8.2193E-02  1.050E-02
  210  2.80E-06  1.61E-06  4.33E-07  1.099E+00  6.37E-01  8.2193E-02  1.006E-02
  215  1.83E-06  1.39E-06  3.95E-07  1.099E+00  6.37E-01  8.2190E-02  9.629E-03
  220  1.30E-06  5.91E-07  3.27E-07  1.099E+00  6.37E-01  8.2192E-02  9.188E-03
  225  8.29E-07  5.56E-07  2.52E-07  1.099E+00  6.37E-01  8.2189E-02  8.842E-03
  230  7.92E-07  3.98E-07  2.57E-07  1.099E+00  6.37E-01  8.2191E-02  8.500E-03
  235  8.10E-07  3.07E-07  1.96E-07  1.098E+00  6.37E-01  8.2189E-02  8.082E-03
  240  5.84E-07  2.86E-07  1.91E-07  1.098E+00  6.37E-01  8.2189E-02  7.677E-03
  245  4.83E-07  2.07E-07  1.67E-07  1.098E+00  6.37E-01  8.2189E-02  7.245E-03
  250  4.08E-07  2.04E-07  1.39E-07  1.098E+00  6.37E-01  8.2188E-02  6.777E-03
  255  3.22E-07  1.50E-07  1.28E-07  1.098E+00  6.37E-01  8.2188E-02  6.378E-03
  260  4.01E-07  1.32E-07  9.75E-08  1.098E+00  6.37E-01  8.2188E-02  5.998E-03
  265  3.61E-07  1.19E-07  9.57E-08  1.098E+00  6.37E-01  8.2187E-02  5.587E-03
  270  2.68E-07  9.41E-08  7.59E-08  1.097E+00  6.37E-01  8.2188E-02  5.200E-03
  275  2.25E-07  8.28E-08  6.38E-08  1.097E+00  6.37E-01  8.2186E-02  4.819E-03
  280  2.30E-07  7.90E-08  5.74E-08  1.097E+00  6.37E-01  8.2188E-02  4.494E-03
  285  2.48E-07  7.68E-08  4.67E-08  1.097E+00  6.37E-01  8.2187E-02  4.206E-03
  290  1.84E-07  6.47E-08  3.91E-08  1.097E+00  6.37E-01  8.2187E-02  3.949E-03
  295  2.32E-07  5.88E-08  2.89E-08  1.097E+00  6.37E-01  8.2188E-02  3.712E-03
  300  1.90E-07  4.06E-08  2.57E-08  1.096E+00  6.37E-01  8.2186E-02  3.500E-03
  305  1.53E-07  4.85E-08  2.45E-08  1.096E+00  6.37E-01  8.2188E-02  3.324E-03
  310  1.65E-07  4.13E-08  2.25E-08  1.096E+00  6.37E-01  8.2187E-02  3.193E-03
  315  1.28E-07  2.78E-08  2.08E-08  1.096E+00  6.37E-01  8.2187E-02  3.096E-03
  320  1.47E-07  2.73E-08  1.79E-08  1.096E+00  6.37E-01  8.2187E-02  3.029E-03
  325  1.29E-07  2.64E-08  1.87E-08  1.096E+00  6.37E-01  8.2186E-02  2.958E-03
  330  1.11E-07  2.45E-08  2.10E-08  1.095E+00  6.37E-01  8.2187E-02  2.890E-03
  335  1.19E-07  1.95E-08  2.12E-08  1.095E+00  6.37E-01  8.2186E-02  2.831E-03
  340  1.08E-07  2.12E-08  2.04E-08  1.095E+00  6.37E-01  8.2186E-02  2.789E-03
  345  1.03E-07  1.79E-08  2.13E-08  1.095E+00  6.37E-01  8.2186E-02  2.749E-03
  350  9.86E-08  1.40E-08  1.80E-08  1.095E+00  6.37E-01  8.2185E-02  2.719E-03
  355  6.80E-08  1.70E-08  2.12E-08  1.095E+00  6.37E-01  8.2186E-02  2.699E-03
  360  7.60E-08  1.29E-08  1.63E-08  1.094E+00  6.37E-01  8.2185E-02  2.680E-03
  365  7.17E-08  1.19E-08  1.53E-08  1.094E+00  6.37E-01  8.2185E-02  2.643E-03
  370  5.78E-08  1.04E-08  1.50E-08  1.094E+00  6.37E-01  8.2185E-02  2.607E-03
  375  7.68E-08  1.04E-08  1.56E-08  1.094E+00  6.37E-01  8.2185E-02  2.571E-03
  380  6.28E-08  9.79E-09  1.37E-08  1.094E+00  6.37E-01  8.2186E-02  2.529E-03
  385  3.61E-08  8.67E-09  1.37E-08  1.094E+00  6.37E-01  8.2185E-02  2.510E-03
  390  6.00E-08  8.59E-09  1.14E-08  1.093E+00  6.37E-01  8.2185E-02  2.469E-03
  395  4.79E-08  8.41E-09  1.14E-08  1.093E+00  6.37E-01  8.2185E-02  2.438E-03
  400  3.61E-08  7.64E-09  9.26E-09  1.093E+00  6.37E-01  8.2185E-02  2.400E-03
  405  5.89E-08  6.88E-09  8.50E-09  1.093E+00  6.37E-01  8.2185E-02  2.370E-03
  410  3.99E-08  5.64E-09  9.14E-09  1.093E+00  6.37E-01  8.2185E-02  2.355E-03
  415  3.45E-08  5.69E-09  8.49E-09  1.093E+00  6.37E-01  8.2185E-02  2.327E-03
  420  4.93E-08  5.56E-09  9.79E-09  1.093E+00  6.37E-01  8.2185E-02  2.312E-03
  425  3.14E-08  4.16E-09  6.98E-09  1.092E+00  6.37E-01  8.2185E-02  2.287E-03
  430  3.81E-08  3.94E-09  6.31E-09  1.092E+00  6.37E-01  8.2185E-02  2.279E-03
  435  4.73E-08  4.35E-09  7.31E-09  1.092E+00  6.37E-01  8.2185E-02  2.274E-03
  440  2.90E-08  3.85E-09  6.37E-09  1.092E+00  6.37E-01  8.2185E-02  2.270E-03
  445  3.46E-08  3.69E-09  7.22E-09  1.092E+00  6.37E-01  8.2185E-02  2.272E-03
  450  3.82E-08  3.38E-09  5.35E-09  1.092E+00  6.37E-01  8.2185E-02  2.271E-03
  455  2.27E-08  2.81E-09  5.09E-09  1.092E+00  6.37E-01  8.2185E-02  2.271E-03
  460  3.39E-08  2.95E-09  5.10E-09  1.091E+00  6.37E-01  8.2184E-02  2.281E-03
  465  3.32E-08  3.40E-09  4.73E-09  1.091E+00  6.37E-01  8.2185E-02  2.285E-03
  470  2.29E-08  3.16E-09  4.55E-09  1.091E+00  6.37E-01  8.2184E-02  2.292E-03
  475  2.89E-08  2.73E-09  3.65E-09  1.091E+00  6.37E-01  8.2184E-02  2.301E-03
  480  2.35E-08  2.62E-09  3.96E-09  1.091E+00  6.37E-01  8.2184E-02  2.311E-03
  485  2.11E-08  2.65E-09  3.51E-09  1.091E+00  6.37E-01  8.2184E-02  2.322E-03
  490  2.32E-08  2.61E-09  3.36E-09  1.091E+00  6.37E-01  8.2184E-02  2.329E-03
  495  1.94E-08  2.53E-09  3.16E-09  1.091E+00  6.37E-01  8.2184E-02  2.338E-03
  500  1.62E-08  1.83E-09  2.75E-09  1.091E+00  6.37E-01  8.2184E-02  2.346E-03
  505  1.45E-08  1.61E-09  3.14E-09  1.091E+00  6.37E-01  8.2184E-02  2.356E-03
  510  1.50E-08  1.94E-09  2.55E-09  1.091E+00  6.37E-01  8.2184E-02  2.363E-03
  515  1.19E-08  1.43E-09  2.86E-09  1.091E+00  6.37E-01  8.2184E-02  2.366E-03
  520  1.20E-08  1.58E-09  2.47E-09  1.090E+00  6.37E-01  8.2184E-02  2.364E-03
  525  9.56E-09  1.43E-09  2.14E-09  1.090E+00  6.37E-01  8.2184E-02  2.369E-03
  530  8.00E-09  1.19E-09  2.31E-09  1.090E+00  6.37E-01  8.2184E-02  2.371E-03
  535  9.60E-09  1.24E-09  2.01E-09  1.090E+00  6.37E-01  8.2184E-02  2.376E-03
  540  6.72E-09  1.05E-09  2.07E-09  1.090E+00  6.37E-01  8.2184E-02  2.377E-03
  545  6.73E-09  9.27E-10  2.08E-09  1.090E+00  6.37E-01  8.2184E-02  2.381E-03
  550  5.73E-09  1.00E-09  1.68E-09  1.090E+00  6.37E-01  8.2184E-02  2.383E-03
  555  4.69E-09  8.39E-10  1.72E-09  1.090E+00  6.37E-01  8.2184E-02  2.388E-03
  560  6.11E-09  8.03E-10  1.55E-09  1.090E+00  6.37E-01  8.2184E-02  2.394E-03
  565  4.67E-09  7.37E-10  1.59E-09  1.090E+00  6.37E-01  8.2184E-02  2.398E-03
  570  4.96E-09  6.65E-10  1.57E-09  1.090E+00  6.37E-01  8.2184E-02  2.400E-03
  575  4.27E-09  7.58E-10  1.37E-09  1.090E+00  6.37E-01  8.2183E-02  2.404E-03
  580  3.46E-09  6.09E-10  1.37E-09  1.090E+00  6.37E-01  8.2183E-02  2.407E-03
  585  4.36E-09  5.70E-10  1.28E-09  1.090E+00  6.37E-01  8.2183E-02  2.411E-03
  590  4.06E-09  5.81E-10  1.34E-09  1.090E+00  6.37E-01  8.2183E-02  2.414E-03
  595  4.15E-09  6.03E-10  1.32E-09  1.090E+00  6.37E-01  8.2183E-02  2.415E-03
  600  3.47E-09  6.07E-10  1.17E-09  1.090E+00  6.37E-01  8.2183E-02  2.418E-03
  605  2.87E-09  4.81E-10  1.17E-09  1.090E+00  6.37E-01  8.2183E-02  2.421E-03
  610  3.26E-09  5.08E-10  1.14E-09  1.090E+00  6.37E-01  8.2183E-02  2.426E-03
  615  2.95E-09  5.17E-10  1.13E-09  1.089E+00  6.37E-01  8.2183E-02  2.429E-03
  620  3.21E-09  5.23E-10  1.05E-09  1.089E+00  6.37E-01  8.2183E-02  2.432E-03
  625  3.36E-09  5.57E-10  8.76E-10  1.089E+00  6.37E-01  8.2183E-02  2.435E-03
  630  2.24E-09  3.65E-10  9.07E-10  1.089E+00  6.37E-01  8.2183E-02  2.439E-03
  635  2.96E-09  4.49E-10  9.10E-10  1.089E+00  6.37E-01  8.2183E-02  2.444E-03
  640  2.56E-09  4.95E-10  8.94E-10  1.089E+00  6.37E-01  8.2183E-02  2.446E-03
  645  2.29E-09  3.96E-10  8.07E-10  1.089E+00  6.37E-01  8.2183E-02  2.450E-03
  650  3.07E-09  4.74E-10  6.27E-10  1.089E+00  6.37E-01  8.2183E-02  2.453E-03
  655  1.98E-09  3.32E-10  6.74E-10  1.089E+00  6.37E-01  8.2183E-02  2.456E-03
  660  2.13E-09  2.89E-10  6.60E-10  1.089E+00  6.37E-01  8.2183E-02  2.461E-03
  665  2.57E-09  4.63E-10  6.86E-10  1.089E+00  6.37E-01  8.2183E-02  2.464E-03
  670  1.77E-09  3.12E-10  6.09E-10  1.089E+00  6.37E-01  8.2183E-02  2.467E-03
  675  2.35E-09  3.65E-10  5.09E-10  1.089E+00  6.37E-01  8.2183E-02  2.470E-03
  680  2.25E-09  3.55E-10  5.26E-10  1.089E+00  6.37E-01  8.2183E-02  2.473E-03
  685  1.47E-09  2.02E-10  5.29E-10  1.089E+00  6.37E-01  8.2183E-02  2.478E-03
  690  2.28E-09  4.36E-10  5.40E-10  1.089E+00  6.37E-01  8.2183E-02  2.481E-03
  695  1.67E-09  3.13E-10  4.86E-10  1.089E+00  6.37E-01  8.2183E-02  2.485E-03
  700  1.56E-09  2.37E-10  4.07E-10  1.089E+00  6.37E-01  8.2183E-02  2.487E-03
  705  2.13E-09  3.46E-10  4.17E-10  1.089E+00  6.37E-01  8.2183E-02  2.490E-03
  710  1.21E-09  1.79E-10  4.16E-10  1.089E+00  6.37E-01  8.2183E-02  2.494E-03
  715  1.63E-09  2.99E-10  4.10E-10  1.089E+00  6.37E-01  8.2183E-02  2.495E-03
  720  1.68E-09  2.87E-10  3.89E-10  1.089E+00  6.37E-01  8.2183E-02  2.496E-03

  NS =   16 NO. FOURIER MODES =   72 FTOLV =  1.000E-09 NITER =   3000
  PROCESSOR COUNT - RADIAL:    1  VACUUM:    1

  ITER    FSQR      FSQZ      FSQL    RAX(v=0)    DELT        WMHD      DEL-BSQ

    1  1.93E+00  3.09E-01  4.68E-05  1.089E+00  9.00E-01  8.2184E-02  2.497E-03
    2  3.74E-03  1.65E-02  3.17E-04  1.088E+00  9.00E-01  7.1806E-02  3.133E-01
    3  8.75E-03  7.30E-02  1.07E-03  1.087E+00  9.00E-01  6.8703E-02  4.396E-01
    4  1.86E-02  1.65E-01  3.47E-03  1.086E+00  9.00E-01  7.1301E-02  2.957E-01
    5  4.45E-02  4.57E-01  6.78E-03  1.088E+00  9.00E-01  7.9250E-02  1.225E-01
    6  1.01E-01  6.33E-01  2.23E-02  1.088E+00  9.00E-01  8.8387E-02  1.426E-01
    7  1.92E-01  3.93E-01  3.44E-02  1.095E+00  9.00E-01  9.5409E-02  2.103E-01
    8  1.35E-01  1.40E-01  4.85E-02  1.087E+00  9.00E-01  9.1692E-02  1.891E-01
    9  1.23E-01  2.35E-01  2.05E-02  1.083E+00  9.00E-01  8.4116E-02  1.502E-01
   10  1.41E-01  3.56E-01  2.66E-02  1.085E+00  9.00E-01  7.8256E-02  1.420E-01
   11  1.03E-01  2.45E-01  1.53E-02  1.084E+00  9.00E-01  7.5304E-02  2.242E-01
   12  8.10E-02  1.83E-01  2.66E-02  1.085E+00  9.00E-01  7.6564E-02  1.885E-01
   15  1.29E-01  1.01E-01  1.83E-02  1.086E+00  9.00E-01  8.7948E-02  1.256E-01
   20  8.52E-02  7.43E-02  1.92E-02  1.088E+00  9.00E-01  7.8967E-02  1.554E-01
   25  4.48E-02  3.23E-02  7.98E-03  1.091E+00  9.00E-01  8.4116E-02  8.909E-02
   30  9.22E-02  1.01E-01  4.67E-03  1.093E+00  9.00E-01  8.2207E-02  7.421E-02
   35  5.21E-02  5.24E-02  3.69E-03  1.092E+00  9.00E-01  8.1755E-02  5.878E-02
   40  1.35E-01  2.28E-01  5.18E-03  1.093E+00  9.00E-01  8.3203E-02  4.108E-02
   45  9.54E-02  1.09E-01  6.35E-03  1.090E+00  9.00E-01  8.2020E-02  4.510E-02
   50  4.31E-02  3.83E-02  1.70E-03  1.091E+00  9.00E-01  8.2568E-02  3.891E-02
   55  4.62E-01  1.16E+00  9.21E-03  1.094E+00  9.00E-01  8.2565E-02  6.549E-02
   60  1.32E+00  9.99E-01  8.27E-02  1.086E+00  9.00E-01  8.4367E-02  1.298E-01
   65  3.21E-03  1.12E-02  4.16E-04  1.088E+00  8.10E-01  7.1806E-02  3.133E-01
   70  6.08E-02  2.08E-02  3.93E-03  1.090E+00  8.10E-01  8.3962E-02  9.832E-02
   75  4.97E-02  1.36E-02  4.17E-03  1.091E+00  8.10E-01  8.5055E-02  9.296E-02
   80  1.28E-02  9.49E-03  1.96E-03  1.089E+00  8.10E-01  7.9052E-02  8.594E-02
   85  1.65E-02  4.44E-03  1.16E-03  1.089E+00  8.10E-01  8.3364E-02  5.457E-02
   90  6.02E-03  2.73E-03  5.82E-04  1.090E+00  8.10E-01  8.2480E-02  3.374E-02
   95  4.66E-03  1.32E-03  4.48E-04  1.089E+00  8.10E-01  8.1757E-02  2.974E-02
  100  3.17E-03  6.69E-04  2.40E-04  1.090E+00  8.10E-01  8.2552E-02  2.262E-02
  105  1.32E-03  4.94E-04  1.22E-04  1.089E+00  8.10E-01  8.1956E-02  1.481E-02
  110  6.89E-04  2.57E-04  6.88E-05  1.089E+00  8.10E-01  8.2315E-02  9.248E-03
  115  5.50E-04  1.83E-04  3.90E-05  1.089E+00  8.10E-01  8.2131E-02  7.485E-03
  120  1.91E-04  7.13E-05  1.89E-05  1.089E+00  8.10E-01  8.2205E-02  5.536E-03
  125  1.10E-04  3.60E-05  1.33E-05  1.089E+00  8.10E-01  8.2169E-02  4.210E-03
  130  1.40E-04  3.21E-05  1.19E-05  1.089E+00  8.10E-01  8.2201E-02  4.194E-03
  135  5.87E-05  1.72E-05  6.83E-06  1.089E+00  8.10E-01  8.2154E-02  3.430E-03
  140  2.35E-05  7.80E-06  3.44E-06  1.089E+00  8.10E-01  8.2209E-02  2.951E-03
  145  2.17E-05  5.43E-06  1.81E-06  1.089E+00  8.10E-01  8.2155E-02  2.513E-03
  150  9.80E-06  2.55E-06  6.74E-07  1.089E+00  8.10E-01  8.2201E-02  2.236E-03
  155  4.30E-06  1.27E-06  3.04E-07  1.089E+00  8.10E-01  8.2167E-02  2.020E-03
  160  3.08E-06  6.66E-07  1.79E-07  1.089E+00  8.10E-01  8.2189E-02  1.932E-03
  165  1.36E-06  3.85E-07  1.08E-07  1.089E+00  8.10E-01  8.2178E-02  1.907E-03
  170  6.38E-07  1.98E-07  6.66E-08  1.089E+00  8.10E-01  8.2182E-02  1.883E-03
  175  4.50E-07  1.26E-07  4.37E-08  1.089E+00  8.10E-01  8.2181E-02  1.865E-03
  180  2.26E-07  5.74E-08  1.78E-08  1.089E+00  8.10E-01  8.2180E-02  1.855E-03
  185  1.08E-07  2.98E-08  8.72E-09  1.089E+00  8.10E-01  8.2182E-02  1.849E-03
  190  6.83E-08  1.41E-08  5.03E-09  1.089E+00  8.10E-01  8.2180E-02  1.841E-03
  195  4.29E-08  8.32E-09  3.68E-09  1.089E+00  8.10E-01  8.2181E-02  1.840E-03
  200  2.47E-08  5.38E-09  2.22E-09  1.089E+00  8.10E-01  8.2181E-02  1.832E-03
  205  1.48E-08  3.57E-09  1.51E-09  1.089E+00  8.10E-01  8.2181E-02  1.831E-03
  210  9.81E-09  1.94E-09  1.23E-09  1.089E+00  8.10E-01  8.2181E-02  1.824E-03
  215  8.06E-09  1.23E-09  9.60E-10  1.089E+00  8.10E-01  8.2181E-02  1.820E-03
  220  7.44E-09  8.76E-10  8.67E-10  1.089E+00  8.10E-01  8.2181E-02  1.816E-03
  225  6.30E-09  6.77E-10  7.40E-10  1.089E+00  8.10E-01  8.2181E-02  1.811E-03
  230  5.12E-09  5.18E-10  6.75E-10  1.089E+00  8.10E-01  8.2181E-02  1.806E-03
  235  4.21E-09  4.34E-10  6.13E-10  1.089E+00  8.10E-01  8.2181E-02  1.799E-03
  240  3.63E-09  4.10E-10  5.39E-10  1.089E+00  8.10E-01  8.2181E-02  1.794E-03
  245  3.32E-09  3.58E-10  5.05E-10  1.089E+00  8.10E-01  8.2181E-02  1.786E-03
  250  2.93E-09  2.82E-10  4.61E-10  1.089E+00  8.10E-01  8.2181E-02  1.779E-03
  255  3.01E-09  2.36E-10  4.20E-10  1.089E+00  8.10E-01  8.2181E-02  1.770E-03
  260  2.57E-09  2.13E-10  4.07E-10  1.089E+00  8.10E-01  8.2181E-02  1.762E-03
  265  2.53E-09  1.96E-10  3.65E-10  1.089E+00  8.10E-01  8.2181E-02  1.752E-03
  270  2.31E-09  1.60E-10  3.62E-10  1.089E+00  8.10E-01  8.2181E-02  1.743E-03
  275  2.39E-09  1.50E-10  3.53E-10  1.089E+00  8.10E-01  8.2181E-02  1.734E-03
  280  2.25E-09  1.37E-10  3.38E-10  1.089E+00  8.10E-01  8.2181E-02  1.724E-03
  285  2.16E-09  1.40E-10  3.15E-10  1.089E+00  8.10E-01  8.2181E-02  1.714E-03
  290  2.19E-09  1.34E-10  2.98E-10  1.089E+00  8.10E-01  8.2181E-02  1.704E-03
  295  2.09E-09  1.39E-10  3.06E-10  1.089E+00  8.10E-01  8.2181E-02  1.694E-03
  300  2.16E-09  1.32E-10  2.82E-10  1.088E+00  8.10E-01  8.2181E-02  1.685E-03
  305  2.06E-09  1.35E-10  2.85E-10  1.088E+00  8.10E-01  8.2181E-02  1.675E-03
  310  1.94E-09  1.19E-10  2.65E-10  1.088E+00  8.10E-01  8.2181E-02  1.666E-03
  315  1.87E-09  1.28E-10  2.50E-10  1.088E+00  8.10E-01  8.2181E-02  1.656E-03
  320  1.82E-09  1.16E-10  2.31E-10  1.088E+00  8.10E-01  8.2181E-02  1.647E-03
  325  1.81E-09  1.15E-10  2.30E-10  1.088E+00  8.10E-01  8.2181E-02  1.639E-03
  330  1.72E-09  1.02E-10  2.22E-10  1.088E+00  8.10E-01  8.2181E-02  1.630E-03
  335  1.60E-09  1.10E-10  2.31E-10  1.088E+00  8.10E-01  8.2181E-02  1.622E-03
  340  1.46E-09  1.05E-10  2.08E-10  1.088E+00  8.10E-01  8.2181E-02  1.614E-03
  345  1.33E-09  9.81E-11  2.02E-10  1.088E+00  8.10E-01  8.2181E-02  1.605E-03
  350  1.29E-09  9.41E-11  1.76E-10  1.088E+00  8.10E-01  8.2181E-02  1.597E-03
  355  1.25E-09  7.81E-11  1.83E-10  1.088E+00  8.10E-01  8.2181E-02  1.589E-03
  360  1.11E-09  8.38E-11  1.72E-10  1.087E+00  8.10E-01  8.2181E-02  1.583E-03
  365  9.71E-10  7.45E-11  1.86E-10  1.087E+00  8.10E-01  8.2181E-02  1.576E-03

  NS =   31 NO. FOURIER MODES =   72 FTOLV =  1.000E-09 NITER =   3000
  PROCESSOR COUNT - RADIAL:    1  VACUUM:    1

  ITER    FSQR      FSQZ      FSQL    RAX(v=0)    DELT        WMHD      DEL-BSQ

    1  3.37E+00  5.62E-01  5.78E-06  1.087E+00  9.00E-01  8.2181E-02  1.576E-03
    2  2.49E-03  8.57E-03  1.19E-04  1.087E+00  9.00E-01  7.5910E-02  1.762E-01
    3  4.78E-03  2.13E-02  4.59E-04  1.086E+00  9.00E-01  7.2923E-02  2.829E-01
    4  6.62E-03  3.26E-02  8.29E-04  1.086E+00  9.00E-01  7.2856E-02  2.605E-01
    5  1.13E-02  7.41E-02  1.01E-03  1.086E+00  9.00E-01  7.5448E-02  1.715E-01
    6  1.83E-02  1.05E-01  1.92E-03  1.086E+00  9.00E-01  7.9681E-02  7.989E-02
    7  2.37E-02  1.31E-01  3.72E-03  1.089E+00  9.00E-01  8.4664E-02  5.665E-02
    8  2.51E-02  1.30E-01  2.84E-03  1.088E+00  9.00E-01  8.8077E-02  1.263E-01
    9  2.43E-02  6.36E-02  2.44E-03  1.089E+00  9.00E-01  8.9290E-02  1.519E-01
   10  1.33E-02  1.76E-02  1.73E-03  1.087E+00  9.00E-01  8.7577E-02  1.161E-01
   11  4.62E-03  6.46E-03  1.11E-03  1.087E+00  9.00E-01  8.4379E-02  5.632E-02
   12  8.81E-03  3.04E-02  8.95E-04  1.087E+00  9.00E-01  8.1168E-02  4.866E-02
   15  1.02E-02  5.08E-02  1.21E-03  1.087E+00  9.00E-01  7.8511E-02  1.006E-01
   20  6.40E-03  1.95E-02  1.11E-03  1.087E+00  9.00E-01  8.4825E-02  6.666E-02
   25  3.20E-03  1.05E-02  4.03E-04  1.088E+00  9.00E-01  8.0528E-02  4.244E-02
   30  2.24E-03  7.64E-03  3.93E-04  1.088E+00  9.00E-01  8.3246E-02  2.967E-02
   35  4.89E-04  3.10E-04  9.95E-05  1.088E+00  9.00E-01  8.1573E-02  1.799E-02
   40  5.13E-04  2.20E-03  5.56E-05  1.088E+00  9.00E-01  8.2570E-02  1.142E-02
   45  1.52E-04  1.17E-04  1.71E-05  1.088E+00  9.00E-01  8.1993E-02  6.506E-03
   50  1.19E-04  4.21E-04  1.26E-05  1.088E+00  9.00E-01  8.2286E-02  4.953E-03
   55  1.45E-04  8.79E-04  1.50E-05  1.088E+00  9.00E-01  8.2156E-02  4.764E-03
   60  2.43E-04  1.85E-03  2.49E-05  1.088E+00  9.00E-01  8.2185E-02  4.378E-03
   65  7.49E-04  5.88E-03  7.39E-05  1.088E+00  9.00E-01  8.2215E-02  5.936E-03
   70  2.56E-03  2.06E-02  2.73E-04  1.088E+00  9.00E-01  8.2157E-02  8.901E-03
   75  6.00E-03  4.51E-02  6.07E-04  1.088E+00  9.00E-01  8.2278E-02  1.283E-02
   80  2.59E-03  1.82E-02  2.59E-04  1.087E+00  9.00E-01  8.2176E-02  8.825E-03
   85  5.79E-04  3.87E-03  5.62E-05  1.087E+00  9.00E-01  8.2181E-02  4.667E-03
   90  5.85E-04  4.01E-03  5.84E-05  1.088E+00  9.00E-01  8.2213E-02  4.516E-03
   95  2.05E-04  1.43E-03  2.11E-05  1.088E+00  9.00E-01  8.2189E-02  2.997E-03
  100  2.46E-04  1.75E-03  2.47E-05  1.088E+00  9.00E-01  8.2190E-02  3.050E-03
  105  2.17E-05  1.42E-04  2.07E-06  1.088E+00  9.00E-01  8.2182E-02  1.798E-03
  110  1.58E-06  1.29E-06  1.43E-07  1.088E+00  9.00E-01  8.2189E-02  1.544E-03
  115  2.40E-06  1.39E-05  2.04E-07  1.088E+00  9.00E-01  8.2180E-02  1.503E-03
  120  1.28E-05  9.95E-05  1.22E-06  1.088E+00  9.00E-01  8.2187E-02  1.634E-03
  125  8.52E-05  6.69E-04  8.07E-06  1.088E+00  9.00E-01  8.2177E-02  2.288E-03
  130  1.29E-06  2.68E-07  1.17E-07  1.088E+00  8.74E-01  8.2186E-02  1.525E-03
  135  2.81E-06  4.17E-07  5.16E-08  1.088E+00  8.74E-01  8.2183E-02  1.439E-03
  140  2.31E-07  1.52E-07  3.84E-08  1.088E+00  8.74E-01  8.2185E-02  1.396E-03
  145  5.19E-07  6.20E-08  2.98E-08  1.088E+00  8.74E-01  8.2182E-02  1.389E-03
  150  2.89E-07  5.48E-08  1.79E-08  1.088E+00  8.74E-01  8.2183E-02  1.399E-03
  155  2.38E-07  4.03E-08  1.84E-08  1.088E+00  8.74E-01  8.2182E-02  1.410E-03
  160  2.41E-07  2.43E-08  1.05E-08  1.088E+00  8.74E-01  8.2182E-02  1.412E-03
  165  1.88E-07  1.53E-08  1.16E-08  1.088E+00  8.74E-01  8.2181E-02  1.405E-03
  170  1.49E-07  1.43E-08  8.96E-09  1.088E+00  8.74E-01  8.2181E-02  1.393E-03
  175  1.56E-07  9.11E-09  7.80E-09  1.088E+00  8.74E-01  8.2180E-02  1.369E-03
  180  3.15E-08  4.65E-09  6.32E-09  1.088E+00  8.74E-01  8.2181E-02  1.345E-03
  185  2.65E-08  3.22E-09  5.12E-09  1.088E+00  8.74E-01  8.2180E-02  1.320E-03
  190  2.16E-08  2.02E-09  4.21E-09  1.088E+00  8.74E-01  8.2180E-02  1.296E-03
  195  1.76E-08  2.06E-09  3.53E-09  1.088E+00  8.74E-01  8.2180E-02  1.271E-03
  200  1.39E-08  1.52E-09  2.64E-09  1.088E+00  8.74E-01  8.2180E-02  1.247E-03
  205  1.11E-08  1.07E-09  2.13E-09  1.088E+00  8.74E-01  8.2180E-02  1.226E-03
  210  8.91E-09  1.09E-09  1.57E-09  1.087E+00  8.74E-01  8.2180E-02  1.207E-03
  215  7.67E-09  6.97E-10  1.20E-09  1.087E+00  8.74E-01  8.2180E-02  1.192E-03
  220  6.27E-09  6.23E-10  9.96E-10  1.087E+00  8.74E-01  8.2180E-02  1.179E-03
  225  5.77E-09  5.81E-10  7.38E-10  1.087E+00  8.74E-01  8.2180E-02  1.167E-03
  230  4.55E-09  4.04E-10  7.04E-10  1.087E+00  8.74E-01  8.2180E-02  1.156E-03
  235  4.25E-09  4.27E-10  6.04E-10  1.087E+00  8.74E-01  8.2180E-02  1.146E-03
  240  3.61E-09  3.96E-10  5.79E-10  1.087E+00  8.74E-01  8.2180E-02  1.135E-03
  245  3.27E-09  3.51E-10  5.41E-10  1.087E+00  8.74E-01  8.2180E-02  1.123E-03
  250  3.12E-09  3.94E-10  5.08E-10  1.087E+00  8.74E-01  8.2180E-02  1.110E-03
  255  2.87E-09  3.40E-10  4.74E-10  1.087E+00  8.74E-01  8.2180E-02  1.094E-03
  260  2.81E-09  3.12E-10  4.40E-10  1.087E+00  8.74E-01  8.2180E-02  1.076E-03
  265  2.87E-09  3.20E-10  3.93E-10  1.087E+00  8.74E-01  8.2180E-02  1.058E-03
  270  2.79E-09  2.96E-10  3.76E-10  1.087E+00  8.74E-01  8.2180E-02  1.040E-03
  275  3.02E-09  3.00E-10  3.43E-10  1.087E+00  8.74E-01  8.2180E-02  1.023E-03
  280  2.95E-09  2.99E-10  3.15E-10  1.087E+00  8.74E-01  8.2180E-02  1.009E-03
  285  2.89E-09  2.61E-10  3.17E-10  1.087E+00  8.74E-01  8.2180E-02  9.971E-04
  290  2.79E-09  2.59E-10  2.99E-10  1.087E+00  8.74E-01  8.2180E-02  9.868E-04
  295  2.54E-09  2.60E-10  2.87E-10  1.087E+00  8.74E-01  8.2180E-02  9.780E-04
  300  2.38E-09  2.25E-10  2.83E-10  1.087E+00  8.74E-01  8.2180E-02  9.699E-04
  305  2.22E-09  2.42E-10  2.71E-10  1.087E+00  8.74E-01  8.2180E-02  9.631E-04
  310  1.99E-09  2.17E-10  2.68E-10  1.087E+00  8.74E-01  8.2180E-02  9.561E-04
  315  1.90E-09  1.84E-10  2.45E-10  1.087E+00  8.74E-01  8.2180E-02  9.480E-04
  320  1.81E-09  1.79E-10  2.27E-10  1.087E+00  8.74E-01  8.2180E-02  9.395E-04
  325  1.69E-09  1.68E-10  2.11E-10  1.087E+00  8.74E-01  8.2180E-02  9.309E-04
  330  1.54E-09  1.74E-10  2.05E-10  1.086E+00  8.74E-01  8.2180E-02  9.229E-04
  335  1.42E-09  1.76E-10  1.95E-10  1.086E+00  8.74E-01  8.2180E-02  9.164E-04
  340  1.41E-09  1.47E-10  1.81E-10  1.086E+00  8.74E-01  8.2180E-02  9.106E-04
  345  1.35E-09  1.33E-10  1.73E-10  1.086E+00  8.74E-01  8.2180E-02  9.059E-04
  350  1.27E-09  1.32E-10  1.61E-10  1.086E+00  8.74E-01  8.2180E-02  9.025E-04
  355  1.16E-09  1.17E-10  1.60E-10  1.086E+00  8.74E-01  8.2180E-02  9.003E-04
  360  1.05E-09  1.09E-10  1.50E-10  1.086E+00  8.74E-01  8.2180E-02  8.991E-04
  365  9.92E-10  1.08E-10  1.43E-10  1.086E+00  8.74E-01  8.2180E-02  8.983E-04

 EXECUTION TERMINATED NORMALLY

 FILE : quasr29346_8-16-31
 NUMBER OF JACOBIAN RESETS =    0

    TOTAL COMPUTATIONAL TIME (SEC)         5.91
    TIME TO INPUT/OUTPUT                   0.06
       READ IN DATA                        0.04
       WRITE OUT DATA TO WOUT              0.02
    TIME IN FUNCT3D                        5.76
       BCOVAR FIELDS                       0.36
       FOURIER TRANSFORM                   0.50
       INVERSE FOURIER TRANSFORM           0.54
       FORCES AND SYMMETRIZE               0.47
       RESIDUE                             0.35
       EQFORCE                             0.00
       FREE BOUNDARY (VACUUM)              3.19
          VACUUM SURFACE                   0.13
          VACUUM BEXTERN                   0.28
          VACUUM SCALPOT                   2.62
             ANALYT                        1.04
                ASUM                       0.02
                ASUM2                      0.46
                ALLREDUCE                  0.00
             GREENF                        0.49
             FOURP                         0.48
             ALLREDUCE                     0.00
             ALLGATHER                     0.00
             FOURI                         0.41
          VACUUM ALLGATHER                 0.00
          VACUUM SOLVER                    0.03

 NO. OF PROCS:     1
 PARVMEC     :     T
 LPRECOND    :     F
 LV3FITCALL  :     F
