need to flip theta definition of input boundary shape

 NS = 8   NO. FOURIER MODES = 72   FTOLV = 1.000e-09   NITER = 3000

 ITER |    FSQR     FSQZ     FSQL    |    fsqr     fsqz      fsql   |   DELT   |  RAX(v=0) |    W_MHD   |   <BETA>   |  <M>  |  DELBSQ
------+------------------------------+------------------------------+----------+-----------+------------+------------+-------+----------
 INITIAL JACOBIAN CHANGED SIGN!
 TRYING TO IMPROVE INITIAL MAGNETIC AXIS GUESS
    1 | 4.24e-02  3.42e-02  5.12e-02 | 2.87e-04  4.46e-04  3.68e-03 | 9.00e-01 | 1.079e+00 | 8.4499e-02 | 0.0000e+00 | 1.238 | 0.000e+00
    2 | 2.87e-02  3.13e-02  1.94e-02 | 4.42e-05  1.25e-04  7.84e-04 | 9.00e-01 | 1.080e+00 | 8.2833e-02 | 0.0000e+00 | 1.239 | 0.000e+00
    3 | 3.99e-02  1.33e-02  1.03e-02 | 7.75e-05  3.00e-04  1.09e-03 | 9.00e-01 | 1.082e+00 | 8.2554e-02 | 0.0000e+00 | 1.242 | 0.000e+00
    4 | 5.52e-02  2.13e-02  3.12e-02 | 1.45e-04  3.53e-04  2.14e-03 | 9.00e-01 | 1.084e+00 | 8.3232e-02 | 0.0000e+00 | 1.244 | 0.000e+00
    5 | 3.86e-02  1.18e-02  2.82e-02 | 7.74e-05  1.72e-04  1.57e-03 | 9.00e-01 | 1.085e+00 | 8.3263e-02 | 0.0000e+00 | 1.245 | 0.000e+00
    6 | 2.75e-02  1.05e-02  1.31e-02 | 5.66e-05  2.80e-04  1.16e-03 | 9.00e-01 | 1.084e+00 | 8.2801e-02 | 0.0000e+00 | 1.244 | 0.000e+00
    7 | 2.83e-02  8.61e-03  8.06e-03 | 2.28e-05  1.54e-04  1.13e-03 | 9.00e-01 | 1.082e+00 | 8.2462e-02 | 0.0000e+00 | 1.240 | 0.000e+00
    8 | 2.69e-02  1.06e-02  1.48e-02 | 2.60e-05  1.20e-04  1.19e-03 | 9.00e-01 | 1.081e+00 | 8.2592e-02 | 0.0000e+00 | 1.237 | 0.000e+00
    9 | 3.20e-02  1.19e-02  1.33e-02 | 3.40e-05  1.88e-04  1.04e-03 | 9.00e-01 | 1.083e+00 | 8.2687e-02 | 0.0000e+00 | 1.236 | 0.000e+00
   10 | 1.92e-02  7.74e-03  9.26e-03 | 1.95e-05  8.60e-05  7.73e-04 | 9.00e-01 | 1.085e+00 | 8.2561e-02 | 0.0000e+00 | 1.239 | 0.000e+00
   11 | 2.50e-02  8.22e-03  1.05e-02 | 2.24e-05  5.11e-05  7.09e-04 | 9.00e-01 | 1.087e+00 | 8.2478e-02 | 0.0000e+00 | 1.241 | 0.000e+00
   12 | 1.28e-02  5.97e-03  7.59e-03 | 9.02e-06  5.80e-05  8.13e-04 | 9.00e-01 | 1.088e+00 | 8.2372e-02 | 0.0000e+00 | 1.241 | 0.000e+00
   15 | 1.72e-02  5.33e-03  6.46e-03 | 1.47e-05  2.57e-05  4.34e-04 | 9.00e-01 | 1.086e+00 | 8.2383e-02 | 0.0000e+00 | 1.305 | 0.000e+00
   20 | 1.03e-02  3.56e-03  2.98e-03 | 6.95e-06  1.92e-05  1.98e-04 | 9.00e-01 | 1.087e+00 | 8.2259e-02 | 0.0000e+00 | 1.295 | 0.000e+00
   25 | 6.82e-03  2.15e-03  2.41e-03 | 2.16e-06  2.06e-05  1.23e-04 | 9.00e-01 | 1.088e+00 | 8.2231e-02 | 0.0000e+00 | 1.297 | 0.000e+00
   30 | 3.82e-03  1.27e-03  1.11e-03 | 1.28e-06  3.62e-06  7.43e-05 | 9.00e-01 | 1.089e+00 | 8.2199e-02 | 0.0000e+00 | 1.298 | 0.000e+00
   35 | 1.99e-03  7.56e-04  6.61e-04 | 5.74e-07  2.66e-06  4.74e-05 | 9.00e-01 | 1.088e+00 | 8.2191e-02 | 0.0000e+00 | 1.293 | 0.000e+00
   40 | 1.24e-03  3.36e-04  3.23e-04 | 3.74e-07  1.02e-06  1.19e-05 | 9.00e-01 | 1.088e+00 | 8.2183e-02 | 0.0000e+00 | 1.298 | 0.000e+00
   45 | 9.33e-04  1.91e-04  2.73e-04 | 2.34e-07  4.46e-07  5.91e-06 | 9.00e-01 | 1.088e+00 | 8.2181e-02 | 0.0000e+00 | 1.296 | 0.000e+00

2*pi * a * -BPOL(vac) =   1.48e-07 MA       R * BTOR(vacuum) =   6.17e-01
     TOROIDAL CURRENT =  -2.77e-17 MA       R * BTOR(plasma) =   6.18e-01
VACUUM PRESSURE TURNED ON AT   47 ITERATIONS

   50 | 1.02e-01  2.89e-01  1.47e-04 | 7.49e-05  1.01e-02  2.51e-06 | 8.10e-01 | 1.088e+00 | 8.2179e-02 | 0.0000e+00 | 1.298 | 1.411e-02
   55 | 2.42e-01  9.49e-01  1.27e-01 | 3.63e-04  2.67e-02  3.10e-03 | 8.10e-01 | 1.091e+00 | 8.3635e-02 | 0.0000e+00 | 1.298 | 1.881e-01
   60 | 1.67e-01  1.65e-01  1.16e-01 | 1.26e-04  3.81e-03  1.54e-03 | 8.10e-01 | 1.089e+00 | 8.3592e-02 | 0.0000e+00 | 1.298 | 2.359e-01
   65 | 1.05e-01  7.54e-02  7.07e-02 | 5.00e-05  1.67e-03  6.32e-04 | 8.10e-01 | 1.094e+00 | 8.3917e-02 | 0.0000e+00 | 1.691 | 1.792e-01
   70 | 4.87e-01  7.23e-01  4.28e-02 | 1.19e-03  1.02e-02  8.72e-04 | 7.86e-01 | 1.099e+00 | 8.4221e-02 | 0.0000e+00 | 1.686 | 1.606e-01
   75 | 4.80e-01  1.09e+00  4.16e-02 | 1.83e-03  1.58e-02  9.91e-04 | 7.86e-01 | 1.097e+00 | 8.4468e-02 | 0.0000e+00 | 1.688 | 1.520e-01
   80 | 5.51e-01  7.92e-01  5.48e-02 | 1.59e-03  9.47e-03  8.34e-04 | 7.86e-01 | 1.098e+00 | 8.3113e-02 | 0.0000e+00 | 1.688 | 1.627e-01
   85 | 3.72e-01  4.66e-01  4.98e-02 | 1.41e-03  7.76e-03  6.28e-04 | 7.64e-01 | 1.097e+00 | 8.4239e-02 | 0.0000e+00 | 1.688 | 1.254e-01
   90 | 1.59e-01  1.83e-01  1.30e-02 | 3.99e-04  2.08e-03  1.91e-04 | 7.64e-01 | 1.098e+00 | 8.2430e-02 | 0.0000e+00 | 1.686 | 9.505e-02
   95 | 1.12e-01  1.76e-01  1.51e-02 | 4.67e-04  1.92e-03  9.94e-05 | 7.41e-01 | 1.099e+00 | 8.2310e-02 | 0.0000e+00 | 1.448 | 7.154e-02
  100 | 1.75e-01  2.13e-01  3.26e-03 | 1.11e-03  3.88e-03  2.29e-04 | 7.41e-01 | 1.100e+00 | 8.2863e-02 | 0.0000e+00 | 1.448 | 5.500e-02
  105 | 8.22e-02  1.05e-01  2.98e-03 | 3.60e-04  1.41e-03  1.06e-04 | 7.41e-01 | 1.101e+00 | 8.2867e-02 | 0.0000e+00 | 1.447 | 4.282e-02
  110 | 6.61e-02  7.37e-02  1.85e-03 | 3.82e-04  1.28e-03  8.71e-05 | 7.20e-01 | 1.102e+00 | 8.2413e-02 | 0.0000e+00 | 1.334 | 3.471e-02
  115 | 7.06e-02  7.54e-02  1.43e-03 | 4.59e-04  1.44e-03  9.97e-05 | 7.20e-01 | 1.102e+00 | 8.2460e-02 | 0.0000e+00 | 1.334 | 2.692e-02
  120 | 1.93e-02  2.15e-02  4.89e-04 | 8.85e-05  3.00e-04  1.85e-05 | 7.20e-01 | 1.102e+00 | 8.2278e-02 | 0.0000e+00 | 1.305 | 2.035e-02
  125 | 1.76e-02  2.09e-02  3.84e-04 | 1.04e-04  3.73e-04  2.44e-05 | 6.99e-01 | 1.102e+00 | 8.2324e-02 | 0.0000e+00 | 1.305 | 1.706e-02
  130 | 1.07e-02  1.02e-02  1.91e-04 | 6.65e-05  1.68e-04  1.09e-05 | 6.99e-01 | 1.102e+00 | 8.2289e-02 | 0.0000e+00 | 1.305 | 1.577e-02
  135 | 6.80e-03  6.61e-03  1.13e-04 | 3.38e-05  1.07e-04  6.24e-06 | 6.78e-01 | 1.101e+00 | 8.2235e-02 | 0.0000e+00 | 1.270 | 1.345e-02
  140 | 3.94e-03  3.97e-03  5.88e-05 | 2.41e-05  6.71e-05  4.69e-06 | 6.78e-01 | 1.102e+00 | 8.2253e-02 | 0.0000e+00 | 1.270 | 1.223e-02
  145 | 2.52e-03  2.92e-03  3.61e-05 | 1.55e-05  5.29e-05  3.60e-06 | 6.78e-01 | 1.102e+00 | 8.2236e-02 | 0.0000e+00 | 1.270 | 1.126e-02
  150 | 1.51e-03  1.38e-03  2.74e-05 | 8.42e-06  2.14e-05  1.36e-06 | 6.78e-01 | 1.102e+00 | 8.2236e-02 | 0.0000e+00 | 1.261 | 1.007e-02
  155 | 7.64e-04  8.35e-04  9.61e-06 | 4.70e-06  1.54e-05  9.71e-07 | 6.78e-01 | 1.101e+00 | 8.2211e-02 | 0.0000e+00 | 1.253 | 9.355e-03
  160 | 3.14e-04  2.86e-04  5.19e-06 | 1.81e-06  4.94e-06  3.65e-07 | 6.78e-01 | 1.101e+00 | 8.2216e-02 | 0.0000e+00 | 1.250 | 8.468e-03
  165 | 1.54e-04  1.83e-04  3.43e-06 | 8.30e-07  2.85e-06  1.69e-07 | 6.78e-01 | 1.101e+00 | 8.2208e-02 | 0.0000e+00 | 1.247 | 7.983e-03
  170 | 6.28e-05  8.38e-05  1.74e-06 | 3.24e-07  1.31e-06  7.45e-08 | 6.78e-01 | 1.101e+00 | 8.2202e-02 | 0.0000e+00 | 1.244 | 7.431e-03
  175 | 2.32e-05  3.69e-05  1.09e-06 | 1.14e-07  4.95e-07  2.81e-08 | 6.78e-01 | 1.101e+00 | 8.2199e-02 | 0.0000e+00 | 1.240 | 7.115e-03
  180 | 1.07e-05  1.65e-05  6.81e-07 | 5.06e-08  2.43e-07  1.34e-08 | 6.78e-01 | 1.101e+00 | 8.2199e-02 | 0.0000e+00 | 1.235 | 6.669e-03
  185 | 3.59e-06  2.69e-06  4.44e-07 | 1.50e-08  4.63e-08  7.22e-09 | 6.78e-01 | 1.101e+00 | 8.2196e-02 | 0.0000e+00 | 1.233 | 6.446e-03
  190 | 2.41e-06  3.22e-06  3.77e-07 | 1.87e-08  6.36e-08  8.76e-09 | 6.78e-01 | 1.100e+00 | 8.2194e-02 | 0.0000e+00 | 1.233 | 6.217e-03
  195 | 2.94e-06  2.34e-06  3.13e-07 | 1.34e-08  4.36e-08  5.43e-09 | 6.78e-01 | 1.100e+00 | 8.2194e-02 | 0.0000e+00 | 1.228 | 5.970e-03
  200 | 1.60e-06  1.55e-06  2.76e-07 | 1.17e-08  2.80e-08  4.55e-09 | 6.78e-01 | 1.100e+00 | 8.2193e-02 | 0.0000e+00 | 1.228 | 5.811e-03
  205 | 9.19e-07  6.60e-07  2.34e-07 | 6.10e-09  1.52e-08  2.85e-09 | 6.78e-01 | 1.100e+00 | 8.2192e-02 | 0.0000e+00 | 1.225 | 5.638e-03
  210 | 5.60e-07  1.88e-07  2.16e-07 | 4.90e-09  7.11e-09  1.95e-09 | 6.78e-01 | 1.100e+00 | 8.2192e-02 | 0.0000e+00 | 1.220 | 5.501e-03
  215 | 4.84e-07  2.41e-07  1.94e-07 | 5.22e-09  7.27e-09  2.08e-09 | 6.78e-01 | 1.100e+00 | 8.2191e-02 | 0.0000e+00 | 1.220 | 5.370e-03
  220 | 5.34e-07  1.87e-07  1.77e-07 | 4.63e-09  7.12e-09  1.53e-09 | 6.78e-01 | 1.100e+00 | 8.2191e-02 | 0.0000e+00 | 1.216 | 5.229e-03
  225 | 3.71e-07  1.23e-07  1.59e-07 | 4.90e-09  5.64e-09  1.41e-09 | 6.78e-01 | 1.100e+00 | 8.2190e-02 | 0.0000e+00 | 1.214 | 5.091e-03
  230 | 3.42e-07  9.96e-08  1.35e-07 | 4.40e-09  5.02e-09  1.23e-09 | 6.78e-01 | 1.099e+00 | 8.2190e-02 | 0.0000e+00 | 1.210 | 4.946e-03
  235 | 3.03e-07  7.41e-08  1.20e-07 | 4.08e-09  4.81e-09  9.43e-10 | 6.78e-01 | 1.099e+00 | 8.2190e-02 | 0.0000e+00 | 1.207 | 4.805e-03
  240 | 2.22e-07  7.86e-08  9.96e-08 | 4.38e-09  4.37e-09  8.98e-10 | 6.78e-01 | 1.099e+00 | 8.2189e-02 | 0.0000e+00 | 1.204 | 4.650e-03
  245 | 2.17e-07  5.86e-08  8.47e-08 | 3.94e-09  4.11e-09  6.69e-10 | 6.78e-01 | 1.099e+00 | 8.2189e-02 | 0.0000e+00 | 1.200 | 4.491e-03
  250 | 1.83e-07  3.64e-08  6.97e-08 | 3.82e-09  3.71e-09  4.86e-10 | 6.78e-01 | 1.099e+00 | 8.2189e-02 | 0.0000e+00 | 1.196 | 4.341e-03
  255 | 1.22e-07  5.01e-08  5.67e-08 | 3.97e-09  3.62e-09  5.69e-10 | 6.78e-01 | 1.098e+00 | 8.2188e-02 | 0.0000e+00 | 1.194 | 4.196e-03
  260 | 1.28e-07  3.38e-08  4.85e-08 | 3.15e-09  3.53e-09  4.36e-10 | 6.78e-01 | 1.098e+00 | 8.2188e-02 | 0.0000e+00 | 1.189 | 4.068e-03
  265 | 1.07e-07  1.96e-08  3.81e-08 | 3.16e-09  2.74e-09  3.59e-10 | 6.78e-01 | 1.098e+00 | 8.2187e-02 | 0.0000e+00 | 1.186 | 3.932e-03
  270 | 7.49e-08  2.89e-08  3.40e-08 | 3.17e-09  2.91e-09  3.33e-10 | 6.78e-01 | 1.098e+00 | 8.2188e-02 | 0.0000e+00 | 1.186 | 3.803e-03
  275 | 7.91e-08  1.87e-08  2.73e-08 | 2.90e-09  2.66e-09  2.25e-10 | 6.78e-01 | 1.097e+00 | 8.2188e-02 | 0.0000e+00 | 1.179 | 3.683e-03
  280 | 6.74e-08  1.81e-08  2.17e-08 | 2.73e-09  2.47e-09  2.73e-10 | 6.78e-01 | 1.097e+00 | 8.2188e-02 | 0.0000e+00 | 1.176 | 3.584e-03
  285 | 6.10e-08  2.45e-08  1.87e-08 | 2.26e-09  2.76e-09  3.04e-10 | 6.78e-01 | 1.097e+00 | 8.2188e-02 | 0.0000e+00 | 1.174 | 3.497e-03
  290 | 6.76e-08  1.56e-08  1.64e-08 | 2.12e-09  2.05e-09  2.96e-10 | 6.78e-01 | 1.097e+00 | 8.2187e-02 | 0.0000e+00 | 1.170 | 3.400e-03
  295 | 6.20e-08  1.89e-08  1.44e-08 | 1.92e-09  2.26e-09  2.55e-10 | 6.78e-01 | 1.096e+00 | 8.2188e-02 | 0.0000e+00 | 1.167 | 3.311e-03
  300 | 5.95e-08  1.10e-08  1.20e-08 | 1.79e-09  1.91e-09  2.05e-10 | 6.78e-01 | 1.096e+00 | 8.2187e-02 | 0.0000e+00 | 1.165 | 3.237e-03
  305 | 6.26e-08  1.38e-08  9.59e-09 | 1.65e-09  1.89e-09  2.25e-10 | 6.78e-01 | 1.096e+00 | 8.2187e-02 | 0.0000e+00 | 1.163 | 3.187e-03
  310 | 6.58e-08  1.77e-08  9.88e-09 | 1.24e-09  2.04e-09  2.75e-10 | 6.78e-01 | 1.096e+00 | 8.2188e-02 | 0.0000e+00 | 1.160 | 3.152e-03
  315 | 6.49e-08  1.55e-08  1.09e-08 | 1.21e-09  1.49e-09  2.65e-10 | 6.78e-01 | 1.095e+00 | 8.2187e-02 | 0.0000e+00 | 1.158 | 3.110e-03
  320 | 6.35e-08  1.18e-08  8.21e-09 | 1.09e-09  1.59e-09  2.55e-10 | 6.78e-01 | 1.095e+00 | 8.2187e-02 | 0.0000e+00 | 1.158 | 3.066e-03
  325 | 6.50e-08  1.42e-08  8.14e-09 | 1.04e-09  1.42e-09  2.80e-10 | 6.78e-01 | 1.095e+00 | 8.2187e-02 | 0.0000e+00 | 1.154 | 3.027e-03
  330 | 6.70e-08  8.74e-09  7.14e-09 | 9.42e-10  1.30e-09  2.14e-10 | 6.78e-01 | 1.095e+00 | 8.2187e-02 | 0.0000e+00 | 1.151 | 2.995e-03
  335 | 6.66e-08  1.48e-08  8.14e-09 | 7.53e-10  1.40e-09  2.46e-10 | 6.78e-01 | 1.095e+00 | 8.2187e-02 | 0.0000e+00 | 1.149 | 2.959e-03
  340 | 6.14e-08  1.18e-08  8.36e-09 | 7.24e-10  1.05e-09  2.09e-10 | 6.78e-01 | 1.094e+00 | 8.2186e-02 | 0.0000e+00 | 1.147 | 2.910e-03
  345 | 5.98e-08  1.02e-08  7.17e-09 | 6.66e-10  1.16e-09  1.90e-10 | 6.78e-01 | 1.094e+00 | 8.2186e-02 | 0.0000e+00 | 1.147 | 2.867e-03
  350 | 6.29e-08  1.03e-08  7.66e-09 | 6.02e-10  9.96e-10  2.32e-10 | 6.78e-01 | 1.094e+00 | 8.2186e-02 | 0.0000e+00 | 1.143 | 2.823e-03
  355 | 5.87e-08  9.73e-09  7.82e-09 | 5.34e-10  9.87e-10  2.00e-10 | 6.78e-01 | 1.094e+00 | 8.2186e-02 | 0.0000e+00 | 1.141 | 2.789e-03
  360 | 5.44e-08  1.18e-08  8.24e-09 | 4.46e-10  9.86e-10  1.90e-10 | 6.78e-01 | 1.094e+00 | 8.2186e-02 | 0.0000e+00 | 1.139 | 2.753e-03
  365 | 4.91e-08  9.91e-09  7.36e-09 | 4.05e-10  8.42e-10  1.61e-10 | 6.78e-01 | 1.093e+00 | 8.2186e-02 | 0.0000e+00 | 1.137 | 2.705e-03
  370 | 4.66e-08  8.93e-09  6.74e-09 | 3.84e-10  8.79e-10  1.17e-10 | 6.78e-01 | 1.093e+00 | 8.2186e-02 | 0.0000e+00 | 1.136 | 2.666e-03
  375 | 5.65e-08  8.80e-09  6.60e-09 | 3.46e-10  7.84e-10  1.64e-10 | 6.78e-01 | 1.093e+00 | 8.2186e-02 | 0.0000e+00 | 1.134 | 2.629e-03
  380 | 5.13e-08  7.85e-09  7.28e-09 | 2.84e-10  7.63e-10  1.62e-10 | 6.78e-01 | 1.093e+00 | 8.2186e-02 | 0.0000e+00 | 1.133 | 2.596e-03
  385 | 4.58e-08  9.14e-09  6.52e-09 | 2.44e-10  7.28e-10  1.52e-10 | 6.78e-01 | 1.093e+00 | 8.2186e-02 | 0.0000e+00 | 1.131 | 2.583e-03
  390 | 4.28e-08  7.84e-09  5.74e-09 | 2.12e-10  6.23e-10  1.28e-10 | 6.78e-01 | 1.092e+00 | 8.2185e-02 | 0.0000e+00 | 1.130 | 2.547e-03
  395 | 4.01e-08  6.56e-09  6.25e-09 | 2.06e-10  6.09e-10  9.23e-11 | 6.78e-01 | 1.092e+00 | 8.2185e-02 | 0.0000e+00 | 1.129 | 2.522e-03
  400 | 4.30e-08  6.52e-09  5.91e-09 | 1.88e-10  5.97e-10  1.12e-10 | 6.78e-01 | 1.092e+00 | 8.2185e-02 | 0.0000e+00 | 1.128 | 2.504e-03
  405 | 4.22e-08  6.05e-09  6.28e-09 | 1.66e-10  4.99e-10  1.10e-10 | 6.78e-01 | 1.092e+00 | 8.2185e-02 | 0.0000e+00 | 1.127 | 2.482e-03
  410 | 4.18e-08  7.53e-09  5.48e-09 | 1.33e-10  5.23e-10  1.33e-10 | 6.78e-01 | 1.092e+00 | 8.2185e-02 | 0.0000e+00 | 1.126 | 2.477e-03
  415 | 3.52e-08  5.81e-09  4.51e-09 | 1.26e-10  4.37e-10  1.10e-10 | 6.78e-01 | 1.092e+00 | 8.2185e-02 | 0.0000e+00 | 1.125 | 2.459e-03
  420 | 2.72e-08  4.08e-09  4.95e-09 | 1.25e-10  3.93e-10  7.37e-11 | 6.78e-01 | 1.091e+00 | 8.2185e-02 | 0.0000e+00 | 1.125 | 2.444e-03
  425 | 3.31e-08  4.35e-09  4.88e-09 | 1.16e-10  3.84e-10  8.31e-11 | 6.78e-01 | 1.091e+00 | 8.2185e-02 | 0.0000e+00 | 1.124 | 2.441e-03
  430 | 2.96e-08  4.47e-09  4.52e-09 | 1.09e-10  3.53e-10  7.47e-11 | 6.78e-01 | 1.091e+00 | 8.2185e-02 | 0.0000e+00 | 1.124 | 2.434e-03
  435 | 2.27e-08  4.55e-09  3.59e-09 | 8.92e-11  3.53e-10  9.16e-11 | 6.78e-01 | 1.091e+00 | 8.2185e-02 | 0.0000e+00 | 1.124 | 2.434e-03
  440 | 2.92e-08  3.35e-09  2.89e-09 | 8.38e-11  2.83e-10  9.58e-11 | 6.78e-01 | 1.091e+00 | 8.2185e-02 | 0.0000e+00 | 1.123 | 2.427e-03
  445 | 2.42e-08  3.18e-09  3.28e-09 | 8.35e-11  2.93e-10  5.97e-11 | 6.78e-01 | 1.091e+00 | 8.2185e-02 | 0.0000e+00 | 1.123 | 2.419e-03
  450 | 1.76e-08  3.29e-09  2.95e-09 | 7.65e-11  2.87e-10  7.09e-11 | 6.78e-01 | 1.091e+00 | 8.2185e-02 | 0.0000e+00 | 1.123 | 2.417e-03
  455 | 2.37e-08  2.62e-09  3.03e-09 | 7.15e-11  2.36e-10  7.02e-11 | 6.78e-01 | 1.091e+00 | 8.2184e-02 | 0.0000e+00 | 1.122 | 2.416e-03
  460 | 1.71e-08  2.81e-09  2.42e-09 | 6.22e-11  2.48e-10  6.42e-11 | 6.78e-01 | 1.091e+00 | 8.2185e-02 | 0.0000e+00 | 1.122 | 2.419e-03
  465 | 1.26e-08  2.20e-09  1.89e-09 | 6.18e-11  2.26e-10  7.85e-11 | 6.78e-01 | 1.091e+00 | 8.2184e-02 | 0.0000e+00 | 1.122 | 2.416e-03
  470 | 1.89e-08  1.90e-09  2.12e-09 | 5.95e-11  2.26e-10  5.81e-11 | 6.78e-01 | 1.091e+00 | 8.2184e-02 | 0.0000e+00 | 1.122 | 2.410e-03
  475 | 1.49e-08  1.78e-09  1.86e-09 | 5.82e-11  2.08e-10  6.37e-11 | 6.78e-01 | 1.090e+00 | 8.2184e-02 | 0.0000e+00 | 1.122 | 2.408e-03
  480 | 1.35e-08  1.53e-09  1.91e-09 | 5.46e-11  1.95e-10  6.89e-11 | 6.78e-01 | 1.090e+00 | 8.2184e-02 | 0.0000e+00 | 1.121 | 2.409e-03
  485 | 1.59e-08  1.77e-09  1.95e-09 | 5.05e-11  2.03e-10  5.94e-11 | 6.78e-01 | 1.090e+00 | 8.2184e-02 | 0.0000e+00 | 1.121 | 2.412e-03
  490 | 1.09e-08  1.95e-09  1.69e-09 | 4.86e-11  1.86e-10  6.62e-11 | 6.78e-01 | 1.090e+00 | 8.2184e-02 | 0.0000e+00 | 1.121 | 2.413e-03
  495 | 1.27e-08  1.19e-09  1.65e-09 | 4.77e-11  1.73e-10  5.81e-11 | 6.78e-01 | 1.090e+00 | 8.2184e-02 | 0.0000e+00 | 1.120 | 2.410e-03
  500 | 1.43e-08  1.35e-09  1.51e-09 | 4.48e-11  1.72e-10  5.83e-11 | 6.78e-01 | 1.090e+00 | 8.2184e-02 | 0.0000e+00 | 1.120 | 2.408e-03
  505 | 1.19e-08  1.39e-09  1.47e-09 | 4.24e-11  1.57e-10  6.73e-11 | 6.78e-01 | 1.090e+00 | 8.2184e-02 | 0.0000e+00 | 1.120 | 2.409e-03
  510 | 1.13e-08  1.21e-09  1.47e-09 | 3.81e-11  1.58e-10  5.79e-11 | 6.78e-01 | 1.090e+00 | 8.2184e-02 | 0.0000e+00 | 1.120 | 2.414e-03
  515 | 1.05e-08  1.27e-09  1.46e-09 | 3.73e-11  1.42e-10  5.46e-11 | 6.78e-01 | 1.090e+00 | 8.2184e-02 | 0.0000e+00 | 1.119 | 2.416e-03
  520 | 9.35e-09  1.06e-09  1.39e-09 | 3.61e-11  1.35e-10  5.45e-11 | 6.78e-01 | 1.090e+00 | 8.2184e-02 | 0.0000e+00 | 1.119 | 2.415e-03
  525 | 9.40e-09  9.05e-10  1.30e-09 | 3.39e-11  1.39e-10  4.77e-11 | 6.78e-01 | 1.090e+00 | 8.2184e-02 | 0.0000e+00 | 1.119 | 2.415e-03
  530 | 1.00e-08  1.02e-09  1.22e-09 | 3.20e-11  1.23e-10  6.03e-11 | 6.78e-01 | 1.090e+00 | 8.2184e-02 | 0.0000e+00 | 1.118 | 2.416e-03
  535 | 8.21e-09  1.10e-09  1.20e-09 | 2.74e-11  1.24e-10  5.45e-11 | 6.78e-01 | 1.090e+00 | 8.2184e-02 | 0.0000e+00 | 1.118 | 2.422e-03
  540 | 8.12e-09  8.76e-10  1.21e-09 | 2.75e-11  1.08e-10  4.65e-11 | 6.78e-01 | 1.090e+00 | 8.2184e-02 | 0.0000e+00 | 1.118 | 2.423e-03
  545 | 7.18e-09  7.32e-10  1.14e-09 | 2.62e-11  1.04e-10  4.93e-11 | 6.78e-01 | 1.090e+00 | 8.2184e-02 | 0.0000e+00 | 1.117 | 2.423e-03
  550 | 5.94e-09  7.50e-10  1.10e-09 | 2.47e-11  1.05e-10  3.93e-11 | 6.78e-01 | 1.090e+00 | 8.2184e-02 | 0.0000e+00 | 1.117 | 2.423e-03
  555 | 6.65e-09  7.47e-10  1.03e-09 | 2.36e-11  9.25e-11  4.81e-11 | 6.78e-01 | 1.090e+00 | 8.2184e-02 | 0.0000e+00 | 1.117 | 2.425e-03
  560 | 5.15e-09  8.65e-10  9.33e-10 | 2.03e-11  9.49e-11  4.62e-11 | 6.78e-01 | 1.090e+00 | 8.2184e-02 | 0.0000e+00 | 1.117 | 2.430e-03
  565 | 5.41e-09  7.65e-10  9.63e-10 | 2.02e-11  8.37e-11  3.91e-11 | 6.78e-01 | 1.090e+00 | 8.2184e-02 | 0.0000e+00 | 1.116 | 2.430e-03
  570 | 5.49e-09  6.65e-10  9.11e-10 | 1.93e-11  7.97e-11  4.37e-11 | 6.78e-01 | 1.089e+00 | 8.2184e-02 | 0.0000e+00 | 1.116 | 2.430e-03
  575 | 4.08e-09  5.27e-10  8.34e-10 | 1.81e-11  7.95e-11  3.48e-11 | 6.78e-01 | 1.089e+00 | 8.2184e-02 | 0.0000e+00 | 1.115 | 2.430e-03
  580 | 4.55e-09  6.08e-10  8.33e-10 | 1.75e-11  7.18e-11  3.86e-11 | 6.78e-01 | 1.089e+00 | 8.2184e-02 | 0.0000e+00 | 1.115 | 2.432e-03
  585 | 4.23e-09  8.14e-10  7.72e-10 | 1.56e-11  7.37e-11  3.97e-11 | 6.78e-01 | 1.089e+00 | 8.2184e-02 | 0.0000e+00 | 1.115 | 2.436e-03
  590 | 3.40e-09  6.01e-10  7.59e-10 | 1.50e-11  6.82e-11  3.22e-11 | 6.78e-01 | 1.089e+00 | 8.2184e-02 | 0.0000e+00 | 1.115 | 2.437e-03
  595 | 3.85e-09  5.55e-10  7.10e-10 | 1.51e-11  6.16e-11  3.59e-11 | 6.78e-01 | 1.089e+00 | 8.2183e-02 | 0.0000e+00 | 1.114 | 2.437e-03
  600 | 4.13e-09  5.78e-10  6.82e-10 | 1.37e-11  6.20e-11  3.03e-11 | 6.78e-01 | 1.089e+00 | 8.2184e-02 | 0.0000e+00 | 1.114 | 2.439e-03
  605 | 3.30e-09  4.76e-10  6.54e-10 | 1.36e-11  5.45e-11  3.10e-11 | 6.78e-01 | 1.089e+00 | 8.2183e-02 | 0.0000e+00 | 1.114 | 2.442e-03
  610 | 3.26e-09  6.23e-10  6.30e-10 | 1.19e-11  5.69e-11  3.28e-11 | 6.78e-01 | 1.089e+00 | 8.2183e-02 | 0.0000e+00 | 1.114 | 2.449e-03
  615 | 3.79e-09  6.33e-10  6.15e-10 | 1.17e-11  5.14e-11  2.57e-11 | 6.78e-01 | 1.089e+00 | 8.2183e-02 | 0.0000e+00 | 1.113 | 2.452e-03
  620 | 3.01e-09  4.22e-10  5.63e-10 | 1.16e-11  4.66e-11  2.77e-11 | 6.78e-01 | 1.089e+00 | 8.2183e-02 | 0.0000e+00 | 1.113 | 2.452e-03
  625 | 3.19e-09  4.02e-10  5.41e-10 | 1.03e-11  4.79e-11  2.47e-11 | 6.78e-01 | 1.089e+00 | 8.2183e-02 | 0.0000e+00 | 1.113 | 2.453e-03
  630 | 3.97e-09  5.21e-10  5.30e-10 | 1.03e-11  4.11e-11  2.50e-11 | 6.78e-01 | 1.089e+00 | 8.2183e-02 | 0.0000e+00 | 1.113 | 2.455e-03
  635 | 2.74e-09  5.34e-10  5.01e-10 | 8.81e-12  4.35e-11  2.54e-11 | 6.78e-01 | 1.089e+00 | 8.2183e-02 | 0.0000e+00 | 1.113 | 2.460e-03
  640 | 2.88e-09  4.29e-10  4.99e-10 | 8.70e-12  3.84e-11  1.98e-11 | 6.78e-01 | 1.089e+00 | 8.2183e-02 | 0.0000e+00 | 1.113 | 2.462e-03
  645 | 3.80e-09  4.40e-10  4.78e-10 | 8.42e-12  3.50e-11  2.19e-11 | 6.78e-01 | 1.089e+00 | 8.2183e-02 | 0.0000e+00 | 1.112 | 2.463e-03
  650 | 2.51e-09  3.38e-10  4.52e-10 | 7.51e-12  3.56e-11  1.94e-11 | 6.78e-01 | 1.089e+00 | 8.2183e-02 | 0.0000e+00 | 1.112 | 2.463e-03
  655 | 2.73e-09  3.21e-10  4.42e-10 | 7.58e-12  3.05e-11  1.89e-11 | 6.78e-01 | 1.089e+00 | 8.2183e-02 | 0.0000e+00 | 1.112 | 2.465e-03
  660 | 3.31e-09  5.38e-10  4.21e-10 | 6.59e-12  3.12e-11  1.94e-11 | 6.78e-01 | 1.089e+00 | 8.2183e-02 | 0.0000e+00 | 1.112 | 2.468e-03
  665 | 2.24e-09  3.55e-10  4.24e-10 | 6.32e-12  2.74e-11  1.54e-11 | 6.78e-01 | 1.089e+00 | 8.2183e-02 | 0.0000e+00 | 1.112 | 2.470e-03
  670 | 2.61e-09  2.84e-10  3.93e-10 | 6.00e-12  2.52e-11  1.72e-11 | 6.78e-01 | 1.088e+00 | 8.2183e-02 | 0.0000e+00 | 1.112 | 2.470e-03
  675 | 2.82e-09  3.34e-10  3.78e-10 | 5.51e-12  2.55e-11  1.44e-11 | 6.78e-01 | 1.088e+00 | 8.2183e-02 | 0.0000e+00 | 1.111 | 2.470e-03
  680 | 1.85e-09  2.89e-10  3.64e-10 | 5.37e-12  2.23e-11  1.39e-11 | 6.78e-01 | 1.088e+00 | 8.2183e-02 | 0.0000e+00 | 1.111 | 2.471e-03
  685 | 2.43e-09  3.67e-10  3.50e-10 | 4.76e-12  2.24e-11  1.50e-11 | 6.78e-01 | 1.088e+00 | 8.2183e-02 | 0.0000e+00 | 1.111 | 2.473e-03
  690 | 2.23e-09  3.30e-10  3.74e-10 | 4.43e-12  2.02e-11  1.21e-11 | 6.78e-01 | 1.088e+00 | 8.2183e-02 | 0.0000e+00 | 1.111 | 2.474e-03
  695 | 1.69e-09  2.51e-10  3.31e-10 | 4.32e-12  1.82e-11  1.28e-11 | 6.78e-01 | 1.088e+00 | 8.2183e-02 | 0.0000e+00 | 1.111 | 2.474e-03
  700 | 2.18e-09  2.43e-10  3.23e-10 | 3.85e-12  1.92e-11  1.09e-11 | 6.78e-01 | 1.088e+00 | 8.2183e-02 | 0.0000e+00 | 1.111 | 2.473e-03
  705 | 1.62e-09  2.53e-10  3.11e-10 | 3.89e-12  1.62e-11  1.01e-11 | 6.78e-01 | 1.088e+00 | 8.2183e-02 | 0.0000e+00 | 1.111 | 2.474e-03
  710 | 1.68e-09  3.02e-10  2.78e-10 | 3.52e-12  1.67e-11  1.10e-11 | 6.78e-01 | 1.088e+00 | 8.2183e-02 | 0.0000e+00 | 1.111 | 2.476e-03
  715 | 1.71e-09  2.56e-10  3.12e-10 | 3.37e-12  1.46e-11  8.97e-12 | 6.78e-01 | 1.088e+00 | 8.2183e-02 | 0.0000e+00 | 1.111 | 2.477e-03
  720 | 1.25e-09  2.03e-10  2.80e-10 | 3.38e-12  1.31e-11  8.88e-12 | 6.78e-01 | 1.088e+00 | 8.2183e-02 | 0.0000e+00 | 1.111 | 2.476e-03
  725 | 1.52e-09  2.00e-10  2.67e-10 | 3.03e-12  1.37e-11  8.47e-12 | 6.78e-01 | 1.088e+00 | 8.2183e-02 | 0.0000e+00 | 1.110 | 2.476e-03
  730 | 1.28e-09  1.98e-10  2.63e-10 | 3.10e-12  1.18e-11  7.70e-12 | 6.78e-01 | 1.088e+00 | 8.2183e-02 | 0.0000e+00 | 1.110 | 2.477e-03
  735 | 1.19e-09  2.37e-10  2.29e-10 | 2.80e-12  1.24e-11  7.98e-12 | 6.78e-01 | 1.088e+00 | 8.2183e-02 | 0.0000e+00 | 1.110 | 2.477e-03
MHD Energy = 8.218280e-02

 NS = 16   NO. FOURIER MODES = 72   FTOLV = 1.000e-09   NITER = 3000

 ITER |    FSQR     FSQZ     FSQL    |    fsqr     fsqz      fsql   |   DELT   |  RAX(v=0) |    W_MHD   |   <BETA>   |  <M>  |  DELBSQ
------+------------------------------+------------------------------+----------+-----------+------------+------------+-------+----------
    1 | 6.77e+00  1.09e+00  4.98e-05 | 3.35e-03  1.20e-02  3.36e-06 | 9.00e-01 | 1.088e+00 | 8.2184e-02 | 0.0000e+00 | 1.239 | -nan
    2 | 1.34e-02  6.83e-02  8.18e-04 | 6.72e-04  4.12e-03  1.38e-04 | 9.00e-01 | 1.087e+00 | 6.4452e-02 | 0.0000e+00 | 1.238 | 6.335e-01
    3 | 4.20e-02  3.69e-01  2.81e-03 | 1.05e-03  1.26e-02  1.61e-04 | 9.00e-01 | 1.085e+00 | 5.9182e-02 | 0.0000e+00 | 1.238 | 9.536e-01
    4 | 1.08e-01  1.09e+00  1.25e-02 | 1.14e-03  3.36e-02  6.06e-04 | 9.00e-01 | 1.084e+00 | 6.1896e-02 | 0.0000e+00 | 1.238 | 7.091e-01
    5 | 3.34e-01  2.24e+00  7.15e-02 | 4.59e-04  5.77e-02  1.92e-03 | 9.00e-01 | 1.087e+00 | 7.4541e-02 | 0.0000e+00 | 1.242 | 3.016e-01
    6 | 9.93e-01  2.94e+00  2.70e-01 | 2.86e-03  3.36e-02  1.06e-02 | 9.00e-01 | 1.082e+00 | 9.4962e-02 | 0.0000e+00 | 1.246 | 2.694e-01
    7 | 9.27e+00  8.71e+00  1.45e+00 | 1.30e-02  5.47e-02  2.12e-02 | 9.00e-01 | 1.101e+00 | 1.1659e-01 | 0.0000e+00 | 1.249 | 3.936e-01
    8 | 9.38e-01  3.99e+00  5.46e-02 | 9.31e-04  6.50e-02  3.53e-03 | 8.10e-01 | 1.079e+00 | 8.4502e-02 | 0.0000e+00 | 1.237 | 3.918e-01
    9 | 9.38e-01  3.99e+00  5.46e-02 | 9.31e-04  6.50e-02  3.53e-03 | 7.29e-01 | 1.079e+00 | 8.4502e-02 | 0.0000e+00 | 1.237 | 3.918e-01
   10 | 1.71e+01  7.00e+00  5.33e-01 | 1.34e-03  5.36e-02  1.36e-02 | 7.29e-01 | 1.080e+00 | 9.0790e-02 | 0.0000e+00 | 1.238 | 5.867e-01
   11 | 5.36e+00  3.11e+00  3.09e-01 | 3.95e-04  2.72e-02  3.77e-03 | 7.29e-01 | 1.088e+00 | 8.8260e-02 | 0.0000e+00 | 1.247 | 5.199e-01
   12 | 4.89e+00  1.17e+00  3.84e-01 | 9.90e-04  1.16e-02  9.01e-03 | 7.29e-01 | 1.095e+00 | 9.2622e-02 | 0.0000e+00 | 1.257 | 6.815e-01
   15 | 9.38e-01  3.99e+00  5.46e-02 | 9.31e-04  6.50e-02  3.53e-03 | 6.56e-01 | 1.079e+00 | 8.4502e-02 | 0.0000e+00 | 1.237 | 3.918e-01
   20 | 6.64e-01  9.93e-01  4.07e-01 | 4.01e-04  1.25e-02  6.91e-03 | 6.56e-01 | 1.089e+00 | 8.8339e-02 | 0.0000e+00 | 1.254 | 5.601e-01
   25 | 8.71e-01  5.60e-01  1.34e-01 | 1.13e-04  3.67e-03  1.57e-03 | 6.56e-01 | 1.081e+00 | 8.0136e-02 | 0.0000e+00 | 1.238 | 4.252e-01
   30 | 4.54e-01  2.63e-01  9.82e-02 | 6.03e-05  1.02e-03  2.10e-03 | 6.56e-01 | 1.089e+00 | 8.5766e-02 | 0.0000e+00 | 1.921 | 3.549e-01
   35 | 2.09e-01  1.44e-01  5.74e-02 | 3.35e-05  5.17e-04  6.44e-04 | 6.56e-01 | 1.091e+00 | 8.1366e-02 | 0.0000e+00 | 1.554 | 3.264e-01
   40 | 3.38e-01  2.83e-01  3.21e-02 | 1.96e-04  8.91e-04  4.97e-04 | 6.56e-01 | 1.092e+00 | 8.3197e-02 | 0.0000e+00 | 1.648 | 2.087e-01
   45 | 2.55e-01  2.05e-01  2.51e-02 | 8.56e-05  5.18e-04  2.28e-04 | 6.56e-01 | 1.097e+00 | 8.2743e-02 | 0.0000e+00 | 1.646 | 1.633e-01
   50 | 1.29e-01  7.48e-02  1.19e-02 | 3.90e-05  1.57e-04  1.69e-04 | 6.56e-01 | 1.097e+00 | 8.1959e-02 | 0.0000e+00 | 1.677 | 1.094e-01
   55 | 5.05e-02  4.47e-02  3.78e-03 | 3.00e-05  1.32e-04  4.01e-05 | 6.37e-01 | 1.096e+00 | 8.2379e-02 | 0.0000e+00 | 1.676 | 6.283e-02
   60 | 3.09e-02  2.45e-02  2.47e-03 | 2.28e-05  1.04e-04  2.17e-05 | 6.37e-01 | 1.096e+00 | 8.2389e-02 | 0.0000e+00 | 1.677 | 5.179e-02
   65 | 5.57e-03  5.83e-03  2.52e-04 | 9.09e-06  3.79e-05  5.16e-06 | 6.18e-01 | 1.096e+00 | 8.2344e-02 | 0.0000e+00 | 1.667 | 2.841e-02
   70 | 6.85e-03  4.93e-03  2.97e-04 | 6.09e-06  2.76e-05  5.45e-06 | 6.18e-01 | 1.096e+00 | 8.2355e-02 | 0.0000e+00 | 1.668 | 3.059e-02
   75 | 2.99e-03  2.53e-03  1.64e-04 | 2.79e-06  1.31e-05  2.02e-06 | 6.18e-01 | 1.096e+00 | 8.2325e-02 | 0.0000e+00 | 1.667 | 2.320e-02
   80 | 2.30e-03  1.35e-03  7.84e-05 | 2.17e-06  8.59e-06  1.28e-06 | 6.18e-01 | 1.096e+00 | 8.2296e-02 | 0.0000e+00 | 1.649 | 2.241e-02
   85 | 6.53e-04  6.53e-04  3.66e-05 | 7.04e-07  4.10e-06  8.79e-07 | 6.18e-01 | 1.097e+00 | 8.2294e-02 | 0.0000e+00 | 1.637 | 1.960e-02
   90 | 6.75e-04  3.65e-04  2.86e-05 | 5.54e-07  2.11e-06  4.25e-07 | 6.18e-01 | 1.097e+00 | 8.2265e-02 | 0.0000e+00 | 1.632 | 1.911e-02
   95 | 2.44e-04  1.93e-04  1.42e-05 | 2.24e-07  9.93e-07  2.40e-07 | 6.18e-01 | 1.097e+00 | 8.2252e-02 | 0.0000e+00 | 1.625 | 1.769e-02
  100 | 2.41e-04  1.58e-04  7.06e-06 | 2.02e-07  8.54e-07  1.91e-07 | 6.18e-01 | 1.097e+00 | 8.2244e-02 | 0.0000e+00 | 1.618 | 1.617e-02
  105 | 1.18e-04  7.84e-05  5.16e-06 | 9.94e-08  4.16e-07  6.39e-08 | 6.18e-01 | 1.098e+00 | 8.2230e-02 | 0.0000e+00 | 1.608 | 1.464e-02
  110 | 8.44e-05  4.58e-05  3.37e-06 | 7.04e-08  2.65e-07  4.66e-08 | 6.18e-01 | 1.098e+00 | 8.2230e-02 | 0.0000e+00 | 1.601 | 1.401e-02
  115 | 3.34e-05  1.96e-05  2.49e-06 | 4.32e-08  1.15e-07  4.33e-08 | 6.18e-01 | 1.098e+00 | 8.2220e-02 | 0.0000e+00 | 1.589 | 1.298e-02
  120 | 2.26e-05  1.02e-05  1.79e-06 | 1.82e-08  7.59e-08  1.95e-08 | 6.18e-01 | 1.098e+00 | 8.2216e-02 | 0.0000e+00 | 1.580 | 1.216e-02
  125 | 1.17e-05  8.43e-06  1.31e-06 | 1.46e-08  6.49e-08  1.69e-08 | 6.18e-01 | 1.098e+00 | 8.2212e-02 | 0.0000e+00 | 1.572 | 1.145e-02
  130 | 1.29e-05  5.34e-06  1.22e-06 | 1.25e-08  4.45e-08  1.79e-08 | 6.18e-01 | 1.098e+00 | 8.2209e-02 | 0.0000e+00 | 1.561 | 1.085e-02
  135 | 6.21e-06  3.16e-06  8.62e-07 | 9.95e-09  2.97e-08  1.06e-08 | 6.18e-01 | 1.098e+00 | 8.2205e-02 | 0.0000e+00 | 1.547 | 1.020e-02
  140 | 5.26e-06  2.40e-06  7.45e-07 | 7.84e-09  2.24e-08  9.09e-09 | 6.18e-01 | 1.098e+00 | 8.2202e-02 | 0.0000e+00 | 1.535 | 9.641e-03
  145 | 4.67e-06  1.89e-06  6.04e-07 | 6.33e-09  1.99e-08  7.11e-09 | 6.18e-01 | 1.098e+00 | 8.2200e-02 | 0.0000e+00 | 1.524 | 9.141e-03
  150 | 3.25e-06  1.31e-06  5.21e-07 | 4.18e-09  1.34e-08  5.45e-09 | 6.18e-01 | 1.098e+00 | 8.2197e-02 | 0.0000e+00 | 1.507 | 8.621e-03
  155 | 2.75e-06  1.08e-06  4.23e-07 | 3.04e-09  1.23e-08  5.41e-09 | 6.18e-01 | 1.098e+00 | 8.2195e-02 | 0.0000e+00 | 1.496 | 8.092e-03
  160 | 1.53e-06  6.70e-07  3.50e-07 | 2.73e-09  8.25e-09  3.96e-09 | 6.18e-01 | 1.098e+00 | 8.2192e-02 | 0.0000e+00 | 1.481 | 7.693e-03
  165 | 1.49e-06  5.07e-07  2.91e-07 | 2.46e-09  6.45e-09  3.03e-09 | 6.18e-01 | 1.098e+00 | 8.2191e-02 | 0.0000e+00 | 1.469 | 7.344e-03
  170 | 1.08e-06  4.04e-07  2.76e-07 | 2.35e-09  5.39e-09  2.78e-09 | 6.18e-01 | 1.098e+00 | 8.2189e-02 | 0.0000e+00 | 1.456 | 6.963e-03
  175 | 1.00e-06  3.64e-07  2.61e-07 | 2.02e-09  4.78e-09  2.44e-09 | 6.18e-01 | 1.098e+00 | 8.2189e-02 | 0.0000e+00 | 1.444 | 6.587e-03
  180 | 8.36e-07  1.98e-07  2.12e-07 | 1.85e-09  3.02e-09  1.89e-09 | 6.18e-01 | 1.098e+00 | 8.2188e-02 | 0.0000e+00 | 1.426 | 6.195e-03
  185 | 6.61e-07  1.81e-07  1.97e-07 | 1.83e-09  2.80e-09  1.74e-09 | 6.18e-01 | 1.098e+00 | 8.2186e-02 | 0.0000e+00 | 1.416 | 5.885e-03
  190 | 5.72e-07  1.53e-07  1.72e-07 | 1.54e-09  2.52e-09  1.36e-09 | 6.18e-01 | 1.098e+00 | 8.2186e-02 | 0.0000e+00 | 1.402 | 5.642e-03
  195 | 4.86e-07  1.54e-07  1.52e-07 | 1.47e-09  2.24e-09  1.11e-09 | 6.18e-01 | 1.098e+00 | 8.2185e-02 | 0.0000e+00 | 1.392 | 5.413e-03
  200 | 4.25e-07  1.21e-07  1.41e-07 | 1.32e-09  2.15e-09  1.09e-09 | 6.18e-01 | 1.098e+00 | 8.2186e-02 | 0.0000e+00 | 1.375 | 5.167e-03
  205 | 4.00e-07  9.71e-08  1.22e-07 | 1.31e-09  1.81e-09  8.96e-10 | 6.18e-01 | 1.097e+00 | 8.2185e-02 | 0.0000e+00 | 1.360 | 4.906e-03
  210 | 3.48e-07  7.91e-08  1.10e-07 | 1.24e-09  1.60e-09  7.21e-10 | 6.18e-01 | 1.097e+00 | 8.2185e-02 | 0.0000e+00 | 1.345 | 4.646e-03
  215 | 3.20e-07  7.79e-08  9.03e-08 | 1.13e-09  1.47e-09  7.94e-10 | 6.18e-01 | 1.097e+00 | 8.2185e-02 | 0.0000e+00 | 1.328 | 4.414e-03
  220 | 2.75e-07  7.33e-08  8.23e-08 | 1.10e-09  1.31e-09  6.37e-10 | 6.18e-01 | 1.097e+00 | 8.2185e-02 | 0.0000e+00 | 1.316 | 4.205e-03
  225 | 2.72e-07  5.04e-08  6.76e-08 | 1.04e-09  1.23e-09  5.42e-10 | 6.18e-01 | 1.097e+00 | 8.2185e-02 | 0.0000e+00 | 1.297 | 4.007e-03
  230 | 2.51e-07  4.77e-08  5.78e-08 | 1.05e-09  1.08e-09  5.34e-10 | 6.18e-01 | 1.097e+00 | 8.2185e-02 | 0.0000e+00 | 1.286 | 3.844e-03
  235 | 2.13e-07  4.54e-08  5.32e-08 | 9.21e-10  1.10e-09  4.11e-10 | 6.18e-01 | 1.097e+00 | 8.2185e-02 | 0.0000e+00 | 1.269 | 3.739e-03
  240 | 2.02e-07  3.99e-08  4.75e-08 | 8.43e-10  9.92e-10  3.79e-10 | 6.18e-01 | 1.097e+00 | 8.2185e-02 | 0.0000e+00 | 1.256 | 3.676e-03
  245 | 1.95e-07  2.93e-08  4.29e-08 | 8.17e-10  8.16e-10  4.46e-10 | 6.18e-01 | 1.097e+00 | 8.2185e-02 | 0.0000e+00 | 1.244 | 3.623e-03
  250 | 1.91e-07  3.06e-08  3.80e-08 | 7.70e-10  8.62e-10  3.62e-10 | 6.18e-01 | 1.097e+00 | 8.2185e-02 | 0.0000e+00 | 1.234 | 3.575e-03
  255 | 1.80e-07  2.89e-08  3.39e-08 | 7.88e-10  7.45e-10  3.57e-10 | 6.18e-01 | 1.097e+00 | 8.2185e-02 | 0.0000e+00 | 1.226 | 3.537e-03
  260 | 1.75e-07  2.98e-08  3.23e-08 | 6.88e-10  8.09e-10  4.00e-10 | 6.18e-01 | 1.096e+00 | 8.2185e-02 | 0.0000e+00 | 1.220 | 3.490e-03
  265 | 1.68e-07  2.60e-08  2.77e-08 | 6.46e-10  7.09e-10  3.17e-10 | 6.18e-01 | 1.096e+00 | 8.2185e-02 | 0.0000e+00 | 1.207 | 3.447e-03
  270 | 1.62e-07  2.35e-08  2.78e-08 | 6.46e-10  6.11e-10  3.27e-10 | 6.18e-01 | 1.096e+00 | 8.2184e-02 | 0.0000e+00 | 1.200 | 3.401e-03
  275 | 1.59e-07  2.47e-08  2.47e-08 | 5.82e-10  6.76e-10  3.47e-10 | 6.18e-01 | 1.096e+00 | 8.2185e-02 | 0.0000e+00 | 1.200 | 3.352e-03
  280 | 1.53e-07  2.26e-08  2.36e-08 | 5.99e-10  5.48e-10  3.05e-10 | 6.18e-01 | 1.096e+00 | 8.2184e-02 | 0.0000e+00 | 1.188 | 3.299e-03
  285 | 1.40e-07  2.07e-08  2.00e-08 | 5.50e-10  6.00e-10  2.95e-10 | 6.18e-01 | 1.096e+00 | 8.2185e-02 | 0.0000e+00 | 1.187 | 3.237e-03
  290 | 1.39e-07  1.64e-08  1.83e-08 | 5.18e-10  5.12e-10  2.86e-10 | 6.18e-01 | 1.096e+00 | 8.2184e-02 | 0.0000e+00 | 1.180 | 3.172e-03
  295 | 1.22e-07  1.52e-08  1.90e-08 | 5.13e-10  4.57e-10  2.78e-10 | 6.18e-01 | 1.096e+00 | 8.2184e-02 | 0.0000e+00 | 1.178 | 3.099e-03
  300 | 1.16e-07  1.47e-08  1.87e-08 | 4.83e-10  4.95e-10  2.62e-10 | 6.18e-01 | 1.096e+00 | 8.2184e-02 | 0.0000e+00 | 1.178 | 3.033e-03
  305 | 1.11e-07  1.25e-08  1.87e-08 | 4.89e-10  4.02e-10  2.27e-10 | 6.18e-01 | 1.095e+00 | 8.2183e-02 | 0.0000e+00 | 1.171 | 2.953e-03
  310 | 1.09e-07  1.30e-08  1.85e-08 | 4.49e-10  4.52e-10  1.99e-10 | 6.18e-01 | 1.095e+00 | 8.2184e-02 | 0.0000e+00 | 1.169 | 2.874e-03
  315 | 9.58e-08  1.07e-08  1.63e-08 | 4.15e-10  3.96e-10  1.85e-10 | 6.18e-01 | 1.095e+00 | 8.2183e-02 | 0.0000e+00 | 1.167 | 2.790e-03
  320 | 8.76e-08  1.14e-08  1.54e-08 | 3.95e-10  3.77e-10  1.83e-10 | 6.18e-01 | 1.095e+00 | 8.2183e-02 | 0.0000e+00 | 1.165 | 2.700e-03
  325 | 8.75e-08  1.25e-08  1.43e-08 | 3.72e-10  3.90e-10  1.52e-10 | 6.18e-01 | 1.095e+00 | 8.2183e-02 | 0.0000e+00 | 1.164 | 2.622e-03
  330 | 8.65e-08  1.03e-08  1.52e-08 | 3.71e-10  3.31e-10  1.52e-10 | 6.18e-01 | 1.095e+00 | 8.2183e-02 | 0.0000e+00 | 1.162 | 2.534e-03
  335 | 8.13e-08  9.72e-09  1.60e-08 | 3.22e-10  3.72e-10  1.61e-10 | 6.18e-01 | 1.095e+00 | 8.2183e-02 | 0.0000e+00 | 1.162 | 2.440e-03
  340 | 8.00e-08  9.31e-09  1.56e-08 | 3.04e-10  3.25e-10  1.27e-10 | 6.18e-01 | 1.094e+00 | 8.2183e-02 | 0.0000e+00 | 1.160 | 2.347e-03
  345 | 7.96e-08  8.69e-09  1.38e-08 | 2.86e-10  3.11e-10  1.25e-10 | 6.18e-01 | 1.094e+00 | 8.2183e-02 | 0.0000e+00 | 1.159 | 2.243e-03
  350 | 7.81e-08  8.51e-09  1.30e-08 | 2.61e-10  3.28e-10  1.10e-10 | 6.18e-01 | 1.094e+00 | 8.2183e-02 | 0.0000e+00 | 1.158 | 2.145e-03
  355 | 7.34e-08  8.52e-09  1.24e-08 | 2.59e-10  2.80e-10  1.09e-10 | 6.18e-01 | 1.094e+00 | 8.2183e-02 | 0.0000e+00 | 1.157 | 2.043e-03
  360 | 6.81e-08  9.24e-09  1.31e-08 | 2.27e-10  3.20e-10  1.12e-10 | 6.18e-01 | 1.094e+00 | 8.2183e-02 | 0.0000e+00 | 1.156 | 1.944e-03
  365 | 6.47e-08  6.93e-09  1.14e-08 | 2.12e-10  2.78e-10  9.64e-11 | 6.18e-01 | 1.094e+00 | 8.2183e-02 | 0.0000e+00 | 1.155 | 1.855e-03
  370 | 5.94e-08  7.08e-09  1.01e-08 | 2.01e-10  2.60e-10  1.09e-10 | 6.18e-01 | 1.094e+00 | 8.2183e-02 | 0.0000e+00 | 1.154 | 1.757e-03
  375 | 5.66e-08  6.50e-09  9.55e-09 | 1.87e-10  2.79e-10  8.79e-11 | 6.18e-01 | 1.093e+00 | 8.2183e-02 | 0.0000e+00 | 1.153 | 1.673e-03
  380 | 5.22e-08  5.89e-09  7.71e-09 | 1.89e-10  2.34e-10  8.61e-11 | 6.18e-01 | 1.093e+00 | 8.2182e-02 | 0.0000e+00 | 1.152 | 1.595e-03
  385 | 4.63e-08  6.61e-09  7.33e-09 | 1.66e-10  2.54e-10  9.65e-11 | 6.18e-01 | 1.093e+00 | 8.2183e-02 | 0.0000e+00 | 1.152 | 1.518e-03
  390 | 4.55e-08  4.73e-09  7.04e-09 | 1.59e-10  2.20e-10  7.66e-11 | 6.18e-01 | 1.093e+00 | 8.2182e-02 | 0.0000e+00 | 1.150 | 1.460e-03
  395 | 4.09e-08  4.47e-09  5.64e-09 | 1.49e-10  2.04e-10  8.98e-11 | 6.18e-01 | 1.093e+00 | 8.2182e-02 | 0.0000e+00 | 1.149 | 1.415e-03
  400 | 4.14e-08  4.76e-09  5.91e-09 | 1.40e-10  2.12e-10  8.54e-11 | 6.18e-01 | 1.093e+00 | 8.2182e-02 | 0.0000e+00 | 1.149 | 1.391e-03
  405 | 3.69e-08  3.96e-09  4.61e-09 | 1.40e-10  1.78e-10  6.96e-11 | 6.18e-01 | 1.092e+00 | 8.2182e-02 | 0.0000e+00 | 1.147 | 1.379e-03
  410 | 3.90e-08  4.83e-09  4.67e-09 | 1.27e-10  1.91e-10  7.99e-11 | 6.18e-01 | 1.092e+00 | 8.2182e-02 | 0.0000e+00 | 1.147 | 1.375e-03
  415 | 3.59e-08  3.94e-09  4.85e-09 | 1.19e-10  1.66e-10  6.62e-11 | 6.18e-01 | 1.092e+00 | 8.2182e-02 | 0.0000e+00 | 1.145 | 1.384e-03
  420 | 3.91e-08  3.81e-09  3.61e-09 | 1.12e-10  1.54e-10  6.59e-11 | 6.18e-01 | 1.092e+00 | 8.2182e-02 | 0.0000e+00 | 1.145 | 1.396e-03
  425 | 4.02e-08  4.22e-09  4.25e-09 | 1.04e-10  1.59e-10  7.32e-11 | 6.18e-01 | 1.092e+00 | 8.2182e-02 | 0.0000e+00 | 1.145 | 1.409e-03
  430 | 3.53e-08  3.76e-09  3.78e-09 | 1.04e-10  1.31e-10  6.75e-11 | 6.18e-01 | 1.092e+00 | 8.2182e-02 | 0.0000e+00 | 1.143 | 1.425e-03
  435 | 3.98e-08  4.53e-09  3.83e-09 | 9.25e-11  1.44e-10  6.62e-11 | 6.18e-01 | 1.092e+00 | 8.2182e-02 | 0.0000e+00 | 1.143 | 1.446e-03
  440 | 3.33e-08  3.42e-09  3.94e-09 | 8.77e-11  1.24e-10  5.77e-11 | 6.18e-01 | 1.091e+00 | 8.2182e-02 | 0.0000e+00 | 1.142 | 1.467e-03
  445 | 3.68e-08  2.94e-09  3.28e-09 | 8.18e-11  1.13e-10  5.63e-11 | 6.18e-01 | 1.091e+00 | 8.2182e-02 | 0.0000e+00 | 1.141 | 1.487e-03
  450 | 3.60e-08  3.42e-09  3.53e-09 | 7.33e-11  1.20e-10  5.94e-11 | 6.18e-01 | 1.091e+00 | 8.2182e-02 | 0.0000e+00 | 1.141 | 1.505e-03
  455 | 2.96e-08  2.56e-09  3.14e-09 | 7.36e-11  9.99e-11  5.70e-11 | 6.18e-01 | 1.091e+00 | 8.2182e-02 | 0.0000e+00 | 1.140 | 1.523e-03
  460 | 3.31e-08  3.75e-09  2.92e-09 | 6.72e-11  1.08e-10  5.42e-11 | 6.18e-01 | 1.091e+00 | 8.2182e-02 | 0.0000e+00 | 1.140 | 1.545e-03
  465 | 2.61e-08  3.25e-09  3.05e-09 | 6.17e-11  9.68e-11  4.79e-11 | 6.18e-01 | 1.091e+00 | 8.2182e-02 | 0.0000e+00 | 1.139 | 1.567e-03
  470 | 2.53e-08  2.14e-09  2.68e-09 | 5.80e-11  9.21e-11  4.94e-11 | 6.18e-01 | 1.091e+00 | 8.2182e-02 | 0.0000e+00 | 1.139 | 1.588e-03
  475 | 2.75e-08  2.93e-09  2.73e-09 | 5.33e-11  9.66e-11  4.80e-11 | 6.18e-01 | 1.090e+00 | 8.2182e-02 | 0.0000e+00 | 1.139 | 1.608e-03
  480 | 2.12e-08  1.80e-09  2.43e-09 | 5.22e-11  8.35e-11  4.43e-11 | 6.18e-01 | 1.090e+00 | 8.2182e-02 | 0.0000e+00 | 1.138 | 1.629e-03
  485 | 2.31e-08  2.88e-09  2.28e-09 | 4.56e-11  9.12e-11  4.78e-11 | 6.18e-01 | 1.090e+00 | 8.2182e-02 | 0.0000e+00 | 1.138 | 1.651e-03
  490 | 2.11e-08  2.41e-09  2.40e-09 | 4.32e-11  8.10e-11  4.35e-11 | 6.18e-01 | 1.090e+00 | 8.2182e-02 | 0.0000e+00 | 1.137 | 1.672e-03
  495 | 1.84e-08  1.65e-09  2.23e-09 | 4.02e-11  7.76e-11  4.17e-11 | 6.18e-01 | 1.090e+00 | 8.2182e-02 | 0.0000e+00 | 1.136 | 1.690e-03
  500 | 2.20e-08  2.39e-09  2.11e-09 | 3.68e-11  8.12e-11  4.08e-11 | 6.18e-01 | 1.090e+00 | 8.2182e-02 | 0.0000e+00 | 1.136 | 1.707e-03
  505 | 1.93e-08  1.57e-09  2.07e-09 | 3.66e-11  7.05e-11  3.74e-11 | 6.18e-01 | 1.090e+00 | 8.2181e-02 | 0.0000e+00 | 1.135 | 1.721e-03
  510 | 1.91e-08  1.97e-09  2.06e-09 | 3.16e-11  7.50e-11  3.97e-11 | 6.18e-01 | 1.090e+00 | 8.2182e-02 | 0.0000e+00 | 1.135 | 1.734e-03
  515 | 2.07e-08  1.92e-09  2.02e-09 | 3.01e-11  6.76e-11  3.57e-11 | 6.18e-01 | 1.089e+00 | 8.2181e-02 | 0.0000e+00 | 1.134 | 1.746e-03
  520 | 1.83e-08  1.45e-09  2.09e-09 | 2.81e-11  6.39e-11  3.72e-11 | 6.18e-01 | 1.089e+00 | 8.2181e-02 | 0.0000e+00 | 1.134 | 1.756e-03
  525 | 1.92e-08  1.84e-09  1.85e-09 | 2.56e-11  6.64e-11  3.44e-11 | 6.18e-01 | 1.089e+00 | 8.2181e-02 | 0.0000e+00 | 1.134 | 1.763e-03
  530 | 1.79e-08  1.51e-09  1.89e-09 | 2.61e-11  5.66e-11  2.95e-11 | 6.18e-01 | 1.089e+00 | 8.2181e-02 | 0.0000e+00 | 1.133 | 1.767e-03
  535 | 1.65e-08  1.53e-09  1.82e-09 | 2.29e-11  6.02e-11  3.30e-11 | 6.18e-01 | 1.089e+00 | 8.2181e-02 | 0.0000e+00 | 1.133 | 1.770e-03
  540 | 1.51e-08  1.52e-09  1.77e-09 | 2.19e-11  5.43e-11  2.95e-11 | 6.18e-01 | 1.089e+00 | 8.2181e-02 | 0.0000e+00 | 1.132 | 1.773e-03
  545 | 1.48e-08  1.16e-09  1.80e-09 | 2.03e-11  5.03e-11  3.10e-11 | 6.18e-01 | 1.089e+00 | 8.2181e-02 | 0.0000e+00 | 1.132 | 1.773e-03
  550 | 1.43e-08  1.36e-09  1.48e-09 | 1.88e-11  5.25e-11  3.24e-11 | 6.18e-01 | 1.089e+00 | 8.2181e-02 | 0.0000e+00 | 1.132 | 1.773e-03
  555 | 1.16e-08  1.21e-09  1.57e-09 | 1.88e-11  4.50e-11  2.63e-11 | 6.18e-01 | 1.089e+00 | 8.2181e-02 | 0.0000e+00 | 1.131 | 1.769e-03
  560 | 1.22e-08  1.11e-09  1.50e-09 | 1.65e-11  4.77e-11  2.76e-11 | 6.18e-01 | 1.089e+00 | 8.2181e-02 | 0.0000e+00 | 1.131 | 1.767e-03
  565 | 9.70e-09  1.17e-09  1.44e-09 | 1.61e-11  4.27e-11  2.63e-11 | 6.18e-01 | 1.088e+00 | 8.2181e-02 | 0.0000e+00 | 1.130 | 1.766e-03
  570 | 9.02e-09  9.01e-10  1.42e-09 | 1.53e-11  3.95e-11  2.48e-11 | 6.18e-01 | 1.088e+00 | 8.2181e-02 | 0.0000e+00 | 1.129 | 1.764e-03
  575 | 9.16e-09  9.52e-10  1.17e-09 | 1.38e-11  4.17e-11  2.66e-11 | 6.18e-01 | 1.088e+00 | 8.2181e-02 | 0.0000e+00 | 1.129 | 1.762e-03
  580 | 7.37e-09  8.39e-10  1.28e-09 | 1.43e-11  3.43e-11  2.41e-11 | 6.18e-01 | 1.088e+00 | 8.2181e-02 | 0.0000e+00 | 1.129 | 1.758e-03
  585 | 7.30e-09  7.75e-10  1.20e-09 | 1.21e-11  3.74e-11  2.35e-11 | 6.18e-01 | 1.088e+00 | 8.2181e-02 | 0.0000e+00 | 1.128 | 1.755e-03
  590 | 8.10e-09  7.99e-10  1.18e-09 | 1.19e-11  3.31e-11  2.27e-11 | 6.18e-01 | 1.088e+00 | 8.2181e-02 | 0.0000e+00 | 1.128 | 1.753e-03
  595 | 5.77e-09  6.40e-10  1.18e-09 | 1.12e-11  3.13e-11  2.26e-11 | 6.18e-01 | 1.088e+00 | 8.2181e-02 | 0.0000e+00 | 1.127 | 1.752e-03
  600 | 7.13e-09  7.06e-10  9.99e-10 | 1.01e-11  3.32e-11  2.43e-11 | 6.18e-01 | 1.088e+00 | 8.2181e-02 | 0.0000e+00 | 1.127 | 1.750e-03
  605 | 5.98e-09  5.66e-10  1.04e-09 | 1.06e-11  2.84e-11  2.24e-11 | 6.18e-01 | 1.088e+00 | 8.2181e-02 | 0.0000e+00 | 1.126 | 1.746e-03
  610 | 5.37e-09  5.66e-10  9.50e-10 | 9.48e-12  3.10e-11  2.22e-11 | 6.18e-01 | 1.088e+00 | 8.2181e-02 | 0.0000e+00 | 1.126 | 1.744e-03
  615 | 7.22e-09  6.92e-10  9.47e-10 | 9.10e-12  2.86e-11  2.12e-11 | 6.18e-01 | 1.088e+00 | 8.2181e-02 | 0.0000e+00 | 1.126 | 1.743e-03
  620 | 4.68e-09  3.98e-10  9.52e-10 | 8.97e-12  2.67e-11  2.01e-11 | 6.18e-01 | 1.088e+00 | 8.2181e-02 | 0.0000e+00 | 1.125 | 1.742e-03
  625 | 5.79e-09  5.15e-10  7.96e-10 | 8.26e-12  2.83e-11  2.12e-11 | 6.18e-01 | 1.088e+00 | 8.2181e-02 | 0.0000e+00 | 1.125 | 1.741e-03
  630 | 5.37e-09  5.76e-10  8.09e-10 | 8.46e-12  2.49e-11  1.98e-11 | 6.18e-01 | 1.087e+00 | 8.2181e-02 | 0.0000e+00 | 1.124 | 1.740e-03
  635 | 4.30e-09  4.17e-10  7.51e-10 | 7.62e-12  2.68e-11  1.96e-11 | 6.18e-01 | 1.087e+00 | 8.2181e-02 | 0.0000e+00 | 1.124 | 1.739e-03
  640 | 5.06e-09  4.96e-10  7.26e-10 | 7.50e-12  2.48e-11  1.95e-11 | 6.18e-01 | 1.087e+00 | 8.2181e-02 | 0.0000e+00 | 1.124 | 1.739e-03
  645 | 4.43e-09  3.89e-10  7.71e-10 | 7.30e-12  2.32e-11  1.78e-11 | 6.18e-01 | 1.087e+00 | 8.2181e-02 | 0.0000e+00 | 1.123 | 1.738e-03
  650 | 4.19e-09  3.86e-10  6.45e-10 | 6.79e-12  2.47e-11  1.81e-11 | 6.18e-01 | 1.087e+00 | 8.2181e-02 | 0.0000e+00 | 1.123 | 1.736e-03
  655 | 4.00e-09  3.39e-10  6.64e-10 | 7.06e-12  2.13e-11  1.71e-11 | 6.18e-01 | 1.087e+00 | 8.2181e-02 | 0.0000e+00 | 1.123 | 1.735e-03
  660 | 3.89e-09  4.10e-10  6.27e-10 | 6.40e-12  2.26e-11  1.64e-11 | 6.18e-01 | 1.087e+00 | 8.2181e-02 | 0.0000e+00 | 1.123 | 1.733e-03
  665 | 3.72e-09  3.95e-10  5.98e-10 | 6.08e-12  2.15e-11  1.70e-11 | 6.18e-01 | 1.087e+00 | 8.2181e-02 | 0.0000e+00 | 1.122 | 1.732e-03
  670 | 3.19e-09  3.00e-10  6.42e-10 | 6.08e-12  1.97e-11  1.57e-11 | 6.18e-01 | 1.087e+00 | 8.2181e-02 | 0.0000e+00 | 1.122 | 1.731e-03
  675 | 3.38e-09  3.59e-10  5.60e-10 | 5.43e-12  2.15e-11  1.55e-11 | 6.18e-01 | 1.087e+00 | 8.2181e-02 | 0.0000e+00 | 1.122 | 1.729e-03
  680 | 3.63e-09  3.41e-10  5.80e-10 | 5.66e-12  1.85e-11  1.46e-11 | 6.18e-01 | 1.087e+00 | 8.2181e-02 | 0.0000e+00 | 1.121 | 1.727e-03
  685 | 2.74e-09  2.75e-10  5.56e-10 | 5.13e-12  1.97e-11  1.38e-11 | 6.18e-01 | 1.087e+00 | 8.2181e-02 | 0.0000e+00 | 1.121 | 1.723e-03
  690 | 3.12e-09  3.55e-10  5.14e-10 | 4.85e-12  1.87e-11  1.43e-11 | 6.18e-01 | 1.087e+00 | 8.2181e-02 | 0.0000e+00 | 1.121 | 1.721e-03
  695 | 2.90e-09  4.04e-10  5.41e-10 | 4.80e-12  1.70e-11  1.34e-11 | 6.18e-01 | 1.087e+00 | 8.2181e-02 | 0.0000e+00 | 1.120 | 1.717e-03
  700 | 2.46e-09  2.52e-10  4.96e-10 | 4.35e-12  1.84e-11  1.35e-11 | 6.18e-01 | 1.087e+00 | 8.2181e-02 | 0.0000e+00 | 1.120 | 1.713e-03
  705 | 2.80e-09  3.05e-10  5.20e-10 | 4.44e-12  1.60e-11  1.26e-11 | 6.18e-01 | 1.087e+00 | 8.2181e-02 | 0.0000e+00 | 1.120 | 1.710e-03
  710 | 2.84e-09  3.58e-10  5.04e-10 | 4.03e-12  1.67e-11  1.19e-11 | 6.18e-01 | 1.087e+00 | 8.2181e-02 | 0.0000e+00 | 1.120 | 1.706e-03
  715 | 2.31e-09  2.37e-10  4.57e-10 | 3.85e-12  1.58e-11  1.24e-11 | 6.18e-01 | 1.087e+00 | 8.2181e-02 | 0.0000e+00 | 1.120 | 1.703e-03
  720 | 2.20e-09  2.87e-10  4.64e-10 | 3.85e-12  1.43e-11  1.13e-11 | 6.18e-01 | 1.087e+00 | 8.2181e-02 | 0.0000e+00 | 1.119 | 1.699e-03
  725 | 2.62e-09  3.34e-10  4.39e-10 | 3.48e-12  1.53e-11  1.15e-11 | 6.18e-01 | 1.086e+00 | 8.2181e-02 | 0.0000e+00 | 1.119 | 1.695e-03
  730 | 1.80e-09  2.09e-10  4.51e-10 | 3.64e-12  1.34e-11  1.10e-11 | 6.18e-01 | 1.086e+00 | 8.2181e-02 | 0.0000e+00 | 1.119 | 1.691e-03
  735 | 2.20e-09  2.43e-10  4.41e-10 | 3.32e-12  1.38e-11  9.79e-12 | 6.18e-01 | 1.086e+00 | 8.2181e-02 | 0.0000e+00 | 1.119 | 1.688e-03
  740 | 2.13e-09  2.68e-10  4.04e-10 | 3.16e-12  1.33e-11  1.02e-11 | 6.18e-01 | 1.086e+00 | 8.2181e-02 | 0.0000e+00 | 1.119 | 1.683e-03
  745 | 1.66e-09  1.92e-10  3.96e-10 | 3.19e-12  1.18e-11  9.43e-12 | 6.18e-01 | 1.086e+00 | 8.2181e-02 | 0.0000e+00 | 1.119 | 1.679e-03
  750 | 2.01e-09  1.93e-10  3.72e-10 | 2.88e-12  1.26e-11  9.48e-12 | 6.18e-01 | 1.086e+00 | 8.2181e-02 | 0.0000e+00 | 1.118 | 1.675e-03
  755 | 1.59e-09  2.15e-10  3.83e-10 | 2.98e-12  1.11e-11  9.48e-12 | 6.18e-01 | 1.086e+00 | 8.2181e-02 | 0.0000e+00 | 1.118 | 1.670e-03
  760 | 1.78e-09  1.77e-10  3.69e-10 | 2.77e-12  1.13e-11  8.44e-12 | 6.18e-01 | 1.086e+00 | 8.2181e-02 | 0.0000e+00 | 1.118 | 1.666e-03
  765 | 1.42e-09  1.62e-10  3.50e-10 | 2.58e-12  1.12e-11  8.46e-12 | 6.18e-01 | 1.086e+00 | 8.2181e-02 | 0.0000e+00 | 1.118 | 1.662e-03
  770 | 1.46e-09  1.90e-10  3.40e-10 | 2.65e-12  9.90e-12  7.82e-12 | 6.18e-01 | 1.086e+00 | 8.2181e-02 | 0.0000e+00 | 1.118 | 1.657e-03
  775 | 1.57e-09  1.79e-10  3.14e-10 | 2.39e-12  1.06e-11  7.72e-12 | 6.18e-01 | 1.086e+00 | 8.2181e-02 | 0.0000e+00 | 1.118 | 1.653e-03
  780 | 1.04e-09  1.13e-10  3.24e-10 | 2.43e-12  9.35e-12  7.87e-12 | 6.18e-01 | 1.086e+00 | 8.2181e-02 | 0.0000e+00 | 1.118 | 1.648e-03
  785 | 1.50e-09  1.72e-10  3.11e-10 | 2.25e-12  9.27e-12  7.22e-12 | 6.18e-01 | 1.086e+00 | 8.2181e-02 | 0.0000e+00 | 1.117 | 1.643e-03
MHD Energy = 8.218062e-02

 NS = 31   NO. FOURIER MODES = 72   FTOLV = 1.000e-09   NITER = 3000

 ITER |    FSQR     FSQZ     FSQL    |    fsqr     fsqz      fsql   |   DELT   |  RAX(v=0) |    W_MHD   |   <BETA>   |  <M>  |  DELBSQ
------+------------------------------+------------------------------+----------+-----------+------------+------------+-------+----------
    1 | 1.34e+01  2.30e+00  7.40e-06 | 1.31e-03  4.36e-03  1.19e-06 | 9.00e-01 | 1.086e+00 | 8.2181e-02 | 0.0000e+00 | 1.239 | -nan
    2 | 9.60e-03  3.63e-02  4.16e-04 | 1.17e-04  7.98e-04  7.38e-05 | 9.00e-01 | 1.085e+00 | 7.0551e-02 | 0.0000e+00 | 1.239 | 3.665e-01
    3 | 1.48e-02  9.32e-02  1.43e-03 | 2.21e-04  1.93e-03  7.50e-05 | 9.00e-01 | 1.084e+00 | 6.5256e-02 | 0.0000e+00 | 1.239 | 6.169e-01
    4 | 2.47e-02  1.86e-01  2.35e-03 | 2.91e-04  3.68e-03  1.37e-04 | 9.00e-01 | 1.083e+00 | 6.4610e-02 | 0.0000e+00 | 1.239 | 5.996e-01
    5 | 6.04e-02  5.08e-01  3.62e-03 | 1.85e-04  7.33e-03  2.09e-04 | 9.00e-01 | 1.083e+00 | 6.8258e-02 | 0.0000e+00 | 1.240 | 4.083e-01
    6 | 1.01e-01  7.47e-01  1.21e-02 | 1.89e-04  1.13e-02  9.09e-04 | 9.00e-01 | 1.083e+00 | 7.5295e-02 | 0.0000e+00 | 1.240 | 2.113e-01
    7 | 1.37e-01  5.77e-01  2.15e-02 | 2.45e-04  8.50e-03  1.20e-03 | 9.00e-01 | 1.089e+00 | 8.5122e-02 | 0.0000e+00 | 1.243 | 9.798e-02
    8 | 1.02e-01  1.06e-01  2.05e-02 | 2.40e-04  1.56e-03  5.12e-04 | 9.00e-01 | 1.086e+00 | 9.3337e-02 | 0.0000e+00 | 1.242 | 1.828e-01
    9 | 2.75e-01  3.64e-01  2.65e-02 | 1.78e-04  3.93e-03  3.87e-04 | 9.00e-01 | 1.086e+00 | 9.6898e-02 | 0.0000e+00 | 1.239 | 3.078e-01
   10 | 4.27e-01  4.06e-01  4.51e-02 | 4.16e-04  6.09e-03  2.49e-03 | 9.00e-01 | 1.090e+00 | 9.5045e-02 | 0.0000e+00 | 1.238 | 2.641e-01
   11 | 2.37e-01  2.37e-01  2.35e-02 | 1.01e-04  2.24e-03  8.71e-04 | 9.00e-01 | 1.083e+00 | 8.8009e-02 | 0.0000e+00 | 1.239 | 1.855e-01
   12 | 4.39e-01  2.83e-01  2.91e-02 | 7.30e-05  2.44e-03  6.09e-04 | 9.00e-01 | 1.080e+00 | 8.1529e-02 | 0.0000e+00 | 1.239 | 1.218e-01
   15 | 1.02e-01  1.48e-01  7.16e-03 | 6.22e-05  1.84e-03  1.76e-04 | 9.00e-01 | 1.084e+00 | 7.4789e-02 | 0.0000e+00 | 1.241 | 2.659e-01
   20 | 9.87e-01  1.47e-01  3.21e-02 | 6.76e-05  9.24e-04  4.41e-04 | 9.00e-01 | 1.086e+00 | 8.8443e-02 | 0.0000e+00 | 1.238 | 1.879e-01
   25 | 1.04e+00  8.65e-02  1.07e-02 | 2.27e-05  3.38e-04  1.15e-04 | 9.00e-01 | 1.086e+00 | 7.8867e-02 | 0.0000e+00 | 1.219 | 1.433e-01
   30 | 1.52e+00  1.53e-01  6.58e-03 | 2.83e-05  4.12e-04  8.91e-05 | 9.00e-01 | 1.087e+00 | 8.4834e-02 | 0.0000e+00 | 1.218 | 8.788e-02
   35 | 6.75e-01  1.02e-01  3.79e-03 | 1.46e-05  3.06e-04  4.72e-05 | 9.00e-01 | 1.087e+00 | 8.0650e-02 | 0.0000e+00 | 1.196 | 7.965e-02
   40 | 5.68e-01  1.02e-01  3.98e-03 | 9.48e-06  1.80e-04  4.14e-05 | 9.00e-01 | 1.088e+00 | 8.3541e-02 | 0.0000e+00 | 1.225 | 8.203e-02
   45 | 1.87e-01  4.22e-02  1.31e-03 | 5.93e-06  8.86e-05  4.08e-05 | 9.00e-01 | 1.088e+00 | 8.1411e-02 | 0.0000e+00 | 1.215 | 4.290e-02
   50 | 1.52e-01  3.02e-02  7.56e-04 | 2.18e-06  6.11e-05  1.58e-05 | 9.00e-01 | 1.088e+00 | 8.2789e-02 | 0.0000e+00 | 1.221 | 3.211e-02
   55 | 2.53e-02  3.74e-02  7.30e-04 | 9.93e-06  2.88e-04  2.61e-05 | 8.74e-01 | 1.087e+00 | 8.2179e-02 | 0.0000e+00 | 1.224 | 2.562e-02
   60 | 3.28e-02  2.70e-02  3.56e-04 | 5.68e-06  2.01e-04  1.16e-05 | 8.74e-01 | 1.088e+00 | 8.2225e-02 | 0.0000e+00 | 1.224 | 2.018e-02
   65 | 2.21e-02  1.14e-02  2.16e-04 | 2.79e-06  7.29e-05  5.53e-06 | 8.48e-01 | 1.088e+00 | 8.2317e-02 | 0.0000e+00 | 1.204 | 1.522e-02
   70 | 8.49e-03  1.69e-02  2.15e-04 | 5.30e-06  1.34e-04  9.94e-06 | 8.48e-01 | 1.088e+00 | 8.2194e-02 | 0.0000e+00 | 1.203 | 1.535e-02
   75 | 3.09e-03  8.19e-03  1.02e-04 | 1.80e-06  7.14e-05  3.55e-06 | 8.48e-01 | 1.088e+00 | 8.2261e-02 | 0.0000e+00 | 1.204 | 1.049e-02
   80 | 2.48e-03  3.90e-03  5.33e-05 | 9.26e-07  3.29e-05  1.91e-06 | 8.24e-01 | 1.088e+00 | 8.2201e-02 | 0.0000e+00 | 1.192 | 8.620e-03
   85 | 2.08e-03  8.03e-03  8.34e-05 | 1.70e-06  7.06e-05  3.45e-06 | 8.24e-01 | 1.088e+00 | 8.2206e-02 | 0.0000e+00 | 1.192 | 9.180e-03
   90 | 6.42e-04  1.84e-03  2.28e-05 | 4.70e-07  1.45e-05  8.26e-07 | 8.24e-01 | 1.088e+00 | 8.2203e-02 | 0.0000e+00 | 1.192 | 7.313e-03
   95 | 1.56e-04  4.44e-04  4.97e-06 | 8.58e-08  3.44e-06  1.40e-07 | 8.24e-01 | 1.088e+00 | 8.2209e-02 | 0.0000e+00 | 1.184 | 6.189e-03
  100 | 2.83e-04  1.02e-03  1.08e-05 | 2.38e-07  8.43e-06  3.99e-07 | 8.24e-01 | 1.088e+00 | 8.2207e-02 | 0.0000e+00 | 1.182 | 6.111e-03
  105 | 8.64e-05  2.86e-04  2.62e-06 | 6.38e-08  2.61e-06  1.09e-07 | 8.24e-01 | 1.088e+00 | 8.2203e-02 | 0.0000e+00 | 1.180 | 5.262e-03
  110 | 2.98e-05  3.53e-05  1.13e-06 | 1.21e-08  2.52e-07  3.43e-08 | 8.24e-01 | 1.088e+00 | 8.2197e-02 | 0.0000e+00 | 1.176 | 4.909e-03
  115 | 2.49e-05  7.42e-05  1.17e-06 | 1.51e-08  6.28e-07  3.30e-08 | 8.24e-01 | 1.088e+00 | 8.2195e-02 | 0.0000e+00 | 1.174 | 4.599e-03
  120 | 1.54e-05  5.36e-05  8.36e-07 | 9.17e-09  4.22e-07  1.83e-08 | 8.24e-01 | 1.088e+00 | 8.2193e-02 | 0.0000e+00 | 1.172 | 4.396e-03
  125 | 7.13e-06  1.27e-05  3.49e-07 | 3.83e-09  1.07e-07  7.68e-09 | 8.24e-01 | 1.088e+00 | 8.2192e-02 | 0.0000e+00 | 1.172 | 4.211e-03
  130 | 2.99e-06  1.13e-06  1.74e-07 | 8.07e-10  7.07e-09  1.35e-09 | 8.24e-01 | 1.088e+00 | 8.2191e-02 | 0.0000e+00 | 1.167 | 4.054e-03
  135 | 3.30e-06  5.05e-06  1.67e-07 | 1.68e-09  4.11e-08  2.64e-09 | 8.24e-01 | 1.088e+00 | 8.2190e-02 | 0.0000e+00 | 1.167 | 3.904e-03
  140 | 2.23e-06  2.94e-06  1.35e-07 | 9.23e-10  2.35e-08  1.26e-09 | 8.24e-01 | 1.088e+00 | 8.2189e-02 | 0.0000e+00 | 1.167 | 3.774e-03
  145 | 1.59e-06  8.60e-07  1.08e-07 | 4.95e-10  6.30e-09  7.27e-10 | 8.24e-01 | 1.088e+00 | 8.2188e-02 | 0.0000e+00 | 1.162 | 3.632e-03
  150 | 1.25e-06  2.94e-07  9.26e-08 | 3.18e-10  1.60e-09  5.72e-10 | 8.24e-01 | 1.088e+00 | 8.2187e-02 | 0.0000e+00 | 1.160 | 3.500e-03
  155 | 1.10e-06  4.17e-07  9.11e-08 | 3.19e-10  3.18e-09  6.14e-10 | 8.24e-01 | 1.088e+00 | 8.2186e-02 | 0.0000e+00 | 1.158 | 3.388e-03
  160 | 9.44e-07  3.06e-07  7.98e-08 | 2.48e-10  2.26e-09  4.83e-10 | 8.24e-01 | 1.088e+00 | 8.2186e-02 | 0.0000e+00 | 1.157 | 3.284e-03
  165 | 8.25e-07  1.49e-07  6.67e-08 | 1.94e-10  9.12e-10  3.63e-10 | 8.24e-01 | 1.088e+00 | 8.2185e-02 | 0.0000e+00 | 1.156 | 3.187e-03
  170 | 7.37e-07  1.00e-07  6.04e-08 | 1.78e-10  5.69e-10  3.04e-10 | 8.24e-01 | 1.088e+00 | 8.2185e-02 | 0.0000e+00 | 1.153 | 3.095e-03
  175 | 6.53e-07  1.04e-07  5.36e-08 | 1.65e-10  6.35e-10  2.57e-10 | 8.24e-01 | 1.088e+00 | 8.2184e-02 | 0.0000e+00 | 1.152 | 3.010e-03
  180 | 5.68e-07  8.66e-08  4.68e-08 | 1.44e-10  5.70e-10  2.21e-10 | 8.24e-01 | 1.088e+00 | 8.2184e-02 | 0.0000e+00 | 1.151 | 2.925e-03
  185 | 4.95e-07  6.02e-08  4.25e-08 | 1.29e-10  3.78e-10  1.93e-10 | 8.24e-01 | 1.088e+00 | 8.2184e-02 | 0.0000e+00 | 1.149 | 2.840e-03
  190 | 4.26e-07  4.94e-08  3.74e-08 | 1.17e-10  3.35e-10  1.70e-10 | 8.24e-01 | 1.088e+00 | 8.2183e-02 | 0.0000e+00 | 1.147 | 2.756e-03
  195 | 3.62e-07  4.41e-08  3.18e-08 | 1.06e-10  3.22e-10  1.46e-10 | 8.24e-01 | 1.088e+00 | 8.2183e-02 | 0.0000e+00 | 1.146 | 2.669e-03
  200 | 3.00e-07  3.62e-08  2.71e-08 | 1.00e-10  2.91e-10  1.22e-10 | 8.24e-01 | 1.088e+00 | 8.2183e-02 | 0.0000e+00 | 1.144 | 2.583e-03
  205 | 2.41e-07  2.49e-08  2.29e-08 | 9.42e-11  2.30e-10  1.00e-10 | 8.24e-01 | 1.088e+00 | 8.2182e-02 | 0.0000e+00 | 1.142 | 2.495e-03
  210 | 1.93e-07  1.87e-08  1.86e-08 | 8.87e-11  1.93e-10  8.13e-11 | 8.24e-01 | 1.088e+00 | 8.2182e-02 | 0.0000e+00 | 1.140 | 2.406e-03
  215 | 1.52e-07  1.56e-08  1.48e-08 | 8.57e-11  1.87e-10  6.53e-11 | 8.24e-01 | 1.088e+00 | 8.2182e-02 | 0.0000e+00 | 1.138 | 2.320e-03
  220 | 1.19e-07  1.24e-08  1.25e-08 | 8.44e-11  1.68e-10  5.48e-11 | 8.24e-01 | 1.088e+00 | 8.2182e-02 | 0.0000e+00 | 1.137 | 2.234e-03
  225 | 9.33e-08  8.29e-09  9.82e-09 | 8.10e-11  1.42e-10  4.77e-11 | 8.24e-01 | 1.088e+00 | 8.2182e-02 | 0.0000e+00 | 1.134 | 2.155e-03
  230 | 7.30e-08  6.21e-09  8.29e-09 | 7.74e-11  1.28e-10  4.39e-11 | 8.24e-01 | 1.088e+00 | 8.2181e-02 | 0.0000e+00 | 1.132 | 2.079e-03
  235 | 5.95e-08  5.95e-09  7.30e-09 | 7.78e-11  1.25e-10  4.15e-11 | 8.24e-01 | 1.088e+00 | 8.2181e-02 | 0.0000e+00 | 1.131 | 2.010e-03
  240 | 5.22e-08  5.48e-09  5.78e-09 | 7.52e-11  1.19e-10  3.93e-11 | 8.24e-01 | 1.088e+00 | 8.2181e-02 | 0.0000e+00 | 1.130 | 1.946e-03
  245 | 4.79e-08  4.51e-09  5.14e-09 | 7.25e-11  1.05e-10  3.67e-11 | 8.24e-01 | 1.088e+00 | 8.2181e-02 | 0.0000e+00 | 1.128 | 1.886e-03
  250 | 4.60e-08  4.49e-09  4.67e-09 | 7.01e-11  9.99e-11  3.53e-11 | 8.24e-01 | 1.088e+00 | 8.2181e-02 | 0.0000e+00 | 1.127 | 1.832e-03
  255 | 4.45e-08  4.88e-09  4.28e-09 | 6.51e-11  1.00e-10  3.60e-11 | 8.24e-01 | 1.088e+00 | 8.2181e-02 | 0.0000e+00 | 1.126 | 1.778e-03
  260 | 4.53e-08  4.34e-09  4.13e-09 | 6.15e-11  9.06e-11  3.56e-11 | 8.24e-01 | 1.088e+00 | 8.2181e-02 | 0.0000e+00 | 1.125 | 1.729e-03
  265 | 4.56e-08  4.32e-09  3.89e-09 | 5.62e-11  9.11e-11  3.73e-11 | 8.24e-01 | 1.088e+00 | 8.2182e-02 | 0.0000e+00 | 1.124 | 1.683e-03
  270 | 4.52e-08  4.54e-09  3.81e-09 | 5.38e-11  8.69e-11  3.52e-11 | 8.24e-01 | 1.088e+00 | 8.2182e-02 | 0.0000e+00 | 1.124 | 1.636e-03
  275 | 4.57e-08  4.68e-09  3.66e-09 | 4.99e-11  8.80e-11  3.26e-11 | 8.24e-01 | 1.088e+00 | 8.2182e-02 | 0.0000e+00 | 1.124 | 1.592e-03
  280 | 4.35e-08  3.97e-09  3.45e-09 | 4.51e-11  8.41e-11  3.13e-11 | 8.24e-01 | 1.088e+00 | 8.2182e-02 | 0.0000e+00 | 1.123 | 1.549e-03
  285 | 4.19e-08  3.33e-09  3.49e-09 | 4.32e-11  7.60e-11  2.75e-11 | 8.24e-01 | 1.088e+00 | 8.2182e-02 | 0.0000e+00 | 1.124 | 1.509e-03
  290 | 3.88e-08  3.49e-09  3.57e-09 | 3.95e-11  8.26e-11  2.85e-11 | 8.24e-01 | 1.088e+00 | 8.2182e-02 | 0.0000e+00 | 1.124 | 1.470e-03
  295 | 3.50e-08  3.18e-09  3.68e-09 | 3.73e-11  7.51e-11  2.73e-11 | 8.24e-01 | 1.088e+00 | 8.2182e-02 | 0.0000e+00 | 1.124 | 1.429e-03
  300 | 3.15e-08  2.77e-09  3.74e-09 | 3.44e-11  7.28e-11  2.70e-11 | 8.24e-01 | 1.088e+00 | 8.2182e-02 | 0.0000e+00 | 1.124 | 1.389e-03
  305 | 2.72e-08  2.82e-09  3.56e-09 | 3.29e-11  7.22e-11  2.37e-11 | 8.24e-01 | 1.088e+00 | 8.2182e-02 | 0.0000e+00 | 1.125 | 1.346e-03
  310 | 2.45e-08  2.44e-09  3.52e-09 | 3.19e-11  6.66e-11  2.17e-11 | 8.24e-01 | 1.088e+00 | 8.2182e-02 | 0.0000e+00 | 1.125 | 1.304e-03
  315 | 2.27e-08  2.07e-09  3.60e-09 | 2.92e-11  6.53e-11  2.17e-11 | 8.24e-01 | 1.088e+00 | 8.2182e-02 | 0.0000e+00 | 1.125 | 1.261e-03
  320 | 2.09e-08  2.18e-09  3.44e-09 | 2.85e-11  6.11e-11  2.14e-11 | 8.24e-01 | 1.087e+00 | 8.2182e-02 | 0.0000e+00 | 1.126 | 1.216e-03
  325 | 1.93e-08  2.32e-09  3.35e-09 | 2.64e-11  6.20e-11  2.18e-11 | 8.24e-01 | 1.087e+00 | 8.2182e-02 | 0.0000e+00 | 1.126 | 1.172e-03
  330 | 1.82e-08  2.12e-09  3.20e-09 | 2.54e-11  5.56e-11  2.02e-11 | 8.24e-01 | 1.087e+00 | 8.2181e-02 | 0.0000e+00 | 1.126 | 1.130e-03
  335 | 1.77e-08  2.16e-09  2.98e-09 | 2.53e-11  5.25e-11  1.82e-11 | 8.24e-01 | 1.087e+00 | 8.2181e-02 | 0.0000e+00 | 1.126 | 1.092e-03
  340 | 1.77e-08  2.05e-09  2.77e-09 | 2.40e-11  5.22e-11  1.86e-11 | 8.24e-01 | 1.087e+00 | 8.2181e-02 | 0.0000e+00 | 1.126 | 1.057e-03
  345 | 1.89e-08  1.94e-09  2.49e-09 | 2.29e-11  4.75e-11  1.75e-11 | 8.24e-01 | 1.087e+00 | 8.2181e-02 | 0.0000e+00 | 1.126 | 1.023e-03
  350 | 1.96e-08  2.11e-09  2.25e-09 | 2.10e-11  4.92e-11  1.89e-11 | 8.24e-01 | 1.087e+00 | 8.2181e-02 | 0.0000e+00 | 1.126 | 9.926e-04
  355 | 1.97e-08  1.98e-09  2.08e-09 | 1.98e-11  4.55e-11  1.74e-11 | 8.24e-01 | 1.087e+00 | 8.2181e-02 | 0.0000e+00 | 1.126 | 9.654e-04
  360 | 1.96e-08  1.85e-09  1.90e-09 | 1.94e-11  4.19e-11  1.63e-11 | 8.24e-01 | 1.087e+00 | 8.2181e-02 | 0.0000e+00 | 1.126 | 9.404e-04
  365 | 1.92e-08  1.94e-09  1.77e-09 | 1.86e-11  4.20e-11  1.60e-11 | 8.24e-01 | 1.087e+00 | 8.2181e-02 | 0.0000e+00 | 1.126 | 9.190e-04
  370 | 1.98e-08  1.77e-09  1.63e-09 | 1.77e-11  3.90e-11  1.52e-11 | 8.24e-01 | 1.087e+00 | 8.2181e-02 | 0.0000e+00 | 1.125 | 9.008e-04
  375 | 1.94e-08  1.79e-09  1.53e-09 | 1.60e-11  3.95e-11  1.57e-11 | 8.24e-01 | 1.087e+00 | 8.2181e-02 | 0.0000e+00 | 1.125 | 8.893e-04
  380 | 1.84e-08  1.79e-09  1.46e-09 | 1.47e-11  3.78e-11  1.56e-11 | 8.24e-01 | 1.087e+00 | 8.2181e-02 | 0.0000e+00 | 1.125 | 8.821e-04
  385 | 1.77e-08  1.55e-09  1.37e-09 | 1.41e-11  3.56e-11  1.56e-11 | 8.24e-01 | 1.087e+00 | 8.2181e-02 | 0.0000e+00 | 1.124 | 8.765e-04
  390 | 1.70e-08  1.57e-09  1.36e-09 | 1.37e-11  3.52e-11  1.48e-11 | 8.24e-01 | 1.086e+00 | 8.2181e-02 | 0.0000e+00 | 1.123 | 8.697e-04
  395 | 1.61e-08  1.50e-09  1.37e-09 | 1.33e-11  3.27e-11  1.36e-11 | 8.24e-01 | 1.086e+00 | 8.2181e-02 | 0.0000e+00 | 1.123 | 8.650e-04
  400 | 1.52e-08  1.54e-09  1.35e-09 | 1.21e-11  3.35e-11  1.37e-11 | 8.24e-01 | 1.086e+00 | 8.2181e-02 | 0.0000e+00 | 1.122 | 8.624e-04
  405 | 1.37e-08  1.77e-09  1.35e-09 | 1.09e-11  3.18e-11  1.36e-11 | 8.24e-01 | 1.086e+00 | 8.2181e-02 | 0.0000e+00 | 1.122 | 8.626e-04
  410 | 1.34e-08  1.52e-09  1.26e-09 | 1.01e-11  3.00e-11  1.43e-11 | 8.24e-01 | 1.086e+00 | 8.2181e-02 | 0.0000e+00 | 1.121 | 8.640e-04
  415 | 1.37e-08  1.46e-09  1.17e-09 | 9.78e-12  2.98e-11  1.33e-11 | 8.24e-01 | 1.086e+00 | 8.2181e-02 | 0.0000e+00 | 1.121 | 8.643e-04
  420 | 1.30e-08  1.46e-09  1.22e-09 | 9.68e-12  2.74e-11  1.18e-11 | 8.24e-01 | 1.086e+00 | 8.2181e-02 | 0.0000e+00 | 1.121 | 8.655e-04
  425 | 1.26e-08  1.57e-09  1.15e-09 | 8.92e-12  2.79e-11  1.16e-11 | 8.24e-01 | 1.086e+00 | 8.2181e-02 | 0.0000e+00 | 1.120 | 8.666e-04
  430 | 1.20e-08  1.74e-09  1.14e-09 | 8.16e-12  2.62e-11  1.10e-11 | 8.24e-01 | 1.086e+00 | 8.2181e-02 | 0.0000e+00 | 1.120 | 8.684e-04
  435 | 1.24e-08  1.68e-09  1.13e-09 | 7.43e-12  2.55e-11  1.19e-11 | 8.24e-01 | 1.086e+00 | 8.2181e-02 | 0.0000e+00 | 1.120 | 8.712e-04
  440 | 1.28e-08  1.54e-09  9.98e-10 | 7.09e-12  2.46e-11  1.10e-11 | 8.24e-01 | 1.086e+00 | 8.2181e-02 | 0.0000e+00 | 1.119 | 8.714e-04
  445 | 1.26e-08  1.55e-09  9.93e-10 | 6.93e-12  2.33e-11  9.93e-12 | 8.24e-01 | 1.086e+00 | 8.2181e-02 | 0.0000e+00 | 1.119 | 8.714e-04
  450 | 1.27e-08  1.62e-09  9.38e-10 | 6.53e-12  2.27e-11  9.73e-12 | 8.24e-01 | 1.085e+00 | 8.2181e-02 | 0.0000e+00 | 1.119 | 8.719e-04
  455 | 1.26e-08  1.57e-09  9.13e-10 | 6.02e-12  2.11e-11  9.16e-12 | 8.24e-01 | 1.085e+00 | 8.2181e-02 | 0.0000e+00 | 1.118 | 8.746e-04
  460 | 1.33e-08  1.54e-09  9.43e-10 | 5.35e-12  2.11e-11  9.73e-12 | 8.24e-01 | 1.085e+00 | 8.2181e-02 | 0.0000e+00 | 1.118 | 8.786e-04
  465 | 1.30e-08  1.45e-09  8.77e-10 | 5.06e-12  1.99e-11  9.25e-12 | 8.24e-01 | 1.085e+00 | 8.2181e-02 | 0.0000e+00 | 1.118 | 8.822e-04
  470 | 1.25e-08  1.45e-09  8.45e-10 | 4.85e-12  1.93e-11  8.60e-12 | 8.24e-01 | 1.085e+00 | 8.2181e-02 | 0.0000e+00 | 1.118 | 8.860e-04
  475 | 1.21e-08  1.48e-09  8.34e-10 | 4.65e-12  1.81e-11  8.19e-12 | 8.24e-01 | 1.085e+00 | 8.2181e-02 | 0.0000e+00 | 1.118 | 8.906e-04
  480 | 1.18e-08  1.32e-09  7.95e-10 | 4.44e-12  1.72e-11  7.57e-12 | 8.24e-01 | 1.085e+00 | 8.2181e-02 | 0.0000e+00 | 1.117 | 8.975e-04
  485 | 1.18e-08  1.20e-09  8.28e-10 | 3.96e-12  1.63e-11  7.73e-12 | 8.24e-01 | 1.085e+00 | 8.2181e-02 | 0.0000e+00 | 1.117 | 9.063e-04
  490 | 1.07e-08  1.25e-09  7.69e-10 | 3.69e-12  1.61e-11  7.29e-12 | 8.24e-01 | 1.085e+00 | 8.2181e-02 | 0.0000e+00 | 1.117 | 9.143e-04
  495 | 9.95e-09  1.08e-09  7.27e-10 | 3.39e-12  1.52e-11  7.31e-12 | 8.24e-01 | 1.085e+00 | 8.2181e-02 | 0.0000e+00 | 1.117 | 9.219e-04
  500 | 9.04e-09  1.15e-09  7.26e-10 | 3.25e-12  1.45e-11  6.93e-12 | 8.24e-01 | 1.085e+00 | 8.2181e-02 | 0.0000e+00 | 1.117 | 9.298e-04
  505 | 8.77e-09  1.04e-09  6.79e-10 | 3.12e-12  1.34e-11  6.36e-12 | 8.24e-01 | 1.085e+00 | 8.2181e-02 | 0.0000e+00 | 1.117 | 9.394e-04
  510 | 8.50e-09  9.76e-10  6.57e-10 | 2.86e-12  1.28e-11  6.24e-12 | 8.24e-01 | 1.085e+00 | 8.2181e-02 | 0.0000e+00 | 1.117 | 9.490e-04
  515 | 7.43e-09  1.06e-09  6.21e-10 | 2.78e-12  1.21e-11  5.79e-12 | 8.24e-01 | 1.085e+00 | 8.2181e-02 | 0.0000e+00 | 1.117 | 9.570e-04
  520 | 7.39e-09  9.25e-10  5.42e-10 | 2.50e-12  1.17e-11  5.67e-12 | 8.24e-01 | 1.085e+00 | 8.2181e-02 | 0.0000e+00 | 1.117 | 9.622e-04
  525 | 7.21e-09  9.15e-10  5.50e-10 | 2.35e-12  1.12e-11  5.72e-12 | 8.24e-01 | 1.085e+00 | 8.2181e-02 | 0.0000e+00 | 1.117 | 9.670e-04
  530 | 7.05e-09  9.42e-10  5.04e-10 | 2.26e-12  1.08e-11  5.23e-12 | 8.24e-01 | 1.084e+00 | 8.2181e-02 | 0.0000e+00 | 1.117 | 9.720e-04
  535 | 7.28e-09  8.45e-10  4.93e-10 | 2.10e-12  1.03e-11  5.18e-12 | 8.24e-01 | 1.084e+00 | 8.2181e-02 | 0.0000e+00 | 1.117 | 9.766e-04
  540 | 6.67e-09  9.43e-10  4.81e-10 | 2.17e-12  9.72e-12  4.61e-12 | 8.24e-01 | 1.084e+00 | 8.2181e-02 | 0.0000e+00 | 1.117 | 9.799e-04
  545 | 6.57e-09  8.66e-10  4.25e-10 | 2.00e-12  9.25e-12  4.35e-12 | 8.24e-01 | 1.084e+00 | 8.2181e-02 | 0.0000e+00 | 1.116 | 9.808e-04
  550 | 7.03e-09  8.17e-10  4.31e-10 | 1.89e-12  8.98e-12  4.33e-12 | 8.24e-01 | 1.084e+00 | 8.2180e-02 | 0.0000e+00 | 1.116 | 9.811e-04
  555 | 6.40e-09  8.52e-10  3.95e-10 | 1.77e-12  8.59e-12  4.36e-12 | 8.24e-01 | 1.084e+00 | 8.2180e-02 | 0.0000e+00 | 1.116 | 9.813e-04
  560 | 6.36e-09  7.99e-10  4.04e-10 | 1.66e-12  8.20e-12  4.44e-12 | 8.24e-01 | 1.084e+00 | 8.2180e-02 | 0.0000e+00 | 1.116 | 9.814e-04
  565 | 6.33e-09  8.18e-10  3.81e-10 | 1.70e-12  7.78e-12  3.91e-12 | 8.24e-01 | 1.084e+00 | 8.2180e-02 | 0.0000e+00 | 1.116 | 9.800e-04
  570 | 5.58e-09  7.55e-10  3.65e-10 | 1.64e-12  7.59e-12  3.61e-12 | 8.24e-01 | 1.084e+00 | 8.2180e-02 | 0.0000e+00 | 1.116 | 9.760e-04
  575 | 6.08e-09  7.40e-10  3.58e-10 | 1.58e-12  7.28e-12  3.29e-12 | 8.24e-01 | 1.084e+00 | 8.2180e-02 | 0.0000e+00 | 1.116 | 9.712e-04
  580 | 5.49e-09  7.88e-10  3.19e-10 | 1.46e-12  7.02e-12  3.54e-12 | 8.24e-01 | 1.084e+00 | 8.2180e-02 | 0.0000e+00 | 1.117 | 9.665e-04
  585 | 4.81e-09  7.40e-10  3.33e-10 | 1.35e-12  6.73e-12  3.42e-12 | 8.24e-01 | 1.084e+00 | 8.2180e-02 | 0.0000e+00 | 1.117 | 9.619e-04
  590 | 5.35e-09  7.51e-10  2.92e-10 | 1.34e-12  6.53e-12  3.24e-12 | 8.24e-01 | 1.084e+00 | 8.2180e-02 | 0.0000e+00 | 1.117 | 9.567e-04
  595 | 4.69e-09  6.44e-10  2.88e-10 | 1.29e-12  6.26e-12  2.93e-12 | 8.24e-01 | 1.084e+00 | 8.2180e-02 | 0.0000e+00 | 1.117 | 9.498e-04
  600 | 4.80e-09  6.40e-10  2.68e-10 | 1.28e-12  6.12e-12  2.62e-12 | 8.24e-01 | 1.084e+00 | 8.2180e-02 | 0.0000e+00 | 1.117 | 9.436e-04
  605 | 4.82e-09  6.72e-10  2.37e-10 | 1.18e-12  5.79e-12  2.76e-12 | 8.24e-01 | 1.084e+00 | 8.2180e-02 | 0.0000e+00 | 1.117 | 9.383e-04
  610 | 4.11e-09  6.10e-10  2.56e-10 | 1.10e-12  5.63e-12  2.64e-12 | 8.24e-01 | 1.084e+00 | 8.2180e-02 | 0.0000e+00 | 1.117 | 9.338e-04
  615 | 4.45e-09  5.96e-10  2.23e-10 | 1.07e-12  5.37e-12  2.63e-12 | 8.24e-01 | 1.084e+00 | 8.2180e-02 | 0.0000e+00 | 1.117 | 9.291e-04
  620 | 4.34e-09  5.70e-10  2.33e-10 | 1.04e-12  5.16e-12  2.40e-12 | 8.24e-01 | 1.084e+00 | 8.2180e-02 | 0.0000e+00 | 1.117 | 9.228e-04
  625 | 4.04e-09  5.59e-10  2.02e-10 | 1.02e-12  5.04e-12  2.07e-12 | 8.24e-01 | 1.084e+00 | 8.2180e-02 | 0.0000e+00 | 1.117 | 9.170e-04
  630 | 4.10e-09  5.83e-10  1.85e-10 | 9.86e-13  4.71e-12  2.24e-12 | 8.24e-01 | 1.084e+00 | 8.2180e-02 | 0.0000e+00 | 1.117 | 9.120e-04
  635 | 3.74e-09  5.56e-10  1.93e-10 | 9.32e-13  4.48e-12  2.03e-12 | 8.24e-01 | 1.084e+00 | 8.2180e-02 | 0.0000e+00 | 1.117 | 9.070e-04
  640 | 3.59e-09  5.08e-10  1.74e-10 | 8.83e-13  4.36e-12  2.10e-12 | 8.24e-01 | 1.084e+00 | 8.2180e-02 | 0.0000e+00 | 1.117 | 9.016e-04
  645 | 3.50e-09  5.25e-10  1.86e-10 | 8.37e-13  4.20e-12  1.94e-12 | 8.24e-01 | 1.084e+00 | 8.2180e-02 | 0.0000e+00 | 1.117 | 8.948e-04
  650 | 3.31e-09  5.14e-10  1.61e-10 | 8.11e-13  4.03e-12  1.71e-12 | 8.24e-01 | 1.084e+00 | 8.2180e-02 | 0.0000e+00 | 1.117 | 8.884e-04
  655 | 3.19e-09  4.67e-10  1.55e-10 | 8.05e-13  3.76e-12  1.77e-12 | 8.24e-01 | 1.084e+00 | 8.2180e-02 | 0.0000e+00 | 1.118 | 8.830e-04
  660 | 3.03e-09  4.65e-10  1.46e-10 | 7.75e-13  3.54e-12  1.56e-12 | 8.24e-01 | 1.084e+00 | 8.2180e-02 | 0.0000e+00 | 1.118 | 8.782e-04
  665 | 2.79e-09  4.28e-10  1.35e-10 | 7.42e-13  3.49e-12  1.58e-12 | 8.24e-01 | 1.084e+00 | 8.2180e-02 | 0.0000e+00 | 1.118 | 8.733e-04
  670 | 2.66e-09  4.05e-10  1.44e-10 | 7.00e-13  3.27e-12  1.53e-12 | 8.24e-01 | 1.084e+00 | 8.2180e-02 | 0.0000e+00 | 1.118 | 8.677e-04
  675 | 2.62e-09  4.20e-10  1.26e-10 | 6.67e-13  3.19e-12  1.42e-12 | 8.24e-01 | 1.084e+00 | 8.2180e-02 | 0.0000e+00 | 1.118 | 8.630e-04
  680 | 2.53e-09  3.74e-10  1.25e-10 | 6.55e-13  2.99e-12  1.48e-12 | 8.24e-01 | 1.084e+00 | 8.2180e-02 | 0.0000e+00 | 1.118 | 8.593e-04
  685 | 2.54e-09  3.66e-10  1.14e-10 | 6.40e-13  2.81e-12  1.24e-12 | 8.24e-01 | 1.084e+00 | 8.2180e-02 | 0.0000e+00 | 1.118 | 8.565e-04
  690 | 2.33e-09  3.44e-10  1.07e-10 | 6.31e-13  2.72e-12  1.25e-12 | 8.24e-01 | 1.084e+00 | 8.2180e-02 | 0.0000e+00 | 1.118 | 8.536e-04
  695 | 2.23e-09  3.17e-10  1.10e-10 | 5.96e-13  2.54e-12  1.15e-12 | 8.24e-01 | 1.084e+00 | 8.2180e-02 | 0.0000e+00 | 1.118 | 8.500e-04
  700 | 2.21e-09  3.31e-10  1.00e-10 | 5.63e-13  2.49e-12  1.15e-12 | 8.24e-01 | 1.084e+00 | 8.2180e-02 | 0.0000e+00 | 1.118 | 8.468e-04
  705 | 1.99e-09  3.08e-10  1.01e-10 | 5.50e-13  2.33e-12  1.20e-12 | 8.24e-01 | 1.084e+00 | 8.2180e-02 | 0.0000e+00 | 1.118 | 8.442e-04
  710 | 2.03e-09  3.14e-10  9.15e-11 | 5.31e-13  2.23e-12  1.03e-12 | 8.24e-01 | 1.083e+00 | 8.2180e-02 | 0.0000e+00 | 1.118 | 8.422e-04
  715 | 1.90e-09  2.97e-10  8.51e-11 | 5.30e-13  2.12e-12  1.00e-12 | 8.24e-01 | 1.083e+00 | 8.2180e-02 | 0.0000e+00 | 1.118 | 8.401e-04
  720 | 1.78e-09  2.63e-10  8.52e-11 | 5.05e-13  2.02e-12  8.89e-13 | 8.24e-01 | 1.083e+00 | 8.2180e-02 | 0.0000e+00 | 1.118 | 8.367e-04
  725 | 1.89e-09  2.59e-10  7.87e-11 | 4.85e-13  1.96e-12  9.08e-13 | 8.24e-01 | 1.083e+00 | 8.2180e-02 | 0.0000e+00 | 1.118 | 8.335e-04
  730 | 1.67e-09  2.42e-10  7.93e-11 | 4.72e-13  1.87e-12  9.41e-13 | 8.24e-01 | 1.083e+00 | 8.2180e-02 | 0.0000e+00 | 1.118 | 8.309e-04
  735 | 1.63e-09  2.39e-10  7.07e-11 | 4.59e-13  1.82e-12  8.33e-13 | 8.24e-01 | 1.083e+00 | 8.2180e-02 | 0.0000e+00 | 1.118 | 8.291e-04
  740 | 1.62e-09  2.39e-10  6.75e-11 | 4.53e-13  1.72e-12  8.12e-13 | 8.24e-01 | 1.083e+00 | 8.2180e-02 | 0.0000e+00 | 1.119 | 8.270e-04
  745 | 1.42e-09  2.21e-10  6.64e-11 | 4.49e-13  1.64e-12  7.20e-13 | 8.24e-01 | 1.083e+00 | 8.2180e-02 | 0.0000e+00 | 1.119 | 8.241e-04
  750 | 1.49e-09  2.22e-10  6.16e-11 | 4.31e-13  1.57e-12  7.08e-13 | 8.24e-01 | 1.083e+00 | 8.2180e-02 | 0.0000e+00 | 1.119 | 8.213e-04
  755 | 1.44e-09  2.08e-10  6.22e-11 | 4.22e-13  1.52e-12  7.46e-13 | 8.24e-01 | 1.083e+00 | 8.2180e-02 | 0.0000e+00 | 1.119 | 8.189e-04
  760 | 1.36e-09  1.91e-10  5.70e-11 | 4.10e-13  1.45e-12  6.96e-13 | 8.24e-01 | 1.083e+00 | 8.2180e-02 | 0.0000e+00 | 1.119 | 8.171e-04
  765 | 1.38e-09  1.93e-10  5.40e-11 | 4.04e-13  1.39e-12  6.65e-13 | 8.24e-01 | 1.083e+00 | 8.2180e-02 | 0.0000e+00 | 1.119 | 8.149e-04
  770 | 1.26e-09  1.87e-10  5.11e-11 | 3.95e-13  1.33e-12  6.11e-13 | 8.24e-01 | 1.083e+00 | 8.2180e-02 | 0.0000e+00 | 1.119 | 8.117e-04
  775 | 1.18e-09  1.85e-10  4.82e-11 | 3.87e-13  1.28e-12  5.67e-13 | 8.24e-01 | 1.083e+00 | 8.2180e-02 | 0.0000e+00 | 1.119 | 8.087e-04
MHD Energy = 8.218008e-02
