 - - - - - - - - - - - - - - - - - - - - - - - - - - - - - - - - -
  SEQ =    1 TIME SLICE  0.0000E+00
  PROCESSING INPUT.w7x_768
  THIS IS PARVMEC (PARALLEL VMEC), VERSION 10.0
  Lambda: Full Radial Mesh. L-Force: hybrid full/half.

  COMPUTER: demo-host   OS: GNU/Linux   RELEASE: 7.0.0-27-generic  DATE = Jul 21,2026  TIME = 14:28:16
  Opening vacuum field file: mgrid_w7x.nc
  Time to read MGRID file:   6.79E-02 s

  NS =    8 NO. FOURIER MODES =  288 FTOLV =  1.000E-11 NITER =   4000
  PROCESSOR COUNT - RADIAL:    1  VACUUM:    1

  ITER    FSQR      FSQZ      FSQL    RAX(v=0)    DELT        WMHD      DEL-BSQ

    1  6.75E-01  2.30E-01  1.22E-01  5.986E+00  1.00E+00  7.3885E+01  1.000E+00
    2  1.52E+00  7.74E-01  3.61E-02  5.972E+00  1.00E+00  7.1051E+01  1.000E+00
    3  5.01E+00  2.01E+00  1.63E-01  5.957E+00  1.00E+00  7.2794E+01  1.000E+00
    4  1.89E+01  6.68E+00  6.04E-01  5.983E+00  1.00E+00  7.4097E+01  1.000E+00
    5  6.75E-01  2.41E-01  1.22E-01  5.986E+00  9.00E-01  7.3885E+01  1.000E+00
    6  8.68E-01  4.24E-01  2.92E-02  5.975E+00  9.00E-01  7.1054E+01  1.000E+00
    7  1.01E+00  3.98E-01  6.29E-02  5.961E+00  9.00E-01  7.1842E+01  1.000E+00
    8  6.84E-01  3.03E-01  6.54E-02  5.968E+00  9.00E-01  7.2296E+01  1.000E+00
    9  2.85E-01  1.34E-01  3.66E-02  5.976E+00  9.00E-01  7.1558E+01  1.000E+00
   10  2.67E-01  9.86E-02  3.75E-02  5.982E+00  9.00E-01  7.1363E+01  1.000E+00
   11  5.01E-01  2.15E-01  4.48E-02  5.982E+00  9.00E-01  7.1436E+01  1.000E+00
   12  6.79E-01  3.51E-01  3.26E-02  5.974E+00  9.00E-01  7.1058E+01  1.000E+00
   15  1.81E-01  9.69E-02  3.23E-02  5.972E+00  9.00E-01  7.0953E+01  1.000E+00
   20  1.39E-01  7.64E-02  1.88E-02  5.977E+00  9.00E-01  7.0658E+01  1.000E+00
   25  7.88E-02  3.58E-02  1.21E-02  5.977E+00  9.00E-01  7.0564E+01  1.000E+00
   30  4.10E-02  1.67E-02  8.69E-03  5.977E+00  9.00E-01  7.0508E+01  1.000E+00
   35  5.12E-02  2.01E-02  4.36E-03  5.982E+00  9.00E-01  7.0480E+01  1.000E+00
   40  1.69E-02  8.95E-03  2.00E-03  5.982E+00  9.00E-01  7.0465E+01  1.000E+00
   45  9.18E-03  3.77E-03  1.23E-03  5.984E+00  9.00E-01  7.0459E+01  1.000E+00
   50  8.76E-03  2.97E-03  7.11E-04  5.986E+00  9.00E-01  7.0456E+01  1.000E+00
   55  1.68E-03  8.92E-04  3.63E-04  5.986E+00  9.00E-01  7.0453E+01  1.000E+00
   60  1.87E-03  7.33E-04  1.88E-04  5.987E+00  9.00E-01  7.0452E+01  1.000E+00
   65  6.30E-04  2.57E-04  9.93E-05  5.988E+00  9.00E-01  7.0451E+01  1.000E+00

  In VACUUM, np =  5  mf = 13  nf = 12 nu = 30  nv =   36
  2*pi * a * -BPOL(vac) =   1.76E-06 TOROIDAL CURRENT =  -1.86E-15
  R * BTOR(vac) =  -1.37E+01 R * BTOR(plasma) =  -1.37E+01

  VACUUM PRESSURE TURNED ON AT   66 ITERATIONS

   70  2.66E+01  1.85E+01  5.22E-01  5.988E+00  9.00E-01  7.2930E+01  2.094E-01
   75  5.22E+00  6.15E+00  4.12E-02  5.990E+00  8.10E-01  7.1653E+01  9.361E-02
   80  4.17E-02  6.08E-02  2.57E-03  5.987E+00  7.29E-01  7.0387E+01  2.452E-02
   85  2.84E-01  6.13E-01  2.72E-03  5.988E+00  7.29E-01  7.1100E+01  3.774E-02
   90  2.32E-02  4.70E-02  6.77E-03  5.987E+00  7.08E-01  7.0416E+01  3.455E-02
   95  1.03E-02  1.94E-02  2.51E-03  5.988E+00  7.08E-01  7.0353E+01  2.769E-02
  100  4.43E-03  5.46E-03  1.08E-03  5.989E+00  7.08E-01  7.0454E+01  2.129E-02
  105  1.94E-03  1.78E-03  6.96E-04  5.989E+00  7.08E-01  7.0527E+01  1.563E-02
  110  7.79E-04  1.14E-03  2.69E-04  5.990E+00  7.08E-01  7.0441E+01  1.097E-02
  115  5.46E-04  8.97E-04  1.45E-04  5.990E+00  7.08E-01  7.0488E+01  6.742E-03
  120  3.85E-04  6.04E-04  8.32E-05  5.990E+00  7.08E-01  7.0431E+01  5.671E-03
  125  2.15E-04  3.38E-04  3.74E-05  5.990E+00  7.08E-01  7.0464E+01  4.362E-03
  130  1.36E-04  1.79E-04  2.04E-05  5.991E+00  7.08E-01  7.0459E+01  3.470E-03
  135  5.68E-05  7.75E-05  1.17E-05  5.991E+00  7.08E-01  7.0455E+01  2.738E-03
  140  2.28E-05  2.95E-05  6.38E-06  5.991E+00  7.08E-01  7.0449E+01  2.328E-03
  145  1.11E-05  1.34E-05  2.80E-06  5.991E+00  7.08E-01  7.0453E+01  1.927E-03
  150  4.90E-06  4.25E-06  1.44E-06  5.991E+00  7.08E-01  7.0452E+01  1.862E-03
  155  2.64E-06  1.95E-06  8.28E-07  5.992E+00  7.08E-01  7.0450E+01  1.735E-03
  160  1.23E-06  8.97E-07  4.86E-07  5.992E+00  7.08E-01  7.0452E+01  1.694E-03
  165  7.12E-07  6.83E-07  3.39E-07  5.992E+00  7.08E-01  7.0450E+01  1.633E-03
  170  5.05E-07  4.73E-07  2.56E-07  5.992E+00  7.08E-01  7.0451E+01  1.616E-03
  175  3.54E-07  3.22E-07  1.91E-07  5.992E+00  7.08E-01  7.0451E+01  1.587E-03
  180  2.46E-07  2.49E-07  1.58E-07  5.993E+00  7.08E-01  7.0450E+01  1.570E-03
  185  1.95E-07  1.54E-07  1.37E-07  5.993E+00  7.08E-01  7.0450E+01  1.551E-03
  190  1.59E-07  1.16E-07  1.19E-07  5.993E+00  7.08E-01  7.0450E+01  1.530E-03
  195  1.24E-07  7.59E-08  1.04E-07  5.993E+00  7.08E-01  7.0450E+01  1.511E-03
  200  1.01E-07  5.67E-08  8.80E-08  5.994E+00  7.08E-01  7.0449E+01  1.493E-03
  205  8.38E-08  3.99E-08  7.27E-08  5.994E+00  7.08E-01  7.0449E+01  1.479E-03
  210  7.76E-08  3.11E-08  5.90E-08  5.994E+00  7.08E-01  7.0449E+01  1.461E-03
  215  6.24E-08  2.81E-08  4.80E-08  5.995E+00  7.08E-01  7.0448E+01  1.451E-03
  220  5.13E-08  2.51E-08  4.03E-08  5.995E+00  7.08E-01  7.0448E+01  1.437E-03
  225  4.50E-08  2.04E-08  3.14E-08  5.996E+00  7.08E-01  7.0448E+01  1.428E-03
  230  3.88E-08  1.68E-08  2.63E-08  5.996E+00  7.08E-01  7.0448E+01  1.421E-03
  235  3.21E-08  1.49E-08  2.26E-08  5.997E+00  7.08E-01  7.0447E+01  1.417E-03
  240  2.73E-08  1.07E-08  1.98E-08  5.997E+00  7.08E-01  7.0447E+01  1.413E-03
  245  2.21E-08  8.94E-09  1.69E-08  5.998E+00  7.08E-01  7.0447E+01  1.413E-03
  250  1.98E-08  5.98E-09  1.47E-08  5.998E+00  7.08E-01  7.0447E+01  1.409E-03
  255  1.69E-08  5.58E-09  1.31E-08  5.999E+00  7.08E-01  7.0446E+01  1.406E-03
  260  1.54E-08  4.31E-09  1.17E-08  5.999E+00  7.08E-01  7.0446E+01  1.403E-03
  265  1.27E-08  3.14E-09  1.09E-08  6.000E+00  7.08E-01  7.0446E+01  1.400E-03
  270  1.18E-08  2.77E-09  1.04E-08  6.000E+00  7.08E-01  7.0446E+01  1.399E-03
  275  1.07E-08  2.74E-09  9.77E-09  6.000E+00  7.08E-01  7.0446E+01  1.397E-03
  280  9.74E-09  2.68E-09  8.86E-09  6.001E+00  7.08E-01  7.0446E+01  1.393E-03
  285  9.03E-09  2.92E-09  8.18E-09  6.001E+00  7.08E-01  7.0445E+01  1.392E-03
  290  8.09E-09  2.88E-09  7.80E-09  6.002E+00  7.08E-01  7.0445E+01  1.392E-03
  295  7.27E-09  2.59E-09  7.46E-09  6.002E+00  7.08E-01  7.0445E+01  1.391E-03
  300  6.78E-09  2.14E-09  7.19E-09  6.003E+00  7.08E-01  7.0445E+01  1.389E-03
  305  6.04E-09  2.28E-09  6.92E-09  6.003E+00  7.08E-01  7.0445E+01  1.388E-03
  310  5.56E-09  1.87E-09  6.65E-09  6.003E+00  7.08E-01  7.0445E+01  1.387E-03
  315  5.02E-09  1.98E-09  6.35E-09  6.004E+00  7.08E-01  7.0445E+01  1.385E-03
  320  4.69E-09  1.59E-09  6.01E-09  6.004E+00  7.08E-01  7.0445E+01  1.385E-03
  325  4.21E-09  1.45E-09  5.82E-09  6.004E+00  7.08E-01  7.0445E+01  1.383E-03
  330  3.81E-09  1.12E-09  5.68E-09  6.004E+00  7.08E-01  7.0445E+01  1.382E-03
  335  3.48E-09  1.03E-09  5.45E-09  6.005E+00  7.08E-01  7.0445E+01  1.380E-03
  340  3.10E-09  9.91E-10  5.27E-09  6.005E+00  7.08E-01  7.0445E+01  1.379E-03
  345  2.90E-09  9.74E-10  5.00E-09  6.005E+00  7.08E-01  7.0445E+01  1.379E-03
  350  2.69E-09  9.55E-10  4.73E-09  6.005E+00  7.08E-01  7.0445E+01  1.378E-03
  355  2.49E-09  8.48E-10  4.52E-09  6.005E+00  7.08E-01  7.0445E+01  1.377E-03
  360  2.14E-09  8.15E-10  4.33E-09  6.006E+00  7.08E-01  7.0445E+01  1.376E-03
  365  2.07E-09  7.39E-10  4.17E-09  6.006E+00  7.08E-01  7.0445E+01  1.375E-03
  370  1.77E-09  7.59E-10  3.93E-09  6.006E+00  7.08E-01  7.0445E+01  1.375E-03
  375  1.66E-09  7.26E-10  3.72E-09  6.006E+00  7.08E-01  7.0445E+01  1.374E-03
  380  1.54E-09  7.29E-10  3.51E-09  6.006E+00  7.08E-01  7.0445E+01  1.373E-03
  385  1.39E-09  6.63E-10  3.31E-09  6.006E+00  7.08E-01  7.0445E+01  1.373E-03
  390  1.26E-09  6.03E-10  3.16E-09  6.006E+00  7.08E-01  7.0445E+01  1.371E-03
  395  1.14E-09  5.64E-10  2.97E-09  6.006E+00  7.08E-01  7.0445E+01  1.370E-03
  400  1.08E-09  5.38E-10  2.76E-09  6.006E+00  7.08E-01  7.0445E+01  1.370E-03
  405  9.77E-10  5.03E-10  2.57E-09  6.006E+00  7.08E-01  7.0445E+01  1.368E-03
  410  8.81E-10  4.67E-10  2.43E-09  6.006E+00  7.08E-01  7.0445E+01  1.367E-03
  415  8.16E-10  4.49E-10  2.32E-09  6.006E+00  7.08E-01  7.0445E+01  1.366E-03
  420  7.64E-10  3.94E-10  2.18E-09  6.007E+00  7.08E-01  7.0445E+01  1.365E-03
  425  6.83E-10  3.76E-10  2.03E-09  6.007E+00  7.08E-01  7.0445E+01  1.364E-03
  430  6.57E-10  3.42E-10  1.90E-09  6.007E+00  7.08E-01  7.0445E+01  1.362E-03
  435  6.15E-10  3.35E-10  1.75E-09  6.007E+00  7.08E-01  7.0445E+01  1.362E-03
  440  5.73E-10  3.10E-10  1.63E-09  6.007E+00  7.08E-01  7.0445E+01  1.360E-03
  445  5.40E-10  2.83E-10  1.55E-09  6.007E+00  7.08E-01  7.0445E+01  1.360E-03
  450  5.13E-10  2.66E-10  1.47E-09  6.007E+00  7.08E-01  7.0445E+01  1.359E-03
  455  4.67E-10  2.58E-10  1.39E-09  6.007E+00  7.08E-01  7.0445E+01  1.359E-03
  460  4.55E-10  2.47E-10  1.30E-09  6.007E+00  7.08E-01  7.0445E+01  1.358E-03
  465  4.39E-10  2.36E-10  1.21E-09  6.007E+00  7.08E-01  7.0445E+01  1.358E-03
  470  4.12E-10  2.11E-10  1.13E-09  6.007E+00  7.08E-01  7.0445E+01  1.358E-03
  475  3.99E-10  1.92E-10  1.06E-09  6.007E+00  7.08E-01  7.0445E+01  1.358E-03
  480  3.82E-10  1.79E-10  1.01E-09  6.007E+00  7.08E-01  7.0445E+01  1.358E-03
  485  3.46E-10  1.75E-10  9.66E-10  6.007E+00  7.08E-01  7.0445E+01  1.358E-03
  490  3.32E-10  1.71E-10  9.17E-10  6.007E+00  7.08E-01  7.0445E+01  1.358E-03
  495  3.34E-10  1.58E-10  8.56E-10  6.007E+00  7.08E-01  7.0445E+01  1.359E-03
  500  3.20E-10  1.45E-10  7.96E-10  6.007E+00  7.08E-01  7.0445E+01  1.359E-03
  505  3.16E-10  1.34E-10  7.50E-10  6.007E+00  7.08E-01  7.0445E+01  1.359E-03
  510  3.00E-10  1.23E-10  7.12E-10  6.007E+00  7.08E-01  7.0445E+01  1.360E-03
  515  2.76E-10  1.21E-10  6.75E-10  6.007E+00  7.08E-01  7.0445E+01  1.360E-03
  520  2.66E-10  1.21E-10  6.45E-10  6.007E+00  7.08E-01  7.0445E+01  1.361E-03
  525  2.64E-10  1.12E-10  6.02E-10  6.007E+00  7.08E-01  7.0445E+01  1.362E-03
  530  2.58E-10  1.04E-10  5.57E-10  6.007E+00  7.08E-01  7.0445E+01  1.362E-03
  535  2.52E-10  1.02E-10  5.20E-10  6.007E+00  7.08E-01  7.0445E+01  1.362E-03
  540  2.41E-10  9.59E-11  4.91E-10  6.007E+00  7.08E-01  7.0445E+01  1.363E-03
  545  2.23E-10  9.44E-11  4.60E-10  6.007E+00  7.08E-01  7.0445E+01  1.363E-03
  550  2.09E-10  9.16E-11  4.37E-10  6.007E+00  7.08E-01  7.0445E+01  1.364E-03
  555  2.13E-10  8.70E-11  4.10E-10  6.007E+00  7.08E-01  7.0445E+01  1.364E-03
  560  2.04E-10  8.27E-11  3.77E-10  6.007E+00  7.08E-01  7.0445E+01  1.364E-03
  565  1.97E-10  7.69E-11  3.53E-10  6.007E+00  7.08E-01  7.0445E+01  1.364E-03
  570  1.88E-10  7.56E-11  3.33E-10  6.007E+00  7.08E-01  7.0445E+01  1.365E-03
  575  1.70E-10  7.35E-11  3.13E-10  6.007E+00  7.08E-01  7.0445E+01  1.365E-03
  580  1.59E-10  6.98E-11  2.99E-10  6.007E+00  7.08E-01  7.0445E+01  1.365E-03
  585  1.58E-10  6.64E-11  2.83E-10  6.007E+00  7.08E-01  7.0445E+01  1.365E-03
  590  1.53E-10  6.02E-11  2.64E-10  6.007E+00  7.08E-01  7.0445E+01  1.366E-03
  595  1.40E-10  5.79E-11  2.50E-10  6.007E+00  7.08E-01  7.0445E+01  1.366E-03
  600  1.37E-10  5.51E-11  2.36E-10  6.007E+00  7.08E-01  7.0445E+01  1.366E-03
  605  1.24E-10  5.46E-11  2.25E-10  6.007E+00  7.08E-01  7.0445E+01  1.366E-03
  610  1.15E-10  5.22E-11  2.17E-10  6.007E+00  7.08E-01  7.0445E+01  1.366E-03
  615  1.15E-10  5.06E-11  2.09E-10  6.007E+00  7.08E-01  7.0445E+01  1.366E-03
  620  1.10E-10  4.73E-11  1.98E-10  6.007E+00  7.08E-01  7.0445E+01  1.367E-03
  625  1.02E-10  4.40E-11  1.88E-10  6.007E+00  7.08E-01  7.0445E+01  1.367E-03
  630  9.85E-11  4.16E-11  1.79E-10  6.007E+00  7.08E-01  7.0445E+01  1.367E-03
  635  9.24E-11  4.12E-11  1.71E-10  6.007E+00  7.08E-01  7.0445E+01  1.367E-03
  640  8.65E-11  3.93E-11  1.66E-10  6.007E+00  7.08E-01  7.0445E+01  1.367E-03
  645  8.57E-11  3.84E-11  1.60E-10  6.007E+00  7.08E-01  7.0445E+01  1.367E-03
  650  8.33E-11  3.65E-11  1.53E-10  6.007E+00  7.08E-01  7.0445E+01  1.368E-03
  655  7.82E-11  3.39E-11  1.46E-10  6.007E+00  7.08E-01  7.0445E+01  1.368E-03
  660  7.57E-11  3.21E-11  1.39E-10  6.007E+00  7.08E-01  7.0445E+01  1.368E-03
  665  7.23E-11  3.17E-11  1.34E-10  6.007E+00  7.08E-01  7.0445E+01  1.368E-03
  670  6.77E-11  3.07E-11  1.30E-10  6.007E+00  7.08E-01  7.0445E+01  1.368E-03
  675  6.73E-11  2.96E-11  1.25E-10  6.007E+00  7.08E-01  7.0445E+01  1.368E-03
  680  6.57E-11  2.84E-11  1.20E-10  6.007E+00  7.08E-01  7.0445E+01  1.368E-03
  685  6.22E-11  2.64E-11  1.14E-10  6.007E+00  7.08E-01  7.0445E+01  1.368E-03
  690  5.96E-11  2.49E-11  1.09E-10  6.007E+00  7.08E-01  7.0445E+01  1.368E-03
  695  5.66E-11  2.49E-11  1.05E-10  6.007E+00  7.08E-01  7.0445E+01  1.368E-03
  700  5.34E-11  2.38E-11  1.01E-10  6.007E+00  7.08E-01  7.0445E+01  1.368E-03
  705  5.24E-11  2.29E-11  9.70E-11  6.007E+00  7.08E-01  7.0445E+01  1.368E-03
  710  5.16E-11  2.19E-11  9.26E-11  6.007E+00  7.08E-01  7.0445E+01  1.368E-03
  715  4.85E-11  2.04E-11  8.81E-11  6.007E+00  7.08E-01  7.0445E+01  1.368E-03
  720  4.64E-11  1.90E-11  8.39E-11  6.007E+00  7.08E-01  7.0445E+01  1.368E-03
  725  4.37E-11  1.93E-11  8.06E-11  6.007E+00  7.08E-01  7.0445E+01  1.368E-03
  730  4.12E-11  1.84E-11  7.77E-11  6.007E+00  7.08E-01  7.0445E+01  1.369E-03
  735  4.02E-11  1.76E-11  7.42E-11  6.007E+00  7.08E-01  7.0445E+01  1.369E-03
  740  3.98E-11  1.70E-11  7.06E-11  6.007E+00  7.08E-01  7.0445E+01  1.369E-03
  745  3.70E-11  1.57E-11  6.70E-11  6.007E+00  7.08E-01  7.0445E+01  1.369E-03
  750  3.51E-11  1.48E-11  6.35E-11  6.007E+00  7.08E-01  7.0445E+01  1.369E-03
  755  3.33E-11  1.49E-11  6.11E-11  6.007E+00  7.08E-01  7.0445E+01  1.369E-03
  760  3.11E-11  1.42E-11  5.87E-11  6.007E+00  7.08E-01  7.0445E+01  1.369E-03
  765  3.03E-11  1.36E-11  5.61E-11  6.007E+00  7.08E-01  7.0445E+01  1.369E-03
  770  2.99E-11  1.31E-11  5.34E-11  6.007E+00  7.08E-01  7.0445E+01  1.369E-03
  775  2.77E-11  1.22E-11  5.05E-11  6.007E+00  7.08E-01  7.0445E+01  1.369E-03
  780  2.63E-11  1.13E-11  4.79E-11  6.007E+00  7.08E-01  7.0445E+01  1.369E-03
  785  2.48E-11  1.14E-11  4.59E-11  6.007E+00  7.08E-01  7.0445E+01  1.369E-03
  790  2.32E-11  1.09E-11  4.43E-11  6.007E+00  7.08E-01  7.0445E+01  1.369E-03
  795  2.26E-11  1.03E-11  4.25E-11  6.007E+00  7.08E-01  7.0445E+01  1.369E-03
  800  2.23E-11  1.01E-11  4.04E-11  6.007E+00  7.08E-01  7.0445E+01  1.369E-03
  805  2.08E-11  9.34E-12  3.83E-11  6.007E+00  7.08E-01  7.0445E+01  1.369E-03
  810  1.98E-11  8.74E-12  3.64E-11  6.007E+00  7.08E-01  7.0445E+01  1.369E-03
  815  1.89E-11  8.74E-12  3.50E-11  6.007E+00  7.08E-01  7.0445E+01  1.369E-03
  820  1.74E-11  8.33E-12  3.38E-11  6.007E+00  7.08E-01  7.0445E+01  1.370E-03
  825  1.71E-11  7.96E-12  3.24E-11  6.007E+00  7.08E-01  7.0445E+01  1.370E-03
  830  1.69E-11  7.65E-12  3.10E-11  6.007E+00  7.08E-01  7.0445E+01  1.370E-03
  835  1.56E-11  7.13E-12  2.95E-11  6.007E+00  7.08E-01  7.0445E+01  1.370E-03
  840  1.52E-11  6.66E-12  2.81E-11  6.007E+00  7.08E-01  7.0445E+01  1.370E-03
  845  1.43E-11  6.66E-12  2.71E-11  6.007E+00  7.08E-01  7.0445E+01  1.370E-03
  850  1.33E-11  6.35E-12  2.62E-11  6.007E+00  7.08E-01  7.0445E+01  1.370E-03
  855  1.31E-11  6.08E-12  2.53E-11  6.007E+00  7.08E-01  7.0445E+01  1.370E-03
  860  1.29E-11  5.86E-12  2.42E-11  6.007E+00  7.08E-01  7.0445E+01  1.370E-03
  865  1.20E-11  5.49E-12  2.31E-11  6.007E+00  7.08E-01  7.0445E+01  1.370E-03
  870  1.15E-11  5.17E-12  2.21E-11  6.007E+00  7.08E-01  7.0445E+01  1.370E-03
  875  1.09E-11  5.11E-12  2.12E-11  6.007E+00  7.08E-01  7.0445E+01  1.370E-03
  880  1.02E-11  4.87E-12  2.06E-11  6.007E+00  7.08E-01  7.0445E+01  1.370E-03
  885  9.97E-12  4.65E-12  1.99E-11  6.007E+00  7.08E-01  7.0445E+01  1.370E-03
  890  9.90E-12  4.46E-12  1.91E-11  6.007E+00  7.08E-01  7.0445E+01  1.370E-03
  895  9.11E-12  4.22E-12  1.83E-11  6.007E+00  7.08E-01  7.0445E+01  1.370E-03
  900  8.78E-12  3.99E-12  1.75E-11  6.007E+00  7.08E-01  7.0445E+01  1.370E-03
  905  8.35E-12  3.94E-12  1.69E-11  6.007E+00  7.08E-01  7.0445E+01  1.370E-03
  910  7.84E-12  3.79E-12  1.64E-11  6.007E+00  7.08E-01  7.0445E+01  1.370E-03
  915  7.71E-12  3.65E-12  1.58E-11  6.007E+00  7.08E-01  7.0445E+01  1.370E-03
  920  7.59E-12  3.48E-12  1.52E-11  6.007E+00  7.08E-01  7.0445E+01  1.370E-03
  925  7.02E-12  3.33E-12  1.45E-11  6.007E+00  7.08E-01  7.0445E+01  1.370E-03
  930  6.73E-12  3.12E-12  1.39E-11  6.007E+00  7.08E-01  7.0445E+01  1.370E-03
  935  6.39E-12  3.09E-12  1.33E-11  6.007E+00  7.08E-01  7.0445E+01  1.370E-03
  940  6.00E-12  2.93E-12  1.29E-11  6.007E+00  7.08E-01  7.0445E+01  1.370E-03
  945  5.82E-12  2.80E-12  1.25E-11  6.007E+00  7.08E-01  7.0445E+01  1.370E-03
  950  5.78E-12  2.69E-12  1.20E-11  6.007E+00  7.08E-01  7.0445E+01  1.370E-03
  955  5.30E-12  2.59E-12  1.14E-11  6.007E+00  7.08E-01  7.0445E+01  1.370E-03
  960  5.12E-12  2.43E-12  1.09E-11  6.007E+00  7.08E-01  7.0445E+01  1.370E-03
  965  4.88E-12  2.37E-12  1.05E-11  6.007E+00  7.08E-01  7.0445E+01  1.370E-03
  970  4.55E-12  2.27E-12  1.01E-11  6.007E+00  7.08E-01  7.0445E+01  1.370E-03

  NS =  768 NO. FOURIER MODES =  288 FTOLV =  1.000E-11 NITER =   4000
  PROCESSOR COUNT - RADIAL:    1  VACUUM:    1

  ITER    FSQR      FSQZ      FSQL    RAX(v=0)    DELT        WMHD      DEL-BSQ

    1  3.16E+02  1.44E+02  5.87E-04  6.007E+00  1.00E+00  7.0447E+01  1.370E-03
    2  1.25E+01  3.85E+01  1.17E-03  6.007E+00  1.00E+00  6.9701E+01  4.912E-02
    3  1.20E+01  3.73E+01  1.19E-03  6.007E+00  9.00E-01  6.9701E+01  4.912E-02
    4  1.20E+01  3.73E+01  1.19E-03  6.007E+00  8.10E-01  6.9701E+01  4.912E-02
    5  1.20E+01  3.73E+01  1.19E-03  6.007E+00  7.29E-01  6.9701E+01  4.912E-02
    6  1.20E+01  3.73E+01  1.19E-03  6.007E+00  6.56E-01  6.9701E+01  4.912E-02
    7  1.20E+01  3.73E+01  1.19E-03  6.007E+00  5.90E-01  6.9701E+01  4.912E-02
    8  1.20E+01  3.73E+01  1.19E-03  6.007E+00  5.31E-01  6.9701E+01  4.912E-02
    9  1.20E+01  3.73E+01  1.19E-03  6.007E+00  4.78E-01  6.9701E+01  4.912E-02
   10  1.20E+01  3.73E+01  1.19E-03  6.007E+00  4.30E-01  6.9701E+01  4.912E-02
   11  1.20E+01  3.73E+01  1.19E-03  6.007E+00  3.87E-01  6.9701E+01  4.912E-02
   12  1.48E+03  4.36E+03  2.45E-01  6.007E+00  3.87E-01  7.1319E+01  4.575E-01
   15  1.20E+01  3.73E+01  1.19E-03  6.007E+00  3.14E-01  6.9701E+01  4.912E-02
   20  1.20E+01  3.73E+01  1.19E-03  6.007E+00  2.54E-01  6.9701E+01  4.912E-02
   25  3.98E+02  1.50E+03  1.70E-02  6.007E+00  2.29E-01  7.0087E+01  1.331E-01
   30  7.93E+01  3.05E+02  3.75E-03  6.007E+00  2.06E-01  6.9780E+01  7.811E-02
   35  3.36E+01  1.21E+02  4.50E-03  6.006E+00  2.06E-01  6.9837E+01  8.026E-02
   40  1.45E+01  5.04E+01  2.53E-03  6.005E+00  2.06E-01  6.9846E+01  8.004E-02
   45  2.87E+00  1.41E+01  1.79E-03  6.004E+00  2.06E-01  6.9814E+01  4.981E-02
   50  1.27E+00  7.59E+00  2.07E-03  6.004E+00  2.06E-01  6.9796E+01  4.209E-02
   55  2.41E+00  6.98E+00  1.33E-03  6.004E+00  2.06E-01  6.9793E+01  3.228E-02
   60  9.66E-01  4.97E+00  6.53E-04  6.004E+00  2.06E-01  6.9796E+01  2.027E-02
   65  3.58E-01  1.23E+00  2.69E-04  6.004E+00  2.06E-01  6.9811E+01  1.377E-02
   70  5.48E-02  1.78E-01  2.05E-04  6.004E+00  2.06E-01  6.9828E+01  1.450E-02
   75  4.36E-02  9.84E-02  1.35E-04  6.005E+00  2.06E-01  6.9844E+01  1.573E-02
   80  3.88E-02  1.84E-01  1.12E-04  6.005E+00  2.06E-01  6.9860E+01  1.581E-02
   85  3.58E-02  1.26E-01  7.79E-05  6.005E+00  2.06E-01  6.9877E+01  1.545E-02
   90  1.36E-02  6.21E-02  4.69E-05  6.005E+00  2.06E-01  6.9893E+01  1.487E-02
   95  7.66E-03  2.65E-02  2.83E-05  6.005E+00  2.06E-01  6.9909E+01  1.384E-02
  100  2.52E-03  1.04E-02  2.15E-05  6.005E+00  2.06E-01  6.9924E+01  1.308E-02
  105  8.75E-04  2.83E-03  1.91E-05  6.005E+00  2.06E-01  6.9939E+01  1.252E-02
  110  5.01E-04  1.01E-03  1.63E-05  6.005E+00  2.06E-01  6.9953E+01  1.198E-02
  115  4.05E-04  7.13E-04  1.40E-05  6.005E+00  2.06E-01  6.9967E+01  1.151E-02
  120  3.65E-04  6.49E-04  1.20E-05  6.005E+00  2.06E-01  6.9980E+01  1.113E-02
  125  3.32E-04  5.07E-04  1.05E-05  6.005E+00  2.06E-01  6.9993E+01  1.082E-02
  130  3.07E-04  4.03E-04  9.39E-06  6.005E+00  2.06E-01  7.0007E+01  1.053E-02
  135  2.65E-04  3.56E-04  8.44E-06  6.006E+00  2.06E-01  7.0020E+01  1.022E-02
  140  2.41E-04  3.01E-04  7.60E-06  6.006E+00  2.06E-01  7.0033E+01  9.918E-03
  145  2.18E-04  2.56E-04  6.77E-06  6.006E+00  2.06E-01  7.0046E+01  9.606E-03
  150  1.98E-04  2.32E-04  6.03E-06  6.006E+00  2.06E-01  7.0059E+01  9.293E-03
  155  1.85E-04  2.10E-04  5.39E-06  6.006E+00  2.06E-01  7.0072E+01  8.971E-03
  160  1.69E-04  1.93E-04  4.79E-06  6.006E+00  2.06E-01  7.0086E+01  8.614E-03
  165  1.55E-04  1.76E-04  4.22E-06  6.006E+00  2.06E-01  7.0102E+01  8.222E-03
  170  1.42E-04  1.60E-04  3.69E-06  6.006E+00  2.06E-01  7.0120E+01  7.802E-03
  175  1.30E-04  1.47E-04  3.18E-06  6.006E+00  2.06E-01  7.0139E+01  7.354E-03
  180  1.18E-04  1.34E-04  2.73E-06  6.006E+00  2.06E-01  7.0160E+01  6.875E-03
  185  1.07E-04  1.22E-04  2.33E-06  6.006E+00  2.06E-01  7.0182E+01  6.374E-03
  190  9.71E-05  1.12E-04  2.00E-06  6.006E+00  2.06E-01  7.0204E+01  5.864E-03
  195  8.90E-05  1.03E-04  1.74E-06  6.006E+00  2.06E-01  7.0227E+01  5.359E-03
  200  8.17E-05  9.53E-05  1.53E-06  6.006E+00  2.06E-01  7.0249E+01  4.874E-03
  205  7.53E-05  8.86E-05  1.36E-06  6.006E+00  2.06E-01  7.0270E+01  4.415E-03
  210  6.94E-05  8.19E-05  1.22E-06  6.006E+00  2.06E-01  7.0290E+01  3.984E-03
  215  6.39E-05  7.56E-05  1.11E-06  6.007E+00  2.06E-01  7.0309E+01  3.584E-03
  220  5.88E-05  6.96E-05  1.01E-06  6.007E+00  2.06E-01  7.0327E+01  3.225E-03
  225  5.40E-05  6.36E-05  9.18E-07  6.007E+00  2.06E-01  7.0344E+01  2.895E-03
  230  4.92E-05  5.80E-05  8.32E-07  6.007E+00  2.06E-01  7.0360E+01  2.592E-03
  235  4.48E-05  5.24E-05  7.54E-07  6.007E+00  2.06E-01  7.0375E+01  2.323E-03
  240  4.07E-05  4.72E-05  6.84E-07  6.007E+00  2.06E-01  7.0389E+01  2.097E-03
  245  3.70E-05  4.24E-05  6.19E-07  6.007E+00  2.06E-01  7.0401E+01  1.900E-03
  250  3.37E-05  3.80E-05  5.59E-07  6.007E+00  2.06E-01  7.0412E+01  1.731E-03
  255  3.08E-05  3.42E-05  5.04E-07  6.007E+00  2.06E-01  7.0422E+01  1.583E-03
  260  2.81E-05  3.07E-05  4.54E-07  6.007E+00  2.06E-01  7.0431E+01  1.468E-03
  265  2.59E-05  2.78E-05  4.10E-07  6.007E+00  2.06E-01  7.0439E+01  1.377E-03
  270  2.41E-05  2.53E-05  3.71E-07  6.007E+00  2.06E-01  7.0445E+01  1.309E-03
  275  2.24E-05  2.30E-05  3.36E-07  6.007E+00  2.06E-01  7.0451E+01  1.265E-03
  280  2.09E-05  2.11E-05  3.04E-07  6.008E+00  2.06E-01  7.0455E+01  1.235E-03
  285  1.96E-05  1.94E-05  2.75E-07  6.008E+00  2.06E-01  7.0459E+01  1.209E-03
  290  1.85E-05  1.78E-05  2.50E-07  6.008E+00  2.06E-01  7.0461E+01  1.193E-03
  295  1.75E-05  1.65E-05  2.27E-07  6.008E+00  2.06E-01  7.0463E+01  1.180E-03
  300  1.66E-05  1.53E-05  2.07E-07  6.008E+00  2.06E-01  7.0465E+01  1.169E-03
  305  1.58E-05  1.43E-05  1.90E-07  6.008E+00  2.06E-01  7.0466E+01  1.156E-03
  310  1.51E-05  1.34E-05  1.74E-07  6.008E+00  2.06E-01  7.0466E+01  1.141E-03
  315  1.45E-05  1.26E-05  1.60E-07  6.008E+00  2.06E-01  7.0466E+01  1.124E-03
  320  1.40E-05  1.18E-05  1.47E-07  6.008E+00  2.06E-01  7.0465E+01  1.106E-03
  325  1.35E-05  1.12E-05  1.37E-07  6.008E+00  2.06E-01  7.0464E+01  1.086E-03
  330  1.30E-05  1.06E-05  1.27E-07  6.008E+00  2.06E-01  7.0463E+01  1.066E-03
  335  1.26E-05  1.01E-05  1.18E-07  6.008E+00  2.06E-01  7.0461E+01  1.046E-03
  340  1.23E-05  9.61E-06  1.11E-07  6.008E+00  2.06E-01  7.0459E+01  1.025E-03
  345  1.19E-05  9.17E-06  1.04E-07  6.008E+00  2.06E-01  7.0458E+01  1.004E-03
  350  1.16E-05  8.78E-06  9.77E-08  6.008E+00  2.06E-01  7.0456E+01  9.822E-04
  355  1.13E-05  8.42E-06  9.21E-08  6.008E+00  2.06E-01  7.0454E+01  9.621E-04
  360  1.10E-05  8.11E-06  8.71E-08  6.008E+00  2.06E-01  7.0451E+01  9.426E-04
  365  1.07E-05  7.83E-06  8.26E-08  6.008E+00  2.06E-01  7.0449E+01  9.250E-04
  370  1.05E-05  7.57E-06  7.85E-08  6.008E+00  2.06E-01  7.0447E+01  9.084E-04
  375  1.02E-05  7.35E-06  7.47E-08  6.008E+00  2.06E-01  7.0446E+01  8.924E-04
  380  9.97E-06  7.14E-06  7.12E-08  6.008E+00  2.06E-01  7.0444E+01  8.793E-04
  385  9.72E-06  6.96E-06  6.79E-08  6.008E+00  2.06E-01  7.0442E+01  8.691E-04
  390  9.48E-06  6.79E-06  6.49E-08  6.008E+00  2.06E-01  7.0441E+01  8.610E-04
  395  9.26E-06  6.63E-06  6.20E-08  6.008E+00  2.06E-01  7.0439E+01  8.540E-04
  400  9.05E-06  6.48E-06  5.93E-08  6.009E+00  2.06E-01  7.0438E+01  8.476E-04
  405  8.82E-06  6.34E-06  5.67E-08  6.009E+00  2.06E-01  7.0437E+01  8.427E-04
  410  8.59E-06  6.21E-06  5.42E-08  6.009E+00  2.06E-01  7.0436E+01  8.388E-04
  415  8.38E-06  6.07E-06  5.20E-08  6.009E+00  2.06E-01  7.0436E+01  8.362E-04
  420  8.17E-06  5.93E-06  4.99E-08  6.009E+00  2.06E-01  7.0435E+01  8.340E-04
  425  7.97E-06  5.79E-06  4.79E-08  6.009E+00  2.06E-01  7.0435E+01  8.322E-04
  430  7.76E-06  5.66E-06  4.61E-08  6.009E+00  2.06E-01  7.0435E+01  8.319E-04
  435  7.55E-06  5.52E-06  4.43E-08  6.009E+00  2.06E-01  7.0435E+01  8.325E-04
  440  7.35E-06  5.38E-06  4.27E-08  6.009E+00  2.06E-01  7.0435E+01  8.325E-04
  445  7.15E-06  5.24E-06  4.11E-08  6.009E+00  2.06E-01  7.0435E+01  8.324E-04
  450  6.96E-06  5.10E-06  3.96E-08  6.009E+00  2.06E-01  7.0436E+01  8.329E-04
  455  6.77E-06  4.96E-06  3.82E-08  6.009E+00  2.06E-01  7.0436E+01  8.335E-04
  460  6.58E-06  4.82E-06  3.67E-08  6.009E+00  2.06E-01  7.0437E+01  8.346E-04
  465  6.40E-06  4.68E-06  3.53E-08  6.009E+00  2.06E-01  7.0438E+01  8.359E-04
  470  6.23E-06  4.54E-06  3.40E-08  6.009E+00  2.06E-01  7.0438E+01  8.376E-04
  475  6.06E-06  4.41E-06  3.26E-08  6.009E+00  2.06E-01  7.0439E+01  8.404E-04
  480  5.88E-06  4.27E-06  3.12E-08  6.009E+00  2.06E-01  7.0439E+01  8.433E-04
  485  5.71E-06  4.14E-06  2.98E-08  6.009E+00  2.06E-01  7.0440E+01  8.460E-04
  490  5.55E-06  4.02E-06  2.84E-08  6.009E+00  2.06E-01  7.0441E+01  8.489E-04
  495  5.40E-06  3.89E-06  2.71E-08  6.009E+00  2.06E-01  7.0441E+01  8.517E-04
  500  5.24E-06  3.76E-06  2.58E-08  6.009E+00  2.06E-01  7.0442E+01  8.541E-04
  505  5.09E-06  3.64E-06  2.45E-08  6.009E+00  2.06E-01  7.0442E+01  8.561E-04
  510  4.94E-06  3.53E-06  2.33E-08  6.009E+00  2.06E-01  7.0443E+01  8.575E-04
  515  4.79E-06  3.42E-06  2.21E-08  6.009E+00  2.06E-01  7.0443E+01  8.583E-04
  520  4.66E-06  3.30E-06  2.09E-08  6.009E+00  2.06E-01  7.0443E+01  8.585E-04
  525  4.53E-06  3.20E-06  1.98E-08  6.009E+00  2.06E-01  7.0443E+01  8.584E-04
  530  4.39E-06  3.10E-06  1.88E-08  6.009E+00  2.06E-01  7.0444E+01  8.579E-04
  535  4.27E-06  3.00E-06  1.78E-08  6.009E+00  2.06E-01  7.0444E+01  8.571E-04
  540  4.15E-06  2.91E-06  1.68E-08  6.009E+00  2.06E-01  7.0444E+01  8.559E-04
  545  4.04E-06  2.82E-06  1.60E-08  6.009E+00  2.06E-01  7.0444E+01  8.549E-04
  550  3.93E-06  2.73E-06  1.52E-08  6.009E+00  2.06E-01  7.0444E+01  8.538E-04
  555  3.83E-06  2.65E-06  1.44E-08  6.009E+00  2.06E-01  7.0444E+01  8.526E-04
  560  3.73E-06  2.57E-06  1.37E-08  6.009E+00  2.06E-01  7.0443E+01  8.514E-04
  565  3.64E-06  2.50E-06  1.30E-08  6.009E+00  2.06E-01  7.0443E+01  8.504E-04
  570  3.56E-06  2.43E-06  1.24E-08  6.009E+00  2.06E-01  7.0443E+01  8.495E-04
  575  3.48E-06  2.36E-06  1.18E-08  6.009E+00  2.06E-01  7.0443E+01  8.485E-04
  580  3.40E-06  2.29E-06  1.13E-08  6.009E+00  2.06E-01  7.0442E+01  8.476E-04
  585  3.32E-06  2.23E-06  1.08E-08  6.009E+00  2.06E-01  7.0442E+01  8.466E-04
  590  3.25E-06  2.17E-06  1.03E-08  6.009E+00  2.06E-01  7.0442E+01  8.453E-04
  595  3.19E-06  2.12E-06  9.82E-09  6.009E+00  2.06E-01  7.0442E+01  8.438E-04
  600  3.13E-06  2.06E-06  9.38E-09  6.009E+00  2.06E-01  7.0441E+01  8.426E-04
  605  3.07E-06  2.01E-06  8.98E-09  6.009E+00  2.06E-01  7.0441E+01  8.412E-04
  610  3.01E-06  1.96E-06  8.59E-09  6.009E+00  2.06E-01  7.0441E+01  8.398E-04
  615  2.96E-06  1.91E-06  8.23E-09  6.009E+00  2.06E-01  7.0441E+01  8.386E-04
  620  2.91E-06  1.86E-06  7.89E-09  6.009E+00  2.06E-01  7.0440E+01  8.372E-04
  625  2.86E-06  1.82E-06  7.56E-09  6.009E+00  2.06E-01  7.0440E+01  8.362E-04
  630  2.82E-06  1.78E-06  7.25E-09  6.009E+00  2.06E-01  7.0440E+01  8.354E-04
  635  2.77E-06  1.73E-06  6.95E-09  6.009E+00  2.06E-01  7.0440E+01  8.345E-04
  640  2.73E-06  1.69E-06  6.68E-09  6.009E+00  2.06E-01  7.0440E+01  8.333E-04
  645  2.69E-06  1.65E-06  6.42E-09  6.009E+00  2.06E-01  7.0440E+01  8.319E-04
  650  2.64E-06  1.62E-06  6.16E-09  6.009E+00  2.06E-01  7.0439E+01  8.303E-04
  655  2.60E-06  1.58E-06  5.92E-09  6.009E+00  2.06E-01  7.0439E+01  8.286E-04
  660  2.56E-06  1.54E-06  5.68E-09  6.009E+00  2.06E-01  7.0439E+01  8.267E-04
  665  2.52E-06  1.51E-06  5.46E-09  6.009E+00  2.06E-01  7.0439E+01  8.250E-04
  670  2.48E-06  1.47E-06  5.24E-09  6.009E+00  2.06E-01  7.0439E+01  8.232E-04
  675  2.44E-06  1.44E-06  5.03E-09  6.009E+00  2.06E-01  7.0439E+01  8.214E-04
  680  2.40E-06  1.40E-06  4.83E-09  6.009E+00  2.06E-01  7.0439E+01  8.200E-04
  685  2.36E-06  1.37E-06  4.64E-09  6.009E+00  2.06E-01  7.0439E+01  8.187E-04
  690  2.33E-06  1.34E-06  4.45E-09  6.009E+00  2.06E-01  7.0440E+01  8.175E-04
  695  2.29E-06  1.30E-06  4.27E-09  6.009E+00  2.06E-01  7.0440E+01  8.164E-04
  700  2.25E-06  1.27E-06  4.10E-09  6.009E+00  2.06E-01  7.0440E+01  8.152E-04
  705  2.22E-06  1.24E-06  3.93E-09  6.009E+00  2.06E-01  7.0440E+01  8.143E-04
  710  2.18E-06  1.21E-06  3.77E-09  6.009E+00  2.06E-01  7.0440E+01  8.133E-04
  715  2.15E-06  1.18E-06  3.62E-09  6.009E+00  2.06E-01  7.0440E+01  8.123E-04
  720  2.11E-06  1.15E-06  3.47E-09  6.009E+00  2.06E-01  7.0440E+01  8.118E-04
  725  2.08E-06  1.12E-06  3.33E-09  6.009E+00  2.06E-01  7.0440E+01  8.116E-04
  730  2.05E-06  1.10E-06  3.19E-09  6.009E+00  2.06E-01  7.0440E+01  8.114E-04
  735  2.02E-06  1.07E-06  3.07E-09  6.009E+00  2.06E-01  7.0441E+01  8.115E-04
  740  1.99E-06  1.04E-06  2.94E-09  6.009E+00  2.06E-01  7.0441E+01  8.118E-04
  745  1.96E-06  1.02E-06  2.82E-09  6.009E+00  2.06E-01  7.0441E+01  8.120E-04
  750  1.93E-06  9.66E-07  2.71E-09  6.009E+00  2.06E-01  7.0441E+01  8.120E-04
  755  1.90E-06  9.41E-07  2.59E-09  6.009E+00  2.06E-01  7.0441E+01  8.123E-04
  760  1.88E-06  9.16E-07  2.48E-09  6.009E+00  2.06E-01  7.0441E+01  8.124E-04
  765  1.86E-06  8.91E-07  2.38E-09  6.009E+00  2.06E-01  7.0441E+01  8.123E-04
  770  1.83E-06  8.70E-07  2.29E-09  6.009E+00  2.06E-01  7.0441E+01  8.120E-04
  775  1.80E-06  8.52E-07  2.20E-09  6.009E+00  2.06E-01  7.0441E+01  8.114E-04
  780  1.77E-06  8.35E-07  2.11E-09  6.009E+00  2.06E-01  7.0441E+01  8.105E-04
  785  1.75E-06  8.15E-07  2.02E-09  6.009E+00  2.06E-01  7.0441E+01  8.094E-04
  790  1.72E-06  7.93E-07  1.92E-09  6.009E+00  2.06E-01  7.0441E+01  8.082E-04
  795  1.70E-06  7.74E-07  1.84E-09  6.009E+00  2.06E-01  7.0441E+01  8.069E-04
  800  1.67E-06  7.56E-07  1.76E-09  6.009E+00  2.06E-01  7.0441E+01  8.056E-04
  805  1.65E-06  7.39E-07  1.69E-09  6.009E+00  2.06E-01  7.0441E+01  8.042E-04
  810  1.63E-06  7.22E-07  1.62E-09  6.009E+00  2.06E-01  7.0441E+01  8.025E-04
  815  1.60E-06  7.06E-07  1.54E-09  6.009E+00  2.06E-01  7.0441E+01  8.007E-04
  820  1.58E-06  6.92E-07  1.47E-09  6.009E+00  2.06E-01  7.0441E+01  7.990E-04
  825  1.55E-06  6.77E-07  1.41E-09  6.009E+00  2.06E-01  7.0441E+01  7.971E-04
  830  1.53E-06  6.61E-07  1.35E-09  6.009E+00  2.06E-01  7.0441E+01  7.952E-04
  835  1.51E-06  6.47E-07  1.30E-09  6.009E+00  2.06E-01  7.0441E+01  7.932E-04
  840  1.49E-06  6.33E-07  1.24E-09  6.009E+00  2.06E-01  7.0441E+01  7.913E-04
  845  1.47E-06  6.21E-07  1.18E-09  6.009E+00  2.06E-01  7.0441E+01  7.894E-04
  850  1.44E-06  6.08E-07  1.13E-09  6.009E+00  2.06E-01  7.0441E+01  7.875E-04
  855  1.42E-06  5.94E-07  1.09E-09  6.009E+00  2.06E-01  7.0441E+01  7.855E-04
  860  1.41E-06  5.82E-07  1.04E-09  6.009E+00  2.06E-01  7.0441E+01  7.835E-04
  865  1.39E-06  5.70E-07  9.98E-10  6.009E+00  2.06E-01  7.0441E+01  7.815E-04
  870  1.37E-06  5.59E-07  9.57E-10  6.009E+00  2.06E-01  7.0441E+01  7.794E-04
  875  1.35E-06  5.48E-07  9.18E-10  6.009E+00  2.06E-01  7.0441E+01  7.774E-04
  880  1.33E-06  5.38E-07  8.81E-10  6.009E+00  2.06E-01  7.0441E+01  7.754E-04
  885  1.31E-06  5.27E-07  8.45E-10  6.009E+00  2.06E-01  7.0441E+01  7.734E-04
  890  1.30E-06  5.16E-07  8.11E-10  6.009E+00  2.06E-01  7.0441E+01  7.715E-04
  895  1.28E-06  5.06E-07  7.78E-10  6.009E+00  2.06E-01  7.0441E+01  7.696E-04
  900  1.26E-06  4.97E-07  7.48E-10  6.009E+00  2.06E-01  7.0440E+01  7.678E-04
  905  1.25E-06  4.87E-07  7.18E-10  6.009E+00  2.06E-01  7.0440E+01  7.658E-04
  910  1.23E-06  4.78E-07  6.90E-10  6.009E+00  2.06E-01  7.0440E+01  7.639E-04
  915  1.22E-06  4.69E-07  6.63E-10  6.009E+00  2.06E-01  7.0440E+01  7.620E-04
  920  1.20E-06  4.61E-07  6.38E-10  6.009E+00  2.06E-01  7.0440E+01  7.600E-04
  925  1.19E-06  4.53E-07  6.13E-10  6.009E+00  2.06E-01  7.0440E+01  7.579E-04
  930  1.17E-06  4.44E-07  5.90E-10  6.009E+00  2.06E-01  7.0440E+01  7.557E-04
  935  1.16E-06  4.35E-07  5.67E-10  6.009E+00  2.06E-01  7.0440E+01  7.535E-04
  940  1.15E-06  4.27E-07  5.45E-10  6.009E+00  2.06E-01  7.0440E+01  7.512E-04
  945  1.14E-06  4.19E-07  5.24E-10  6.009E+00  2.06E-01  7.0440E+01  7.490E-04
  950  1.12E-06  4.11E-07  5.05E-10  6.009E+00  2.06E-01  7.0440E+01  7.467E-04
  955  1.11E-06  4.03E-07  4.87E-10  6.009E+00  2.06E-01  7.0440E+01  7.443E-04
  960  1.10E-06  3.96E-07  4.69E-10  6.009E+00  2.06E-01  7.0440E+01  7.419E-04
  965  1.08E-06  3.89E-07  4.53E-10  6.009E+00  2.06E-01  7.0440E+01  7.394E-04
  970  1.07E-06  3.82E-07  4.37E-10  6.009E+00  2.06E-01  7.0440E+01  7.369E-04
  975  1.06E-06  3.74E-07  4.22E-10  6.009E+00  2.06E-01  7.0440E+01  7.344E-04
  980  1.05E-06  3.68E-07  4.07E-10  6.009E+00  2.06E-01  7.0440E+01  7.320E-04
  985  1.03E-06  3.61E-07  3.93E-10  6.009E+00  2.06E-01  7.0441E+01  7.296E-04
  990  1.02E-06  3.54E-07  3.80E-10  6.009E+00  2.06E-01  7.0441E+01  7.273E-04
  995  1.01E-06  3.48E-07  3.68E-10  6.009E+00  2.06E-01  7.0441E+01  7.250E-04
 1000  9.98E-07  3.42E-07  3.56E-10  6.009E+00  2.06E-01  7.0441E+01  7.228E-04
 1005  9.86E-07  3.36E-07  3.44E-10  6.009E+00  2.06E-01  7.0441E+01  7.207E-04
 1010  9.75E-07  3.30E-07  3.34E-10  6.009E+00  2.06E-01  7.0441E+01  7.187E-04
 1015  9.63E-07  3.25E-07  3.24E-10  6.009E+00  2.06E-01  7.0441E+01  7.168E-04
 1020  9.52E-07  3.19E-07  3.14E-10  6.009E+00  2.06E-01  7.0441E+01  7.148E-04
 1025  9.41E-07  3.14E-07  3.04E-10  6.009E+00  2.06E-01  7.0441E+01  7.131E-04
 1030  9.30E-07  3.09E-07  2.94E-10  6.009E+00  2.06E-01  7.0441E+01  7.114E-04
 1035  9.20E-07  3.04E-07  2.85E-10  6.009E+00  2.06E-01  7.0441E+01  7.098E-04
 1040  9.09E-07  2.99E-07  2.77E-10  6.009E+00  2.06E-01  7.0441E+01  7.083E-04
 1045  8.99E-07  2.94E-07  2.70E-10  6.009E+00  2.06E-01  7.0441E+01  7.068E-04
 1050  8.88E-07  2.90E-07  2.63E-10  6.009E+00  2.06E-01  7.0441E+01  7.054E-04
 1055  8.78E-07  2.85E-07  2.55E-10  6.009E+00  2.06E-01  7.0441E+01  7.042E-04
 1060  8.68E-07  2.81E-07  2.48E-10  6.009E+00  2.06E-01  7.0441E+01  7.030E-04
 1065  8.58E-07  2.76E-07  2.42E-10  6.009E+00  2.06E-01  7.0441E+01  7.019E-04
 1070  8.49E-07  2.72E-07  2.36E-10  6.009E+00  2.06E-01  7.0441E+01  7.008E-04
 1075  8.40E-07  2.68E-07  2.30E-10  6.009E+00  2.06E-01  7.0441E+01  6.999E-04
 1080  8.30E-07  2.64E-07  2.25E-10  6.009E+00  2.06E-01  7.0441E+01  6.989E-04
 1085  8.21E-07  2.60E-07  2.20E-10  6.009E+00  2.06E-01  7.0441E+01  6.980E-04
 1090  8.12E-07  2.56E-07  2.15E-10  6.009E+00  2.06E-01  7.0441E+01  6.972E-04
 1095  8.03E-07  2.52E-07  2.10E-10  6.009E+00  2.06E-01  7.0441E+01  6.964E-04
 1100  7.95E-07  2.49E-07  2.05E-10  6.009E+00  2.06E-01  7.0441E+01  6.956E-04
 1105  7.86E-07  2.45E-07  2.01E-10  6.009E+00  2.06E-01  7.0440E+01  6.949E-04
 1110  7.78E-07  2.41E-07  1.96E-10  6.009E+00  2.06E-01  7.0440E+01  6.942E-04
 1115  7.69E-07  2.38E-07  1.92E-10  6.009E+00  2.06E-01  7.0440E+01  6.935E-04
 1120  7.61E-07  2.34E-07  1.88E-10  6.009E+00  2.06E-01  7.0440E+01  6.928E-04
 1125  7.53E-07  2.31E-07  1.84E-10  6.009E+00  2.06E-01  7.0440E+01  6.922E-04
 1130  7.46E-07  2.27E-07  1.80E-10  6.009E+00  2.06E-01  7.0440E+01  6.916E-04
 1135  7.38E-07  2.24E-07  1.76E-10  6.009E+00  2.06E-01  7.0440E+01  6.911E-04
 1140  7.30E-07  2.20E-07  1.72E-10  6.009E+00  2.06E-01  7.0440E+01  6.905E-04
 1145  7.23E-07  2.17E-07  1.69E-10  6.009E+00  2.06E-01  7.0440E+01  6.900E-04
 1150  7.15E-07  2.14E-07  1.65E-10  6.009E+00  2.06E-01  7.0440E+01  6.895E-04
 1155  7.08E-07  2.11E-07  1.62E-10  6.009E+00  2.06E-01  7.0440E+01  6.891E-04
 1160  7.01E-07  2.07E-07  1.59E-10  6.009E+00  2.06E-01  7.0440E+01  6.888E-04
 1165  6.93E-07  2.04E-07  1.55E-10  6.009E+00  2.06E-01  7.0440E+01  6.884E-04
 1170  6.86E-07  2.01E-07  1.52E-10  6.009E+00  2.06E-01  7.0440E+01  6.881E-04
 1175  6.79E-07  1.98E-07  1.50E-10  6.009E+00  2.06E-01  7.0440E+01  6.879E-04
 1180  6.72E-07  1.95E-07  1.47E-10  6.009E+00  2.06E-01  7.0440E+01  6.876E-04
 1185  6.65E-07  1.92E-07  1.44E-10  6.009E+00  2.06E-01  7.0440E+01  6.875E-04
 1190  6.58E-07  1.89E-07  1.42E-10  6.009E+00  2.06E-01  7.0440E+01  6.873E-04
 1195  6.51E-07  1.86E-07  1.39E-10  6.009E+00  2.06E-01  7.0440E+01  6.872E-04
 1200  6.44E-07  1.83E-07  1.37E-10  6.009E+00  2.06E-01  7.0440E+01  6.871E-04
 1205  6.37E-07  1.80E-07  1.34E-10  6.009E+00  2.06E-01  7.0440E+01  6.870E-04
 1210  6.30E-07  1.77E-07  1.32E-10  6.009E+00  2.06E-01  7.0440E+01  6.869E-04
 1215  6.23E-07  1.75E-07  1.30E-10  6.009E+00  2.06E-01  7.0440E+01  6.868E-04
 1220  6.17E-07  1.72E-07  1.28E-10  6.009E+00  2.06E-01  7.0440E+01  6.867E-04
 1225  6.10E-07  1.69E-07  1.26E-10  6.009E+00  2.06E-01  7.0440E+01  6.866E-04
 1230  6.03E-07  1.67E-07  1.23E-10  6.009E+00  2.06E-01  7.0440E+01  6.866E-04
 1235  5.97E-07  1.64E-07  1.21E-10  6.009E+00  2.06E-01  7.0440E+01  6.866E-04
 1240  5.90E-07  1.62E-07  1.19E-10  6.009E+00  2.06E-01  7.0440E+01  6.866E-04
 1245  5.83E-07  1.59E-07  1.17E-10  6.009E+00  2.06E-01  7.0440E+01  6.866E-04
 1250  5.77E-07  1.57E-07  1.15E-10  6.009E+00  2.06E-01  7.0440E+01  6.866E-04
 1255  5.70E-07  1.54E-07  1.13E-10  6.009E+00  2.06E-01  7.0440E+01  6.867E-04
 1260  5.64E-07  1.52E-07  1.11E-10  6.009E+00  2.06E-01  7.0440E+01  6.868E-04
 1265  5.58E-07  1.50E-07  1.09E-10  6.009E+00  2.06E-01  7.0440E+01  6.871E-04
 1270  5.51E-07  1.48E-07  1.07E-10  6.009E+00  2.06E-01  7.0440E+01  6.873E-04
 1275  5.45E-07  1.45E-07  1.05E-10  6.009E+00  2.06E-01  7.0440E+01  6.876E-04
 1280  5.39E-07  1.43E-07  1.03E-10  6.009E+00  2.06E-01  7.0440E+01  6.879E-04
 1285  5.33E-07  1.41E-07  1.02E-10  6.009E+00  2.06E-01  7.0440E+01  6.883E-04
 1290  5.27E-07  1.39E-07  1.00E-10  6.009E+00  2.06E-01  7.0440E+01  6.888E-04
 1295  5.21E-07  1.37E-07  9.88E-11  6.009E+00  2.06E-01  7.0440E+01  6.893E-04
 1300  5.15E-07  1.34E-07  9.72E-11  6.009E+00  2.06E-01  7.0440E+01  6.900E-04
 1305  5.09E-07  1.32E-07  9.58E-11  6.009E+00  2.06E-01  7.0440E+01  6.907E-04
 1310  5.03E-07  1.30E-07  9.47E-11  6.009E+00  2.06E-01  7.0440E+01  6.914E-04
 1315  4.97E-07  1.28E-07  9.37E-11  6.009E+00  2.06E-01  7.0440E+01  6.921E-04
 1320  4.91E-07  1.26E-07  9.27E-11  6.009E+00  2.06E-01  7.0440E+01  6.928E-04
 1325  4.85E-07  1.24E-07  9.16E-11  6.008E+00  2.06E-01  7.0440E+01  6.936E-04
 1330  4.80E-07  1.23E-07  9.06E-11  6.008E+00  2.06E-01  7.0440E+01  6.944E-04
 1335  4.74E-07  1.21E-07  8.97E-11  6.008E+00  2.06E-01  7.0440E+01  6.953E-04
 1340  4.69E-07  1.19E-07  8.89E-11  6.008E+00  2.06E-01  7.0440E+01  6.961E-04
 1345  4.63E-07  1.17E-07  8.81E-11  6.008E+00  2.06E-01  7.0440E+01  6.971E-04
 1350  4.58E-07  1.15E-07  8.73E-11  6.008E+00  2.06E-01  7.0440E+01  6.979E-04
 1355  4.52E-07  1.13E-07  8.65E-11  6.008E+00  2.06E-01  7.0440E+01  6.988E-04
 1360  4.47E-07  1.12E-07  8.58E-11  6.008E+00  2.06E-01  7.0440E+01  6.996E-04
 1365  4.42E-07  1.10E-07  8.51E-11  6.008E+00  2.06E-01  7.0440E+01  7.005E-04
 1370  4.36E-07  1.08E-07  8.44E-11  6.008E+00  2.06E-01  7.0440E+01  7.013E-04
 1375  4.31E-07  1.06E-07  8.38E-11  6.008E+00  2.06E-01  7.0440E+01  7.022E-04
 1380  4.26E-07  1.05E-07  8.31E-11  6.008E+00  2.06E-01  7.0440E+01  7.031E-04
 1385  4.21E-07  1.03E-07  8.23E-11  6.008E+00  2.06E-01  7.0440E+01  7.040E-04
 1390  4.16E-07  1.01E-07  8.16E-11  6.008E+00  2.06E-01  7.0440E+01  7.048E-04
 1395  4.11E-07  9.98E-08  8.09E-11  6.008E+00  2.06E-01  7.0440E+01  7.056E-04
 1400  4.06E-07  9.82E-08  8.01E-11  6.008E+00  2.06E-01  7.0440E+01  7.065E-04
 1405  4.01E-07  9.67E-08  7.94E-11  6.008E+00  2.06E-01  7.0440E+01  7.073E-04
 1410  3.96E-07  9.51E-08  7.86E-11  6.008E+00  2.06E-01  7.0440E+01  7.081E-04
 1415  3.91E-07  9.37E-08  7.78E-11  6.008E+00  2.06E-01  7.0440E+01  7.090E-04
 1420  3.87E-07  9.22E-08  7.71E-11  6.008E+00  2.06E-01  7.0440E+01  7.097E-04
 1425  3.82E-07  9.08E-08  7.64E-11  6.008E+00  2.06E-01  7.0440E+01  7.105E-04
 1430  3.77E-07  8.94E-08  7.56E-11  6.008E+00  2.06E-01  7.0440E+01  7.113E-04
 1435  3.73E-07  8.80E-08  7.48E-11  6.008E+00  2.06E-01  7.0440E+01  7.121E-04
 1440  3.68E-07  8.67E-08  7.40E-11  6.008E+00  2.06E-01  7.0440E+01  7.129E-04
 1445  3.63E-07  8.53E-08  7.31E-11  6.008E+00  2.06E-01  7.0440E+01  7.136E-04
 1450  3.59E-07  8.40E-08  7.24E-11  6.008E+00  2.06E-01  7.0440E+01  7.144E-04
 1455  3.54E-07  8.28E-08  7.17E-11  6.008E+00  2.06E-01  7.0440E+01  7.151E-04
 1460  3.50E-07  8.15E-08  7.10E-11  6.008E+00  2.06E-01  7.0440E+01  7.158E-04
 1465  3.45E-07  8.03E-08  7.03E-11  6.008E+00  2.06E-01  7.0440E+01  7.166E-04
 1470  3.41E-07  7.92E-08  6.97E-11  6.008E+00  2.06E-01  7.0440E+01  7.173E-04
 1475  3.36E-07  7.80E-08  6.90E-11  6.008E+00  2.06E-01  7.0440E+01  7.180E-04
 1480  3.32E-07  7.69E-08  6.84E-11  6.008E+00  2.06E-01  7.0440E+01  7.187E-04
 1485  3.28E-07  7.58E-08  6.79E-11  6.008E+00  2.06E-01  7.0440E+01  7.194E-04
 1490  3.24E-07  7.47E-08  6.74E-11  6.008E+00  2.06E-01  7.0440E+01  7.202E-04
 1495  3.19E-07  7.37E-08  6.69E-11  6.008E+00  2.06E-01  7.0440E+01  7.210E-04
 1500  3.15E-07  7.27E-08  6.63E-11  6.008E+00  2.06E-01  7.0440E+01  7.218E-04
 1505  3.11E-07  7.18E-08  6.58E-11  6.008E+00  2.06E-01  7.0440E+01  7.225E-04
 1510  3.07E-07  7.08E-08  6.53E-11  6.008E+00  2.06E-01  7.0440E+01  7.233E-04
 1515  3.03E-07  6.99E-08  6.48E-11  6.008E+00  2.06E-01  7.0440E+01  7.240E-04
 1520  2.99E-07  6.91E-08  6.44E-11  6.008E+00  2.06E-01  7.0440E+01  7.248E-04
 1525  2.96E-07  6.82E-08  6.39E-11  6.008E+00  2.06E-01  7.0440E+01  7.255E-04
 1530  2.92E-07  6.74E-08  6.34E-11  6.008E+00  2.06E-01  7.0440E+01  7.263E-04
 1535  2.88E-07  6.66E-08  6.28E-11  6.008E+00  2.06E-01  7.0440E+01  7.270E-04
 1540  2.85E-07  6.58E-08  6.24E-11  6.008E+00  2.06E-01  7.0440E+01  7.278E-04
 1545  2.81E-07  6.50E-08  6.19E-11  6.008E+00  2.06E-01  7.0440E+01  7.285E-04
 1550  2.78E-07  6.43E-08  6.14E-11  6.008E+00  2.06E-01  7.0440E+01  7.293E-04
 1555  2.74E-07  6.36E-08  6.09E-11  6.008E+00  2.06E-01  7.0439E+01  7.300E-04
 1560  2.71E-07  6.29E-08  6.04E-11  6.008E+00  2.06E-01  7.0439E+01  7.308E-04
 1565  2.68E-07  6.22E-08  5.99E-11  6.008E+00  2.06E-01  7.0439E+01  7.315E-04
 1570  2.65E-07  6.16E-08  5.94E-11  6.008E+00  2.06E-01  7.0439E+01  7.323E-04
 1575  2.62E-07  6.10E-08  5.89E-11  6.008E+00  2.06E-01  7.0439E+01  7.331E-04
 1580  2.59E-07  6.04E-08  5.85E-11  6.008E+00  2.06E-01  7.0439E+01  7.339E-04
 1585  2.56E-07  5.98E-08  5.81E-11  6.008E+00  2.06E-01  7.0439E+01  7.347E-04
 1590  2.53E-07  5.93E-08  5.77E-11  6.008E+00  2.06E-01  7.0439E+01  7.356E-04
 1595  2.50E-07  5.87E-08  5.72E-11  6.008E+00  2.06E-01  7.0439E+01  7.364E-04
 1600  2.47E-07  5.83E-08  5.67E-11  6.008E+00  2.06E-01  7.0439E+01  7.372E-04
 1605  2.44E-07  5.78E-08  5.62E-11  6.008E+00  2.06E-01  7.0439E+01  7.380E-04
 1610  2.41E-07  5.73E-08  5.57E-11  6.008E+00  2.06E-01  7.0439E+01  7.388E-04
 1615  2.39E-07  5.69E-08  5.53E-11  6.008E+00  2.06E-01  7.0439E+01  7.396E-04
 1620  2.36E-07  5.65E-08  5.48E-11  6.008E+00  2.06E-01  7.0439E+01  7.404E-04
 1625  2.34E-07  5.61E-08  5.44E-11  6.008E+00  2.06E-01  7.0439E+01  7.412E-04
 1630  2.31E-07  5.58E-08  5.38E-11  6.008E+00  2.06E-01  7.0439E+01  7.420E-04
 1635  2.29E-07  5.54E-08  5.32E-11  6.008E+00  2.06E-01  7.0439E+01  7.427E-04
 1640  2.26E-07  5.51E-08  5.26E-11  6.008E+00  2.06E-01  7.0439E+01  7.434E-04
 1645  2.24E-07  5.48E-08  5.20E-11  6.008E+00  2.06E-01  7.0439E+01  7.442E-04
 1650  2.22E-07  5.46E-08  5.14E-11  6.008E+00  2.06E-01  7.0439E+01  7.448E-04
 1655  2.20E-07  5.43E-08  5.08E-11  6.008E+00  2.06E-01  7.0439E+01  7.455E-04
 1660  2.17E-07  5.41E-08  5.01E-11  6.008E+00  2.06E-01  7.0439E+01  7.461E-04
 1665  2.15E-07  5.39E-08  4.95E-11  6.008E+00  2.06E-01  7.0439E+01  7.466E-04
 1670  2.13E-07  5.36E-08  4.88E-11  6.008E+00  2.06E-01  7.0439E+01  7.472E-04
 1675  2.11E-07  5.34E-08  4.82E-11  6.008E+00  2.06E-01  7.0439E+01  7.478E-04
 1680  2.09E-07  5.33E-08  4.75E-11  6.008E+00  2.06E-01  7.0439E+01  7.484E-04
 1685  2.07E-07  5.31E-08  4.69E-11  6.008E+00  2.06E-01  7.0439E+01  7.489E-04
 1690  2.05E-07  5.30E-08  4.63E-11  6.008E+00  2.06E-01  7.0439E+01  7.495E-04
 1695  2.03E-07  5.28E-08  4.57E-11  6.008E+00  2.06E-01  7.0439E+01  7.499E-04
 1700  2.02E-07  5.27E-08  4.51E-11  6.008E+00  2.06E-01  7.0439E+01  7.503E-04
 1705  2.00E-07  5.25E-08  4.45E-11  6.008E+00  2.06E-01  7.0439E+01  7.507E-04
 1710  1.98E-07  5.24E-08  4.38E-11  6.008E+00  2.06E-01  7.0439E+01  7.511E-04
 1715  1.96E-07  5.23E-08  4.32E-11  6.008E+00  2.06E-01  7.0439E+01  7.515E-04
 1720  1.94E-07  5.21E-08  4.26E-11  6.008E+00  2.06E-01  7.0439E+01  7.518E-04
 1725  1.93E-07  5.20E-08  4.21E-11  6.008E+00  2.06E-01  7.0439E+01  7.521E-04
 1730  1.91E-07  5.19E-08  4.15E-11  6.008E+00  2.06E-01  7.0439E+01  7.524E-04
 1735  1.89E-07  5.18E-08  4.10E-11  6.008E+00  2.06E-01  7.0439E+01  7.527E-04
 1740  1.88E-07  5.17E-08  4.05E-11  6.008E+00  2.06E-01  7.0439E+01  7.529E-04
 1745  1.86E-07  5.16E-08  4.00E-11  6.008E+00  2.06E-01  7.0439E+01  7.532E-04
 1750  1.85E-07  5.15E-08  3.94E-11  6.008E+00  2.06E-01  7.0439E+01  7.534E-04
 1755  1.83E-07  5.14E-08  3.89E-11  6.008E+00  2.06E-01  7.0439E+01  7.535E-04
 1760  1.82E-07  5.13E-08  3.84E-11  6.008E+00  2.06E-01  7.0439E+01  7.537E-04
 1765  1.80E-07  5.12E-08  3.79E-11  6.008E+00  2.06E-01  7.0439E+01  7.538E-04
 1770  1.79E-07  5.11E-08  3.74E-11  6.008E+00  2.06E-01  7.0439E+01  7.538E-04
 1775  1.77E-07  5.10E-08  3.70E-11  6.008E+00  2.06E-01  7.0439E+01  7.539E-04
 1780  1.76E-07  5.10E-08  3.65E-11  6.008E+00  2.06E-01  7.0439E+01  7.539E-04
 1785  1.74E-07  5.09E-08  3.60E-11  6.008E+00  2.06E-01  7.0439E+01  7.538E-04
 1790  1.73E-07  5.08E-08  3.56E-11  6.008E+00  2.06E-01  7.0439E+01  7.537E-04
 1795  1.72E-07  5.08E-08  3.51E-11  6.008E+00  2.06E-01  7.0439E+01  7.535E-04
 1800  1.71E-07  5.07E-08  3.48E-11  6.008E+00  2.06E-01  7.0439E+01  7.533E-04
 1805  1.69E-07  5.07E-08  3.43E-11  6.008E+00  2.06E-01  7.0439E+01  7.531E-04
 1810  1.68E-07  5.06E-08  3.39E-11  6.008E+00  2.06E-01  7.0439E+01  7.528E-04
 1815  1.67E-07  5.06E-08  3.35E-11  6.008E+00  2.06E-01  7.0439E+01  7.525E-04
 1820  1.66E-07  5.05E-08  3.31E-11  6.008E+00  2.06E-01  7.0439E+01  7.521E-04
 1825  1.64E-07  5.05E-08  3.27E-11  6.008E+00  2.06E-01  7.0439E+01  7.517E-04
 1830  1.63E-07  5.04E-08  3.24E-11  6.008E+00  2.06E-01  7.0439E+01  7.513E-04
 1835  1.62E-07  5.04E-08  3.20E-11  6.008E+00  2.06E-01  7.0439E+01  7.508E-04
 1840  1.61E-07  5.03E-08  3.16E-11  6.008E+00  2.06E-01  7.0439E+01  7.504E-04
 1845  1.60E-07  5.03E-08  3.13E-11  6.008E+00  2.06E-01  7.0439E+01  7.498E-04
 1850  1.59E-07  5.02E-08  3.09E-11  6.008E+00  2.06E-01  7.0439E+01  7.492E-04
 1855  1.58E-07  5.02E-08  3.05E-11  6.008E+00  2.06E-01  7.0439E+01  7.486E-04
 1860  1.57E-07  5.01E-08  3.01E-11  6.008E+00  2.06E-01  7.0439E+01  7.481E-04
 1865  1.56E-07  5.01E-08  2.97E-11  6.008E+00  2.06E-01  7.0439E+01  7.474E-04
 1870  1.55E-07  5.00E-08  2.93E-11  6.008E+00  2.06E-01  7.0439E+01  7.468E-04
 1875  1.54E-07  5.00E-08  2.90E-11  6.008E+00  2.06E-01  7.0439E+01  7.460E-04
 1880  1.53E-07  4.99E-08  2.86E-11  6.008E+00  2.06E-01  7.0439E+01  7.454E-04
 1885  1.52E-07  4.99E-08  2.83E-11  6.008E+00  2.06E-01  7.0439E+01  7.448E-04
 1890  1.51E-07  4.98E-08  2.79E-11  6.008E+00  2.06E-01  7.0439E+01  7.441E-04
 1895  1.50E-07  4.98E-08  2.76E-11  6.008E+00  2.06E-01  7.0439E+01  7.435E-04
 1900  1.49E-07  4.97E-08  2.72E-11  6.008E+00  2.06E-01  7.0439E+01  7.428E-04
 1905  1.48E-07  4.96E-08  2.69E-11  6.008E+00  2.06E-01  7.0439E+01  7.421E-04
 1910  1.47E-07  4.95E-08  2.65E-11  6.008E+00  2.06E-01  7.0439E+01  7.414E-04
 1915  1.46E-07  4.95E-08  2.62E-11  6.008E+00  2.06E-01  7.0439E+01  7.407E-04
 1920  1.45E-07  4.94E-08  2.58E-11  6.008E+00  2.06E-01  7.0439E+01  7.400E-04
 1925  1.45E-07  4.93E-08  2.55E-11  6.008E+00  2.06E-01  7.0439E+01  7.393E-04
 1930  1.44E-07  4.92E-08  2.52E-11  6.008E+00  2.06E-01  7.0439E+01  7.386E-04
 1935  1.43E-07  4.91E-08  2.49E-11  6.008E+00  2.06E-01  7.0438E+01  7.379E-04
 1940  1.42E-07  4.90E-08  2.46E-11  6.008E+00  2.06E-01  7.0438E+01  7.372E-04
 1945  1.41E-07  4.89E-08  2.43E-11  6.008E+00  2.06E-01  7.0438E+01  7.364E-04
 1950  1.40E-07  4.88E-08  2.40E-11  6.008E+00  2.06E-01  7.0438E+01  7.357E-04
 1955  1.39E-07  4.86E-08  2.37E-11  6.008E+00  2.06E-01  7.0438E+01  7.349E-04
 1960  1.39E-07  4.85E-08  2.35E-11  6.008E+00  2.06E-01  7.0438E+01  7.342E-04
 1965  1.38E-07  4.84E-08  2.32E-11  6.008E+00  2.06E-01  7.0438E+01  7.333E-04
 1970  1.37E-07  4.83E-08  2.29E-11  6.008E+00  2.06E-01  7.0438E+01  7.325E-04
 1975  1.36E-07  4.81E-08  2.27E-11  6.008E+00  2.06E-01  7.0438E+01  7.317E-04
 1980  1.36E-07  4.80E-08  2.25E-11  6.008E+00  2.06E-01  7.0438E+01  7.310E-04
 1985  1.35E-07  4.79E-08  2.22E-11  6.008E+00  2.06E-01  7.0438E+01  7.301E-04
 1990  1.34E-07  4.77E-08  2.20E-11  6.008E+00  2.06E-01  7.0438E+01  7.293E-04
 1995  1.33E-07  4.76E-08  2.18E-11  6.008E+00  2.06E-01  7.0438E+01  7.285E-04
 2000  1.33E-07  4.75E-08  2.16E-11  6.008E+00  2.06E-01  7.0438E+01  7.276E-04
 2005  1.32E-07  4.73E-08  2.14E-11  6.008E+00  2.06E-01  7.0438E+01  7.267E-04
 2010  1.31E-07  4.72E-08  2.12E-11  6.008E+00  2.06E-01  7.0438E+01  7.259E-04
 2015  1.31E-07  4.71E-08  2.10E-11  6.008E+00  2.06E-01  7.0438E+01  7.250E-04
 2020  1.30E-07  4.69E-08  2.08E-11  6.008E+00  2.06E-01  7.0438E+01  7.241E-04
 2025  1.30E-07  4.68E-08  2.06E-11  6.008E+00  2.06E-01  7.0438E+01  7.232E-04
 2030  1.29E-07  4.67E-08  2.04E-11  6.008E+00  2.06E-01  7.0438E+01  7.223E-04
 2035  1.29E-07  4.65E-08  2.02E-11  6.008E+00  2.06E-01  7.0438E+01  7.215E-04
 2040  1.28E-07  4.64E-08  2.00E-11  6.008E+00  2.06E-01  7.0438E+01  7.207E-04
 2045  1.27E-07  4.62E-08  1.98E-11  6.008E+00  2.06E-01  7.0438E+01  7.200E-04
 2050  1.27E-07  4.61E-08  1.96E-11  6.008E+00  2.06E-01  7.0438E+01  7.192E-04
 2055  1.27E-07  4.59E-08  1.95E-11  6.008E+00  2.06E-01  7.0438E+01  7.184E-04
 2060  1.26E-07  4.58E-08  1.93E-11  6.008E+00  2.06E-01  7.0438E+01  7.176E-04
 2065  1.26E-07  4.56E-08  1.91E-11  6.008E+00  2.06E-01  7.0438E+01  7.169E-04
 2070  1.25E-07  4.55E-08  1.89E-11  6.008E+00  2.06E-01  7.0438E+01  7.161E-04
 2075  1.25E-07  4.53E-08  1.87E-11  6.008E+00  2.06E-01  7.0438E+01  7.154E-04
 2080  1.24E-07  4.52E-08  1.85E-11  6.008E+00  2.06E-01  7.0438E+01  7.147E-04
 2085  1.24E-07  4.50E-08  1.83E-11  6.008E+00  2.06E-01  7.0438E+01  7.140E-04
 2090  1.24E-07  4.49E-08  1.82E-11  6.008E+00  2.06E-01  7.0438E+01  7.133E-04
 2095  1.23E-07  4.47E-08  1.80E-11  6.008E+00  2.06E-01  7.0438E+01  7.126E-04
 2100  1.23E-07  4.46E-08  1.78E-11  6.008E+00  2.06E-01  7.0438E+01  7.119E-04
 2105  1.23E-07  4.44E-08  1.77E-11  6.008E+00  2.06E-01  7.0438E+01  7.112E-04
 2110  1.22E-07  4.43E-08  1.75E-11  6.008E+00  2.06E-01  7.0438E+01  7.105E-04
 2115  1.22E-07  4.41E-08  1.73E-11  6.008E+00  2.06E-01  7.0438E+01  7.098E-04
 2120  1.22E-07  4.39E-08  1.72E-11  6.008E+00  2.06E-01  7.0438E+01  7.091E-04
 2125  1.22E-07  4.38E-08  1.70E-11  6.008E+00  2.06E-01  7.0438E+01  7.085E-04
 2130  1.21E-07  4.36E-08  1.69E-11  6.008E+00  2.06E-01  7.0438E+01  7.078E-04
 2135  1.21E-07  4.34E-08  1.67E-11  6.008E+00  2.06E-01  7.0438E+01  7.071E-04
 2140  1.21E-07  4.33E-08  1.66E-11  6.008E+00  2.06E-01  7.0438E+01  7.065E-04
 2145  1.20E-07  4.31E-08  1.64E-11  6.008E+00  2.06E-01  7.0438E+01  7.059E-04
 2150  1.20E-07  4.29E-08  1.63E-11  6.008E+00  2.06E-01  7.0438E+01  7.053E-04
 2155  1.20E-07  4.27E-08  1.62E-11  6.008E+00  2.06E-01  7.0438E+01  7.047E-04
 2160  1.20E-07  4.26E-08  1.60E-11  6.008E+00  2.06E-01  7.0438E+01  7.041E-04
 2165  1.20E-07  4.24E-08  1.59E-11  6.008E+00  2.06E-01  7.0438E+01  7.035E-04
 2170  1.19E-07  4.22E-08  1.57E-11  6.008E+00  2.06E-01  7.0438E+01  7.029E-04
 2175  1.19E-07  4.20E-08  1.56E-11  6.008E+00  2.06E-01  7.0438E+01  7.024E-04
 2180  1.19E-07  4.19E-08  1.55E-11  6.008E+00  2.06E-01  7.0438E+01  7.018E-04
 2185  1.19E-07  4.17E-08  1.54E-11  6.008E+00  2.06E-01  7.0438E+01  7.012E-04
 2190  1.18E-07  4.15E-08  1.53E-11  6.008E+00  2.06E-01  7.0438E+01  7.006E-04
 2195  1.18E-07  4.13E-08  1.52E-11  6.008E+00  2.06E-01  7.0438E+01  6.999E-04
 2200  1.18E-07  4.11E-08  1.50E-11  6.008E+00  2.06E-01  7.0438E+01  6.993E-04
 2205  1.18E-07  4.09E-08  1.49E-11  6.008E+00  2.06E-01  7.0438E+01  6.987E-04
 2210  1.18E-07  4.07E-08  1.48E-11  6.008E+00  2.06E-01  7.0438E+01  6.982E-04
 2215  1.18E-07  4.05E-08  1.47E-11  6.008E+00  2.06E-01  7.0438E+01  6.976E-04
 2220  1.18E-07  4.03E-08  1.46E-11  6.008E+00  2.06E-01  7.0438E+01  6.970E-04
 2225  1.17E-07  4.01E-08  1.45E-11  6.008E+00  2.06E-01  7.0438E+01  6.964E-04
 2230  1.17E-07  4.00E-08  1.44E-11  6.008E+00  2.06E-01  7.0438E+01  6.958E-04
 2235  1.17E-07  3.98E-08  1.43E-11  6.008E+00  2.06E-01  7.0438E+01  6.952E-04
 2240  1.17E-07  3.96E-08  1.42E-11  6.008E+00  2.06E-01  7.0438E+01  6.947E-04
 2245  1.17E-07  3.94E-08  1.41E-11  6.008E+00  2.06E-01  7.0438E+01  6.942E-04
 2250  1.17E-07  3.92E-08  1.40E-11  6.008E+00  2.06E-01  7.0438E+01  6.936E-04
 2255  1.17E-07  3.90E-08  1.39E-11  6.008E+00  2.06E-01  7.0438E+01  6.930E-04
 2260  1.17E-07  3.88E-08  1.38E-11  6.008E+00  2.06E-01  7.0438E+01  6.925E-04
 2265  1.17E-07  3.86E-08  1.37E-11  6.008E+00  2.06E-01  7.0438E+01  6.919E-04
 2270  1.17E-07  3.83E-08  1.36E-11  6.008E+00  2.06E-01  7.0438E+01  6.914E-04
 2275  1.17E-07  3.81E-08  1.35E-11  6.008E+00  2.06E-01  7.0438E+01  6.908E-04
 2280  1.17E-07  3.80E-08  1.34E-11  6.008E+00  2.06E-01  7.0438E+01  6.902E-04
 2285  1.16E-07  3.78E-08  1.33E-11  6.008E+00  2.06E-01  7.0438E+01  6.896E-04
 2290  1.16E-07  3.76E-08  1.32E-11  6.008E+00  2.06E-01  7.0438E+01  6.890E-04
 2295  1.16E-07  3.74E-08  1.31E-11  6.008E+00  2.06E-01  7.0438E+01  6.884E-04
 2300  1.16E-07  3.72E-08  1.30E-11  6.008E+00  2.06E-01  7.0438E+01  6.877E-04
 2305  1.16E-07  3.70E-08  1.29E-11  6.008E+00  2.06E-01  7.0438E+01  6.870E-04
 2310  1.16E-07  3.68E-08  1.28E-11  6.008E+00  2.06E-01  7.0438E+01  6.864E-04
 2315  1.16E-07  3.66E-08  1.27E-11  6.008E+00  2.06E-01  7.0437E+01  6.857E-04
 2320  1.16E-07  3.64E-08  1.26E-11  6.008E+00  2.06E-01  7.0437E+01  6.850E-04
 2325  1.16E-07  3.62E-08  1.25E-11  6.008E+00  2.06E-01  7.0437E+01  6.843E-04
 2330  1.16E-07  3.60E-08  1.24E-11  6.008E+00  2.06E-01  7.0437E+01  6.836E-04
 2335  1.16E-07  3.58E-08  1.23E-11  6.008E+00  2.06E-01  7.0437E+01  6.829E-04
 2340  1.16E-07  3.56E-08  1.22E-11  6.008E+00  2.06E-01  7.0437E+01  6.823E-04
 2345  1.16E-07  3.54E-08  1.21E-11  6.008E+00  2.06E-01  7.0437E+01  6.816E-04
 2350  1.16E-07  3.53E-08  1.20E-11  6.008E+00  2.06E-01  7.0437E+01  6.810E-04
 2355  1.16E-07  3.51E-08  1.19E-11  6.008E+00  2.06E-01  7.0437E+01  6.803E-04
 2360  1.16E-07  3.49E-08  1.18E-11  6.008E+00  2.06E-01  7.0437E+01  6.796E-04
 2365  1.16E-07  3.47E-08  1.17E-11  6.008E+00  2.06E-01  7.0437E+01  6.789E-04
 2370  1.16E-07  3.45E-08  1.17E-11  6.008E+00  2.06E-01  7.0437E+01  6.782E-04
 2375  1.16E-07  3.44E-08  1.16E-11  6.008E+00  2.06E-01  7.0437E+01  6.775E-04
 2380  1.16E-07  3.42E-08  1.15E-11  6.008E+00  2.06E-01  7.0437E+01  6.769E-04
 2385  1.17E-07  3.40E-08  1.14E-11  6.008E+00  2.06E-01  7.0437E+01  6.762E-04
 2390  1.17E-07  3.38E-08  1.13E-11  6.008E+00  2.06E-01  7.0437E+01  6.756E-04
 2395  1.17E-07  3.37E-08  1.12E-11  6.008E+00  2.06E-01  7.0437E+01  6.750E-04
 2400  1.17E-07  3.35E-08  1.12E-11  6.008E+00  2.06E-01  7.0437E+01  6.743E-04
 2405  1.17E-07  3.33E-08  1.11E-11  6.008E+00  2.06E-01  7.0437E+01  6.736E-04
 2410  1.17E-07  3.32E-08  1.10E-11  6.008E+00  2.06E-01  7.0437E+01  6.729E-04
 2415  1.17E-07  3.30E-08  1.09E-11  6.008E+00  2.06E-01  7.0437E+01  6.722E-04
 2420  1.17E-07  3.28E-08  1.08E-11  6.008E+00  2.06E-01  7.0437E+01  6.716E-04
 2425  1.17E-07  3.26E-08  1.08E-11  6.008E+00  2.06E-01  7.0437E+01  6.709E-04
 2430  1.17E-07  3.25E-08  1.07E-11  6.008E+00  2.06E-01  7.0437E+01  6.702E-04
 2435  1.18E-07  3.23E-08  1.06E-11  6.008E+00  2.06E-01  7.0437E+01  6.695E-04
 2440  1.18E-07  3.21E-08  1.06E-11  6.008E+00  2.06E-01  7.0437E+01  6.688E-04
 2445  1.18E-07  3.19E-08  1.05E-11  6.008E+00  2.06E-01  7.0437E+01  6.681E-04
 2450  1.18E-07  3.18E-08  1.04E-11  6.008E+00  2.06E-01  7.0437E+01  6.675E-04
 2455  1.18E-07  3.16E-08  1.04E-11  6.008E+00  2.06E-01  7.0437E+01  6.668E-04
 2460  1.18E-07  3.14E-08  1.03E-11  6.008E+00  2.06E-01  7.0437E+01  6.661E-04
 2465  1.19E-07  3.13E-08  1.02E-11  6.008E+00  2.06E-01  7.0437E+01  6.655E-04
 2470  1.19E-07  3.11E-08  1.02E-11  6.008E+00  2.06E-01  7.0437E+01  6.648E-04
 2475  1.19E-07  3.10E-08  1.02E-11  6.008E+00  2.06E-01  7.0437E+01  6.642E-04
 2480  1.19E-07  3.08E-08  1.01E-11  6.008E+00  2.06E-01  7.0437E+01  6.636E-04
 2485  1.19E-07  3.07E-08  1.01E-11  6.008E+00  2.06E-01  7.0437E+01  6.630E-04
 2490  1.20E-07  3.05E-08  1.00E-11  6.008E+00  2.06E-01  7.0437E+01  6.623E-04
 2495  1.20E-07  3.04E-08  9.96E-12  6.008E+00  2.06E-01  7.0437E+01  6.617E-04
 2500  1.20E-07  3.02E-08  9.91E-12  6.008E+00  2.06E-01  7.0437E+01  6.611E-04
 2505  1.20E-07  3.01E-08  9.88E-12  6.008E+00  2.06E-01  7.0437E+01  6.604E-04
 2510  1.20E-07  3.00E-08  9.85E-12  6.008E+00  2.06E-01  7.0437E+01  6.597E-04
 2515  1.21E-07  2.98E-08  9.82E-12  6.008E+00  2.06E-01  7.0437E+01  6.591E-04
 2520  1.21E-07  2.97E-08  9.79E-12  6.008E+00  2.06E-01  7.0437E+01  6.584E-04
 2525  1.21E-07  2.96E-08  9.75E-12  6.008E+00  2.06E-01  7.0437E+01  6.578E-04
 2530  1.21E-07  2.94E-08  9.73E-12  6.008E+00  2.06E-01  7.0437E+01  6.571E-04
 2535  1.22E-07  2.93E-08  9.70E-12  6.008E+00  2.06E-01  7.0437E+01  6.564E-04
 2540  1.22E-07  2.92E-08  9.66E-12  6.008E+00  2.06E-01  7.0437E+01  6.558E-04
 2545  1.22E-07  2.91E-08  9.63E-12  6.008E+00  2.06E-01  7.0437E+01  6.552E-04
 2550  1.22E-07  2.90E-08  9.61E-12  6.008E+00  2.06E-01  7.0437E+01  6.545E-04
 2555  1.23E-07  2.89E-08  9.59E-12  6.008E+00  2.06E-01  7.0437E+01  6.539E-04
 2560  1.23E-07  2.88E-08  9.57E-12  6.008E+00  2.06E-01  7.0437E+01  6.532E-04
 2565  1.23E-07  2.86E-08  9.55E-12  6.008E+00  2.06E-01  7.0437E+01  6.525E-04
 2570  1.23E-07  2.85E-08  9.53E-12  6.008E+00  2.06E-01  7.0437E+01  6.518E-04
 2575  1.24E-07  2.84E-08  9.51E-12  6.008E+00  2.06E-01  7.0437E+01  6.511E-04
 2580  1.24E-07  2.84E-08  9.50E-12  6.008E+00  2.06E-01  7.0437E+01  6.504E-04
 2585  1.24E-07  2.83E-08  9.48E-12  6.008E+00  2.06E-01  7.0437E+01  6.497E-04
 2590  1.24E-07  2.82E-08  9.46E-12  6.008E+00  2.06E-01  7.0437E+01  6.490E-04
 2595  1.25E-07  2.81E-08  9.45E-12  6.008E+00  2.06E-01  7.0437E+01  6.483E-04
 2600  1.25E-07  2.80E-08  9.44E-12  6.008E+00  2.06E-01  7.0437E+01  6.476E-04
 2605  1.25E-07  2.79E-08  9.42E-12  6.008E+00  2.06E-01  7.0437E+01  6.470E-04
 2610  1.26E-07  2.79E-08  9.40E-12  6.008E+00  2.06E-01  7.0437E+01  6.463E-04
 2615  1.26E-07  2.78E-08  9.38E-12  6.008E+00  2.06E-01  7.0437E+01  6.457E-04
 2620  1.26E-07  2.77E-08  9.36E-12  6.008E+00  2.06E-01  7.0437E+01  6.450E-04
 2625  1.26E-07  2.76E-08  9.35E-12  6.008E+00  2.06E-01  7.0437E+01  6.444E-04
 2630  1.27E-07  2.76E-08  9.33E-12  6.008E+00  2.06E-01  7.0437E+01  6.437E-04
 2635  1.27E-07  2.75E-08  9.31E-12  6.008E+00  2.06E-01  7.0437E+01  6.431E-04
 2640  1.27E-07  2.74E-08  9.29E-12  6.008E+00  2.06E-01  7.0437E+01  6.424E-04
 2645  1.28E-07  2.73E-08  9.27E-12  6.008E+00  2.06E-01  7.0437E+01  6.417E-04
 2650  1.28E-07  2.73E-08  9.26E-12  6.008E+00  2.06E-01  7.0437E+01  6.410E-04
 2655  1.28E-07  2.72E-08  9.23E-12  6.008E+00  2.06E-01  7.0437E+01  6.403E-04
 2660  1.29E-07  2.72E-08  9.21E-12  6.008E+00  2.06E-01  7.0437E+01  6.397E-04
 2665  1.29E-07  2.71E-08  9.18E-12  6.008E+00  2.06E-01  7.0437E+01  6.390E-04
 2670  1.29E-07  2.70E-08  9.16E-12  6.008E+00  2.06E-01  7.0437E+01  6.383E-04
 2675  1.29E-07  2.70E-08  9.15E-12  6.008E+00  2.06E-01  7.0437E+01  6.376E-04
 2680  1.30E-07  2.70E-08  9.13E-12  6.008E+00  2.06E-01  7.0437E+01  6.369E-04
 2685  1.30E-07  2.69E-08  9.10E-12  6.008E+00  2.06E-01  7.0437E+01  6.361E-04
 2690  1.30E-07  2.69E-08  9.08E-12  6.008E+00  2.06E-01  7.0437E+01  6.354E-04
 2695  1.31E-07  2.68E-08  9.06E-12  6.008E+00  2.06E-01  7.0437E+01  6.347E-04
 2700  1.31E-07  2.68E-08  9.05E-12  6.008E+00  2.06E-01  7.0437E+01  6.340E-04
 2705  1.31E-07  2.67E-08  9.02E-12  6.008E+00  2.06E-01  7.0437E+01  6.333E-04
 2710  1.31E-07  2.67E-08  8.99E-12  6.008E+00  2.06E-01  7.0437E+01  6.325E-04
 2715  1.32E-07  2.67E-08  8.96E-12  6.008E+00  2.06E-01  7.0437E+01  6.318E-04
 2720  1.32E-07  2.66E-08  8.95E-12  6.008E+00  2.06E-01  7.0437E+01  6.310E-04
 2725  1.32E-07  2.66E-08  8.94E-12  6.008E+00  2.06E-01  7.0437E+01  6.303E-04
 2730  1.32E-07  2.66E-08  8.91E-12  6.008E+00  2.06E-01  7.0437E+01  6.295E-04
 2735  1.33E-07  2.65E-08  8.87E-12  6.008E+00  2.06E-01  7.0437E+01  6.287E-04
 2740  1.33E-07  2.65E-08  8.84E-12  6.008E+00  2.06E-01  7.0436E+01  6.280E-04
 2745  1.33E-07  2.65E-08  8.81E-12  6.008E+00  2.06E-01  7.0436E+01  6.272E-04
 2750  1.33E-07  2.64E-08  8.79E-12  6.008E+00  2.06E-01  7.0436E+01  6.264E-04
 2755  1.33E-07  2.64E-08  8.76E-12  6.008E+00  2.06E-01  7.0436E+01  6.257E-04
 2760  1.34E-07  2.64E-08  8.74E-12  6.008E+00  2.06E-01  7.0436E+01  6.250E-04
 2765  1.34E-07  2.64E-08  8.71E-12  6.008E+00  2.06E-01  7.0436E+01  6.243E-04
 2770  1.34E-07  2.64E-08  8.69E-12  6.008E+00  2.06E-01  7.0436E+01  6.237E-04
 2775  1.34E-07  2.64E-08  8.67E-12  6.008E+00  2.06E-01  7.0436E+01  6.230E-04
 2780  1.34E-07  2.64E-08  8.64E-12  6.008E+00  2.06E-01  7.0436E+01  6.223E-04
 2785  1.35E-07  2.64E-08  8.60E-12  6.008E+00  2.06E-01  7.0436E+01  6.216E-04
 2790  1.35E-07  2.63E-08  8.57E-12  6.008E+00  2.06E-01  7.0436E+01  6.209E-04
 2795  1.35E-07  2.63E-08  8.54E-12  6.008E+00  2.06E-01  7.0436E+01  6.202E-04
 2800  1.35E-07  2.63E-08  8.52E-12  6.008E+00  2.06E-01  7.0436E+01  6.194E-04
 2805  1.35E-07  2.63E-08  8.49E-12  6.008E+00  2.06E-01  7.0436E+01  6.187E-04
 2810  1.35E-07  2.63E-08  8.46E-12  6.008E+00  2.06E-01  7.0436E+01  6.180E-04
 2815  1.35E-07  2.63E-08  8.42E-12  6.008E+00  2.06E-01  7.0436E+01  6.172E-04
 2820  1.35E-07  2.63E-08  8.39E-12  6.008E+00  2.06E-01  7.0436E+01  6.165E-04
 2825  1.36E-07  2.63E-08  8.35E-12  6.008E+00  2.06E-01  7.0436E+01  6.158E-04
 2830  1.36E-07  2.63E-08  8.31E-12  6.008E+00  2.06E-01  7.0436E+01  6.151E-04
 2835  1.36E-07  2.63E-08  8.27E-12  6.008E+00  2.06E-01  7.0436E+01  6.143E-04
 2840  1.36E-07  2.63E-08  8.23E-12  6.008E+00  2.06E-01  7.0436E+01  6.136E-04
 2845  1.36E-07  2.63E-08  8.19E-12  6.008E+00  2.06E-01  7.0436E+01  6.128E-04
 2850  1.36E-07  2.63E-08  8.16E-12  6.008E+00  2.06E-01  7.0436E+01  6.120E-04
 2855  1.36E-07  2.63E-08  8.11E-12  6.008E+00  2.06E-01  7.0436E+01  6.113E-04
 2860  1.36E-07  2.63E-08  8.06E-12  6.008E+00  2.06E-01  7.0436E+01  6.105E-04
 2865  1.36E-07  2.63E-08  8.01E-12  6.008E+00  2.06E-01  7.0436E+01  6.097E-04
 2870  1.36E-07  2.63E-08  7.97E-12  6.008E+00  2.06E-01  7.0436E+01  6.090E-04
 2875  1.36E-07  2.63E-08  7.93E-12  6.008E+00  2.06E-01  7.0436E+01  6.083E-04
 2880  1.36E-07  2.63E-08  7.89E-12  6.008E+00  2.06E-01  7.0436E+01  6.076E-04
 2885  1.36E-07  2.63E-08  7.85E-12  6.008E+00  2.06E-01  7.0436E+01  6.069E-04
 2890  1.36E-07  2.64E-08  7.81E-12  6.008E+00  2.06E-01  7.0436E+01  6.062E-04
 2895  1.36E-07  2.64E-08  7.77E-12  6.008E+00  2.06E-01  7.0436E+01  6.055E-04
 2900  1.36E-07  2.64E-08  7.72E-12  6.008E+00  2.06E-01  7.0436E+01  6.047E-04
 2905  1.36E-07  2.64E-08  7.67E-12  6.008E+00  2.06E-01  7.0436E+01  6.040E-04
 2910  1.36E-07  2.64E-08  7.63E-12  6.008E+00  2.06E-01  7.0436E+01  6.032E-04
 2915  1.36E-07  2.64E-08  7.59E-12  6.008E+00  2.06E-01  7.0436E+01  6.025E-04
 2920  1.36E-07  2.64E-08  7.55E-12  6.008E+00  2.06E-01  7.0436E+01  6.017E-04
 2925  1.36E-07  2.64E-08  7.51E-12  6.008E+00  2.06E-01  7.0436E+01  6.009E-04
 2930  1.35E-07  2.64E-08  7.47E-12  6.008E+00  2.06E-01  7.0436E+01  6.001E-04
 2935  1.35E-07  2.64E-08  7.42E-12  6.008E+00  2.06E-01  7.0436E+01  5.993E-04
 2940  1.35E-07  2.64E-08  7.38E-12  6.008E+00  2.06E-01  7.0436E+01  5.985E-04
 2945  1.35E-07  2.64E-08  7.33E-12  6.008E+00  2.06E-01  7.0436E+01  5.978E-04
 2950  1.35E-07  2.64E-08  7.29E-12  6.008E+00  2.06E-01  7.0436E+01  5.970E-04
 2955  1.35E-07  2.64E-08  7.25E-12  6.008E+00  2.06E-01  7.0436E+01  5.962E-04
 2960  1.35E-07  2.64E-08  7.21E-12  6.008E+00  2.06E-01  7.0436E+01  5.955E-04
 2965  1.34E-07  2.64E-08  7.16E-12  6.008E+00  2.06E-01  7.0436E+01  5.948E-04
 2970  1.34E-07  2.64E-08  7.12E-12  6.008E+00  2.06E-01  7.0436E+01  5.940E-04
 2975  1.34E-07  2.64E-08  7.07E-12  6.008E+00  2.06E-01  7.0436E+01  5.933E-04
 2980  1.34E-07  2.64E-08  7.02E-12  6.008E+00  2.06E-01  7.0436E+01  5.926E-04
 2985  1.33E-07  2.64E-08  6.98E-12  6.008E+00  2.06E-01  7.0436E+01  5.919E-04
 2990  1.33E-07  2.64E-08  6.94E-12  6.008E+00  2.06E-01  7.0436E+01  5.912E-04
 2995  1.33E-07  2.64E-08  6.90E-12  6.008E+00  2.06E-01  7.0436E+01  5.904E-04
 3000  1.33E-07  2.64E-08  6.85E-12  6.008E+00  2.06E-01  7.0436E+01  5.897E-04
 3005  1.32E-07  2.64E-08  6.80E-12  6.008E+00  2.06E-01  7.0436E+01  5.891E-04
 3010  1.32E-07  2.63E-08  6.75E-12  6.008E+00  2.06E-01  7.0436E+01  5.885E-04
 3015  1.32E-07  2.63E-08  6.71E-12  6.008E+00  2.06E-01  7.0436E+01  5.878E-04
 3020  1.31E-07  2.63E-08  6.66E-12  6.008E+00  2.06E-01  7.0436E+01  5.872E-04
 3025  1.31E-07  2.63E-08  6.62E-12  6.008E+00  2.06E-01  7.0436E+01  5.866E-04
 3030  1.31E-07  2.63E-08  6.57E-12  6.008E+00  2.06E-01  7.0436E+01  5.860E-04
 3035  1.30E-07  2.63E-08  6.53E-12  6.008E+00  2.06E-01  7.0436E+01  5.854E-04
 3040  1.30E-07  2.62E-08  6.49E-12  6.008E+00  2.06E-01  7.0436E+01  5.849E-04
 3045  1.30E-07  2.62E-08  6.45E-12  6.008E+00  2.06E-01  7.0436E+01  5.843E-04
 3050  1.29E-07  2.62E-08  6.40E-12  6.008E+00  2.06E-01  7.0436E+01  5.837E-04
 3055  1.29E-07  2.62E-08  6.35E-12  6.008E+00  2.06E-01  7.0436E+01  5.831E-04
 3060  1.28E-07  2.61E-08  6.31E-12  6.008E+00  2.06E-01  7.0436E+01  5.826E-04
 3065  1.28E-07  2.61E-08  6.27E-12  6.008E+00  2.06E-01  7.0436E+01  5.820E-04
 3070  1.28E-07  2.61E-08  6.23E-12  6.008E+00  2.06E-01  7.0436E+01  5.815E-04
 3075  1.27E-07  2.61E-08  6.19E-12  6.008E+00  2.06E-01  7.0436E+01  5.809E-04
 3080  1.27E-07  2.60E-08  6.15E-12  6.008E+00  2.06E-01  7.0436E+01  5.804E-04
 3085  1.26E-07  2.60E-08  6.11E-12  6.008E+00  2.06E-01  7.0436E+01  5.798E-04
 3090  1.26E-07  2.60E-08  6.07E-12  6.008E+00  2.06E-01  7.0436E+01  5.793E-04
 3095  1.25E-07  2.59E-08  6.02E-12  6.008E+00  2.06E-01  7.0436E+01  5.788E-04
 3100  1.25E-07  2.59E-08  5.98E-12  6.008E+00  2.06E-01  7.0436E+01  5.783E-04
 3105  1.25E-07  2.59E-08  5.93E-12  6.008E+00  2.06E-01  7.0436E+01  5.777E-04
 3110  1.24E-07  2.58E-08  5.89E-12  6.008E+00  2.06E-01  7.0436E+01  5.772E-04
 3115  1.24E-07  2.58E-08  5.86E-12  6.008E+00  2.06E-01  7.0436E+01  5.766E-04
 3120  1.23E-07  2.57E-08  5.82E-12  6.008E+00  2.06E-01  7.0436E+01  5.761E-04
 3125  1.23E-07  2.57E-08  5.78E-12  6.008E+00  2.06E-01  7.0436E+01  5.755E-04
 3130  1.22E-07  2.57E-08  5.75E-12  6.008E+00  2.06E-01  7.0436E+01  5.750E-04
 3135  1.22E-07  2.56E-08  5.71E-12  6.008E+00  2.06E-01  7.0436E+01  5.744E-04
 3140  1.21E-07  2.56E-08  5.67E-12  6.008E+00  2.06E-01  7.0436E+01  5.739E-04
 3145  1.20E-07  2.55E-08  5.63E-12  6.008E+00  2.06E-01  7.0436E+01  5.733E-04
 3150  1.20E-07  2.55E-08  5.60E-12  6.008E+00  2.06E-01  7.0436E+01  5.727E-04
 3155  1.19E-07  2.54E-08  5.57E-12  6.008E+00  2.06E-01  7.0436E+01  5.721E-04
 3160  1.19E-07  2.54E-08  5.54E-12  6.008E+00  2.06E-01  7.0436E+01  5.716E-04
 3165  1.18E-07  2.53E-08  5.50E-12  6.008E+00  2.06E-01  7.0436E+01  5.710E-04
 3170  1.18E-07  2.52E-08  5.47E-12  6.008E+00  2.06E-01  7.0436E+01  5.704E-04
 3175  1.17E-07  2.52E-08  5.44E-12  6.008E+00  2.06E-01  7.0436E+01  5.698E-04
 3180  1.17E-07  2.51E-08  5.41E-12  6.008E+00  2.06E-01  7.0436E+01  5.693E-04
 3185  1.16E-07  2.51E-08  5.38E-12  6.008E+00  2.06E-01  7.0436E+01  5.688E-04
 3190  1.15E-07  2.50E-08  5.35E-12  6.008E+00  2.06E-01  7.0436E+01  5.682E-04
 3195  1.15E-07  2.49E-08  5.31E-12  6.008E+00  2.06E-01  7.0436E+01  5.677E-04
 3200  1.14E-07  2.49E-08  5.28E-12  6.008E+00  2.06E-01  7.0436E+01  5.671E-04
 3205  1.14E-07  2.48E-08  5.24E-12  6.008E+00  2.06E-01  7.0436E+01  5.666E-04
 3210  1.13E-07  2.47E-08  5.21E-12  6.008E+00  2.06E-01  7.0436E+01  5.661E-04
 3215  1.12E-07  2.46E-08  5.18E-12  6.008E+00  2.06E-01  7.0436E+01  5.656E-04
 3220  1.12E-07  2.46E-08  5.15E-12  6.008E+00  2.06E-01  7.0436E+01  5.651E-04
 3225  1.11E-07  2.45E-08  5.11E-12  6.008E+00  2.06E-01  7.0436E+01  5.646E-04
 3230  1.10E-07  2.44E-08  5.09E-12  6.008E+00  2.06E-01  7.0436E+01  5.641E-04
 3235  1.10E-07  2.43E-08  5.06E-12  6.008E+00  2.06E-01  7.0436E+01  5.636E-04
 3240  1.09E-07  2.43E-08  5.03E-12  6.008E+00  2.06E-01  7.0436E+01  5.631E-04
 3245  1.09E-07  2.42E-08  4.99E-12  6.008E+00  2.06E-01  7.0436E+01  5.627E-04
 3250  1.08E-07  2.41E-08  4.95E-12  6.008E+00  2.06E-01  7.0436E+01  5.622E-04
 3255  1.07E-07  2.40E-08  4.92E-12  6.008E+00  2.06E-01  7.0436E+01  5.618E-04
 3260  1.07E-07  2.39E-08  4.89E-12  6.008E+00  2.06E-01  7.0436E+01  5.613E-04
 3265  1.06E-07  2.38E-08  4.86E-12  6.008E+00  2.06E-01  7.0436E+01  5.608E-04
 3270  1.05E-07  2.37E-08  4.83E-12  6.008E+00  2.06E-01  7.0436E+01  5.604E-04
 3275  1.05E-07  2.37E-08  4.80E-12  6.008E+00  2.06E-01  7.0435E+01  5.599E-04
 3280  1.04E-07  2.36E-08  4.77E-12  6.008E+00  2.06E-01  7.0435E+01  5.595E-04
 3285  1.03E-07  2.35E-08  4.74E-12  6.008E+00  2.06E-01  7.0435E+01  5.591E-04
 3290  1.03E-07  2.34E-08  4.71E-12  6.008E+00  2.06E-01  7.0435E+01  5.586E-04
 3295  1.02E-07  2.33E-08  4.67E-12  6.008E+00  2.06E-01  7.0435E+01  5.582E-04
 3300  1.01E-07  2.32E-08  4.64E-12  6.008E+00  2.06E-01  7.0435E+01  5.578E-04
 3305  1.01E-07  2.31E-08  4.60E-12  6.008E+00  2.06E-01  7.0435E+01  5.575E-04
 3310  1.00E-07  2.30E-08  4.58E-12  6.008E+00  2.06E-01  7.0435E+01  5.571E-04
 3315  9.95E-08  2.29E-08  4.55E-12  6.008E+00  2.06E-01  7.0435E+01  5.567E-04
 3320  9.89E-08  2.28E-08  4.52E-12  6.008E+00  2.06E-01  7.0435E+01  5.563E-04
 3325  9.82E-08  2.27E-08  4.48E-12  6.008E+00  2.06E-01  7.0435E+01  5.559E-04
 3330  9.76E-08  2.26E-08  4.45E-12  6.008E+00  2.06E-01  7.0435E+01  5.556E-04
 3335  9.69E-08  2.25E-08  4.43E-12  6.008E+00  2.06E-01  7.0435E+01  5.553E-04
 3340  9.63E-08  2.24E-08  4.40E-12  6.008E+00  2.06E-01  7.0435E+01  5.549E-04
 3345  9.56E-08  2.23E-08  4.37E-12  6.008E+00  2.06E-01  7.0435E+01  5.546E-04
 3350  9.50E-08  2.22E-08  4.34E-12  6.008E+00  2.06E-01  7.0435E+01  5.543E-04
 3355  9.44E-08  2.20E-08  4.31E-12  6.008E+00  2.06E-01  7.0435E+01  5.540E-04
 3360  9.37E-08  2.19E-08  4.29E-12  6.008E+00  2.06E-01  7.0435E+01  5.537E-04
 3365  9.31E-08  2.18E-08  4.26E-12  6.008E+00  2.06E-01  7.0435E+01  5.534E-04
 3370  9.24E-08  2.17E-08  4.23E-12  6.008E+00  2.06E-01  7.0435E+01  5.531E-04
 3375  9.18E-08  2.16E-08  4.20E-12  6.008E+00  2.06E-01  7.0435E+01  5.528E-04
 3380  9.12E-08  2.15E-08  4.17E-12  6.008E+00  2.06E-01  7.0435E+01  5.525E-04
 3385  9.05E-08  2.14E-08  4.15E-12  6.008E+00  2.06E-01  7.0435E+01  5.522E-04
 3390  8.99E-08  2.12E-08  4.13E-12  6.008E+00  2.06E-01  7.0435E+01  5.519E-04
 3395  8.92E-08  2.11E-08  4.10E-12  6.008E+00  2.06E-01  7.0435E+01  5.516E-04
 3400  8.86E-08  2.10E-08  4.07E-12  6.008E+00  2.06E-01  7.0435E+01  5.514E-04
 3405  8.80E-08  2.09E-08  4.04E-12  6.008E+00  2.06E-01  7.0435E+01  5.511E-04
 3410  8.73E-08  2.08E-08  4.02E-12  6.008E+00  2.06E-01  7.0435E+01  5.509E-04
 3415  8.67E-08  2.06E-08  4.01E-12  6.008E+00  2.06E-01  7.0435E+01  5.506E-04
 3420  8.60E-08  2.05E-08  3.98E-12  6.008E+00  2.06E-01  7.0435E+01  5.504E-04
 3425  8.54E-08  2.04E-08  3.95E-12  6.008E+00  2.06E-01  7.0435E+01  5.502E-04
 3430  8.48E-08  2.03E-08  3.93E-12  6.008E+00  2.06E-01  7.0435E+01  5.500E-04
 3435  8.41E-08  2.01E-08  3.91E-12  6.008E+00  2.06E-01  7.0435E+01  5.498E-04
 3440  8.35E-08  2.00E-08  3.89E-12  6.008E+00  2.06E-01  7.0435E+01  5.496E-04
 3445  8.28E-08  1.99E-08  3.86E-12  6.008E+00  2.06E-01  7.0435E+01  5.494E-04
 3450  8.22E-08  1.97E-08  3.84E-12  6.008E+00  2.06E-01  7.0435E+01  5.492E-04
 3455  8.16E-08  1.96E-08  3.81E-12  6.008E+00  2.06E-01  7.0435E+01  5.490E-04
 3460  8.10E-08  1.95E-08  3.79E-12  6.008E+00  2.06E-01  7.0435E+01  5.488E-04
 3465  8.03E-08  1.94E-08  3.78E-12  6.008E+00  2.06E-01  7.0435E+01  5.487E-04
 3470  7.97E-08  1.92E-08  3.75E-12  6.008E+00  2.06E-01  7.0435E+01  5.485E-04
 3475  7.91E-08  1.91E-08  3.72E-12  6.008E+00  2.06E-01  7.0435E+01  5.483E-04
 3480  7.85E-08  1.90E-08  3.70E-12  6.008E+00  2.06E-01  7.0435E+01  5.481E-04
 3485  7.78E-08  1.88E-08  3.68E-12  6.008E+00  2.06E-01  7.0435E+01  5.480E-04
 3490  7.72E-08  1.87E-08  3.66E-12  6.008E+00  2.06E-01  7.0435E+01  5.478E-04
 3495  7.66E-08  1.86E-08  3.63E-12  6.008E+00  2.06E-01  7.0435E+01  5.477E-04
 3500  7.60E-08  1.84E-08  3.60E-12  6.008E+00  2.06E-01  7.0435E+01  5.476E-04
 3505  7.54E-08  1.83E-08  3.57E-12  6.008E+00  2.06E-01  7.0435E+01  5.474E-04
 3510  7.48E-08  1.82E-08  3.55E-12  6.008E+00  2.06E-01  7.0435E+01  5.473E-04
 3515  7.42E-08  1.81E-08  3.53E-12  6.008E+00  2.06E-01  7.0435E+01  5.472E-04
 3520  7.36E-08  1.79E-08  3.50E-12  6.008E+00  2.06E-01  7.0435E+01  5.471E-04
 3525  7.30E-08  1.78E-08  3.47E-12  6.008E+00  2.06E-01  7.0435E+01  5.470E-04
 3530  7.25E-08  1.77E-08  3.45E-12  6.008E+00  2.06E-01  7.0435E+01  5.469E-04
 3535  7.19E-08  1.75E-08  3.42E-12  6.008E+00  2.06E-01  7.0435E+01  5.468E-04
 3540  7.13E-08  1.74E-08  3.40E-12  6.008E+00  2.06E-01  7.0435E+01  5.467E-04
 3545  7.07E-08  1.73E-08  3.37E-12  6.008E+00  2.06E-01  7.0435E+01  5.466E-04
 3550  7.01E-08  1.71E-08  3.34E-12  6.008E+00  2.06E-01  7.0435E+01  5.465E-04
 3555  6.96E-08  1.70E-08  3.32E-12  6.008E+00  2.06E-01  7.0435E+01  5.463E-04
 3560  6.90E-08  1.69E-08  3.30E-12  6.008E+00  2.06E-01  7.0435E+01  5.462E-04
 3565  6.84E-08  1.67E-08  3.28E-12  6.008E+00  2.06E-01  7.0435E+01  5.461E-04
 3570  6.79E-08  1.66E-08  3.25E-12  6.008E+00  2.06E-01  7.0435E+01  5.459E-04
 3575  6.73E-08  1.65E-08  3.22E-12  6.008E+00  2.06E-01  7.0435E+01  5.458E-04
 3580  6.68E-08  1.64E-08  3.19E-12  6.008E+00  2.06E-01  7.0435E+01  5.457E-04
 3585  6.62E-08  1.62E-08  3.17E-12  6.009E+00  2.06E-01  7.0435E+01  5.456E-04
 3590  6.57E-08  1.61E-08  3.15E-12  6.009E+00  2.06E-01  7.0435E+01  5.455E-04
 3595  6.51E-08  1.60E-08  3.12E-12  6.009E+00  2.06E-01  7.0435E+01  5.454E-04
 3600  6.45E-08  1.58E-08  3.10E-12  6.009E+00  2.06E-01  7.0435E+01  5.452E-04
 3605  6.40E-08  1.57E-08  3.08E-12  6.009E+00  2.06E-01  7.0435E+01  5.451E-04
 3610  6.35E-08  1.56E-08  3.06E-12  6.009E+00  2.06E-01  7.0435E+01  5.450E-04
 3615  6.29E-08  1.54E-08  3.03E-12  6.009E+00  2.06E-01  7.0435E+01  5.449E-04
 3620  6.24E-08  1.53E-08  3.01E-12  6.009E+00  2.06E-01  7.0435E+01  5.447E-04
 3625  6.19E-08  1.52E-08  2.98E-12  6.009E+00  2.06E-01  7.0435E+01  5.446E-04
 3630  6.13E-08  1.51E-08  2.96E-12  6.009E+00  2.06E-01  7.0435E+01  5.445E-04
 3635  6.08E-08  1.49E-08  2.94E-12  6.009E+00  2.06E-01  7.0435E+01  5.444E-04
 3640  6.03E-08  1.48E-08  2.92E-12  6.009E+00  2.06E-01  7.0435E+01  5.443E-04
 3645  5.97E-08  1.47E-08  2.90E-12  6.009E+00  2.06E-01  7.0435E+01  5.442E-04
 3650  5.92E-08  1.45E-08  2.87E-12  6.009E+00  2.06E-01  7.0435E+01  5.441E-04
 3655  5.87E-08  1.44E-08  2.85E-12  6.009E+00  2.06E-01  7.0435E+01  5.440E-04
 3660  5.82E-08  1.43E-08  2.82E-12  6.009E+00  2.06E-01  7.0435E+01  5.439E-04
 3665  5.77E-08  1.42E-08  2.80E-12  6.009E+00  2.06E-01  7.0435E+01  5.438E-04
 3670  5.72E-08  1.40E-08  2.78E-12  6.009E+00  2.06E-01  7.0435E+01  5.437E-04
 3675  5.67E-08  1.39E-08  2.76E-12  6.009E+00  2.06E-01  7.0435E+01  5.435E-04
 3680  5.62E-08  1.38E-08  2.74E-12  6.009E+00  2.06E-01  7.0435E+01  5.434E-04
 3685  5.57E-08  1.37E-08  2.72E-12  6.009E+00  2.06E-01  7.0435E+01  5.433E-04
 3690  5.52E-08  1.35E-08  2.70E-12  6.009E+00  2.06E-01  7.0435E+01  5.432E-04
 3695  5.47E-08  1.34E-08  2.67E-12  6.009E+00  2.06E-01  7.0435E+01  5.430E-04
 3700  5.43E-08  1.33E-08  2.65E-12  6.009E+00  2.06E-01  7.0435E+01  5.429E-04
 3705  5.38E-08  1.32E-08  2.63E-12  6.009E+00  2.06E-01  7.0435E+01  5.428E-04
 3710  5.33E-08  1.31E-08  2.62E-12  6.009E+00  2.06E-01  7.0435E+01  5.427E-04
 3715  5.29E-08  1.29E-08  2.60E-12  6.009E+00  2.06E-01  7.0435E+01  5.425E-04
 3720  5.24E-08  1.28E-08  2.58E-12  6.009E+00  2.06E-01  7.0435E+01  5.424E-04
 3725  5.19E-08  1.27E-08  2.56E-12  6.009E+00  2.06E-01  7.0435E+01  5.423E-04
 3730  5.15E-08  1.26E-08  2.54E-12  6.009E+00  2.06E-01  7.0435E+01  5.422E-04
 3735  5.10E-08  1.25E-08  2.52E-12  6.009E+00  2.06E-01  7.0435E+01  5.420E-04
 3740  5.06E-08  1.24E-08  2.50E-12  6.009E+00  2.06E-01  7.0435E+01  5.419E-04
 3745  5.02E-08  1.22E-08  2.49E-12  6.009E+00  2.06E-01  7.0435E+01  5.418E-04
 3750  4.97E-08  1.21E-08  2.47E-12  6.009E+00  2.06E-01  7.0435E+01  5.417E-04
 3755  4.93E-08  1.20E-08  2.45E-12  6.009E+00  2.06E-01  7.0435E+01  5.415E-04
 3760  4.89E-08  1.19E-08  2.44E-12  6.009E+00  2.06E-01  7.0435E+01  5.414E-04
 3765  4.85E-08  1.18E-08  2.42E-12  6.009E+00  2.06E-01  7.0435E+01  5.413E-04
 3770  4.80E-08  1.17E-08  2.40E-12  6.009E+00  2.06E-01  7.0435E+01  5.412E-04
 3775  4.76E-08  1.16E-08  2.38E-12  6.009E+00  2.06E-01  7.0435E+01  5.410E-04
 3780  4.72E-08  1.15E-08  2.37E-12  6.009E+00  2.06E-01  7.0435E+01  5.409E-04
 3785  4.68E-08  1.14E-08  2.36E-12  6.009E+00  2.06E-01  7.0435E+01  5.407E-04
 3790  4.64E-08  1.13E-08  2.34E-12  6.009E+00  2.06E-01  7.0435E+01  5.406E-04
 3795  4.60E-08  1.12E-08  2.32E-12  6.009E+00  2.06E-01  7.0435E+01  5.405E-04
 3800  4.56E-08  1.11E-08  2.31E-12  6.009E+00  2.06E-01  7.0435E+01  5.403E-04
 3805  4.52E-08  1.09E-08  2.29E-12  6.009E+00  2.06E-01  7.0435E+01  5.402E-04
 3810  4.49E-08  1.08E-08  2.28E-12  6.009E+00  2.06E-01  7.0435E+01  5.400E-04
 3815  4.45E-08  1.07E-08  2.27E-12  6.009E+00  2.06E-01  7.0435E+01  5.399E-04
 3820  4.41E-08  1.06E-08  2.25E-12  6.009E+00  2.06E-01  7.0435E+01  5.398E-04
 3825  4.37E-08  1.05E-08  2.24E-12  6.009E+00  2.06E-01  7.0435E+01  5.396E-04
 3830  4.34E-08  1.04E-08  2.23E-12  6.009E+00  2.06E-01  7.0435E+01  5.395E-04
 3835  4.30E-08  1.03E-08  2.22E-12  6.009E+00  2.06E-01  7.0435E+01  5.393E-04
 3840  4.26E-08  1.02E-08  2.20E-12  6.009E+00  2.06E-01  7.0435E+01  5.392E-04
 3845  4.23E-08  1.01E-08  2.19E-12  6.009E+00  2.06E-01  7.0435E+01  5.391E-04
 3850  4.19E-08  1.01E-08  2.18E-12  6.009E+00  2.06E-01  7.0435E+01  5.389E-04
 3855  4.16E-08  9.96E-09  2.17E-12  6.009E+00  2.06E-01  7.0435E+01  5.388E-04
 3860  4.12E-08  9.86E-09  2.16E-12  6.009E+00  2.06E-01  7.0435E+01  5.387E-04
 3865  4.09E-08  9.77E-09  2.14E-12  6.009E+00  2.06E-01  7.0435E+01  5.386E-04
 3870  4.06E-08  9.67E-09  2.12E-12  6.009E+00  2.06E-01  7.0435E+01  5.384E-04
 3875  4.02E-08  9.58E-09  2.11E-12  6.009E+00  2.06E-01  7.0435E+01  5.383E-04
 3880  3.99E-08  9.49E-09  2.10E-12  6.009E+00  2.06E-01  7.0435E+01  5.382E-04
 3885  3.96E-08  9.40E-09  2.09E-12  6.009E+00  2.06E-01  7.0435E+01  5.380E-04
 3890  3.92E-08  9.31E-09  2.08E-12  6.009E+00  2.06E-01  7.0435E+01  5.379E-04
 3895  3.89E-08  9.22E-09  2.07E-12  6.009E+00  2.06E-01  7.0435E+01  5.378E-04
 3900  3.86E-08  9.13E-09  2.06E-12  6.009E+00  2.06E-01  7.0435E+01  5.377E-04
 3905  3.83E-08  9.04E-09  2.05E-12  6.009E+00  2.06E-01  7.0435E+01  5.376E-04
 3910  3.80E-08  8.96E-09  2.03E-12  6.009E+00  2.06E-01  7.0435E+01  5.375E-04
 3915  3.77E-08  8.87E-09  2.02E-12  6.009E+00  2.06E-01  7.0435E+01  5.374E-04
 3920  3.74E-08  8.78E-09  2.01E-12  6.009E+00  2.06E-01  7.0435E+01  5.372E-04
 3925  3.71E-08  8.70E-09  2.00E-12  6.009E+00  2.06E-01  7.0435E+01  5.371E-04
 3930  3.68E-08  8.62E-09  1.99E-12  6.009E+00  2.06E-01  7.0435E+01  5.370E-04
 3935  3.65E-08  8.53E-09  1.98E-12  6.009E+00  2.06E-01  7.0435E+01  5.369E-04
 3940  3.62E-08  8.45E-09  1.97E-12  6.009E+00  2.06E-01  7.0435E+01  5.368E-04
 3945  3.60E-08  8.37E-09  1.96E-12  6.009E+00  2.06E-01  7.0435E+01  5.367E-04
 3950  3.57E-08  8.29E-09  1.95E-12  6.009E+00  2.06E-01  7.0435E+01  5.366E-04
 3955  3.54E-08  8.21E-09  1.94E-12  6.009E+00  2.06E-01  7.0435E+01  5.365E-04
 3960  3.51E-08  8.13E-09  1.93E-12  6.009E+00  2.06E-01  7.0435E+01  5.364E-04
 3965  3.49E-08  8.05E-09  1.92E-12  6.009E+00  2.06E-01  7.0435E+01  5.363E-04
 3970  3.46E-08  7.98E-09  1.91E-12  6.009E+00  2.06E-01  7.0435E+01  5.362E-04
 3975  3.43E-08  7.90E-09  1.90E-12  6.009E+00  2.06E-01  7.0435E+01  5.361E-04
 3980  3.41E-08  7.82E-09  1.89E-12  6.009E+00  2.06E-01  7.0435E+01  5.360E-04
 3985  3.38E-08  7.75E-09  1.88E-12  6.009E+00  2.06E-01  7.0435E+01  5.359E-04
 3990  3.35E-08  7.67E-09  1.87E-12  6.009E+00  2.06E-01  7.0435E+01  5.358E-04
 3995  3.33E-08  7.60E-09  1.86E-12  6.009E+00  2.06E-01  7.0435E+01  5.357E-04
 4000  3.30E-08  7.52E-09  1.85E-12  6.009E+00  2.06E-01  7.0435E+01  5.356E-04
 Try increasing NITER or PRE_NITER if the preconditioner is on.
 Full threed1-output request!

 EXECUTION TERMINATED NORMALLY

 FILE : w7x_768
 NUMBER OF JACOBIAN RESETS =   15

    TOTAL COMPUTATIONAL TIME (SEC)      1479.04
    TIME TO INPUT/OUTPUT                   5.99
       READ IN DATA                        0.08
       WRITE OUT DATA TO WOUT              5.91
    TIME IN FUNCT3D                     1458.93
       BCOVAR FIELDS                     154.23
       FOURIER TRANSFORM                 320.49
       INVERSE FOURIER TRANSFORM         459.78
       FORCES AND SYMMETRIZE             163.22
       RESIDUE                           101.42
       EQFORCE                             0.00
       FREE BOUNDARY (VACUUM)            133.63
          VACUUM SURFACE                   5.05
          VACUUM BEXTERN                   7.89
          VACUUM SCALPOT                 117.97
             ANALYT                       59.12
                ASUM                       0.38
                ASUM2                     23.25
                ALLREDUCE                  0.01
             GREENF                       12.10
             FOURP                        13.74
             ALLREDUCE                     0.00
             ALLGATHER                     0.00
             FOURI                        27.26
          VACUUM ALLGATHER                 0.01
          VACUUM SOLVER                    0.57

 NO. OF PROCS:     1
 PARVMEC     :     T
 LPRECOND    :     F
 LV3FITCALL  :     F
